Feb 20 13:13:34 control k3s[29506]: I0220 13:13:34.886630   29506 shared_informer.go:377] "Caches are synced"
Feb 20 13:13:34 control k3s[29506]: I0220 13:13:34.886641   29506 shared_informer.go:377] "Caches are synced"
Feb 20 13:13:34 control k3s[29506]: I0220 13:13:34.886653   29506 shared_informer.go:377] "Caches are synced"
Feb 20 13:13:34 control k3s[29506]: I0220 13:13:34.886665   29506 shared_informer.go:377] "Caches are synced"
Feb 20 13:13:34 control k3s[29506]: I0220 13:13:34.886675   29506 shared_informer.go:377] "Caches are synced"
Feb 20 13:13:34 control k3s[29506]: I0220 13:13:34.886685   29506 shared_informer.go:377] "Caches are synced"
Feb 20 13:13:34 control k3s[29506]: I0220 13:13:34.886707   29506 shared_informer.go:377] "Caches are synced"
Feb 20 13:13:34 control k3s[29506]: I0220 13:13:34.886719   29506 shared_informer.go:377] "Caches are synced"
Feb 20 13:13:34 control k3s[29506]: I0220 13:13:34.886729   29506 shared_informer.go:377] "Caches are synced"
Feb 20 13:13:34 control k3s[29506]: I0220 13:13:34.886742   29506 shared_informer.go:377] "Caches are synced"
Feb 20 13:13:34 control k3s[29506]: I0220 13:13:34.886753   29506 shared_informer.go:377] "Caches are synced"
Feb 20 13:13:34 control k3s[29506]: I0220 13:13:34.886762   29506 shared_informer.go:377] "Caches are synced"
Feb 20 13:13:34 control k3s[29506]: I0220 13:13:34.886773   29506 shared_informer.go:377] "Caches are synced"
Feb 20 13:13:34 control k3s[29506]: I0220 13:13:34.922900   29506 node_lifecycle_controller.go:1234] "Initializing eviction metric for zone" zone=""
Feb 20 13:13:34 control k3s[29506]: I0220 13:13:34.922995   29506 node_lifecycle_controller.go:886] "Missing timestamp for Node. Assuming now as a timestamp" node="control"
Feb 20 13:13:34 control k3s[29506]: I0220 13:13:34.923042   29506 node_lifecycle_controller.go:1080] "Controller detected that zone is now in new state" zone="" newState="Normal"
Feb 20 13:13:34 control k3s[29506]: I0220 13:13:34.887623   29506 shared_informer.go:377] "Caches are synced"
Feb 20 13:13:34 control k3s[29506]: I0220 13:13:34.886785   29506 shared_informer.go:377] "Caches are synced"
Feb 20 13:13:34 control k3s[29506]: I0220 13:13:34.886796   29506 shared_informer.go:377] "Caches are synced"
Feb 20 13:13:34 control k3s[29506]: W0220 13:13:34.925020   29506 handler_proxy.go:99] no RequestInfo found in the context
Feb 20 13:13:34 control k3s[29506]: E0220 13:13:34.925790   29506 controller.go:113] "Unhandled Error" err="loading OpenAPI spec for \"v1beta1.metrics.k8s.io\" failed with: Error, could not get list of group versions for APIService"
Feb 20 13:13:34 control k3s[29506]: I0220 13:13:34.925816   29506 controller.go:126] OpenAPI AggregationController: action for item v1beta1.metrics.k8s.io: Rate Limited Requeue.
Feb 20 13:13:34 control k3s[29506]: I0220 13:13:34.886811   29506 shared_informer.go:377] "Caches are synced"
Feb 20 13:13:34 control k3s[29506]: I0220 13:13:34.886849   29506 shared_informer.go:377] "Caches are synced"
Feb 20 13:13:34 control k3s[29506]: I0220 13:13:34.886860   29506 shared_informer.go:377] "Caches are synced"
Feb 20 13:13:34 control k3s[29506]: I0220 13:13:34.886872   29506 shared_informer.go:377] "Caches are synced"
Feb 20 13:13:34 control k3s[29506]: I0220 13:13:34.887063   29506 shared_informer.go:377] "Caches are synced"
Feb 20 13:13:34 control k3s[29506]: I0220 13:13:34.887115   29506 shared_informer.go:377] "Caches are synced"
Feb 20 13:13:34 control k3s[29506]: I0220 13:13:34.887150   29506 shared_informer.go:377] "Caches are synced"
Feb 20 13:13:34 control k3s[29506]: I0220 13:13:34.887425   29506 shared_informer.go:377] "Caches are synced"
Feb 20 13:13:34 control k3s[29506]: I0220 13:13:34.890043   29506 shared_informer.go:377] "Caches are synced"
Feb 20 13:13:34 control k3s[29506]: I0220 13:13:34.895006   29506 garbagecollector.go:792] "failed to discover some groups" groups="map[\"metrics.k8s.io/v1beta1\":\"stale GroupVersion discovery: metrics.k8s.io/v1beta1\"]"
Feb 20 13:13:34 control k3s[29506]: I0220 13:13:34.976554   29506 shared_informer.go:377] "Caches are synced"
Feb 20 13:13:34 control k3s[29506]: I0220 13:13:34.977413   29506 shared_informer.go:377] "Caches are synced"
Feb 20 13:13:34 control k3s[29506]: I0220 13:13:34.979190   29506 shared_informer.go:377] "Caches are synced"
Feb 20 13:13:34 control k3s[29506]: I0220 13:13:34.987378   29506 event.go:389] "Event occurred" object="kube-system/resource-reader" fieldPath="" kind="Addon" apiVersion="k3s.cattle.io/v1" type="Normal" reason="AppliedManifest" message="Applied manifest at \"/var/lib/rancher/k3s/server/manifests/metrics-server/resource-reader.yaml\""
Feb 20 13:13:34 control k3s[29506]: I0220 13:13:34.990831   29506 shared_informer.go:377] "Caches are synced"
Feb 20 13:13:34 control k3s[29506]: I0220 13:13:34.994027   29506 shared_informer.go:377] "Caches are synced"
Feb 20 13:13:34 control k3s[29506]: I0220 13:13:34.994219   29506 shared_informer.go:377] "Caches are synced"
Feb 20 13:13:34 control k3s[29506]: I0220 13:13:34.994293   29506 shared_informer.go:377] "Caches are synced"
Feb 20 13:13:35 control k3s[29506]: I0220 13:13:35.016810   29506 shared_informer.go:370] "Waiting for caches to sync"
Feb 20 13:13:35 control k3s[29506]: I0220 13:13:35.020923   29506 secure_serving.go:211] Serving securely on 127.0.0.1:10258
Feb 20 13:13:35 control k3s[29506]: I0220 13:13:35.021970   29506 requestheader_controller.go:180] Starting RequestHeaderAuthRequestController
Feb 20 13:13:35 control k3s[29506]: I0220 13:13:35.022161   29506 shared_informer.go:370] "Waiting for caches to sync"
Feb 20 13:13:35 control k3s[29506]: I0220 13:13:35.022197   29506 tlsconfig.go:243] "Starting DynamicServingCertificateController"
Feb 20 13:13:35 control k3s[29506]: I0220 13:13:35.022296   29506 configmap_cafile_content.go:205] "Starting controller" name="client-ca::kube-system::extension-apiserver-authentication::client-ca-file"
Feb 20 13:13:35 control k3s[29506]: I0220 13:13:35.022308   29506 shared_informer.go:370] "Waiting for caches to sync"
Feb 20 13:13:35 control k3s[29506]: I0220 13:13:35.022326   29506 configmap_cafile_content.go:205] "Starting controller" name="client-ca::kube-system::extension-apiserver-authentication::requestheader-client-ca-file"
Feb 20 13:13:35 control k3s[29506]: I0220 13:13:35.022339   29506 shared_informer.go:370] "Waiting for caches to sync"
Feb 20 13:13:35 control k3s[29506]: I0220 13:13:35.023053   29506 range_allocator.go:433] "Set node PodCIDR" node="control" podCIDRs=["10.42.0.0/24"]
Feb 20 13:13:35 control k3s[29506]: time="2026-02-20T13:13:35Z" level=info msg="Synced coredns NodeHosts entries for control"
Feb 20 13:13:35 control k3s[29506]: time="2026-02-20T13:13:35Z" level=info msg="Creating service-lb-controller event broadcaster"
Feb 20 13:13:35 control k3s[29506]: I0220 13:13:35.338147   29506 shared_informer.go:377] "Caches are synced"
Feb 20 13:13:35 control k3s[29506]: I0220 13:13:35.340154   29506 shared_informer.go:377] "Caches are synced"
Feb 20 13:13:35 control k3s[29506]: I0220 13:13:35.408923   29506 event.go:389] "Event occurred" object="kube-system/rolebindings" fieldPath="" kind="Addon" apiVersion="k3s.cattle.io/v1" type="Normal" reason="ApplyingManifest" message="Applying manifest at \"/var/lib/rancher/k3s/server/manifests/rolebindings.yaml\""
Feb 20 13:13:35 control k3s[29506]: I0220 13:13:35.447382   29506 event.go:389] "Event occurred" object="control" fieldPath="" kind="Node" apiVersion="" type="Normal" reason="NodePasswordValidationComplete" message="Deferred node password secret validation complete"
Feb 20 13:13:35 control k3s[29506]: I0220 13:13:35.482308   29506 cidrallocator.go:278] updated ClusterIP allocator for Service CIDR 10.43.0.0/16
Feb 20 13:13:35 control k3s[29506]: I0220 13:13:35.500980   29506 controller.go:667] quota admission added evaluator for: replicasets.apps
Feb 20 13:13:35 control k3s[29506]: time="2026-02-20T13:13:35Z" level=info msg="Adding node OwnerReference to node-password secret control.node-password.k3s"
Feb 20 13:13:35 control k3s[29506]: I0220 13:13:35.636200   29506 shared_informer.go:377] "Caches are synced"
Feb 20 13:13:35 control k3s[29506]: I0220 13:13:35.828126   29506 cidrallocator.go:278] updated ClusterIP allocator for Service CIDR 10.43.0.0/16
Feb 20 13:13:35 control k3s[29506]: W0220 13:13:35.829835   29506 handler_proxy.go:99] no RequestInfo found in the context
Feb 20 13:13:35 control k3s[29506]: E0220 13:13:35.835716   29506 controller.go:146] "Unhandled Error" err=<
Feb 20 13:13:35 control k3s[29506]:         Error updating APIService "v1beta1.metrics.k8s.io" with err: failed to download v1beta1.metrics.k8s.io: failed to retrieve openAPI spec, http error: ResponseCode: 503, Body: service unavailable
Feb 20 13:13:35 control k3s[29506]:         , Header: map[Content-Type:[text/plain; charset=utf-8] X-Content-Type-Options:[nosniff]]
Feb 20 13:13:35 control k3s[29506]:  >
Feb 20 13:13:35 control k3s[29506]: E0220 13:13:35.843879   29506 handler_proxy.go:143] error resolving kube-system/metrics-server: no endpoints available for service "metrics-server"
Feb 20 13:13:36 control k3s[29506]: E0220 13:13:36.058661   29506 queueset.go:474] "Overflow" err="queueset::currentR overflow" QS="global-default" when="2026-02-20 13:13:36.058627517" prevR="1.21760600ss" incrR="184467440737.09549760ss" currentR="1.21758744ss"
Feb 20 13:13:36 control k3s[29506]: E0220 13:13:36.181420   29506 queueset.go:474] "Overflow" err="queueset::currentR overflow" QS="workload-high" when="2026-02-20 13:13:36.181388512" prevR="6.03332232ss" incrR="184467440737.09547983ss" currentR="6.03328599ss"
Feb 20 13:13:36 control k3s[29506]: time="2026-02-20T13:13:36Z" level=info msg="Starting /v1, Kind=Node controller"
Feb 20 13:13:36 control k3s[29506]: I0220 13:13:36.323555   29506 event.go:389] "Event occurred" object="kube-system/rolebindings" fieldPath="" kind="Addon" apiVersion="k3s.cattle.io/v1" type="Normal" reason="AppliedManifest" message="Applied manifest at \"/var/lib/rancher/k3s/server/manifests/rolebindings.yaml\""
Feb 20 13:13:36 control k3s[29506]: time="2026-02-20T13:13:36Z" level=info msg="Starting /v1, Kind=Pod controller"
Feb 20 13:13:36 control k3s[29506]: I0220 13:13:36.381370   29506 shared_informer.go:377] "Caches are synced"
Feb 20 13:13:36 control k3s[29506]: I0220 13:13:36.381706   29506 garbagecollector.go:166] "Garbage collector: all resource monitors have synced"
Feb 20 13:13:36 control k3s[29506]: I0220 13:13:36.381855   29506 garbagecollector.go:169] "Proceeding to collect garbage"
Feb 20 13:13:36 control k3s[29506]: time="2026-02-20T13:13:36Z" level=info msg="Starting apps/v1, Kind=DaemonSet controller"
Feb 20 13:13:36 control k3s[29506]: time="2026-02-20T13:13:36Z" level=info msg="Flannel found PodCIDR assigned for node control"
Feb 20 13:13:36 control k3s[29506]: I0220 13:13:36.396687   29506 controllermanager.go:329] Started "cloud-node-lifecycle-controller"
Feb 20 13:13:36 control k3s[29506]: time="2026-02-20T13:13:36Z" level=info msg="Starting discovery.k8s.io/v1, Kind=EndpointSlice controller"
Feb 20 13:13:36 control k3s[29506]: time="2026-02-20T13:13:36Z" level=info msg="The interface enp0s3 with ipv4 address 10.0.2.15 will be used by flannel"
Feb 20 13:13:36 control k3s[29506]: I0220 13:13:36.402496   29506 node_lifecycle_controller.go:112] Sending events to api server
Feb 20 13:13:36 control k3s[29506]: I0220 13:13:36.402764   29506 controllermanager.go:329] Started "service-lb-controller"
Feb 20 13:13:36 control k3s[29506]: W0220 13:13:36.402997   29506 controllermanager.go:306] "node-route-controller" is disabled
Feb 20 13:13:36 control k3s[29506]: I0220 13:13:36.403435   29506 controllermanager.go:329] Started "cloud-node-controller"
Feb 20 13:13:36 control k3s[29506]: I0220 13:13:36.404211   29506 kube.go:139] Waiting 10m0s for node controller to sync
Feb 20 13:13:36 control k3s[29506]: I0220 13:13:36.404582   29506 kube.go:537] Starting kube subnet manager
Feb 20 13:13:36 control k3s[29506]: I0220 13:13:36.404716   29506 node_controller.go:176] Sending events to api server.
Feb 20 13:13:36 control k3s[29506]: I0220 13:13:36.405011   29506 controller.go:235] Starting service controller
Feb 20 13:13:36 control k3s[29506]: I0220 13:13:36.405044   29506 shared_informer.go:370] "Waiting for caches to sync"
Feb 20 13:13:36 control k3s[29506]: I0220 13:13:36.405087   29506 node_controller.go:185] Waiting for informer caches to sync
Feb 20 13:13:36 control k3s[29506]: I0220 13:13:36.417168   29506 shared_informer.go:377] "Caches are synced"
Feb 20 13:13:36 control k3s[29506]: I0220 13:13:36.485396   29506 event.go:389] "Event occurred" object="kube-system/runtimes" fieldPath="" kind="Addon" apiVersion="k3s.cattle.io/v1" type="Normal" reason="ApplyingManifest" message="Applying manifest at \"/var/lib/rancher/k3s/server/manifests/runtimes.yaml\""
Feb 20 13:13:36 control k3s[29506]: time="2026-02-20T13:13:36Z" level=info msg="Tunnel authorizer set Kubelet Port 0.0.0.0:10250"
Feb 20 13:13:36 control k3s[29506]: I0220 13:13:36.605113   29506 shared_informer.go:377] "Caches are synced"
Feb 20 13:13:36 control k3s[29506]: I0220 13:13:36.608180   29506 node_controller.go:429] Initializing node control with cloud provider
Feb 20 13:13:36 control k3s[29506]: I0220 13:13:36.660601   29506 node_controller.go:474] Successfully initialized node control with cloud provider
Feb 20 13:13:36 control k3s[29506]: I0220 13:13:36.661232   29506 event.go:389] "Event occurred" object="control" fieldPath="" kind="Node" apiVersion="v1" type="Normal" reason="Synced" message="Node synced successfully"
Feb 20 13:13:36 control k3s[29506]: I0220 13:13:36.814873   29506 server.go:173] "Starting Kubernetes Scheduler" version="v1.35.1+k3s1"
Feb 20 13:13:36 control k3s[29506]: I0220 13:13:36.815056   29506 server.go:175] "Golang settings" GOGC="" GOMAXPROCS="" GOTRACEBACK=""
Feb 20 13:13:36 control k3s[29506]: I0220 13:13:36.835396   29506 secure_serving.go:211] Serving securely on 127.0.0.1:10259
Feb 20 13:13:36 control k3s[29506]: W0220 13:13:36.836481   29506 handler_proxy.go:99] no RequestInfo found in the context
Feb 20 13:13:36 control k3s[29506]: E0220 13:13:36.836532   29506 controller.go:113] "Unhandled Error" err="loading OpenAPI spec for \"v1beta1.metrics.k8s.io\" failed with: Error, could not get list of group versions for APIService"
Feb 20 13:13:36 control k3s[29506]: I0220 13:13:36.836556   29506 controller.go:126] OpenAPI AggregationController: action for item v1beta1.metrics.k8s.io: Rate Limited Requeue.
Feb 20 13:13:36 control k3s[29506]: I0220 13:13:36.839847   29506 requestheader_controller.go:180] Starting RequestHeaderAuthRequestController
Feb 20 13:13:36 control k3s[29506]: I0220 13:13:36.839880   29506 shared_informer.go:370] "Waiting for caches to sync"
Feb 20 13:13:36 control k3s[29506]: I0220 13:13:36.839909   29506 dynamic_serving_content.go:135] "Starting controller" name="serving-cert::/var/lib/rancher/k3s/server/tls/kube-scheduler/kube-scheduler.crt::/var/lib/rancher/k3s/server/tls/kube-scheduler/kube-scheduler.key"
Feb 20 13:13:36 control k3s[29506]: I0220 13:13:36.840477   29506 tlsconfig.go:243] "Starting DynamicServingCertificateController"
Feb 20 13:13:36 control k3s[29506]: I0220 13:13:36.843186   29506 configmap_cafile_content.go:205] "Starting controller" name="client-ca::kube-system::extension-apiserver-authentication::client-ca-file"
Feb 20 13:13:36 control k3s[29506]: I0220 13:13:36.843482   29506 shared_informer.go:370] "Waiting for caches to sync"
Feb 20 13:13:36 control k3s[29506]: I0220 13:13:36.843519   29506 configmap_cafile_content.go:205] "Starting controller" name="client-ca::kube-system::extension-apiserver-authentication::requestheader-client-ca-file"
Feb 20 13:13:36 control k3s[29506]: I0220 13:13:36.843530   29506 shared_informer.go:370] "Waiting for caches to sync"
Feb 20 13:13:36 control k3s[29506]: W0220 13:13:36.849834   29506 handler_proxy.go:99] no RequestInfo found in the context
Feb 20 13:13:36 control k3s[29506]: E0220 13:13:36.850015   29506 controller.go:102] "Unhandled Error" err=<
Feb 20 13:13:36 control k3s[29506]:         loading OpenAPI spec for "v1beta1.metrics.k8s.io" failed with: failed to download v1beta1.metrics.k8s.io: failed to retrieve openAPI spec, http error: ResponseCode: 503, Body: service unavailable
Feb 20 13:13:36 control k3s[29506]:         , Header: map[Content-Type:[text/plain; charset=utf-8] X-Content-Type-Options:[nosniff]]
Feb 20 13:13:36 control k3s[29506]:  >
Feb 20 13:13:36 control k3s[29506]: I0220 13:13:36.850032   29506 controller.go:109] OpenAPI AggregationController: action for item v1beta1.metrics.k8s.io: Rate Limited Requeue.
Feb 20 13:13:36 control k3s[29506]: I0220 13:13:36.943648   29506 shared_informer.go:377] "Caches are synced"
Feb 20 13:13:36 control k3s[29506]: I0220 13:13:36.944201   29506 shared_informer.go:377] "Caches are synced"
Feb 20 13:13:36 control k3s[29506]: I0220 13:13:36.944451   29506 shared_informer.go:377] "Caches are synced"
Feb 20 13:13:37 control k3s[29506]: I0220 13:13:37.005817   29506 event.go:389] "Event occurred" object="kube-system/runtimes" fieldPath="" kind="Addon" apiVersion="k3s.cattle.io/v1" type="Normal" reason="AppliedManifest" message="Applied manifest at \"/var/lib/rancher/k3s/server/manifests/runtimes.yaml\""
Feb 20 13:13:37 control k3s[29506]: I0220 13:13:37.074709   29506 event.go:389] "Event occurred" object="kube-system/traefik" fieldPath="" kind="Addon" apiVersion="k3s.cattle.io/v1" type="Normal" reason="ApplyingManifest" message="Applying manifest at \"/var/lib/rancher/k3s/server/manifests/traefik.yaml\""
Feb 20 13:13:37 control k3s[29506]: I0220 13:13:37.220568   29506 reconciler_common.go:251] "operationExecutor.VerifyControllerAttachedVolume started for volume \"config-volume\" (UniqueName: \"kubernetes.io/configmap/0ced41e8-ff4d-42e4-82d8-e6272f616539-config-volume\") pod \"local-path-provisioner-6bc6568469-j48fd\" (UID: \"0ced41e8-ff4d-42e4-82d8-e6272f616539\") " pod="kube-system/local-path-provisioner-6bc6568469-j48fd"
Feb 20 13:13:37 control k3s[29506]: I0220 13:13:37.221220   29506 reconciler_common.go:251] "operationExecutor.VerifyControllerAttachedVolume started for volume \"kube-api-access-hlj6l\" (UniqueName: \"kubernetes.io/projected/0ced41e8-ff4d-42e4-82d8-e6272f616539-kube-api-access-hlj6l\") pod \"local-path-provisioner-6bc6568469-j48fd\" (UID: \"0ced41e8-ff4d-42e4-82d8-e6272f616539\") " pod="kube-system/local-path-provisioner-6bc6568469-j48fd"
Feb 20 13:13:37 control k3s[29506]: I0220 13:13:37.221351   29506 reconciler_common.go:251] "operationExecutor.VerifyControllerAttachedVolume started for volume \"tmp-dir\" (UniqueName: \"kubernetes.io/empty-dir/ada8fe68-b1e6-4812-95fe-dca771f45997-tmp-dir\") pod \"metrics-server-786d997795-p6gh5\" (UID: \"ada8fe68-b1e6-4812-95fe-dca771f45997\") " pod="kube-system/metrics-server-786d997795-p6gh5"
Feb 20 13:13:37 control k3s[29506]: I0220 13:13:37.221402   29506 reconciler_common.go:251] "operationExecutor.VerifyControllerAttachedVolume started for volume \"kube-api-access-t6r2f\" (UniqueName: \"kubernetes.io/projected/ada8fe68-b1e6-4812-95fe-dca771f45997-kube-api-access-t6r2f\") pod \"metrics-server-786d997795-p6gh5\" (UID: \"ada8fe68-b1e6-4812-95fe-dca771f45997\") " pod="kube-system/metrics-server-786d997795-p6gh5"
Feb 20 13:13:37 control k3s[29506]: I0220 13:13:37.313157   29506 controller.go:667] quota admission added evaluator for: helmcharts.helm.cattle.io
Feb 20 13:13:37 control k3s[29506]: I0220 13:13:37.331384   29506 reconciler_common.go:251] "operationExecutor.VerifyControllerAttachedVolume started for volume \"custom-config-volume\" (UniqueName: \"kubernetes.io/configmap/ddfc9c5d-7068-478d-811b-9d855c46112f-custom-config-volume\") pod \"coredns-7566b5ff58-89x2k\" (UID: \"ddfc9c5d-7068-478d-811b-9d855c46112f\") " pod="kube-system/coredns-7566b5ff58-89x2k"
Feb 20 13:13:37 control k3s[29506]: I0220 13:13:37.331974   29506 reconciler_common.go:251] "operationExecutor.VerifyControllerAttachedVolume started for volume \"kube-api-access-p6m97\" (UniqueName: \"kubernetes.io/projected/ddfc9c5d-7068-478d-811b-9d855c46112f-kube-api-access-p6m97\") pod \"coredns-7566b5ff58-89x2k\" (UID: \"ddfc9c5d-7068-478d-811b-9d855c46112f\") " pod="kube-system/coredns-7566b5ff58-89x2k"
Feb 20 13:13:37 control k3s[29506]: I0220 13:13:37.332217   29506 reconciler_common.go:251] "operationExecutor.VerifyControllerAttachedVolume started for volume \"config-volume\" (UniqueName: \"kubernetes.io/configmap/ddfc9c5d-7068-478d-811b-9d855c46112f-config-volume\") pod \"coredns-7566b5ff58-89x2k\" (UID: \"ddfc9c5d-7068-478d-811b-9d855c46112f\") " pod="kube-system/coredns-7566b5ff58-89x2k"
Feb 20 13:13:37 control k3s[29506]: I0220 13:13:37.404893   29506 kube.go:163] Node controller sync successful
Feb 20 13:13:37 control k3s[29506]: I0220 13:13:37.418208   29506 vxlan.go:128] VXLAN config: VNI=1 Port=0 GBP=false Learning=false DirectRouting=false
Feb 20 13:13:37 control k3s[29506]: I0220 13:13:37.508757   29506 swap_util.go:78] "error creating dir to test if tmpfs noswap is enabled. Assuming not supported" mount path="" error="stat /var/lib/kubelet/plugins/kubernetes.io/empty-dir: no such file or directory"
Feb 20 13:13:37 control k3s[29506]: I0220 13:13:37.549905   29506 kube.go:704] List of node(control) annotations: map[string]string{"alpha.kubernetes.io/provided-node-ip":"192.168.56.10", "k3s.io/hostname":"control", "k3s.io/internal-ip":"192.168.56.10", "k3s.io/node-args":"[\"server\",\"--node-ip\",\"192.168.56.10\",\"--advertise-address\",\"192.168.56.10\",\"--tls-san\",\"192.168.56.10\",\"--write-kubeconfig-mode\",\"644\"]", "k3s.io/node-config-hash":"MHLRFBE6MKLQTSDIYKZJFKLKYNCKRUDBCZOPI25AI3NQVR2SKXFQ====", "k3s.io/node-env":"{}", "node.alpha.kubernetes.io/ttl":"0", "volumes.kubernetes.io/controller-managed-attach-detach":"true"}
Feb 20 13:13:37 control k3s[29506]: I0220 13:13:37.610726   29506 event.go:389] "Event occurred" object="kube-system/traefik" fieldPath="" kind="Addon" apiVersion="k3s.cattle.io/v1" type="Normal" reason="AppliedManifest" message="Applied manifest at \"/var/lib/rancher/k3s/server/manifests/traefik.yaml\""
Feb 20 13:13:37 control k3s[29506]: I0220 13:13:37.872458   29506 iptables.go:50] Starting flannel in iptables mode...
Feb 20 13:13:37 control k3s[29506]: time="2026-02-20T13:13:37Z" level=warning msg="no subnet found for key: FLANNEL_NETWORK in file: /run/flannel/subnet.env"
Feb 20 13:13:37 control k3s[29506]: time="2026-02-20T13:13:37Z" level=warning msg="no subnet found for key: FLANNEL_SUBNET in file: /run/flannel/subnet.env"
Feb 20 13:13:37 control k3s[29506]: time="2026-02-20T13:13:37Z" level=warning msg="no subnet found for key: FLANNEL_IPV6_NETWORK in file: /run/flannel/subnet.env"
Feb 20 13:13:37 control k3s[29506]: time="2026-02-20T13:13:37Z" level=warning msg="no subnet found for key: FLANNEL_IPV6_SUBNET in file: /run/flannel/subnet.env"
Feb 20 13:13:37 control k3s[29506]: I0220 13:13:37.873038   29506 iptables.go:101] Current network or subnet (10.42.0.0/16, 10.42.0.0/24) is not equal to previous one (0.0.0.0/0, 0.0.0.0/0), trying to recycle old iptables rules
Feb 20 13:13:37 control k3s[29506]: I0220 13:13:37.884493   29506 kube.go:558] Creating the node lease for IPv4. This is the n.Spec.PodCIDRs: [10.42.0.0/24]
Feb 20 13:13:37 control k3s[29506]: I0220 13:13:37.925331   29506 event.go:389] "Event occurred" object="kube-system/traefik-crd" fieldPath="" kind="HelmChart" apiVersion="helm.cattle.io/v1" type="Normal" reason="ApplyJob" message="Applying HelmChart using Job kube-system/helm-install-traefik-crd"
Feb 20 13:13:37 control k3s[29506]: I0220 13:13:37.952063   29506 event.go:389] "Event occurred" object="kube-system/traefik" fieldPath="" kind="HelmChart" apiVersion="helm.cattle.io/v1" type="Normal" reason="ApplyJob" message="Applying HelmChart using Job kube-system/helm-install-traefik"
Feb 20 13:13:38 control k3s[29506]: E0220 13:13:38.058082   29506 log.go:32] "RunPodSandbox from runtime service failed" err="rpc error: code = Unknown desc = failed to setup network for sandbox \"07a7e40794449005a938c2815c9c722f9f17381e46afbb9c560906fa2945ea7e\": plugin type=\"flannel\" failed (add): failed to load flannel 'subnet.env' file: open /run/flannel/subnet.env: no such file or directory. Check the flannel pod log for this node."
Feb 20 13:13:38 control k3s[29506]: E0220 13:13:38.058321   29506 kuberuntime_sandbox.go:71] "Failed to create sandbox for pod" err="rpc error: code = Unknown desc = failed to setup network for sandbox \"07a7e40794449005a938c2815c9c722f9f17381e46afbb9c560906fa2945ea7e\": plugin type=\"flannel\" failed (add): failed to load flannel 'subnet.env' file: open /run/flannel/subnet.env: no such file or directory. Check the flannel pod log for this node." pod="kube-system/metrics-server-786d997795-p6gh5"
Feb 20 13:13:38 control k3s[29506]: E0220 13:13:38.058371   29506 kuberuntime_manager.go:1558] "CreatePodSandbox for pod failed" err="rpc error: code = Unknown desc = failed to setup network for sandbox \"07a7e40794449005a938c2815c9c722f9f17381e46afbb9c560906fa2945ea7e\": plugin type=\"flannel\" failed (add): failed to load flannel 'subnet.env' file: open /run/flannel/subnet.env: no such file or directory. Check the flannel pod log for this node." pod="kube-system/metrics-server-786d997795-p6gh5"
Feb 20 13:13:38 control k3s[29506]: E0220 13:13:38.061027   29506 pod_workers.go:1324] "Error syncing pod, skipping" err="failed to \"CreatePodSandbox\" for \"metrics-server-786d997795-p6gh5_kube-system(ada8fe68-b1e6-4812-95fe-dca771f45997)\" with CreatePodSandboxError: \"Failed to create sandbox for pod \\\"metrics-server-786d997795-p6gh5_kube-system(ada8fe68-b1e6-4812-95fe-dca771f45997)\\\": rpc error: code = Unknown desc = failed to setup network for sandbox \\\"07a7e40794449005a938c2815c9c722f9f17381e46afbb9c560906fa2945ea7e\\\": plugin type=\\\"flannel\\\" failed (add): failed to load flannel 'subnet.env' file: open /run/flannel/subnet.env: no such file or directory. Check the flannel pod log for this node.\"" pod="kube-system/metrics-server-786d997795-p6gh5" podUID="ada8fe68-b1e6-4812-95fe-dca771f45997"
Feb 20 13:13:38 control k3s[29506]: E0220 13:13:38.123807   29506 log.go:32] "RunPodSandbox from runtime service failed" err="rpc error: code = Unknown desc = failed to setup network for sandbox \"d94b9060d9cbe46db39368e905a3d1864c3485a23820bfa8ddd3bfb40fd825c9\": plugin type=\"flannel\" failed (add): failed to load flannel 'subnet.env' file: open /run/flannel/subnet.env: no such file or directory. Check the flannel pod log for this node."
Feb 20 13:13:38 control k3s[29506]: E0220 13:13:38.124295   29506 kuberuntime_sandbox.go:71] "Failed to create sandbox for pod" err="rpc error: code = Unknown desc = failed to setup network for sandbox \"d94b9060d9cbe46db39368e905a3d1864c3485a23820bfa8ddd3bfb40fd825c9\": plugin type=\"flannel\" failed (add): failed to load flannel 'subnet.env' file: open /run/flannel/subnet.env: no such file or directory. Check the flannel pod log for this node." pod="kube-system/coredns-7566b5ff58-89x2k"
Feb 20 13:13:38 control k3s[29506]: E0220 13:13:38.124343   29506 kuberuntime_manager.go:1558] "CreatePodSandbox for pod failed" err="rpc error: code = Unknown desc = failed to setup network for sandbox \"d94b9060d9cbe46db39368e905a3d1864c3485a23820bfa8ddd3bfb40fd825c9\": plugin type=\"flannel\" failed (add): failed to load flannel 'subnet.env' file: open /run/flannel/subnet.env: no such file or directory. Check the flannel pod log for this node." pod="kube-system/coredns-7566b5ff58-89x2k"
Feb 20 13:13:38 control k3s[29506]: E0220 13:13:38.124434   29506 pod_workers.go:1324] "Error syncing pod, skipping" err="failed to \"CreatePodSandbox\" for \"coredns-7566b5ff58-89x2k_kube-system(ddfc9c5d-7068-478d-811b-9d855c46112f)\" with CreatePodSandboxError: \"Failed to create sandbox for pod \\\"coredns-7566b5ff58-89x2k_kube-system(ddfc9c5d-7068-478d-811b-9d855c46112f)\\\": rpc error: code = Unknown desc = failed to setup network for sandbox \\\"d94b9060d9cbe46db39368e905a3d1864c3485a23820bfa8ddd3bfb40fd825c9\\\": plugin type=\\\"flannel\\\" failed (add): failed to load flannel 'subnet.env' file: open /run/flannel/subnet.env: no such file or directory. Check the flannel pod log for this node.\"" pod="kube-system/coredns-7566b5ff58-89x2k" podUID="ddfc9c5d-7068-478d-811b-9d855c46112f"
Feb 20 13:13:38 control k3s[29506]: I0220 13:13:38.129609   29506 controller.go:667] quota admission added evaluator for: jobs.batch
Feb 20 13:13:38 control k3s[29506]: E0220 13:13:38.216708   29506 log.go:32] "RunPodSandbox from runtime service failed" err="rpc error: code = Unknown desc = failed to setup network for sandbox \"7d16a871a1fcf428211383804b4a2a8ae45eb3c0b8bdd2a1f675f2556b1d17fe\": plugin type=\"flannel\" failed (add): failed to load flannel 'subnet.env' file: open /run/flannel/subnet.env: no such file or directory. Check the flannel pod log for this node."
Feb 20 13:13:38 control k3s[29506]: E0220 13:13:38.217705   29506 kuberuntime_sandbox.go:71] "Failed to create sandbox for pod" err="rpc error: code = Unknown desc = failed to setup network for sandbox \"7d16a871a1fcf428211383804b4a2a8ae45eb3c0b8bdd2a1f675f2556b1d17fe\": plugin type=\"flannel\" failed (add): failed to load flannel 'subnet.env' file: open /run/flannel/subnet.env: no such file or directory. Check the flannel pod log for this node." pod="kube-system/local-path-provisioner-6bc6568469-j48fd"
Feb 20 13:13:38 control k3s[29506]: E0220 13:13:38.218357   29506 kuberuntime_manager.go:1558] "CreatePodSandbox for pod failed" err="rpc error: code = Unknown desc = failed to setup network for sandbox \"7d16a871a1fcf428211383804b4a2a8ae45eb3c0b8bdd2a1f675f2556b1d17fe\": plugin type=\"flannel\" failed (add): failed to load flannel 'subnet.env' file: open /run/flannel/subnet.env: no such file or directory. Check the flannel pod log for this node." pod="kube-system/local-path-provisioner-6bc6568469-j48fd"
Feb 20 13:13:38 control k3s[29506]: E0220 13:13:38.218678   29506 pod_workers.go:1324] "Error syncing pod, skipping" err="failed to \"CreatePodSandbox\" for \"local-path-provisioner-6bc6568469-j48fd_kube-system(0ced41e8-ff4d-42e4-82d8-e6272f616539)\" with CreatePodSandboxError: \"Failed to create sandbox for pod \\\"local-path-provisioner-6bc6568469-j48fd_kube-system(0ced41e8-ff4d-42e4-82d8-e6272f616539)\\\": rpc error: code = Unknown desc = failed to setup network for sandbox \\\"7d16a871a1fcf428211383804b4a2a8ae45eb3c0b8bdd2a1f675f2556b1d17fe\\\": plugin type=\\\"flannel\\\" failed (add): failed to load flannel 'subnet.env' file: open /run/flannel/subnet.env: no such file or directory. Check the flannel pod log for this node.\"" pod="kube-system/local-path-provisioner-6bc6568469-j48fd" podUID="0ced41e8-ff4d-42e4-82d8-e6272f616539"
Feb 20 13:13:38 control k3s[29506]: I0220 13:13:38.260455   29506 event.go:389] "Event occurred" object="kube-system/traefik" fieldPath="" kind="HelmChart" apiVersion="helm.cattle.io/v1" type="Normal" reason="ApplyJob" message="Applying HelmChart using Job kube-system/helm-install-traefik"
Feb 20 13:13:38 control k3s[29506]: I0220 13:13:38.286038   29506 event.go:389] "Event occurred" object="kube-system/traefik-crd" fieldPath="" kind="HelmChart" apiVersion="helm.cattle.io/v1" type="Normal" reason="ApplyJob" message="Applying HelmChart using Job kube-system/helm-install-traefik-crd"
Feb 20 13:13:38 control k3s[29506]: I0220 13:13:38.351240   29506 event.go:389] "Event occurred" object="kube-system/traefik" fieldPath="" kind="HelmChart" apiVersion="helm.cattle.io/v1" type="Normal" reason="ApplyJob" message="Applying HelmChart using Job kube-system/helm-install-traefik"
Feb 20 13:13:38 control k3s[29506]: I0220 13:13:38.351403   29506 event.go:389] "Event occurred" object="kube-system/traefik" fieldPath="" kind="HelmChart" apiVersion="helm.cattle.io/v1" type="Normal" reason="ApplyJob" message="Applying HelmChart using Job kube-system/helm-install-traefik"
Feb 20 13:13:38 control k3s[29506]: I0220 13:13:38.375873   29506 event.go:389] "Event occurred" object="kube-system/traefik" fieldPath="" kind="HelmChart" apiVersion="helm.cattle.io/v1" type="Normal" reason="ApplyJob" message="Applying HelmChart using Job kube-system/helm-install-traefik"
Feb 20 13:13:38 control k3s[29506]: I0220 13:13:38.420269   29506 event.go:389] "Event occurred" object="kube-system/traefik-crd" fieldPath="" kind="HelmChart" apiVersion="helm.cattle.io/v1" type="Normal" reason="ApplyJob" message="Applying HelmChart using Job kube-system/helm-install-traefik-crd"
Feb 20 13:13:38 control k3s[29506]: I0220 13:13:38.471225   29506 iptables.go:111] Setting up masking rules
Feb 20 13:13:38 control k3s[29506]: I0220 13:13:38.504242   29506 reconciler_common.go:251] "operationExecutor.VerifyControllerAttachedVolume started for volume \"tmp\" (UniqueName: \"kubernetes.io/empty-dir/62d60685-097c-4c10-9efc-c9f6891bf313-tmp\") pod \"helm-install-traefik-crd-w5pjb\" (UID: \"62d60685-097c-4c10-9efc-c9f6891bf313\") " pod="kube-system/helm-install-traefik-crd-w5pjb"
Feb 20 13:13:38 control k3s[29506]: I0220 13:13:38.504902   29506 reconciler_common.go:251] "operationExecutor.VerifyControllerAttachedVolume started for volume \"kube-api-access-fg4sh\" (UniqueName: \"kubernetes.io/projected/62d60685-097c-4c10-9efc-c9f6891bf313-kube-api-access-fg4sh\") pod \"helm-install-traefik-crd-w5pjb\" (UID: \"62d60685-097c-4c10-9efc-c9f6891bf313\") " pod="kube-system/helm-install-traefik-crd-w5pjb"
Feb 20 13:13:38 control k3s[29506]: I0220 13:13:38.504968   29506 reconciler_common.go:251] "operationExecutor.VerifyControllerAttachedVolume started for volume \"kube-api-access-n782t\" (UniqueName: \"kubernetes.io/projected/f9b82ca5-d54e-4fd0-9c6a-07aaf01fd669-kube-api-access-n782t\") pod \"helm-install-traefik-sjvtf\" (UID: \"f9b82ca5-d54e-4fd0-9c6a-07aaf01fd669\") " pod="kube-system/helm-install-traefik-sjvtf"
Feb 20 13:13:38 control k3s[29506]: I0220 13:13:38.505014   29506 reconciler_common.go:251] "operationExecutor.VerifyControllerAttachedVolume started for volume \"klipper-config\" (UniqueName: \"kubernetes.io/empty-dir/62d60685-097c-4c10-9efc-c9f6891bf313-klipper-config\") pod \"helm-install-traefik-crd-w5pjb\" (UID: \"62d60685-097c-4c10-9efc-c9f6891bf313\") " pod="kube-system/helm-install-traefik-crd-w5pjb"
Feb 20 13:13:38 control k3s[29506]: I0220 13:13:38.505055   29506 reconciler_common.go:251] "operationExecutor.VerifyControllerAttachedVolume started for volume \"klipper-cache\" (UniqueName: \"kubernetes.io/empty-dir/f9b82ca5-d54e-4fd0-9c6a-07aaf01fd669-klipper-cache\") pod \"helm-install-traefik-sjvtf\" (UID: \"f9b82ca5-d54e-4fd0-9c6a-07aaf01fd669\") " pod="kube-system/helm-install-traefik-sjvtf"
Feb 20 13:13:38 control k3s[29506]: I0220 13:13:38.505093   29506 reconciler_common.go:251] "operationExecutor.VerifyControllerAttachedVolume started for volume \"content\" (UniqueName: \"kubernetes.io/configmap/f9b82ca5-d54e-4fd0-9c6a-07aaf01fd669-content\") pod \"helm-install-traefik-sjvtf\" (UID: \"f9b82ca5-d54e-4fd0-9c6a-07aaf01fd669\") " pod="kube-system/helm-install-traefik-sjvtf"
Feb 20 13:13:38 control k3s[29506]: I0220 13:13:38.505142   29506 reconciler_common.go:251] "operationExecutor.VerifyControllerAttachedVolume started for volume \"klipper-helm\" (UniqueName: \"kubernetes.io/empty-dir/62d60685-097c-4c10-9efc-c9f6891bf313-klipper-helm\") pod \"helm-install-traefik-crd-w5pjb\" (UID: \"62d60685-097c-4c10-9efc-c9f6891bf313\") " pod="kube-system/helm-install-traefik-crd-w5pjb"
Feb 20 13:13:38 control k3s[29506]: I0220 13:13:38.505179   29506 reconciler_common.go:251] "operationExecutor.VerifyControllerAttachedVolume started for volume \"content\" (UniqueName: \"kubernetes.io/configmap/62d60685-097c-4c10-9efc-c9f6891bf313-content\") pod \"helm-install-traefik-crd-w5pjb\" (UID: \"62d60685-097c-4c10-9efc-c9f6891bf313\") " pod="kube-system/helm-install-traefik-crd-w5pjb"
Feb 20 13:13:38 control k3s[29506]: I0220 13:13:38.505226   29506 reconciler_common.go:251] "operationExecutor.VerifyControllerAttachedVolume started for volume \"tmp\" (UniqueName: \"kubernetes.io/empty-dir/f9b82ca5-d54e-4fd0-9c6a-07aaf01fd669-tmp\") pod \"helm-install-traefik-sjvtf\" (UID: \"f9b82ca5-d54e-4fd0-9c6a-07aaf01fd669\") " pod="kube-system/helm-install-traefik-sjvtf"
Feb 20 13:13:38 control k3s[29506]: I0220 13:13:38.505265   29506 reconciler_common.go:251] "operationExecutor.VerifyControllerAttachedVolume started for volume \"values\" (UniqueName: \"kubernetes.io/projected/f9b82ca5-d54e-4fd0-9c6a-07aaf01fd669-values\") pod \"helm-install-traefik-sjvtf\" (UID: \"f9b82ca5-d54e-4fd0-9c6a-07aaf01fd669\") " pod="kube-system/helm-install-traefik-sjvtf"
Feb 20 13:13:38 control k3s[29506]: I0220 13:13:38.505305   29506 reconciler_common.go:251] "operationExecutor.VerifyControllerAttachedVolume started for volume \"klipper-cache\" (UniqueName: \"kubernetes.io/empty-dir/62d60685-097c-4c10-9efc-c9f6891bf313-klipper-cache\") pod \"helm-install-traefik-crd-w5pjb\" (UID: \"62d60685-097c-4c10-9efc-c9f6891bf313\") " pod="kube-system/helm-install-traefik-crd-w5pjb"
Feb 20 13:13:38 control k3s[29506]: I0220 13:13:38.505340   29506 reconciler_common.go:251] "operationExecutor.VerifyControllerAttachedVolume started for volume \"values\" (UniqueName: \"kubernetes.io/projected/62d60685-097c-4c10-9efc-c9f6891bf313-values\") pod \"helm-install-traefik-crd-w5pjb\" (UID: \"62d60685-097c-4c10-9efc-c9f6891bf313\") " pod="kube-system/helm-install-traefik-crd-w5pjb"
Feb 20 13:13:38 control k3s[29506]: I0220 13:13:38.505388   29506 reconciler_common.go:251] "operationExecutor.VerifyControllerAttachedVolume started for volume \"klipper-helm\" (UniqueName: \"kubernetes.io/empty-dir/f9b82ca5-d54e-4fd0-9c6a-07aaf01fd669-klipper-helm\") pod \"helm-install-traefik-sjvtf\" (UID: \"f9b82ca5-d54e-4fd0-9c6a-07aaf01fd669\") " pod="kube-system/helm-install-traefik-sjvtf"
Feb 20 13:13:38 control k3s[29506]: I0220 13:13:38.505423   29506 reconciler_common.go:251] "operationExecutor.VerifyControllerAttachedVolume started for volume \"klipper-config\" (UniqueName: \"kubernetes.io/empty-dir/f9b82ca5-d54e-4fd0-9c6a-07aaf01fd669-klipper-config\") pod \"helm-install-traefik-sjvtf\" (UID: \"f9b82ca5-d54e-4fd0-9c6a-07aaf01fd669\") " pod="kube-system/helm-install-traefik-sjvtf"
Feb 20 13:13:38 control k3s[29506]: I0220 13:13:38.596155   29506 iptables.go:212] Changing default FORWARD chain policy to ACCEPT
Feb 20 13:13:38 control k3s[29506]: I0220 13:13:38.629585   29506 event.go:389] "Event occurred" object="kube-system/traefik-crd" fieldPath="" kind="HelmChart" apiVersion="helm.cattle.io/v1" type="Normal" reason="ApplyJob" message="Applying HelmChart using Job kube-system/helm-install-traefik-crd"
Feb 20 13:13:38 control k3s[29506]: time="2026-02-20T13:13:38Z" level=info msg="Wrote flannel subnet file to /run/flannel/subnet.env"
Feb 20 13:13:38 control k3s[29506]: time="2026-02-20T13:13:38Z" level=info msg="Running flannel backend."
Feb 20 13:13:38 control k3s[29506]: I0220 13:13:38.712137   29506 vxlan_network.go:68] watching for new subnet leases
Feb 20 13:13:38 control k3s[29506]: I0220 13:13:38.712608   29506 vxlan_network.go:115] starting vxlan device watcher
Feb 20 13:13:38 control k3s[29506]: I0220 13:13:38.945210   29506 iptables.go:358] bootstrap done
Feb 20 13:13:39 control k3s[29506]: I0220 13:13:39.118856   29506 iptables.go:358] bootstrap done
Feb 20 13:13:39 control k3s[29506]: time="2026-02-20T13:13:39Z" level=info msg="Started tunnel to 192.168.56.10:6443"
Feb 20 13:13:39 control k3s[29506]: time="2026-02-20T13:13:39Z" level=info msg="Stopped tunnel to 127.0.0.1:6443"
Feb 20 13:13:39 control k3s[29506]: time="2026-02-20T13:13:39Z" level=info msg="Proxy done" err="context canceled" url="wss://127.0.0.1:6443/v1-k3s/connect"
Feb 20 13:13:39 control k3s[29506]: time="2026-02-20T13:13:39Z" level=info msg="error in remotedialer server [400]: websocket: close 1006 (abnormal closure): unexpected EOF"
Feb 20 13:13:39 control k3s[29506]: time="2026-02-20T13:13:39Z" level=info msg="Connecting to proxy" url="wss://192.168.56.10:6443/v1-k3s/connect"
Feb 20 13:13:39 control k3s[29506]: time="2026-02-20T13:13:39Z" level=info msg="Handling backend connection request [control]"
Feb 20 13:13:39 control k3s[29506]: time="2026-02-20T13:13:39Z" level=info msg="Connected to proxy" url="wss://192.168.56.10:6443/v1-k3s/connect"
Feb 20 13:13:39 control k3s[29506]: time="2026-02-20T13:13:39Z" level=info msg="Remotedialer connected to proxy" url="wss://192.168.56.10:6443/v1-k3s/connect"
Feb 20 13:13:40 control k3s[29506]: I0220 13:13:40.343155   29506 kuberuntime_manager.go:2062] "Updating runtime config through cri with podcidr" CIDR="10.42.0.0/24"
Feb 20 13:13:40 control k3s[29506]: I0220 13:13:40.346234   29506 kubelet_network.go:47] "Updating Pod CIDR" originalPodCIDR="" newPodCIDR="10.42.0.0/24"
Feb 20 13:13:40 control k3s[29506]: E0220 13:13:40.418937   29506 queueset.go:474] "Overflow" err="queueset::currentR overflow" QS="global-default" when="2026-02-20 13:13:40.418905528" prevR="2.14693267ss" incrR="184467440737.09550715ss" currentR="2.14692366ss"
Feb 20 13:13:40 control k3s[29506]: time="2026-02-20T13:13:40Z" level=info msg="Starting network policy controller version v2.6.3-k3s1, built on 2026-02-12T23:46:55Z, go1.25.6"
Feb 20 13:13:40 control k3s[29506]: I0220 13:13:40.540993   29506 network_policy_controller.go:164] Starting network policy controller
Feb 20 13:13:40 control k3s[29506]: I0220 13:13:40.782925   29506 network_policy_controller.go:179] Starting network policy controller full sync goroutine
