[host] control=control node_ip=192.168.56.10 k3s_version=v1.34.4+k3s1
[host] vagrant_dir=/c/Projects/StackPilot/vagrant

[host] ensuring VM is up...
Bringing machine 'control' up with 'hyperv' provider...
==> control: Verifying Hyper-V is enabled...
==> control: Verifying Hyper-V is accessible...
==> control: Machine already provisioned. Run `vagrant provision` or use the `--provision`
==> control: flag to force provisioning. Provisioners marked to run always will still run.
[host] running server setup inside VM...
[server-setup] node_ip=192.168.56.10
[server-setup] k3s_version=v1.34.4+k3s1
[server-setup] bin_src=/vagrant/vagrant/k3s-bin/k3s
[server-setup] ingress_nginx_manifest=https://raw.githubusercontent.com/kubernetes/ingress-nginx/controller-v1.11.3/deploy/static/provider/baremetal/deploy.yaml
[server-setup] preflight: swapoff, modules, sysctls, forwarding, ufw...
[server-setup] detect flannel iface by NODE_IP...
[server-setup] flannel_iface=eth0
[server-setup] removing old packaged Traefik manifests if present...
[server-setup] installing binary...
[server-setup] writing systemd unit...
[server-setup] enable + start...
Created symlink /etc/systemd/system/multi-user.target.wants/k3s.service → /etc/systemd/system/k3s.service.
[server-setup] wait for API (deadline 180s)...
[server-setup] ...still waiting for API
[server-setup] ...still waiting for API
[server-setup] ...still waiting for API
[server-setup] API is responding.
[server-setup] wait for node registration (deadline 180s)...
[server-setup] ...still waiting for node registration
[server-setup] ...still waiting for node registration
[server-setup] control_node=control
[server-setup] apply control-plane NoSchedule taint...
[server-setup] removing Traefik resources if present...
[server-setup] installing ingress-nginx...
namespace/ingress-nginx created
serviceaccount/ingress-nginx created
serviceaccount/ingress-nginx-admission created
role.rbac.authorization.k8s.io/ingress-nginx created
role.rbac.authorization.k8s.io/ingress-nginx-admission created
clusterrole.rbac.authorization.k8s.io/ingress-nginx created
clusterrole.rbac.authorization.k8s.io/ingress-nginx-admission created
rolebinding.rbac.authorization.k8s.io/ingress-nginx created
rolebinding.rbac.authorization.k8s.io/ingress-nginx-admission created
clusterrolebinding.rbac.authorization.k8s.io/ingress-nginx created
clusterrolebinding.rbac.authorization.k8s.io/ingress-nginx-admission created
configmap/ingress-nginx-controller created
service/ingress-nginx-controller created
service/ingress-nginx-controller-admission created
deployment.apps/ingress-nginx-controller created
job.batch/ingress-nginx-admission-create created
job.batch/ingress-nginx-admission-patch created
ingressclass.networking.k8s.io/nginx created
validatingwebhookconfiguration.admissionregistration.k8s.io/ingress-nginx-admission created
[server-setup] wait for ingress-nginx controller rollout (deadline 240s)...
[server-setup] ...still waiting for ingress-nginx controller
[server-setup] ...still waiting for ingress-nginx controller
[server-setup] ...still waiting for ingress-nginx controller
[server-setup] ...still waiting for ingress-nginx controller
[server-setup] ...still waiting for ingress-nginx controller
[server-setup] ...still waiting for ingress-nginx controller
[server-setup] ...still waiting for ingress-nginx controller
[server-setup] ...still waiting for ingress-nginx controller
[server-setup] ...still waiting for ingress-nginx controller
[server-setup] ...still waiting for ingress-nginx controller
[server-setup] ...still waiting for ingress-nginx controller
[server-setup] ...still waiting for ingress-nginx controller
[server-setup] ...still waiting for ingress-nginx controller
[server-setup] ...still waiting for ingress-nginx controller
[server-setup] ...still waiting for ingress-nginx controller
[server-setup] ...still waiting for ingress-nginx controller
[server-setup] ...still waiting for ingress-nginx controller
[server-setup] ...still waiting for ingress-nginx controller
[server-setup] ...still waiting for ingress-nginx controller
[server-setup] ...still waiting for ingress-nginx controller
[server-setup] ...still waiting for ingress-nginx controller
[server-setup] ...still waiting for ingress-nginx controller
[server-setup] ...still waiting for ingress-nginx controller
[server-setup] ...still waiting for ingress-nginx controller
[server-setup] ...still waiting for ingress-nginx controller
[server-setup] ...still waiting for ingress-nginx controller
[server-setup] ...still waiting for ingress-nginx controller
[server-setup] ...still waiting for ingress-nginx controller
[server-setup] ...still waiting for ingress-nginx controller
[server-setup] FAIL: ingress-nginx controller not ready after 240s
[server-setup] --- systemctl status k3s ---
● k3s.service - K3s Server (v1.34.4+k3s1)
     Loaded: loaded (/etc/systemd/system/k3s.service; enabled; vendor preset: enabled)
     Active: active (running) since Sun 2026-03-29 02:44:10 UTC; 4min 23s ago
   Main PID: 13174 (k3s-server)
      Tasks: 62 (limit: 4558)
     Memory: 897.3M
        CPU: 43.783s
     CGroup: /system.slice/k3s.service
             ├─13174 "/usr/local/bin/k3s server" "" "" "" "" "" "" "" "" "" "" "" "" "" "" "" "" "" "" "" "" "" "" "" "" "" "" "" "" "" "" "" "" "" "" "" "" "" "" "" "" "" "" "" "" "" "" "" "" "" "" "" "" "" "" "" "" "" "" "" "" "" "" "" "" "" "" "" "" "" "" "" "" "" "" "" "" "" "" "" "" "" "" "" "" "" "" "" "" "" "" "" "" "" "" "" "" "" "" "" "" "" "" "" "" "" "" "" "" "" "" "" "" "" "" "" "" "" "" "" "" "" "" "" "" "" "" "" "" "" "" "" "" "" "" "" "" "" "" "" "" "" "" "" "" "" "" "" "" ""
             ├─13277 "containerd " "" "" "" "" "" "" "" "" "" "" "" "" "" "" "" "" "" "" "" "" "" "" "" "" "" "" "" "" "" "" "" "" "" "" "" "" "" "" "" "" "" "" "" "" "" "" "" "" "" "" "" "" "" "" "" ""
             ├─13941 /var/lib/rancher/k3s/data/3b8ce3dcb1e1c49c523944bbb534b4c6eddd3f27edc542c5109b7a51ef7fa3f4/bin/containerd-shim-runc-v2 -namespace k8s.io -id 584cb8faf54cd53c16083950ca564a5b2b7b04e41c7e6d6eac4a80e512c64bf8 -address /run/k3s/containerd/containerd.sock
             ├─13979 /var/lib/rancher/k3s/data/3b8ce3dcb1e1c49c523944bbb534b4c6eddd3f27edc542c5109b7a51ef7fa3f4/bin/containerd-shim-runc-v2 -namespace k8s.io -id b50ea75c2e18955c5faae465acaf1d1592c90c08569d305ca39a71d87e9eb122 -address /run/k3s/containerd/containerd.sock
             └─14000 /var/lib/rancher/k3s/data/3b8ce3dcb1e1c49c523944bbb534b4c6eddd3f27edc542c5109b7a51ef7fa3f4/bin/containerd-shim-runc-v2 -namespace k8s.io -id 554a86bbb8a446a8c034940a114fc843148732af4be23e3e74687e017809d5be -address /run/k3s/containerd/containerd.sock

Mar 29 02:44:58 control k3s[13174]: I0329 02:44:58.816061   13174 garbagecollector.go:792] "failed to discover some groups" groups="map[\"metrics.k8s.io/v1beta1\":\"stale GroupVersion discovery: metrics.k8s.io/v1beta1\"]"
Mar 29 02:45:04 control k3s[13174]: I0329 02:45:04.399130   13174 handler.go:304] Adding GroupVersion metrics.k8s.io v1beta1 to ResourceManager
Mar 29 02:45:23 control k3s[13174]: E0329 02:45:23.062545   13174 log.go:32] "ContainerStatus from runtime service failed" err="rpc error: code = NotFound desc = an error occurred when try to find container \"0b3f4514f17e0918eaa2b701cdb92e1482f59d0b4ceb5b3006ff3deffe642f76\": not found" containerID="0b3f4514f17e0918eaa2b701cdb92e1482f59d0b4ceb5b3006ff3deffe642f76"
Mar 29 02:45:23 control k3s[13174]: I0329 02:45:23.062657   13174 kuberuntime_gc.go:364] "Error getting ContainerStatus for containerID" containerID="0b3f4514f17e0918eaa2b701cdb92e1482f59d0b4ceb5b3006ff3deffe642f76" err="rpc error: code = NotFound desc = an error occurred when try to find container \"0b3f4514f17e0918eaa2b701cdb92e1482f59d0b4ceb5b3006ff3deffe642f76\": not found"
Mar 29 02:45:23 control k3s[13174]: E0329 02:45:23.063820   13174 log.go:32] "ContainerStatus from runtime service failed" err="rpc error: code = NotFound desc = an error occurred when try to find container \"8422d2af6398ed707c3be041e7ed2facbecbcc2c74303ee8829711c5c158db4f\": not found" containerID="8422d2af6398ed707c3be041e7ed2facbecbcc2c74303ee8829711c5c158db4f"
Mar 29 02:45:23 control k3s[13174]: I0329 02:45:23.063872   13174 kuberuntime_gc.go:364] "Error getting ContainerStatus for containerID" containerID="8422d2af6398ed707c3be041e7ed2facbecbcc2c74303ee8829711c5c158db4f" err="rpc error: code = NotFound desc = an error occurred when try to find container \"8422d2af6398ed707c3be041e7ed2facbecbcc2c74303ee8829711c5c158db4f\": not found"
Mar 29 02:45:23 control k3s[13174]: E0329 02:45:23.064379   13174 log.go:32] "ContainerStatus from runtime service failed" err="rpc error: code = NotFound desc = an error occurred when try to find container \"2b706dde7269bf477df49641a87073164ae5fe059e0199089864784a7837fc94\": not found" containerID="2b706dde7269bf477df49641a87073164ae5fe059e0199089864784a7837fc94"
Mar 29 02:45:23 control k3s[13174]: I0329 02:45:23.064447   13174 kuberuntime_gc.go:364] "Error getting ContainerStatus for containerID" containerID="2b706dde7269bf477df49641a87073164ae5fe059e0199089864784a7837fc94" err="rpc error: code = NotFound desc = an error occurred when try to find container \"2b706dde7269bf477df49641a87073164ae5fe059e0199089864784a7837fc94\": not found"
Mar 29 02:46:22 control k3s[13174]: E0329 02:46:22.104656   13174 dns.go:154] "Nameserver limits exceeded" err="Nameserver limits were exceeded, some nameservers have been omitted, the applied nameserver line is: 4.2.2.1 4.2.2.2 208.67.220.220"
Mar 29 02:47:30 control k3s[13174]: E0329 02:47:30.104163   13174 dns.go:154] "Nameserver limits exceeded" err="Nameserver limits were exceeded, some nameservers have been omitted, the applied nameserver line is: 4.2.2.1 4.2.2.2 208.67.220.220"
[server-setup] --- journalctl -u k3s (last 200) ---
Mar 29 02:44:27 control k3s[13174]: I0329 02:44:27.638740   13174 shared_informer.go:370] "Waiting for caches to sync"
Mar 29 02:44:27 control k3s[13174]: I0329 02:44:27.658473   13174 actual_state_of_world.go:541] "Failed to update statusUpdateNeeded field in actual state of world" err="Failed to set statusUpdateNeeded to needed true, because nodeName=\"control\" does not exist"
Mar 29 02:44:27 control k3s[13174]: I0329 02:44:27.666837   13174 event.go:389] "Event occurred" object="kube-system/rolebindings" fieldPath="" kind="Addon" apiVersion="k3s.cattle.io/v1" type="Normal" reason="AppliedManifest" message="Applied manifest at \"/var/lib/rancher/k3s/server/manifests/rolebindings.yaml\""
Mar 29 02:44:27 control k3s[13174]: I0329 02:44:27.678305   13174 event.go:389] "Event occurred" object="kube-system/runtimes" fieldPath="" kind="Addon" apiVersion="k3s.cattle.io/v1" type="Normal" reason="ApplyingManifest" message="Applying manifest at \"/var/lib/rancher/k3s/server/manifests/runtimes.yaml\""
Mar 29 02:44:27 control k3s[13174]: I0329 02:44:27.687210   13174 garbagecollector.go:792] "failed to discover some groups" groups="map[\"metrics.k8s.io/v1beta1\":\"stale GroupVersion discovery: metrics.k8s.io/v1beta1\"]"
Mar 29 02:44:27 control k3s[13174]: I0329 02:44:27.692369   13174 shared_informer.go:377] "Caches are synced"
Mar 29 02:44:27 control k3s[13174]: I0329 02:44:27.692780   13174 shared_informer.go:377] "Caches are synced"
Mar 29 02:44:27 control k3s[13174]: I0329 02:44:27.693254   13174 shared_informer.go:377] "Caches are synced"
Mar 29 02:44:27 control k3s[13174]: I0329 02:44:27.693523   13174 shared_informer.go:377] "Caches are synced"
Mar 29 02:44:27 control k3s[13174]: I0329 02:44:27.693745   13174 shared_informer.go:377] "Caches are synced"
Mar 29 02:44:27 control k3s[13174]: I0329 02:44:27.694014   13174 shared_informer.go:377] "Caches are synced"
Mar 29 02:44:27 control k3s[13174]: I0329 02:44:27.694290   13174 shared_informer.go:377] "Caches are synced"
Mar 29 02:44:27 control k3s[13174]: I0329 02:44:27.694522   13174 shared_informer.go:377] "Caches are synced"
Mar 29 02:44:27 control k3s[13174]: I0329 02:44:27.696702   13174 shared_informer.go:377] "Caches are synced"
Mar 29 02:44:27 control k3s[13174]: I0329 02:44:27.696982   13174 shared_informer.go:377] "Caches are synced"
Mar 29 02:44:27 control k3s[13174]: I0329 02:44:27.697119   13174 shared_informer.go:377] "Caches are synced"
Mar 29 02:44:27 control k3s[13174]: I0329 02:44:27.697242   13174 shared_informer.go:377] "Caches are synced"
Mar 29 02:44:27 control k3s[13174]: I0329 02:44:27.697407   13174 node_lifecycle_controller.go:1234] "Initializing eviction metric for zone" zone=""
Mar 29 02:44:27 control k3s[13174]: I0329 02:44:27.697574   13174 node_lifecycle_controller.go:886] "Missing timestamp for Node. Assuming now as a timestamp" node="control"
Mar 29 02:44:27 control k3s[13174]: I0329 02:44:27.697711   13174 node_lifecycle_controller.go:1080] "Controller detected that zone is now in new state" zone="" newState="Normal"
Mar 29 02:44:27 control k3s[13174]: I0329 02:44:27.697917   13174 shared_informer.go:377] "Caches are synced"
Mar 29 02:44:27 control k3s[13174]: I0329 02:44:27.698067   13174 shared_informer.go:377] "Caches are synced"
Mar 29 02:44:27 control k3s[13174]: I0329 02:44:27.698389   13174 shared_informer.go:377] "Caches are synced"
Mar 29 02:44:27 control k3s[13174]: I0329 02:44:27.698680   13174 shared_informer.go:377] "Caches are synced"
Mar 29 02:44:27 control k3s[13174]: I0329 02:44:27.698993   13174 shared_informer.go:377] "Caches are synced"
Mar 29 02:44:27 control k3s[13174]: I0329 02:44:27.699176   13174 shared_informer.go:377] "Caches are synced"
Mar 29 02:44:27 control k3s[13174]: I0329 02:44:27.699434   13174 shared_informer.go:377] "Caches are synced"
Mar 29 02:44:27 control k3s[13174]: I0329 02:44:27.699822   13174 shared_informer.go:377] "Caches are synced"
Mar 29 02:44:27 control k3s[13174]: I0329 02:44:27.699984   13174 shared_informer.go:377] "Caches are synced"
Mar 29 02:44:27 control k3s[13174]: I0329 02:44:27.700137   13174 shared_informer.go:377] "Caches are synced"
Mar 29 02:44:27 control k3s[13174]: I0329 02:44:27.700383   13174 shared_informer.go:377] "Caches are synced"
Mar 29 02:44:27 control k3s[13174]: I0329 02:44:27.700519   13174 shared_informer.go:377] "Caches are synced"
Mar 29 02:44:27 control k3s[13174]: I0329 02:44:27.700632   13174 shared_informer.go:377] "Caches are synced"
Mar 29 02:44:27 control k3s[13174]: I0329 02:44:27.700740   13174 shared_informer.go:377] "Caches are synced"
Mar 29 02:44:27 control k3s[13174]: I0329 02:44:27.700839   13174 shared_informer.go:377] "Caches are synced"
Mar 29 02:44:27 control k3s[13174]: I0329 02:44:27.701167   13174 shared_informer.go:377] "Caches are synced"
Mar 29 02:44:27 control k3s[13174]: I0329 02:44:27.701313   13174 range_allocator.go:177] "Sending events to api server"
Mar 29 02:44:27 control k3s[13174]: I0329 02:44:27.701424   13174 range_allocator.go:181] "Starting range CIDR allocator"
Mar 29 02:44:27 control k3s[13174]: I0329 02:44:27.701513   13174 shared_informer.go:370] "Waiting for caches to sync"
Mar 29 02:44:27 control k3s[13174]: I0329 02:44:27.701600   13174 shared_informer.go:377] "Caches are synced"
Mar 29 02:44:27 control k3s[13174]: I0329 02:44:27.701972   13174 shared_informer.go:377] "Caches are synced"
Mar 29 02:44:27 control k3s[13174]: I0329 02:44:27.702698   13174 shared_informer.go:377] "Caches are synced"
Mar 29 02:44:27 control k3s[13174]: I0329 02:44:27.703598   13174 shared_informer.go:377] "Caches are synced"
Mar 29 02:44:27 control k3s[13174]: I0329 02:44:27.703780   13174 shared_informer.go:377] "Caches are synced"
Mar 29 02:44:27 control k3s[13174]: I0329 02:44:27.703903   13174 shared_informer.go:377] "Caches are synced"
Mar 29 02:44:27 control k3s[13174]: I0329 02:44:27.704160   13174 shared_informer.go:377] "Caches are synced"
Mar 29 02:44:27 control k3s[13174]: I0329 02:44:27.704296   13174 shared_informer.go:377] "Caches are synced"
Mar 29 02:44:27 control k3s[13174]: I0329 02:44:27.704938   13174 shared_informer.go:377] "Caches are synced"
Mar 29 02:44:27 control k3s[13174]: I0329 02:44:27.705072   13174 shared_informer.go:377] "Caches are synced"
Mar 29 02:44:27 control k3s[13174]: I0329 02:44:27.705192   13174 shared_informer.go:377] "Caches are synced"
Mar 29 02:44:27 control k3s[13174]: I0329 02:44:27.705348   13174 shared_informer.go:377] "Caches are synced"
Mar 29 02:44:27 control k3s[13174]: I0329 02:44:27.706345   13174 shared_informer.go:377] "Caches are synced"
Mar 29 02:44:27 control k3s[13174]: I0329 02:44:27.706499   13174 shared_informer.go:377] "Caches are synced"
Mar 29 02:44:27 control k3s[13174]: I0329 02:44:27.699475   13174 shared_informer.go:370] "Waiting for caches to sync"
Mar 29 02:44:27 control k3s[13174]: I0329 02:44:27.735221   13174 range_allocator.go:433] "Set node PodCIDR" node="control" podCIDRs=["10.42.0.0/24"]
Mar 29 02:44:27 control k3s[13174]: I0329 02:44:27.739631   13174 shared_informer.go:377] "Caches are synced"
Mar 29 02:44:27 control k3s[13174]: time="2026-03-29T02:44:27Z" level=info msg="Synced coredns NodeHosts entries for control"
Mar 29 02:44:27 control k3s[13174]: I0329 02:44:27.785040   13174 event.go:389] "Event occurred" object="kube-system/runtimes" fieldPath="" kind="Addon" apiVersion="k3s.cattle.io/v1" type="Normal" reason="AppliedManifest" message="Applied manifest at \"/var/lib/rancher/k3s/server/manifests/runtimes.yaml\""
Mar 29 02:44:27 control k3s[13174]: I0329 02:44:27.807755   13174 event.go:389] "Event occurred" object="kube-system/traefik" fieldPath="" kind="Addon" apiVersion="k3s.cattle.io/v1" type="Normal" reason="DeletingManifest" message="Deleting manifest at \"/var/lib/rancher/k3s/server/manifests/traefik.yaml\""
Mar 29 02:44:27 control k3s[13174]: time="2026-03-29T02:44:27Z" level=info msg="Waiting for cloud-controller-manager privileges to become available: context deadline exceeded, Post \"https://127.0.0.1:6444/apis/authorization.k8s.io/v1/subjectaccessreviews?timeout=15m0s\": context deadline exceeded"
Mar 29 02:44:27 control k3s[13174]: time="2026-03-29T02:44:27Z" level=info msg="Tunnel authorizer set Kubelet Port 0.0.0.0:10250"
Mar 29 02:44:28 control k3s[13174]: I0329 02:44:28.191389   13174 controller.go:667] quota admission added evaluator for: replicasets.apps
Mar 29 02:44:28 control k3s[13174]: I0329 02:44:28.234321   13174 serving.go:392] Generated self-signed cert in-memory
Mar 29 02:44:28 control k3s[13174]: I0329 02:44:28.277259   13174 cidrallocator.go:278] updated ClusterIP allocator for Service CIDR 10.43.0.0/16
Mar 29 02:44:28 control k3s[13174]: I0329 02:44:28.290730   13174 cidrallocator.go:278] updated ClusterIP allocator for Service CIDR 10.43.0.0/16
Mar 29 02:44:28 control k3s[13174]: time="2026-03-29T02:44:28Z" level=info msg="Flannel found PodCIDR assigned for node control"
Mar 29 02:44:28 control k3s[13174]: time="2026-03-29T02:44:28Z" level=info msg="The interface eth0 with ipv4 address 192.168.56.10 will be used by flannel"
Mar 29 02:44:28 control k3s[13174]: I0329 02:44:28.342777   13174 kube.go:139] Waiting 10m0s for node controller to sync
Mar 29 02:44:28 control k3s[13174]: I0329 02:44:28.343802   13174 kube.go:537] Starting kube subnet manager
Mar 29 02:44:28 control k3s[13174]: W0329 02:44:28.384426   13174 handler_proxy.go:99] no RequestInfo found in the context
Mar 29 02:44:28 control k3s[13174]: E0329 02:44:28.384481   13174 controller.go:113] "Unhandled Error" err="loading OpenAPI spec for \"v1beta1.metrics.k8s.io\" failed with: Error, could not get list of group versions for APIService"
Mar 29 02:44:28 control k3s[13174]: I0329 02:44:28.384499   13174 controller.go:126] OpenAPI AggregationController: action for item v1beta1.metrics.k8s.io: Rate Limited Requeue.
Mar 29 02:44:28 control k3s[13174]: W0329 02:44:28.384547   13174 handler_proxy.go:99] no RequestInfo found in the context
Mar 29 02:44:28 control k3s[13174]: E0329 02:44:28.384595   13174 controller.go:102] "Unhandled Error" err=<
Mar 29 02:44:28 control k3s[13174]:         loading OpenAPI spec for "v1beta1.metrics.k8s.io" failed with: failed to download v1beta1.metrics.k8s.io: failed to retrieve openAPI spec, http error: ResponseCode: 503, Body: service unavailable
Mar 29 02:44:28 control k3s[13174]:         , Header: map[Content-Type:[text/plain; charset=utf-8] X-Content-Type-Options:[nosniff]]
Mar 29 02:44:28 control k3s[13174]:  >
Mar 29 02:44:28 control k3s[13174]: I0329 02:44:28.404584   13174 controller.go:109] OpenAPI AggregationController: action for item v1beta1.metrics.k8s.io: Rate Limited Requeue.
Mar 29 02:44:28 control k3s[13174]: I0329 02:44:28.522260   13174 serving.go:392] Generated self-signed cert in-memory
Mar 29 02:44:28 control k3s[13174]: W0329 02:44:28.633692   13174 handler_proxy.go:99] no RequestInfo found in the context
Mar 29 02:44:28 control k3s[13174]: E0329 02:44:28.634109   13174 controller.go:146] "Unhandled Error" err=<
Mar 29 02:44:28 control k3s[13174]:         Error updating APIService "v1beta1.metrics.k8s.io" with err: failed to download v1beta1.metrics.k8s.io: failed to retrieve openAPI spec, http error: ResponseCode: 503, Body: service unavailable
Mar 29 02:44:28 control k3s[13174]:         , Header: map[Content-Type:[text/plain; charset=utf-8] X-Content-Type-Options:[nosniff]]
Mar 29 02:44:28 control k3s[13174]:  >
Mar 29 02:44:28 control k3s[13174]: E0329 02:44:28.634397   13174 handler_proxy.go:143] error resolving kube-system/metrics-server: no endpoints available for service "metrics-server"
Mar 29 02:44:28 control k3s[13174]: I0329 02:44:28.807902   13174 shared_informer.go:377] "Caches are synced"
Mar 29 02:44:28 control k3s[13174]: I0329 02:44:28.832959   13174 controllermanager.go:160] Version: v1.35.1+k3s1
Mar 29 02:44:28 control k3s[13174]: I0329 02:44:28.843022   13174 secure_serving.go:211] Serving securely on 127.0.0.1:10258
Mar 29 02:44:28 control k3s[13174]: I0329 02:44:28.854419   13174 requestheader_controller.go:180] Starting RequestHeaderAuthRequestController
Mar 29 02:44:28 control k3s[13174]: I0329 02:44:28.854836   13174 shared_informer.go:370] "Waiting for caches to sync"
Mar 29 02:44:28 control k3s[13174]: I0329 02:44:28.855033   13174 tlsconfig.go:243] "Starting DynamicServingCertificateController"
Mar 29 02:44:28 control k3s[13174]: I0329 02:44:28.855263   13174 configmap_cafile_content.go:205] "Starting controller" name="client-ca::kube-system::extension-apiserver-authentication::client-ca-file"
Mar 29 02:44:28 control k3s[13174]: I0329 02:44:28.855457   13174 shared_informer.go:370] "Waiting for caches to sync"
Mar 29 02:44:28 control k3s[13174]: I0329 02:44:28.855568   13174 configmap_cafile_content.go:205] "Starting controller" name="client-ca::kube-system::extension-apiserver-authentication::requestheader-client-ca-file"
Mar 29 02:44:28 control k3s[13174]: I0329 02:44:28.855684   13174 shared_informer.go:370] "Waiting for caches to sync"
Mar 29 02:44:28 control k3s[13174]: time="2026-03-29T02:44:28Z" level=info msg="Creating service-lb-controller event broadcaster"
Mar 29 02:44:28 control k3s[13174]: I0329 02:44:28.894381   13174 shared_informer.go:377] "Caches are synced"
Mar 29 02:44:28 control k3s[13174]: I0329 02:44:28.894419   13174 garbagecollector.go:166] "Garbage collector: all resource monitors have synced"
Mar 29 02:44:28 control k3s[13174]: I0329 02:44:28.894427   13174 garbagecollector.go:169] "Proceeding to collect garbage"
Mar 29 02:44:28 control k3s[13174]: I0329 02:44:28.956015   13174 shared_informer.go:377] "Caches are synced"
Mar 29 02:44:28 control k3s[13174]: I0329 02:44:28.956015   13174 shared_informer.go:377] "Caches are synced"
Mar 29 02:44:28 control k3s[13174]: I0329 02:44:28.956029   13174 shared_informer.go:377] "Caches are synced"
Mar 29 02:44:28 control k3s[13174]: time="2026-03-29T02:44:28Z" level=info msg="Starting /v1, Kind=Node controller"
Mar 29 02:44:29 control k3s[13174]: time="2026-03-29T02:44:29Z" level=info msg="Starting /v1, Kind=Pod controller"
Mar 29 02:44:29 control k3s[13174]: time="2026-03-29T02:44:29Z" level=info msg="Starting apps/v1, Kind=DaemonSet controller"
Mar 29 02:44:29 control k3s[13174]: time="2026-03-29T02:44:29Z" level=info msg="Starting discovery.k8s.io/v1, Kind=EndpointSlice controller"
Mar 29 02:44:29 control k3s[13174]: I0329 02:44:29.023325   13174 controllermanager.go:329] Started "cloud-node-controller"
Mar 29 02:44:29 control k3s[13174]: I0329 02:44:29.024140   13174 controllermanager.go:329] Started "cloud-node-lifecycle-controller"
Mar 29 02:44:29 control k3s[13174]: I0329 02:44:29.024559   13174 controllermanager.go:329] Started "service-lb-controller"
Mar 29 02:44:29 control k3s[13174]: W0329 02:44:29.024691   13174 controllermanager.go:306] "node-route-controller" is disabled
Mar 29 02:44:29 control k3s[13174]: I0329 02:44:29.023393   13174 node_controller.go:176] Sending events to api server.
Mar 29 02:44:29 control k3s[13174]: I0329 02:44:29.025573   13174 node_controller.go:185] Waiting for informer caches to sync
Mar 29 02:44:29 control k3s[13174]: I0329 02:44:29.025711   13174 node_lifecycle_controller.go:112] Sending events to api server
Mar 29 02:44:29 control k3s[13174]: I0329 02:44:29.025927   13174 controller.go:235] Starting service controller
Mar 29 02:44:29 control k3s[13174]: I0329 02:44:29.026032   13174 shared_informer.go:370] "Waiting for caches to sync"
Mar 29 02:44:29 control k3s[13174]: I0329 02:44:29.125990   13174 node_controller.go:429] Initializing node control with cloud provider
Mar 29 02:44:29 control k3s[13174]: I0329 02:44:29.126495   13174 shared_informer.go:377] "Caches are synced"
Mar 29 02:44:29 control k3s[13174]: I0329 02:44:29.136601   13174 node_controller.go:474] Successfully initialized node control with cloud provider
Mar 29 02:44:29 control k3s[13174]: I0329 02:44:29.138396   13174 event.go:389] "Event occurred" object="control" fieldPath="" kind="Node" apiVersion="v1" type="Normal" reason="Synced" message="Node synced successfully"
Mar 29 02:44:29 control k3s[13174]: I0329 02:44:29.156054   13174 server.go:173] "Starting Kubernetes Scheduler" version="v1.35.1+k3s1"
Mar 29 02:44:29 control k3s[13174]: I0329 02:44:29.156567   13174 server.go:175] "Golang settings" GOGC="" GOMAXPROCS="" GOTRACEBACK=""
Mar 29 02:44:29 control k3s[13174]: I0329 02:44:29.163334   13174 secure_serving.go:211] Serving securely on 127.0.0.1:10259
Mar 29 02:44:29 control k3s[13174]: I0329 02:44:29.163484   13174 requestheader_controller.go:180] Starting RequestHeaderAuthRequestController
Mar 29 02:44:29 control k3s[13174]: I0329 02:44:29.163505   13174 shared_informer.go:370] "Waiting for caches to sync"
Mar 29 02:44:29 control k3s[13174]: I0329 02:44:29.163523   13174 dynamic_serving_content.go:135] "Starting controller" name="serving-cert::/var/lib/rancher/k3s/server/tls/kube-scheduler/kube-scheduler.crt::/var/lib/rancher/k3s/server/tls/kube-scheduler/kube-scheduler.key"
Mar 29 02:44:29 control k3s[13174]: I0329 02:44:29.163664   13174 tlsconfig.go:243] "Starting DynamicServingCertificateController"
Mar 29 02:44:29 control k3s[13174]: I0329 02:44:29.166577   13174 configmap_cafile_content.go:205] "Starting controller" name="client-ca::kube-system::extension-apiserver-authentication::client-ca-file"
Mar 29 02:44:29 control k3s[13174]: I0329 02:44:29.166642   13174 shared_informer.go:370] "Waiting for caches to sync"
Mar 29 02:44:29 control k3s[13174]: I0329 02:44:29.166670   13174 configmap_cafile_content.go:205] "Starting controller" name="client-ca::kube-system::extension-apiserver-authentication::requestheader-client-ca-file"
Mar 29 02:44:29 control k3s[13174]: I0329 02:44:29.166680   13174 shared_informer.go:370] "Waiting for caches to sync"
Mar 29 02:44:29 control k3s[13174]: I0329 02:44:29.263558   13174 shared_informer.go:377] "Caches are synced"
Mar 29 02:44:29 control k3s[13174]: I0329 02:44:29.266696   13174 shared_informer.go:377] "Caches are synced"
Mar 29 02:44:29 control k3s[13174]: I0329 02:44:29.266744   13174 shared_informer.go:377] "Caches are synced"
Mar 29 02:44:29 control k3s[13174]: I0329 02:44:29.343357   13174 kube.go:163] Node controller sync successful
Mar 29 02:44:29 control k3s[13174]: I0329 02:44:29.344095   13174 vxlan.go:128] VXLAN config: VNI=1 Port=0 GBP=false Learning=false DirectRouting=false
Mar 29 02:44:29 control k3s[13174]: I0329 02:44:29.371884   13174 kube.go:704] List of node(control) annotations: map[string]string{"alpha.kubernetes.io/provided-node-ip":"192.168.56.10", "k3s.io/hostname":"control", "k3s.io/internal-ip":"192.168.56.10", "k3s.io/node-args":"[\"server\",\"--node-ip\",\"192.168.56.10\",\"--advertise-address\",\"192.168.56.10\",\"--tls-san\",\"192.168.56.10\",\"--flannel-iface\",\"eth0\",\"--disable\",\"traefik\",\"--write-kubeconfig-mode\",\"644\"]", "k3s.io/node-config-hash":"IZ4CZYTVH536GBQ5WCT2H2QORSJUCUM2GUV6H6FFOPRCWSYWKUFA====", "k3s.io/node-env":"{\"K3S_KUBECONFIG_MODE\":\"644\"}", "node.alpha.kubernetes.io/ttl":"0", "volumes.kubernetes.io/controller-managed-attach-detach":"true"}
Mar 29 02:44:29 control k3s[13174]: I0329 02:44:29.385502   13174 iptables.go:50] Starting flannel in iptables mode...
Mar 29 02:44:29 control k3s[13174]: time="2026-03-29T02:44:29Z" level=warning msg="no subnet found for key: FLANNEL_IPV6_NETWORK in file: /run/flannel/subnet.env"
Mar 29 02:44:29 control k3s[13174]: time="2026-03-29T02:44:29Z" level=warning msg="no subnet found for key: FLANNEL_IPV6_SUBNET in file: /run/flannel/subnet.env"
Mar 29 02:44:29 control k3s[13174]: I0329 02:44:29.386463   13174 iptables.go:111] Setting up masking rules
Mar 29 02:44:29 control k3s[13174]: I0329 02:44:29.392615   13174 kube.go:558] Creating the node lease for IPv4. This is the n.Spec.PodCIDRs: [10.42.0.0/24]
Mar 29 02:44:29 control k3s[13174]: I0329 02:44:29.394074   13174 iptables.go:212] Changing default FORWARD chain policy to ACCEPT
Mar 29 02:44:29 control k3s[13174]: I0329 02:44:29.408978   13174 alloc.go:329] "allocated clusterIPs" service="ingress-nginx/ingress-nginx-controller" clusterIPs={"IPv4":"10.43.148.14"}
Mar 29 02:44:29 control k3s[13174]: time="2026-03-29T02:44:29Z" level=info msg="Wrote flannel subnet file to /run/flannel/subnet.env"
Mar 29 02:44:29 control k3s[13174]: time="2026-03-29T02:44:29Z" level=info msg="Running flannel backend."
Mar 29 02:44:29 control k3s[13174]: I0329 02:44:29.423284   13174 vxlan_network.go:68] watching for new subnet leases
Mar 29 02:44:29 control k3s[13174]: I0329 02:44:29.423308   13174 vxlan_network.go:115] starting vxlan device watcher
Mar 29 02:44:29 control k3s[13174]: I0329 02:44:29.428012   13174 reconciler_common.go:251] "operationExecutor.VerifyControllerAttachedVolume started for volume \"config-volume\" (UniqueName: \"kubernetes.io/configmap/2606daf1-5eaf-4217-be33-a7fb15ac9054-config-volume\") pod \"local-path-provisioner-6bc6568469-mzjvk\" (UID: \"2606daf1-5eaf-4217-be33-a7fb15ac9054\") " pod="kube-system/local-path-provisioner-6bc6568469-mzjvk"
Mar 29 02:44:29 control k3s[13174]: I0329 02:44:29.428460   13174 reconciler_common.go:251] "operationExecutor.VerifyControllerAttachedVolume started for volume \"kube-api-access-q57kj\" (UniqueName: \"kubernetes.io/projected/2606daf1-5eaf-4217-be33-a7fb15ac9054-kube-api-access-q57kj\") pod \"local-path-provisioner-6bc6568469-mzjvk\" (UID: \"2606daf1-5eaf-4217-be33-a7fb15ac9054\") " pod="kube-system/local-path-provisioner-6bc6568469-mzjvk"
Mar 29 02:44:29 control k3s[13174]: I0329 02:44:29.431193   13174 reconciler_common.go:251] "operationExecutor.VerifyControllerAttachedVolume started for volume \"tmp-dir\" (UniqueName: \"kubernetes.io/empty-dir/485525f8-5b8a-4ae2-bd93-4c71799f997f-tmp-dir\") pod \"metrics-server-786d997795-r8tnc\" (UID: \"485525f8-5b8a-4ae2-bd93-4c71799f997f\") " pod="kube-system/metrics-server-786d997795-r8tnc"
Mar 29 02:44:29 control k3s[13174]: I0329 02:44:29.431288   13174 reconciler_common.go:251] "operationExecutor.VerifyControllerAttachedVolume started for volume \"kube-api-access-k5xwf\" (UniqueName: \"kubernetes.io/projected/485525f8-5b8a-4ae2-bd93-4c71799f997f-kube-api-access-k5xwf\") pod \"metrics-server-786d997795-r8tnc\" (UID: \"485525f8-5b8a-4ae2-bd93-4c71799f997f\") " pod="kube-system/metrics-server-786d997795-r8tnc"
Mar 29 02:44:29 control k3s[13174]: I0329 02:44:29.431333   13174 reconciler_common.go:251] "operationExecutor.VerifyControllerAttachedVolume started for volume \"config-volume\" (UniqueName: \"kubernetes.io/configmap/611e7d37-ed25-4b49-a014-cd8a265a1f75-config-volume\") pod \"coredns-7566b5ff58-7hzzn\" (UID: \"611e7d37-ed25-4b49-a014-cd8a265a1f75\") " pod="kube-system/coredns-7566b5ff58-7hzzn"
Mar 29 02:44:29 control k3s[13174]: I0329 02:44:29.431375   13174 reconciler_common.go:251] "operationExecutor.VerifyControllerAttachedVolume started for volume \"custom-config-volume\" (UniqueName: \"kubernetes.io/configmap/611e7d37-ed25-4b49-a014-cd8a265a1f75-custom-config-volume\") pod \"coredns-7566b5ff58-7hzzn\" (UID: \"611e7d37-ed25-4b49-a014-cd8a265a1f75\") " pod="kube-system/coredns-7566b5ff58-7hzzn"
Mar 29 02:44:29 control k3s[13174]: I0329 02:44:29.431412   13174 reconciler_common.go:251] "operationExecutor.VerifyControllerAttachedVolume started for volume \"kube-api-access-h7fg8\" (UniqueName: \"kubernetes.io/projected/611e7d37-ed25-4b49-a014-cd8a265a1f75-kube-api-access-h7fg8\") pod \"coredns-7566b5ff58-7hzzn\" (UID: \"611e7d37-ed25-4b49-a014-cd8a265a1f75\") " pod="kube-system/coredns-7566b5ff58-7hzzn"
Mar 29 02:44:29 control k3s[13174]: I0329 02:44:29.464724   13174 iptables.go:358] bootstrap done
Mar 29 02:44:29 control k3s[13174]: I0329 02:44:29.478125   13174 alloc.go:329] "allocated clusterIPs" service="ingress-nginx/ingress-nginx-controller-admission" clusterIPs={"IPv4":"10.43.162.150"}
Mar 29 02:44:29 control k3s[13174]: I0329 02:44:29.496962   13174 iptables.go:358] bootstrap done
Mar 29 02:44:29 control k3s[13174]: I0329 02:44:29.529005   13174 controller.go:667] quota admission added evaluator for: jobs.batch
Mar 29 02:44:29 control k3s[13174]: I0329 02:44:29.590272   13174 swap_util.go:78] "error creating dir to test if tmpfs noswap is enabled. Assuming not supported" mount path="" error="stat /var/lib/kubelet/plugins/kubernetes.io/empty-dir: no such file or directory"
Mar 29 02:44:29 control k3s[13174]: W0329 02:44:29.640397   13174 handler_proxy.go:99] no RequestInfo found in the context
Mar 29 02:44:29 control k3s[13174]: E0329 02:44:29.641050   13174 controller.go:102] "Unhandled Error" err=<
Mar 29 02:44:29 control k3s[13174]:         loading OpenAPI spec for "v1beta1.metrics.k8s.io" failed with: failed to download v1beta1.metrics.k8s.io: failed to retrieve openAPI spec, http error: ResponseCode: 503, Body: service unavailable
Mar 29 02:44:29 control k3s[13174]:         , Header: map[Content-Type:[text/plain; charset=utf-8] X-Content-Type-Options:[nosniff]]
Mar 29 02:44:29 control k3s[13174]:  >
Mar 29 02:44:29 control k3s[13174]: I0329 02:44:29.641427   13174 controller.go:109] OpenAPI AggregationController: action for item v1beta1.metrics.k8s.io: Rate Limited Requeue.
Mar 29 02:44:29 control k3s[13174]: W0329 02:44:29.641681   13174 handler_proxy.go:99] no RequestInfo found in the context
Mar 29 02:44:29 control k3s[13174]: E0329 02:44:29.641925   13174 controller.go:113] "Unhandled Error" err="loading OpenAPI spec for \"v1beta1.metrics.k8s.io\" failed with: Error, could not get list of group versions for APIService"
Mar 29 02:44:29 control k3s[13174]: I0329 02:44:29.642503   13174 controller.go:126] OpenAPI AggregationController: action for item v1beta1.metrics.k8s.io: Rate Limited Requeue.
Mar 29 02:44:29 control k3s[13174]: E0329 02:44:29.743045   13174 dns.go:154] "Nameserver limits exceeded" err="Nameserver limits were exceeded, some nameservers have been omitted, the applied nameserver line is: 4.2.2.1 4.2.2.2 208.67.220.220"
Mar 29 02:44:30 control k3s[13174]: time="2026-03-29T02:44:30Z" level=info msg="Started tunnel to 192.168.56.10:6443"
Mar 29 02:44:30 control k3s[13174]: time="2026-03-29T02:44:30Z" level=info msg="Stopped tunnel to 127.0.0.1:6443"
Mar 29 02:44:30 control k3s[13174]: time="2026-03-29T02:44:30Z" level=info msg="Connecting to proxy" url="wss://192.168.56.10:6443/v1-k3s/connect"
Mar 29 02:44:30 control k3s[13174]: time="2026-03-29T02:44:30Z" level=info msg="Proxy done" err="context canceled" url="wss://127.0.0.1:6443/v1-k3s/connect"
Mar 29 02:44:30 control k3s[13174]: time="2026-03-29T02:44:30Z" level=info msg="error in remotedialer server [400]: websocket: close 1006 (abnormal closure): unexpected EOF"
Mar 29 02:44:30 control k3s[13174]: time="2026-03-29T02:44:30Z" level=info msg="Handling backend connection request [control]"
Mar 29 02:44:30 control k3s[13174]: time="2026-03-29T02:44:30Z" level=info msg="Connected to proxy" url="wss://192.168.56.10:6443/v1-k3s/connect"
Mar 29 02:44:30 control k3s[13174]: time="2026-03-29T02:44:30Z" level=info msg="Remotedialer connected to proxy" url="wss://192.168.56.10:6443/v1-k3s/connect"
Mar 29 02:44:33 control k3s[13174]: I0329 02:44:33.639255   13174 kuberuntime_manager.go:2062] "Updating runtime config through cri with podcidr" CIDR="10.42.0.0/24"
Mar 29 02:44:33 control k3s[13174]: I0329 02:44:33.640123   13174 kubelet_network.go:47] "Updating Pod CIDR" originalPodCIDR="" newPodCIDR="10.42.0.0/24"
Mar 29 02:44:34 control k3s[13174]: time="2026-03-29T02:44:34Z" level=info msg="Starting network policy controller version v2.6.3-k3s1, built on 2026-02-12T23:46:55Z, go1.25.6"
Mar 29 02:44:34 control k3s[13174]: I0329 02:44:34.455449   13174 network_policy_controller.go:164] Starting network policy controller
Mar 29 02:44:34 control k3s[13174]: I0329 02:44:34.496276   13174 network_policy_controller.go:179] Starting network policy controller full sync goroutine
Mar 29 02:44:37 control k3s[13174]: E0329 02:44:37.567692   13174 dns.go:154] "Nameserver limits exceeded" err="Nameserver limits were exceeded, some nameservers have been omitted, the applied nameserver line is: 4.2.2.1 4.2.2.2 208.67.220.220"
Mar 29 02:44:51 control k3s[13174]: I0329 02:44:51.315648   13174 pod_startup_latency_tracker.go:108] "Observed pod startup duration" pod="kube-system/local-path-provisioner-6bc6568469-mzjvk" podStartSLOduration=10.658066141 podStartE2EDuration="23.31563263s" podCreationTimestamp="2026-03-29 02:44:28 +0000 UTC" firstStartedPulling="2026-03-29 02:44:37.742222942 +0000 UTC m=+24.659051915" lastFinishedPulling="2026-03-29 02:44:50.399789431 +0000 UTC m=+37.316618404" observedRunningTime="2026-03-29 02:44:51.31555133 +0000 UTC m=+38.232380403" watchObservedRunningTime="2026-03-29 02:44:51.31563263 +0000 UTC m=+38.232461603"
Mar 29 02:44:51 control k3s[13174]: I0329 02:44:51.316355   13174 pod_startup_latency_tracker.go:108] "Observed pod startup duration" pod="kube-system/metrics-server-786d997795-r8tnc" podStartSLOduration=13.702474186 podStartE2EDuration="23.316342426s" podCreationTimestamp="2026-03-29 02:44:28 +0000 UTC" firstStartedPulling="2026-03-29 02:44:37.69175947 +0000 UTC m=+24.608588443" lastFinishedPulling="2026-03-29 02:44:47.30562761 +0000 UTC m=+34.222456683" observedRunningTime="2026-03-29 02:44:48.309703902 +0000 UTC m=+35.226532875" watchObservedRunningTime="2026-03-29 02:44:51.316342426 +0000 UTC m=+38.233171399"
Mar 29 02:44:54 control k3s[13174]: E0329 02:44:54.316145   13174 dns.go:154] "Nameserver limits exceeded" err="Nameserver limits were exceeded, some nameservers have been omitted, the applied nameserver line is: 4.2.2.1 4.2.2.2 208.67.220.220"
Mar 29 02:44:55 control k3s[13174]: E0329 02:44:55.319330   13174 dns.go:154] "Nameserver limits exceeded" err="Nameserver limits were exceeded, some nameservers have been omitted, the applied nameserver line is: 4.2.2.1 4.2.2.2 208.67.220.220"
Mar 29 02:44:55 control k3s[13174]: I0329 02:44:55.330928   13174 pod_startup_latency_tracker.go:108] "Observed pod startup duration" pod="kube-system/coredns-7566b5ff58-7hzzn" podStartSLOduration=10.747079068 podStartE2EDuration="27.330913587s" podCreationTimestamp="2026-03-29 02:44:28 +0000 UTC" firstStartedPulling="2026-03-29 02:44:37.573300407 +0000 UTC m=+24.490129380" lastFinishedPulling="2026-03-29 02:44:54.157134826 +0000 UTC m=+41.073963899" observedRunningTime="2026-03-29 02:44:54.349223868 +0000 UTC m=+41.266052841" watchObservedRunningTime="2026-03-29 02:44:55.330913587 +0000 UTC m=+42.247742560"
Mar 29 02:44:56 control k3s[13174]: E0329 02:44:56.320995   13174 dns.go:154] "Nameserver limits exceeded" err="Nameserver limits were exceeded, some nameservers have been omitted, the applied nameserver line is: 4.2.2.1 4.2.2.2 208.67.220.220"
Mar 29 02:44:57 control k3s[13174]: E0329 02:44:57.745894   13174 resource_quota_controller.go:460] "Error during resource discovery" err="unable to retrieve the complete list of server APIs: metrics.k8s.io/v1beta1: stale GroupVersion discovery: metrics.k8s.io/v1beta1"
Mar 29 02:44:58 control k3s[13174]: I0329 02:44:58.816061   13174 garbagecollector.go:792] "failed to discover some groups" groups="map[\"metrics.k8s.io/v1beta1\":\"stale GroupVersion discovery: metrics.k8s.io/v1beta1\"]"
Mar 29 02:45:04 control k3s[13174]: I0329 02:45:04.399130   13174 handler.go:304] Adding GroupVersion metrics.k8s.io v1beta1 to ResourceManager
Mar 29 02:45:23 control k3s[13174]: E0329 02:45:23.062545   13174 log.go:32] "ContainerStatus from runtime service failed" err="rpc error: code = NotFound desc = an error occurred when try to find container \"0b3f4514f17e0918eaa2b701cdb92e1482f59d0b4ceb5b3006ff3deffe642f76\": not found" containerID="0b3f4514f17e0918eaa2b701cdb92e1482f59d0b4ceb5b3006ff3deffe642f76"
Mar 29 02:45:23 control k3s[13174]: I0329 02:45:23.062657   13174 kuberuntime_gc.go:364] "Error getting ContainerStatus for containerID" containerID="0b3f4514f17e0918eaa2b701cdb92e1482f59d0b4ceb5b3006ff3deffe642f76" err="rpc error: code = NotFound desc = an error occurred when try to find container \"0b3f4514f17e0918eaa2b701cdb92e1482f59d0b4ceb5b3006ff3deffe642f76\": not found"
Mar 29 02:45:23 control k3s[13174]: E0329 02:45:23.063820   13174 log.go:32] "ContainerStatus from runtime service failed" err="rpc error: code = NotFound desc = an error occurred when try to find container \"8422d2af6398ed707c3be041e7ed2facbecbcc2c74303ee8829711c5c158db4f\": not found" containerID="8422d2af6398ed707c3be041e7ed2facbecbcc2c74303ee8829711c5c158db4f"
Mar 29 02:45:23 control k3s[13174]: I0329 02:45:23.063872   13174 kuberuntime_gc.go:364] "Error getting ContainerStatus for containerID" containerID="8422d2af6398ed707c3be041e7ed2facbecbcc2c74303ee8829711c5c158db4f" err="rpc error: code = NotFound desc = an error occurred when try to find container \"8422d2af6398ed707c3be041e7ed2facbecbcc2c74303ee8829711c5c158db4f\": not found"
Mar 29 02:45:23 control k3s[13174]: E0329 02:45:23.064379   13174 log.go:32] "ContainerStatus from runtime service failed" err="rpc error: code = NotFound desc = an error occurred when try to find container \"2b706dde7269bf477df49641a87073164ae5fe059e0199089864784a7837fc94\": not found" containerID="2b706dde7269bf477df49641a87073164ae5fe059e0199089864784a7837fc94"
Mar 29 02:45:23 control k3s[13174]: I0329 02:45:23.064447   13174 kuberuntime_gc.go:364] "Error getting ContainerStatus for containerID" containerID="2b706dde7269bf477df49641a87073164ae5fe059e0199089864784a7837fc94" err="rpc error: code = NotFound desc = an error occurred when try to find container \"2b706dde7269bf477df49641a87073164ae5fe059e0199089864784a7837fc94\": not found"
Mar 29 02:46:22 control k3s[13174]: E0329 02:46:22.104656   13174 dns.go:154] "Nameserver limits exceeded" err="Nameserver limits were exceeded, some nameservers have been omitted, the applied nameserver line is: 4.2.2.1 4.2.2.2 208.67.220.220"
Mar 29 02:47:30 control k3s[13174]: E0329 02:47:30.104163   13174 dns.go:154] "Nameserver limits exceeded" err="Nameserver limits were exceeded, some nameservers have been omitted, the applied nameserver line is: 4.2.2.1 4.2.2.2 208.67.220.220"
[server-setup] --- listening ports (6443) ---
LISTEN 0      4096               *:6443             *:*    users:(("k3s-server",pid=13174,fd=12))   
[server-setup] --- ingress-nginx pods ---
NAME                                        READY   STATUS    RESTARTS   AGE    IP       NODE     NOMINATED NODE   READINESS GATES
ingress-nginx-admission-create-vxnpw        0/1     Pending   0          4m4s   <none>   <none>   <none>           <none>
ingress-nginx-admission-patch-dzx49         0/1     Pending   0          4m4s   <none>   <none>   <none>           <none>
ingress-nginx-controller-698946b7fb-bphzj   0/1     Pending   0          4m4s   <none>   <none>   <none>           <none>

[host] collecting status + journal...
[host] debug snapshot...

[host] FAIL: server-node-setup exited 1
[host] logs:
  /c/Projects/StackPilot/artifacts/logs/k3s/install-server-20260329-034327.log
  /c/Projects/StackPilot/artifacts/logs/k3s/status-server-20260329-034327.log
  /c/Projects/StackPilot/artifacts/logs/k3s/journal-server-20260329-034327.log
  /c/Projects/StackPilot/artifacts/logs/k3s/debug-server-20260329-034327.log
