[host] ==== install k3s server ====
[host] root_dir=/c/Projects/StackPilot
[host] vagrant_dir=/c/Projects/StackPilot/vagrant
[host] control=control
[host] node_ip=192.168.56.10
[host] k3s_version=v1.34.4+k3s1
[host] host_k3s_bin=/c/Projects/StackPilot/vagrant/k3s-bin/k3s
[host] vm_k3s_bin=/vagrant/vagrant/k3s-bin/k3s
[host] vm_server_setup=/vagrant/scripts/k3s/server-node-setup.sh

[host] bringing up control VM...
Bringing machine 'control' up with 'virtualbox' provider...
==> control: Checking if box 'ubuntu/jammy64' version '20241002.0.0' is up to date...
==> control: Machine already provisioned. Run `vagrant provision` or use the `--provision`
==> control: flag to force provisioning. Provisioners marked to run always will still run.
[host] sanity check inside VM: does VM see the binary + setup script?
[vm] whoami: vagrant
[vm] ip -br -4 addr:
lo               UNKNOWN        127.0.0.1/8 
enp0s3           UP             10.0.2.15/24 metric 100 
enp0s8           UP             192.168.56.10/24 
docker0          DOWN           172.17.0.1/16 
[vm] OK: binary exists: /vagrant/vagrant/k3s-bin/k3s
[vm] OK: setup script exists: /vagrant/scripts/k3s/server-node-setup.sh

[host] running server-node-setup inside VM...
[server-setup] node_ip=192.168.56.10
[server-setup] k3s_version=v1.34.4+k3s1
[server-setup] bin_src=/vagrant/vagrant/k3s-bin/k3s
[server-setup] bin_dst=/usr/local/bin/k3s
[server-setup] preflight: swapoff, modules, sysctls, forwarding, ufw...
sysctl: setting key "net.ipv4.conf.all.accept_source_route": Invalid argument
sysctl: setting key "net.ipv4.conf.all.promote_secondaries": Invalid argument
[server-setup] detect flannel iface by NODE_IP...
[server-setup] flannel_iface=enp0s8
[server-setup] installing k3s binary...
[server-setup] writing systemd unit: /etc/systemd/system/k3s.service
[server-setup] enable + start k3s...
Created symlink /etc/systemd/system/multi-user.target.wants/k3s.service → /etc/systemd/system/k3s.service.
[server-setup] wait for API (timeout 180s)...
[server-setup] wait for node registration (timeout 180s)...
^C==> control: Waiting for cleanup before exiting...
Vagrant exited after cleanup due to external interrupt.
