[host] control=control node_ip=192.168.56.10 k3s_version=v1.34.4+k3s1
[host] vagrant_dir=/c/Projects/StackPilot/vagrant

[host] ensuring VM is up...
Bringing machine 'control' up with 'virtualbox' provider...
==> control: Checking if box 'ubuntu/jammy64' version '20241002.0.0' is up to date...
==> control: Machine already provisioned. Run `vagrant provision` or use the `--provision`
==> control: flag to force provisioning. Provisioners marked to run always will still run.
[host] running server setup inside VM...
[server-setup] node_ip=192.168.56.10
[server-setup] k3s_version=v1.34.4+k3s1
[server-setup] bin_src=/vagrant/vagrant/k3s-bin/k3s
[server-setup] preflight: swapoff, modules, sysctls, forwarding policy, ufw...
sysctl: setting key "net.ipv4.conf.all.accept_source_route": Invalid argument
sysctl: setting key "net.ipv4.conf.all.promote_secondaries": Invalid argument
[server-setup] detect flannel iface by NODE_IP...
[server-setup] flannel_iface=enp0s8
[server-setup] installing k3s binary...
ln: '/usr/local/bin/k3s' and '/usr/local/bin/k3s' are the same file
[host] collecting status + journal...
[host] cluster debug snapshot...
[host] FAIL: server-node-setup exited 1
[host] logs:
  /c/Projects/StackPilot/artifacts/logs/k3s/install-server-20260225-001548.log
  /c/Projects/StackPilot/artifacts/logs/k3s/status-server-20260225-001548.log
  /c/Projects/StackPilot/artifacts/logs/k3s/journal-server-20260225-001548.log
  /c/Projects/StackPilot/artifacts/logs/k3s/debug-server-20260225-001548.log
