[host] control=control node_ip=192.168.56.10 k3s_version=v1.34.4+k3s1
[host] vagrant_dir=/c/Projects/StackPilot/vagrant

[host] ensuring VM is up...
Bringing machine 'control' up with 'hyperv' provider...
==> control: Verifying Hyper-V is enabled...
==> control: Verifying Hyper-V is accessible...
==> control: Machine already provisioned. Run `vagrant provision` or use the `--provision`
==> control: flag to force provisioning. Provisioners marked to run always will still run.
[host] running server setup inside VM...
[server-setup] node_ip=192.168.56.10
[server-setup] k3s_version=v1.34.4+k3s1
[server-setup] bin_src=/vagrant/vagrant/k3s-bin/k3s
[server-setup] preflight: swapoff, modules, sysctls, forwarding, ufw...
[server-setup] detect flannel iface by NODE_IP...
[server-setup] flannel_iface=eth1
[server-setup] installing binary...
[server-setup] writing systemd unit...
[server-setup] enable + start...
Created symlink /etc/systemd/system/multi-user.target.wants/k3s.service → /etc/systemd/system/k3s.service.
[server-setup] wait for API (deadline 180s)...
[server-setup] ...still waiting for API
[server-setup] ...still waiting for API
[server-setup] API is responding.
[server-setup] wait for node registration (deadline 180s)...
[server-setup] ...still waiting for node registration
[server-setup] control_node=control
[server-setup] apply control-plane NoSchedule taint...
[server-setup] final nodes:
NAME      STATUS   ROLES    AGE   VERSION        INTERNAL-IP     EXTERNAL-IP   OS-IMAGE             KERNEL-VERSION      CONTAINER-RUNTIME
control   Ready    <none>   1s    v1.35.1+k3s1   192.168.56.10   <none>        Ubuntu 22.04.3 LTS   5.15.0-91-generic   containerd://2.1.5-k3s1
[server-setup] kube-dns endpoints:
[33;1mWarning:[0m v1 Endpoints is deprecated in v1.33+; use discovery.k8s.io/v1 EndpointSlice
Error from server (NotFound): endpoints "kube-dns" not found
[server-setup] flannel annotations:
control		

[server-setup] join token:
K104224863ee90cda643e0daeed51b769675e67f977a00dbd4bdfbe6adc80841d46::server:bddf1e2cd1f2a2f7a8d43c45df5bc926

[host] collecting status + journal...
[host] debug snapshot...

[host] SUCCESS.
[host] logs:
  /c/Projects/StackPilot/artifacts/logs/k3s/install-server-20260309-144016.log
  /c/Projects/StackPilot/artifacts/logs/k3s/status-server-20260309-144016.log
  /c/Projects/StackPilot/artifacts/logs/k3s/journal-server-20260309-144016.log
  /c/Projects/StackPilot/artifacts/logs/k3s/debug-server-20260309-144016.log
