[host] repo: /c/Projects/StackPilot
[host] vagrant dir: /c/Projects/StackPilot/vagrant
[host] control: control, node-ip: 192.168.56.10
[host] ensuring VM is up...
Bringing machine 'control' up with 'virtualbox' provider...
==> control: Checking if box 'ubuntu/jammy64' version '20241002.0.0' is up to date...
==> control: Machine already provisioned. Run `vagrant provision` or use the `--provision`
==> control: flag to force provisioning. Provisioners marked to run always will still run.
[host] running server setup inside VM...
[node-setup] node ip: 192.168.56.10
[node-setup] binary source: /vagrant/vagrant/k3s-bin/k3s
[node-setup] installing k3s binary...
[node-setup] writing systemd unit...
[node-setup] enabling + starting k3s...
[node-setup] waiting for API...
[node-setup] control node: control
[node-setup] applying production-pure taint (NoSchedule workloads on control)...
node/control modified
[node-setup] applying StackPilot label (non-fatal)...
node/control labeled
[node-setup] final nodes:
NAME      STATUS     ROLES           AGE   VERSION        INTERNAL-IP     EXTERNAL-IP   OS-IMAGE             KERNEL-VERSION       CONTAINER-RUNTIME
control   NotReady   control-plane   20m   v1.35.1+k3s1   192.168.56.10   <none>        Ubuntu 22.04.5 LTS   5.15.0-164-generic   containerd://2.1.5-k3s1
[node-setup] taints (proof):
Taints:             node-role.kubernetes.io/control-plane:NoSchedule
                    node.kubernetes.io/not-ready:NoSchedule
Unschedulable:      false
Lease:
  HolderIdentity:  control
  AcquireTime:     <unset>
  RenewTime:       Fri, 20 Feb 2026 13:34:19 +0000
Conditions:
[node-setup] join token:
K10880ca0668f9793674b3f147493467bc3ef26e05768a782cf59f8af6549d9fc2f::server:a4ea0a6abbbfd76c96775a4d15b599e4
[host] collecting status + logs...
[host] verify nodes...
NAME      STATUS   ROLES           AGE   VERSION        INTERNAL-IP     EXTERNAL-IP   OS-IMAGE             KERNEL-VERSION       CONTAINER-RUNTIME
control   Ready    control-plane   21m   v1.35.1+k3s1   192.168.56.10   <none>        Ubuntu 22.04.5 LTS   5.15.0-164-generic   containerd://2.1.5-k3s1
[host] SUCCESS: k3s server installed with node-ip 192.168.56.10
