[host] control=control node_ip=192.168.56.10 k3s_version=v1.34.4+k3s1
[host] vagrant_dir=/c/Projects/StackPilot/vagrant

[host] ensuring VM is up...
Bringing machine 'control' up with 'virtualbox' provider...
==> control: Checking if box 'ubuntu/jammy64' version '20241002.0.0' is up to date...
==> control: Machine already provisioned. Run `vagrant provision` or use the `--provision`
==> control: flag to force provisioning. Provisioners marked to run always will still run.
[host] running server setup inside VM...
[server-setup] node_ip=192.168.56.10
[server-setup] k3s_version=v1.34.4+k3s1
[server-setup] bin_src=/vagrant/vagrant/k3s-bin/k3s
[server-setup] preflight: swapoff, modules, sysctls, forwarding, ufw...
sysctl: setting key "net.ipv4.conf.all.accept_source_route": Invalid argument
sysctl: setting key "net.ipv4.conf.all.promote_secondaries": Invalid argument
[server-setup] detect flannel iface by NODE_IP...
[server-setup] flannel_iface=enp0s8
[server-setup] installing binary...
[server-setup] writing systemd unit...
[server-setup] enable + start...
[server-setup] wait for API (timeout 180s)...
[server-setup] wait for node registration (timeout 180s)...
[server-setup] control_node=control
[server-setup] apply control-plane NoSchedule taint...
node/control modified
[server-setup] final nodes:
NAME      STATUS   ROLES           AGE     VERSION        INTERNAL-IP     EXTERNAL-IP   OS-IMAGE             KERNEL-VERSION       CONTAINER-RUNTIME
control   Ready    control-plane   2m42s   v1.35.1+k3s1   192.168.56.10   <none>        Ubuntu 22.04.5 LTS   5.15.0-164-generic   containerd://2.1.5-k3s1
[server-setup] kube-dns endpoints:
[33;1mWarning:[0m v1 Endpoints is deprecated in v1.33+; use discovery.k8s.io/v1 EndpointSlice
NAME       ENDPOINTS                                     AGE
kube-dns   10.42.0.11:9153,10.42.0.11:53,10.42.0.11:53   2m38s
[server-setup] flannel annotations:
control	192.168.56.10	vxlan	{"VNI":1,"VtepMAC":"72:a8:77:4b:21:86"}
[server-setup] join token:
K10665af494f92d5ec706d9ab83eb1aae0370b28e69cd93c9cc20c52b9e842f190e::server:0d3786b72b1f70a5e798968014276a13
[host] collecting status + journal...
[host] cluster debug snapshot...
