[host] control=control node_ip=192.168.56.10 k3s_version=v1.34.4+k3s1
[host] vagrant_dir=/c/Projects/StackPilot/vagrant

[host] ensuring VM is up...
Bringing machine 'control' up with 'virtualbox' provider...
==> control: Checking if box 'ubuntu/jammy64' version '20241002.0.0' is up to date...
==> control: Machine already provisioned. Run `vagrant provision` or use the `--provision`
==> control: flag to force provisioning. Provisioners marked to run always will still run.
[host] running server setup inside VM...
[server-setup] node_ip=192.168.56.10
[server-setup] k3s_version=v1.34.4+k3s1
[server-setup] bin_src=/vagrant/vagrant/k3s-bin/k3s
[server-setup] preflight: swapoff, modules, sysctls, forwarding, ufw...
[server-setup] detect flannel iface by NODE_IP...
[server-setup] flannel_iface=enp0s8
[server-setup] installing binary...
[server-setup] writing systemd unit...
[server-setup] enable + start...
[server-setup] wait for API (deadline 180s)...
[server-setup] API is responding.
[server-setup] wait for node registration (deadline 180s)...
[server-setup] control_node=control
[server-setup] apply control-plane NoSchedule taint...
[server-setup] final nodes:
NAME      STATUS   ROLES           AGE   VERSION        INTERNAL-IP     EXTERNAL-IP   OS-IMAGE             KERNEL-VERSION       CONTAINER-RUNTIME
control   Ready    control-plane   48s   v1.35.1+k3s1   192.168.56.10   <none>        Ubuntu 22.04.5 LTS   5.15.0-164-generic   containerd://2.1.5-k3s1
[server-setup] kube-dns endpoints:
[33;1mWarning:[0m v1 Endpoints is deprecated in v1.33+; use discovery.k8s.io/v1 EndpointSlice
NAME       ENDPOINTS   AGE
kube-dns   <none>      42s
[server-setup] flannel annotations:
control	192.168.56.10	vxlan

[server-setup] join token:
K10ee3fc11b78f346894520fa8562bef3474020f7c7a10e0280ee402289afd96aff::server:e287e12e5a2e22b6650be04835273d43

[host] collecting status + journal...
[host] debug snapshot...

[host] SUCCESS.
[host] logs:
  /c/Projects/StackPilot/artifacts/logs/k3s/install-server-20260225-003141.log
  /c/Projects/StackPilot/artifacts/logs/k3s/status-server-20260225-003141.log
  /c/Projects/StackPilot/artifacts/logs/k3s/journal-server-20260225-003141.log
  /c/Projects/StackPilot/artifacts/logs/k3s/debug-server-20260225-003141.log
