Feb 21 00:06:38 control k3s[5865]: I0221 00:06:38.924564    5865 shared_informer.go:377] "Caches are synced"
Feb 21 00:06:38 control k3s[5865]: I0221 00:06:38.925996    5865 shared_informer.go:377] "Caches are synced"
Feb 21 00:06:38 control k3s[5865]: I0221 00:06:38.926020    5865 shared_informer.go:377] "Caches are synced"
Feb 21 00:06:38 control k3s[5865]: I0221 00:06:38.926055    5865 shared_informer.go:377] "Caches are synced"
Feb 21 00:06:38 control k3s[5865]: I0221 00:06:38.926068    5865 shared_informer.go:377] "Caches are synced"
Feb 21 00:06:38 control k3s[5865]: I0221 00:06:38.926098    5865 shared_informer.go:377] "Caches are synced"
Feb 21 00:06:38 control k3s[5865]: I0221 00:06:38.926126    5865 shared_informer.go:377] "Caches are synced"
Feb 21 00:06:38 control k3s[5865]: I0221 00:06:38.945439    5865 garbagecollector.go:792] "failed to discover some groups" groups="map[\"metrics.k8s.io/v1beta1\":\"stale GroupVersion discovery: metrics.k8s.io/v1beta1\"]"
Feb 21 00:06:38 control k3s[5865]: I0221 00:06:38.958896    5865 shared_informer.go:377] "Caches are synced"
Feb 21 00:06:38 control k3s[5865]: I0221 00:06:38.963856    5865 shared_informer.go:377] "Caches are synced"
Feb 21 00:06:38 control k3s[5865]: I0221 00:06:38.964130    5865 shared_informer.go:377] "Caches are synced"
Feb 21 00:06:38 control k3s[5865]: I0221 00:06:38.964242    5865 shared_informer.go:377] "Caches are synced"
Feb 21 00:06:38 control k3s[5865]: I0221 00:06:38.964311    5865 shared_informer.go:377] "Caches are synced"
Feb 21 00:06:38 control k3s[5865]: I0221 00:06:38.964361    5865 shared_informer.go:377] "Caches are synced"
Feb 21 00:06:38 control k3s[5865]: I0221 00:06:38.964419    5865 shared_informer.go:377] "Caches are synced"
Feb 21 00:06:38 control k3s[5865]: I0221 00:06:38.969155    5865 shared_informer.go:377] "Caches are synced"
Feb 21 00:06:39 control k3s[5865]: I0221 00:06:39.034536    5865 shared_informer.go:377] "Caches are synced"
Feb 21 00:06:39 control k3s[5865]: I0221 00:06:39.036872    5865 shared_informer.go:377] "Caches are synced"
Feb 21 00:06:39 control k3s[5865]: I0221 00:06:39.037608    5865 shared_informer.go:377] "Caches are synced"
Feb 21 00:06:39 control k3s[5865]: I0221 00:06:39.038082    5865 shared_informer.go:377] "Caches are synced"
Feb 21 00:06:39 control k3s[5865]: I0221 00:06:39.038351    5865 shared_informer.go:377] "Caches are synced"
Feb 21 00:06:39 control k3s[5865]: I0221 00:06:39.038891    5865 shared_informer.go:377] "Caches are synced"
Feb 21 00:06:39 control k3s[5865]: I0221 00:06:39.039086    5865 shared_informer.go:377] "Caches are synced"
Feb 21 00:06:39 control k3s[5865]: I0221 00:06:39.039359    5865 node_lifecycle_controller.go:1234] "Initializing eviction metric for zone" zone=""
Feb 21 00:06:39 control k3s[5865]: I0221 00:06:39.040285    5865 node_lifecycle_controller.go:886] "Missing timestamp for Node. Assuming now as a timestamp" node="control"
Feb 21 00:06:39 control k3s[5865]: I0221 00:06:39.045359    5865 shared_informer.go:377] "Caches are synced"
Feb 21 00:06:39 control k3s[5865]: I0221 00:06:39.050361    5865 shared_informer.go:377] "Caches are synced"
Feb 21 00:06:39 control k3s[5865]: I0221 00:06:39.053046    5865 shared_informer.go:377] "Caches are synced"
Feb 21 00:06:39 control k3s[5865]: I0221 00:06:39.054195    5865 shared_informer.go:377] "Caches are synced"
Feb 21 00:06:39 control k3s[5865]: I0221 00:06:39.055860    5865 shared_informer.go:377] "Caches are synced"
Feb 21 00:06:39 control k3s[5865]: I0221 00:06:39.062969    5865 shared_informer.go:377] "Caches are synced"
Feb 21 00:06:39 control k3s[5865]: I0221 00:06:39.065573    5865 shared_informer.go:377] "Caches are synced"
Feb 21 00:06:39 control k3s[5865]: I0221 00:06:39.077938    5865 shared_informer.go:377] "Caches are synced"
Feb 21 00:06:39 control k3s[5865]: I0221 00:06:39.090611    5865 shared_informer.go:377] "Caches are synced"
Feb 21 00:06:39 control k3s[5865]: I0221 00:06:39.090891    5865 shared_informer.go:377] "Caches are synced"
Feb 21 00:06:39 control k3s[5865]: I0221 00:06:39.090960    5865 shared_informer.go:377] "Caches are synced"
Feb 21 00:06:39 control k3s[5865]: I0221 00:06:39.091764    5865 shared_informer.go:377] "Caches are synced"
Feb 21 00:06:39 control k3s[5865]: I0221 00:06:39.095585    5865 shared_informer.go:377] "Caches are synced"
Feb 21 00:06:39 control k3s[5865]: I0221 00:06:39.096847    5865 shared_informer.go:377] "Caches are synced"
Feb 21 00:06:39 control k3s[5865]: I0221 00:06:39.098130    5865 shared_informer.go:377] "Caches are synced"
Feb 21 00:06:39 control k3s[5865]: I0221 00:06:39.098759    5865 shared_informer.go:377] "Caches are synced"
Feb 21 00:06:39 control k3s[5865]: I0221 00:06:39.099584    5865 shared_informer.go:377] "Caches are synced"
Feb 21 00:06:39 control k3s[5865]: I0221 00:06:39.100442    5865 shared_informer.go:377] "Caches are synced"
Feb 21 00:06:39 control k3s[5865]: I0221 00:06:39.113412    5865 node_lifecycle_controller.go:1080] "Controller detected that zone is now in new state" zone="" newState="Normal"
Feb 21 00:06:39 control k3s[5865]: I0221 00:06:39.116697    5865 shared_informer.go:377] "Caches are synced"
Feb 21 00:06:39 control k3s[5865]: I0221 00:06:39.144304    5865 range_allocator.go:433] "Set node PodCIDR" node="control" podCIDRs=["10.42.0.0/24"]
Feb 21 00:06:39 control k3s[5865]: time="2026-02-21T00:06:39Z" level=info msg="Flannel found PodCIDR assigned for node control"
Feb 21 00:06:39 control k3s[5865]: time="2026-02-21T00:06:39Z" level=info msg="The interface enp0s8 with ipv4 address 192.168.56.10 will be used by flannel"
Feb 21 00:06:39 control k3s[5865]: I0221 00:06:39.185683    5865 kube.go:139] Waiting 10m0s for node controller to sync
Feb 21 00:06:39 control k3s[5865]: I0221 00:06:39.190209    5865 kube.go:537] Starting kube subnet manager
Feb 21 00:06:39 control k3s[5865]: I0221 00:06:39.279485    5865 controllermanager.go:160] Version: v1.35.1+k3s1
Feb 21 00:06:39 control k3s[5865]: I0221 00:06:39.291236    5865 shared_informer.go:370] "Waiting for caches to sync"
Feb 21 00:06:39 control k3s[5865]: I0221 00:06:39.539326    5865 secure_serving.go:211] Serving securely on 127.0.0.1:10258
Feb 21 00:06:39 control k3s[5865]: I0221 00:06:39.541318    5865 requestheader_controller.go:180] Starting RequestHeaderAuthRequestController
Feb 21 00:06:39 control k3s[5865]: I0221 00:06:39.541686    5865 shared_informer.go:370] "Waiting for caches to sync"
Feb 21 00:06:39 control k3s[5865]: I0221 00:06:39.542039    5865 tlsconfig.go:243] "Starting DynamicServingCertificateController"
Feb 21 00:06:39 control k3s[5865]: I0221 00:06:39.543025    5865 configmap_cafile_content.go:205] "Starting controller" name="client-ca::kube-system::extension-apiserver-authentication::client-ca-file"
Feb 21 00:06:39 control k3s[5865]: I0221 00:06:39.544186    5865 shared_informer.go:370] "Waiting for caches to sync"
Feb 21 00:06:39 control k3s[5865]: I0221 00:06:39.545700    5865 configmap_cafile_content.go:205] "Starting controller" name="client-ca::kube-system::extension-apiserver-authentication::requestheader-client-ca-file"
Feb 21 00:06:39 control k3s[5865]: I0221 00:06:39.545727    5865 shared_informer.go:370] "Waiting for caches to sync"
Feb 21 00:06:39 control k3s[5865]: I0221 00:06:39.635713    5865 controller.go:667] quota admission added evaluator for: replicasets.apps
Feb 21 00:06:39 control k3s[5865]: time="2026-02-21T00:06:39Z" level=info msg="Creating service-lb-controller event broadcaster"
Feb 21 00:06:39 control k3s[5865]: I0221 00:06:39.714521    5865 cidrallocator.go:278] updated ClusterIP allocator for Service CIDR 10.43.0.0/16
Feb 21 00:06:39 control k3s[5865]: I0221 00:06:39.715598    5865 event.go:389] "Event occurred" object="kube-system/runtimes" fieldPath="" kind="Addon" apiVersion="k3s.cattle.io/v1" type="Normal" reason="AppliedManifest" message="Applied manifest at \"/var/lib/rancher/k3s/server/manifests/runtimes.yaml\""
Feb 21 00:06:39 control k3s[5865]: I0221 00:06:39.742223    5865 shared_informer.go:377] "Caches are synced"
Feb 21 00:06:39 control k3s[5865]: I0221 00:06:39.745973    5865 shared_informer.go:377] "Caches are synced"
Feb 21 00:06:39 control k3s[5865]: W0221 00:06:39.799107    5865 handler_proxy.go:99] no RequestInfo found in the context
Feb 21 00:06:39 control k3s[5865]: E0221 00:06:39.799391    5865 controller.go:146] "Unhandled Error" err=<
Feb 21 00:06:39 control k3s[5865]:         Error updating APIService "v1beta1.metrics.k8s.io" with err: failed to download v1beta1.metrics.k8s.io: failed to retrieve openAPI spec, http error: ResponseCode: 503, Body: service unavailable
Feb 21 00:06:39 control k3s[5865]:         , Header: map[Content-Type:[text/plain; charset=utf-8] X-Content-Type-Options:[nosniff]]
Feb 21 00:06:39 control k3s[5865]:  >
Feb 21 00:06:39 control k3s[5865]: E0221 00:06:39.799481    5865 handler_proxy.go:143] error resolving kube-system/metrics-server: no endpoints available for service "metrics-server"
Feb 21 00:06:39 control k3s[5865]: I0221 00:06:39.825975    5865 cidrallocator.go:278] updated ClusterIP allocator for Service CIDR 10.43.0.0/16
Feb 21 00:06:39 control k3s[5865]: I0221 00:06:39.857416    5865 shared_informer.go:377] "Caches are synced"
Feb 21 00:06:39 control k3s[5865]: I0221 00:06:39.906330    5865 event.go:389] "Event occurred" object="kube-system/traefik" fieldPath="" kind="Addon" apiVersion="k3s.cattle.io/v1" type="Normal" reason="ApplyingManifest" message="Applying manifest at \"/var/lib/rancher/k3s/server/manifests/traefik.yaml\""
Feb 21 00:06:39 control k3s[5865]: I0221 00:06:39.977656    5865 controller.go:667] quota admission added evaluator for: helmcharts.helm.cattle.io
Feb 21 00:06:40 control k3s[5865]: I0221 00:06:40.142248    5865 event.go:389] "Event occurred" object="kube-system/traefik" fieldPath="" kind="Addon" apiVersion="k3s.cattle.io/v1" type="Normal" reason="AppliedManifest" message="Applied manifest at \"/var/lib/rancher/k3s/server/manifests/traefik.yaml\""
Feb 21 00:06:40 control k3s[5865]: I0221 00:06:40.194126    5865 kube.go:163] Node controller sync successful
Feb 21 00:06:40 control k3s[5865]: I0221 00:06:40.194378    5865 vxlan.go:128] VXLAN config: VNI=1 Port=0 GBP=false Learning=false DirectRouting=false
Feb 21 00:06:40 control k3s[5865]: I0221 00:06:40.222331    5865 kube.go:704] List of node(control) annotations: map[string]string{"alpha.kubernetes.io/provided-node-ip":"192.168.56.10", "k3s.io/hostname":"control", "k3s.io/internal-ip":"192.168.56.10", "k3s.io/node-args":"[\"server\",\"--node-ip\",\"192.168.56.10\",\"--advertise-address\",\"192.168.56.10\",\"--tls-san\",\"192.168.56.10\",\"--flannel-iface\",\"enp0s8\",\"--write-kubeconfig-mode\",\"644\"]", "k3s.io/node-config-hash":"R4SCDFBMRNIRYETU3CTQ5GN563R6UH3JSKWTCOIZHJLSHMXI6T7A====", "k3s.io/node-env":"{\"K3S_KUBECONFIG_MODE\":\"644\"}", "node.alpha.kubernetes.io/ttl":"0", "volumes.kubernetes.io/controller-managed-attach-detach":"true"}
Feb 21 00:06:40 control k3s[5865]: time="2026-02-21T00:06:40Z" level=info msg="Starting /v1, Kind=Node controller"
Feb 21 00:06:40 control k3s[5865]: I0221 00:06:40.335203    5865 event.go:389] "Event occurred" object="kube-system/traefik" fieldPath="" kind="HelmChart" apiVersion="helm.cattle.io/v1" type="Normal" reason="ApplyJob" message="Applying HelmChart using Job kube-system/helm-install-traefik"
Feb 21 00:06:40 control k3s[5865]: I0221 00:06:40.397785    5865 kube.go:558] Creating the node lease for IPv4. This is the n.Spec.PodCIDRs: [10.42.0.0/24]
Feb 21 00:06:40 control k3s[5865]: I0221 00:06:40.404778    5865 iptables.go:50] Starting flannel in iptables mode...
Feb 21 00:06:40 control k3s[5865]: time="2026-02-21T00:06:40Z" level=warning msg="no subnet found for key: FLANNEL_NETWORK in file: /run/flannel/subnet.env"
Feb 21 00:06:40 control k3s[5865]: time="2026-02-21T00:06:40Z" level=warning msg="no subnet found for key: FLANNEL_SUBNET in file: /run/flannel/subnet.env"
Feb 21 00:06:40 control k3s[5865]: time="2026-02-21T00:06:40Z" level=warning msg="no subnet found for key: FLANNEL_IPV6_NETWORK in file: /run/flannel/subnet.env"
Feb 21 00:06:40 control k3s[5865]: time="2026-02-21T00:06:40Z" level=warning msg="no subnet found for key: FLANNEL_IPV6_SUBNET in file: /run/flannel/subnet.env"
Feb 21 00:06:40 control k3s[5865]: I0221 00:06:40.407046    5865 iptables.go:101] Current network or subnet (10.42.0.0/16, 10.42.0.0/24) is not equal to previous one (0.0.0.0/0, 0.0.0.0/0), trying to recycle old iptables rules
Feb 21 00:06:40 control k3s[5865]: I0221 00:06:40.413413    5865 event.go:389] "Event occurred" object="kube-system/traefik-crd" fieldPath="" kind="HelmChart" apiVersion="helm.cattle.io/v1" type="Normal" reason="ApplyJob" message="Applying HelmChart using Job kube-system/helm-install-traefik-crd"
Feb 21 00:06:40 control k3s[5865]: time="2026-02-21T00:06:40Z" level=info msg="Starting /v1, Kind=Pod controller"
Feb 21 00:06:40 control k3s[5865]: time="2026-02-21T00:06:40Z" level=info msg="Starting apps/v1, Kind=DaemonSet controller"
Feb 21 00:06:40 control k3s[5865]: time="2026-02-21T00:06:40Z" level=info msg="Starting discovery.k8s.io/v1, Kind=EndpointSlice controller"
Feb 21 00:06:40 control k3s[5865]: I0221 00:06:40.521359    5865 controllermanager.go:329] Started "cloud-node-controller"
Feb 21 00:06:40 control k3s[5865]: I0221 00:06:40.523046    5865 controllermanager.go:329] Started "cloud-node-lifecycle-controller"
Feb 21 00:06:40 control k3s[5865]: I0221 00:06:40.523919    5865 controllermanager.go:329] Started "service-lb-controller"
Feb 21 00:06:40 control k3s[5865]: W0221 00:06:40.524210    5865 controllermanager.go:306] "node-route-controller" is disabled
Feb 21 00:06:40 control k3s[5865]: I0221 00:06:40.526754    5865 node_controller.go:176] Sending events to api server.
Feb 21 00:06:40 control k3s[5865]: I0221 00:06:40.527556    5865 node_lifecycle_controller.go:112] Sending events to api server
Feb 21 00:06:40 control k3s[5865]: I0221 00:06:40.527672    5865 node_controller.go:185] Waiting for informer caches to sync
Feb 21 00:06:40 control k3s[5865]: I0221 00:06:40.527899    5865 controller.go:235] Starting service controller
Feb 21 00:06:40 control k3s[5865]: I0221 00:06:40.528039    5865 shared_informer.go:370] "Waiting for caches to sync"
Feb 21 00:06:40 control k3s[5865]: I0221 00:06:40.592581    5865 shared_informer.go:377] "Caches are synced"
Feb 21 00:06:40 control k3s[5865]: I0221 00:06:40.628323    5865 shared_informer.go:377] "Caches are synced"
Feb 21 00:06:40 control k3s[5865]: I0221 00:06:40.628790    5865 node_controller.go:429] Initializing node control with cloud provider
Feb 21 00:06:40 control k3s[5865]: I0221 00:06:40.643348    5865 controller.go:667] quota admission added evaluator for: jobs.batch
Feb 21 00:06:40 control k3s[5865]: I0221 00:06:40.652296    5865 shared_informer.go:377] "Caches are synced"
Feb 21 00:06:40 control k3s[5865]: I0221 00:06:40.652472    5865 garbagecollector.go:166] "Garbage collector: all resource monitors have synced"
Feb 21 00:06:40 control k3s[5865]: I0221 00:06:40.652487    5865 garbagecollector.go:169] "Proceeding to collect garbage"
Feb 21 00:06:40 control k3s[5865]: I0221 00:06:40.666729    5865 iptables.go:111] Setting up masking rules
Feb 21 00:06:40 control k3s[5865]: I0221 00:06:40.689850    5865 node_controller.go:474] Successfully initialized node control with cloud provider
Feb 21 00:06:40 control k3s[5865]: I0221 00:06:40.690682    5865 event.go:389] "Event occurred" object="control" fieldPath="" kind="Node" apiVersion="v1" type="Normal" reason="Synced" message="Node synced successfully"
Feb 21 00:06:40 control k3s[5865]: I0221 00:06:40.712381    5865 iptables.go:212] Changing default FORWARD chain policy to ACCEPT
Feb 21 00:06:40 control k3s[5865]: time="2026-02-21T00:06:40Z" level=info msg="Wrote flannel subnet file to /run/flannel/subnet.env"
Feb 21 00:06:40 control k3s[5865]: time="2026-02-21T00:06:40Z" level=info msg="Running flannel backend."
Feb 21 00:06:40 control k3s[5865]: I0221 00:06:40.756693    5865 vxlan_network.go:68] watching for new subnet leases
Feb 21 00:06:40 control k3s[5865]: I0221 00:06:40.756717    5865 vxlan_network.go:115] starting vxlan device watcher
Feb 21 00:06:40 control k3s[5865]: I0221 00:06:40.782768    5865 event.go:389] "Event occurred" object="kube-system/traefik" fieldPath="" kind="HelmChart" apiVersion="helm.cattle.io/v1" type="Normal" reason="ApplyJob" message="Applying HelmChart using Job kube-system/helm-install-traefik"
Feb 21 00:06:40 control k3s[5865]: I0221 00:06:40.795707    5865 server.go:173] "Starting Kubernetes Scheduler" version="v1.35.1+k3s1"
Feb 21 00:06:40 control k3s[5865]: I0221 00:06:40.795909    5865 server.go:175] "Golang settings" GOGC="" GOMAXPROCS="" GOTRACEBACK=""
Feb 21 00:06:40 control k3s[5865]: W0221 00:06:40.801085    5865 handler_proxy.go:99] no RequestInfo found in the context
Feb 21 00:06:40 control k3s[5865]: E0221 00:06:40.801391    5865 controller.go:102] "Unhandled Error" err=<
Feb 21 00:06:40 control k3s[5865]:         loading OpenAPI spec for "v1beta1.metrics.k8s.io" failed with: failed to download v1beta1.metrics.k8s.io: failed to retrieve openAPI spec, http error: ResponseCode: 503, Body: service unavailable
Feb 21 00:06:40 control k3s[5865]:         , Header: map[Content-Type:[text/plain; charset=utf-8] X-Content-Type-Options:[nosniff]]
Feb 21 00:06:40 control k3s[5865]:  >
Feb 21 00:06:40 control k3s[5865]: I0221 00:06:40.801421    5865 controller.go:109] OpenAPI AggregationController: action for item v1beta1.metrics.k8s.io: Rate Limited Requeue.
Feb 21 00:06:40 control k3s[5865]: W0221 00:06:40.803167    5865 handler_proxy.go:99] no RequestInfo found in the context
Feb 21 00:06:40 control k3s[5865]: E0221 00:06:40.803429    5865 controller.go:113] "Unhandled Error" err="loading OpenAPI spec for \"v1beta1.metrics.k8s.io\" failed with: Error, could not get list of group versions for APIService"
Feb 21 00:06:40 control k3s[5865]: I0221 00:06:40.803660    5865 controller.go:126] OpenAPI AggregationController: action for item v1beta1.metrics.k8s.io: Rate Limited Requeue.
Feb 21 00:06:40 control k3s[5865]: I0221 00:06:40.846953    5865 event.go:389] "Event occurred" object="kube-system/traefik-crd" fieldPath="" kind="HelmChart" apiVersion="helm.cattle.io/v1" type="Normal" reason="ApplyJob" message="Applying HelmChart using Job kube-system/helm-install-traefik-crd"
Feb 21 00:06:40 control k3s[5865]: I0221 00:06:40.868303    5865 secure_serving.go:211] Serving securely on 127.0.0.1:10259
Feb 21 00:06:40 control k3s[5865]: I0221 00:06:40.869344    5865 requestheader_controller.go:180] Starting RequestHeaderAuthRequestController
Feb 21 00:06:40 control k3s[5865]: I0221 00:06:40.869908    5865 shared_informer.go:370] "Waiting for caches to sync"
Feb 21 00:06:40 control k3s[5865]: I0221 00:06:40.870049    5865 dynamic_serving_content.go:135] "Starting controller" name="serving-cert::/var/lib/rancher/k3s/server/tls/kube-scheduler/kube-scheduler.crt::/var/lib/rancher/k3s/server/tls/kube-scheduler/kube-scheduler.key"
Feb 21 00:06:40 control k3s[5865]: I0221 00:06:40.870467    5865 tlsconfig.go:243] "Starting DynamicServingCertificateController"
Feb 21 00:06:40 control k3s[5865]: I0221 00:06:40.898190    5865 configmap_cafile_content.go:205] "Starting controller" name="client-ca::kube-system::extension-apiserver-authentication::client-ca-file"
Feb 21 00:06:40 control k3s[5865]: I0221 00:06:40.898364    5865 shared_informer.go:370] "Waiting for caches to sync"
Feb 21 00:06:40 control k3s[5865]: I0221 00:06:40.898395    5865 configmap_cafile_content.go:205] "Starting controller" name="client-ca::kube-system::extension-apiserver-authentication::requestheader-client-ca-file"
Feb 21 00:06:40 control k3s[5865]: I0221 00:06:40.898438    5865 shared_informer.go:370] "Waiting for caches to sync"
Feb 21 00:06:41 control k3s[5865]: I0221 00:06:41.080444    5865 iptables.go:358] bootstrap done
Feb 21 00:06:41 control k3s[5865]: I0221 00:06:41.088495    5865 event.go:389] "Event occurred" object="kube-system/traefik" fieldPath="" kind="HelmChart" apiVersion="helm.cattle.io/v1" type="Normal" reason="ApplyJob" message="Applying HelmChart using Job kube-system/helm-install-traefik"
Feb 21 00:06:41 control k3s[5865]: I0221 00:06:41.089257    5865 event.go:389] "Event occurred" object="kube-system/traefik-crd" fieldPath="" kind="HelmChart" apiVersion="helm.cattle.io/v1" type="Normal" reason="ApplyJob" message="Applying HelmChart using Job kube-system/helm-install-traefik-crd"
Feb 21 00:06:41 control k3s[5865]: I0221 00:06:41.171383    5865 shared_informer.go:377] "Caches are synced"
Feb 21 00:06:41 control k3s[5865]: I0221 00:06:41.182082    5865 iptables.go:358] bootstrap done
Feb 21 00:06:41 control k3s[5865]: I0221 00:06:41.199880    5865 shared_informer.go:377] "Caches are synced"
Feb 21 00:06:41 control k3s[5865]: I0221 00:06:41.200846    5865 shared_informer.go:377] "Caches are synced"
Feb 21 00:06:41 control k3s[5865]: I0221 00:06:41.342163    5865 reconciler_common.go:251] "operationExecutor.VerifyControllerAttachedVolume started for volume \"config-volume\" (UniqueName: \"kubernetes.io/configmap/4f7e015b-fe8f-4ba4-a391-e95e9c47eaf4-config-volume\") pod \"local-path-provisioner-6bc6568469-gbzsf\" (UID: \"4f7e015b-fe8f-4ba4-a391-e95e9c47eaf4\") " pod="kube-system/local-path-provisioner-6bc6568469-gbzsf"
Feb 21 00:06:41 control k3s[5865]: I0221 00:06:41.342297    5865 reconciler_common.go:251] "operationExecutor.VerifyControllerAttachedVolume started for volume \"kube-api-access-wn6dv\" (UniqueName: \"kubernetes.io/projected/4f7e015b-fe8f-4ba4-a391-e95e9c47eaf4-kube-api-access-wn6dv\") pod \"local-path-provisioner-6bc6568469-gbzsf\" (UID: \"4f7e015b-fe8f-4ba4-a391-e95e9c47eaf4\") " pod="kube-system/local-path-provisioner-6bc6568469-gbzsf"
Feb 21 00:06:41 control k3s[5865]: I0221 00:06:41.342339    5865 reconciler_common.go:251] "operationExecutor.VerifyControllerAttachedVolume started for volume \"tmp-dir\" (UniqueName: \"kubernetes.io/empty-dir/2a50d9c8-3f55-4d57-a778-07effacee30a-tmp-dir\") pod \"metrics-server-786d997795-stml5\" (UID: \"2a50d9c8-3f55-4d57-a778-07effacee30a\") " pod="kube-system/metrics-server-786d997795-stml5"
Feb 21 00:06:41 control k3s[5865]: I0221 00:06:41.343896    5865 reconciler_common.go:251] "operationExecutor.VerifyControllerAttachedVolume started for volume \"kube-api-access-vfrlz\" (UniqueName: \"kubernetes.io/projected/2a50d9c8-3f55-4d57-a778-07effacee30a-kube-api-access-vfrlz\") pod \"metrics-server-786d997795-stml5\" (UID: \"2a50d9c8-3f55-4d57-a778-07effacee30a\") " pod="kube-system/metrics-server-786d997795-stml5"
Feb 21 00:06:41 control k3s[5865]: I0221 00:06:41.448479    5865 reconciler_common.go:251] "operationExecutor.VerifyControllerAttachedVolume started for volume \"custom-config-volume\" (UniqueName: \"kubernetes.io/configmap/fc7a469c-0391-4b3e-9e8f-001b117c7318-custom-config-volume\") pod \"coredns-7566b5ff58-gqb7m\" (UID: \"fc7a469c-0391-4b3e-9e8f-001b117c7318\") " pod="kube-system/coredns-7566b5ff58-gqb7m"
Feb 21 00:06:41 control k3s[5865]: I0221 00:06:41.448908    5865 reconciler_common.go:251] "operationExecutor.VerifyControllerAttachedVolume started for volume \"kube-api-access-tgbpg\" (UniqueName: \"kubernetes.io/projected/fc7a469c-0391-4b3e-9e8f-001b117c7318-kube-api-access-tgbpg\") pod \"coredns-7566b5ff58-gqb7m\" (UID: \"fc7a469c-0391-4b3e-9e8f-001b117c7318\") " pod="kube-system/coredns-7566b5ff58-gqb7m"
Feb 21 00:06:41 control k3s[5865]: I0221 00:06:41.450114    5865 reconciler_common.go:251] "operationExecutor.VerifyControllerAttachedVolume started for volume \"config-volume\" (UniqueName: \"kubernetes.io/configmap/fc7a469c-0391-4b3e-9e8f-001b117c7318-config-volume\") pod \"coredns-7566b5ff58-gqb7m\" (UID: \"fc7a469c-0391-4b3e-9e8f-001b117c7318\") " pod="kube-system/coredns-7566b5ff58-gqb7m"
Feb 21 00:06:41 control k3s[5865]: time="2026-02-21T00:06:41Z" level=info msg="Started tunnel to 192.168.56.10:6443"
Feb 21 00:06:41 control k3s[5865]: time="2026-02-21T00:06:41Z" level=info msg="Stopped tunnel to 127.0.0.1:6443"
Feb 21 00:06:41 control k3s[5865]: time="2026-02-21T00:06:41Z" level=info msg="Connecting to proxy" url="wss://192.168.56.10:6443/v1-k3s/connect"
Feb 21 00:06:41 control k3s[5865]: time="2026-02-21T00:06:41Z" level=info msg="Proxy done" err="context canceled" url="wss://127.0.0.1:6443/v1-k3s/connect"
Feb 21 00:06:41 control k3s[5865]: time="2026-02-21T00:06:41Z" level=info msg="error in remotedialer server [400]: websocket: close 1006 (abnormal closure): unexpected EOF"
Feb 21 00:06:41 control k3s[5865]: time="2026-02-21T00:06:41Z" level=info msg="Handling backend connection request [control]"
Feb 21 00:06:41 control k3s[5865]: time="2026-02-21T00:06:41Z" level=info msg="Connected to proxy" url="wss://192.168.56.10:6443/v1-k3s/connect"
Feb 21 00:06:41 control k3s[5865]: time="2026-02-21T00:06:41Z" level=info msg="Remotedialer connected to proxy" url="wss://192.168.56.10:6443/v1-k3s/connect"
Feb 21 00:06:41 control k3s[5865]: I0221 00:06:41.476738    5865 swap_util.go:78] "error creating dir to test if tmpfs noswap is enabled. Assuming not supported" mount path="" error="stat /var/lib/kubelet/plugins/kubernetes.io/empty-dir: no such file or directory"
Feb 21 00:06:44 control k3s[5865]: I0221 00:06:44.486421    5865 kuberuntime_manager.go:2062] "Updating runtime config through cri with podcidr" CIDR="10.42.0.0/24"
Feb 21 00:06:44 control k3s[5865]: I0221 00:06:44.489971    5865 kubelet_network.go:47] "Updating Pod CIDR" originalPodCIDR="" newPodCIDR="10.42.0.0/24"
Feb 21 00:06:45 control k3s[5865]: time="2026-02-21T00:06:45Z" level=info msg="Starting network policy controller version v2.6.3-k3s1, built on 2026-02-12T23:46:55Z, go1.25.6"
Feb 21 00:06:45 control k3s[5865]: I0221 00:06:45.339701    5865 network_policy_controller.go:164] Starting network policy controller
Feb 21 00:06:45 control k3s[5865]: I0221 00:06:45.682772    5865 network_policy_controller.go:179] Starting network policy controller full sync goroutine
Feb 21 00:06:47 control k3s[5865]: E0221 00:06:47.500939    5865 log.go:32] "RunPodSandbox from runtime service failed" err="rpc error: code = Unknown desc = failed to start sandbox \"89bafcccb1518b3e7d2bcb27b906ecd1a8a01e7e2547755a1d164627bcad43a2\": failed to get sandbox image \"rancher/mirrored-pause:3.6\": failed to pull image \"rancher/mirrored-pause:3.6\": failed to pull and unpack image \"docker.io/rancher/mirrored-pause:3.6\": failed to resolve reference \"docker.io/rancher/mirrored-pause:3.6\": failed to do request: Head \"https://registry-1.docker.io/v2/rancher/mirrored-pause/manifests/3.6\": dial tcp: lookup registry-1.docker.io: Try again"
Feb 21 00:06:47 control k3s[5865]: E0221 00:06:47.502121    5865 kuberuntime_sandbox.go:71] "Failed to create sandbox for pod" err="rpc error: code = Unknown desc = failed to start sandbox \"89bafcccb1518b3e7d2bcb27b906ecd1a8a01e7e2547755a1d164627bcad43a2\": failed to get sandbox image \"rancher/mirrored-pause:3.6\": failed to pull image \"rancher/mirrored-pause:3.6\": failed to pull and unpack image \"docker.io/rancher/mirrored-pause:3.6\": failed to resolve reference \"docker.io/rancher/mirrored-pause:3.6\": failed to do request: Head \"https://registry-1.docker.io/v2/rancher/mirrored-pause/manifests/3.6\": dial tcp: lookup registry-1.docker.io: Try again" pod="kube-system/metrics-server-786d997795-stml5"
Feb 21 00:06:47 control k3s[5865]: E0221 00:06:47.502529    5865 kuberuntime_manager.go:1558] "CreatePodSandbox for pod failed" err="rpc error: code = Unknown desc = failed to start sandbox \"89bafcccb1518b3e7d2bcb27b906ecd1a8a01e7e2547755a1d164627bcad43a2\": failed to get sandbox image \"rancher/mirrored-pause:3.6\": failed to pull image \"rancher/mirrored-pause:3.6\": failed to pull and unpack image \"docker.io/rancher/mirrored-pause:3.6\": failed to resolve reference \"docker.io/rancher/mirrored-pause:3.6\": failed to do request: Head \"https://registry-1.docker.io/v2/rancher/mirrored-pause/manifests/3.6\": dial tcp: lookup registry-1.docker.io: Try again" pod="kube-system/metrics-server-786d997795-stml5"
Feb 21 00:06:47 control k3s[5865]: E0221 00:06:47.502883    5865 pod_workers.go:1324] "Error syncing pod, skipping" err="failed to \"CreatePodSandbox\" for \"metrics-server-786d997795-stml5_kube-system(2a50d9c8-3f55-4d57-a778-07effacee30a)\" with CreatePodSandboxError: \"Failed to create sandbox for pod \\\"metrics-server-786d997795-stml5_kube-system(2a50d9c8-3f55-4d57-a778-07effacee30a)\\\": rpc error: code = Unknown desc = failed to start sandbox \\\"89bafcccb1518b3e7d2bcb27b906ecd1a8a01e7e2547755a1d164627bcad43a2\\\": failed to get sandbox image \\\"rancher/mirrored-pause:3.6\\\": failed to pull image \\\"rancher/mirrored-pause:3.6\\\": failed to pull and unpack image \\\"docker.io/rancher/mirrored-pause:3.6\\\": failed to resolve reference \\\"docker.io/rancher/mirrored-pause:3.6\\\": failed to do request: Head \\\"https://registry-1.docker.io/v2/rancher/mirrored-pause/manifests/3.6\\\": dial tcp: lookup registry-1.docker.io: Try again\"" pod="kube-system/metrics-server-786d997795-stml5" podUID="2a50d9c8-3f55-4d57-a778-07effacee30a"
Feb 21 00:06:47 control k3s[5865]: E0221 00:06:47.527786    5865 log.go:32] "RunPodSandbox from runtime service failed" err="rpc error: code = Unknown desc = failed to start sandbox \"514f327158030ac07d876c939293eef0463ed59095ac1191d796f45452160de1\": failed to get sandbox image \"rancher/mirrored-pause:3.6\": failed to pull image \"rancher/mirrored-pause:3.6\": failed to pull and unpack image \"docker.io/rancher/mirrored-pause:3.6\": failed to resolve reference \"docker.io/rancher/mirrored-pause:3.6\": failed to do request: Head \"https://registry-1.docker.io/v2/rancher/mirrored-pause/manifests/3.6\": dial tcp: lookup registry-1.docker.io: Try again"
Feb 21 00:06:47 control k3s[5865]: E0221 00:06:47.529712    5865 kuberuntime_sandbox.go:71] "Failed to create sandbox for pod" err="rpc error: code = Unknown desc = failed to start sandbox \"514f327158030ac07d876c939293eef0463ed59095ac1191d796f45452160de1\": failed to get sandbox image \"rancher/mirrored-pause:3.6\": failed to pull image \"rancher/mirrored-pause:3.6\": failed to pull and unpack image \"docker.io/rancher/mirrored-pause:3.6\": failed to resolve reference \"docker.io/rancher/mirrored-pause:3.6\": failed to do request: Head \"https://registry-1.docker.io/v2/rancher/mirrored-pause/manifests/3.6\": dial tcp: lookup registry-1.docker.io: Try again" pod="kube-system/local-path-provisioner-6bc6568469-gbzsf"
Feb 21 00:06:47 control k3s[5865]: E0221 00:06:47.530161    5865 kuberuntime_manager.go:1558] "CreatePodSandbox for pod failed" err="rpc error: code = Unknown desc = failed to start sandbox \"514f327158030ac07d876c939293eef0463ed59095ac1191d796f45452160de1\": failed to get sandbox image \"rancher/mirrored-pause:3.6\": failed to pull image \"rancher/mirrored-pause:3.6\": failed to pull and unpack image \"docker.io/rancher/mirrored-pause:3.6\": failed to resolve reference \"docker.io/rancher/mirrored-pause:3.6\": failed to do request: Head \"https://registry-1.docker.io/v2/rancher/mirrored-pause/manifests/3.6\": dial tcp: lookup registry-1.docker.io: Try again" pod="kube-system/local-path-provisioner-6bc6568469-gbzsf"
Feb 21 00:06:47 control k3s[5865]: E0221 00:06:47.530430    5865 pod_workers.go:1324] "Error syncing pod, skipping" err="failed to \"CreatePodSandbox\" for \"local-path-provisioner-6bc6568469-gbzsf_kube-system(4f7e015b-fe8f-4ba4-a391-e95e9c47eaf4)\" with CreatePodSandboxError: \"Failed to create sandbox for pod \\\"local-path-provisioner-6bc6568469-gbzsf_kube-system(4f7e015b-fe8f-4ba4-a391-e95e9c47eaf4)\\\": rpc error: code = Unknown desc = failed to start sandbox \\\"514f327158030ac07d876c939293eef0463ed59095ac1191d796f45452160de1\\\": failed to get sandbox image \\\"rancher/mirrored-pause:3.6\\\": failed to pull image \\\"rancher/mirrored-pause:3.6\\\": failed to pull and unpack image \\\"docker.io/rancher/mirrored-pause:3.6\\\": failed to resolve reference \\\"docker.io/rancher/mirrored-pause:3.6\\\": failed to do request: Head \\\"https://registry-1.docker.io/v2/rancher/mirrored-pause/manifests/3.6\\\": dial tcp: lookup registry-1.docker.io: Try again\"" pod="kube-system/local-path-provisioner-6bc6568469-gbzsf" podUID="4f7e015b-fe8f-4ba4-a391-e95e9c47eaf4"
Feb 21 00:06:47 control k3s[5865]: E0221 00:06:47.532497    5865 log.go:32] "RunPodSandbox from runtime service failed" err="rpc error: code = Unknown desc = failed to start sandbox \"e5be86ab766576392dc281e1489c6faf1eb27c67568cee9efa0363825b606139\": failed to get sandbox image \"rancher/mirrored-pause:3.6\": failed to pull image \"rancher/mirrored-pause:3.6\": failed to pull and unpack image \"docker.io/rancher/mirrored-pause:3.6\": failed to resolve reference \"docker.io/rancher/mirrored-pause:3.6\": failed to do request: Head \"https://registry-1.docker.io/v2/rancher/mirrored-pause/manifests/3.6\": dial tcp: lookup registry-1.docker.io: Try again"
Feb 21 00:06:47 control k3s[5865]: E0221 00:06:47.532775    5865 kuberuntime_sandbox.go:71] "Failed to create sandbox for pod" err="rpc error: code = Unknown desc = failed to start sandbox \"e5be86ab766576392dc281e1489c6faf1eb27c67568cee9efa0363825b606139\": failed to get sandbox image \"rancher/mirrored-pause:3.6\": failed to pull image \"rancher/mirrored-pause:3.6\": failed to pull and unpack image \"docker.io/rancher/mirrored-pause:3.6\": failed to resolve reference \"docker.io/rancher/mirrored-pause:3.6\": failed to do request: Head \"https://registry-1.docker.io/v2/rancher/mirrored-pause/manifests/3.6\": dial tcp: lookup registry-1.docker.io: Try again" pod="kube-system/coredns-7566b5ff58-gqb7m"
Feb 21 00:06:47 control k3s[5865]: E0221 00:06:47.532998    5865 kuberuntime_manager.go:1558] "CreatePodSandbox for pod failed" err="rpc error: code = Unknown desc = failed to start sandbox \"e5be86ab766576392dc281e1489c6faf1eb27c67568cee9efa0363825b606139\": failed to get sandbox image \"rancher/mirrored-pause:3.6\": failed to pull image \"rancher/mirrored-pause:3.6\": failed to pull and unpack image \"docker.io/rancher/mirrored-pause:3.6\": failed to resolve reference \"docker.io/rancher/mirrored-pause:3.6\": failed to do request: Head \"https://registry-1.docker.io/v2/rancher/mirrored-pause/manifests/3.6\": dial tcp: lookup registry-1.docker.io: Try again" pod="kube-system/coredns-7566b5ff58-gqb7m"
Feb 21 00:06:47 control k3s[5865]: E0221 00:06:47.533236    5865 pod_workers.go:1324] "Error syncing pod, skipping" err="failed to \"CreatePodSandbox\" for \"coredns-7566b5ff58-gqb7m_kube-system(fc7a469c-0391-4b3e-9e8f-001b117c7318)\" with CreatePodSandboxError: \"Failed to create sandbox for pod \\\"coredns-7566b5ff58-gqb7m_kube-system(fc7a469c-0391-4b3e-9e8f-001b117c7318)\\\": rpc error: code = Unknown desc = failed to start sandbox \\\"e5be86ab766576392dc281e1489c6faf1eb27c67568cee9efa0363825b606139\\\": failed to get sandbox image \\\"rancher/mirrored-pause:3.6\\\": failed to pull image \\\"rancher/mirrored-pause:3.6\\\": failed to pull and unpack image \\\"docker.io/rancher/mirrored-pause:3.6\\\": failed to resolve reference \\\"docker.io/rancher/mirrored-pause:3.6\\\": failed to do request: Head \\\"https://registry-1.docker.io/v2/rancher/mirrored-pause/manifests/3.6\\\": dial tcp: lookup registry-1.docker.io: Try again\"" pod="kube-system/coredns-7566b5ff58-gqb7m" podUID="fc7a469c-0391-4b3e-9e8f-001b117c7318"
Feb 21 00:06:54 control k3s[5865]: E0221 00:06:54.737706    5865 health_controller.go:212] Metrics Controller heartbeat missed
Feb 21 00:07:04 control k3s[5865]: E0221 00:07:04.929941    5865 log.go:32] "RunPodSandbox from runtime service failed" err="rpc error: code = Unknown desc = failed to start sandbox \"9ef34d870d3bbb2e53c05e322b0b197f31dd6c927cf78021ce1b95946ca6d4b9\": failed to get sandbox image \"rancher/mirrored-pause:3.6\": failed to pull image \"rancher/mirrored-pause:3.6\": failed to pull and unpack image \"docker.io/rancher/mirrored-pause:3.6\": failed to resolve reference \"docker.io/rancher/mirrored-pause:3.6\": failed to do request: Head \"https://registry-1.docker.io/v2/rancher/mirrored-pause/manifests/3.6\": dial tcp: lookup registry-1.docker.io: Try again"
Feb 21 00:07:04 control k3s[5865]: E0221 00:07:04.931182    5865 kuberuntime_sandbox.go:71] "Failed to create sandbox for pod" err="rpc error: code = Unknown desc = failed to start sandbox \"9ef34d870d3bbb2e53c05e322b0b197f31dd6c927cf78021ce1b95946ca6d4b9\": failed to get sandbox image \"rancher/mirrored-pause:3.6\": failed to pull image \"rancher/mirrored-pause:3.6\": failed to pull and unpack image \"docker.io/rancher/mirrored-pause:3.6\": failed to resolve reference \"docker.io/rancher/mirrored-pause:3.6\": failed to do request: Head \"https://registry-1.docker.io/v2/rancher/mirrored-pause/manifests/3.6\": dial tcp: lookup registry-1.docker.io: Try again" pod="kube-system/local-path-provisioner-6bc6568469-gbzsf"
Feb 21 00:07:04 control k3s[5865]: E0221 00:07:04.932629    5865 kuberuntime_manager.go:1558] "CreatePodSandbox for pod failed" err="rpc error: code = Unknown desc = failed to start sandbox \"9ef34d870d3bbb2e53c05e322b0b197f31dd6c927cf78021ce1b95946ca6d4b9\": failed to get sandbox image \"rancher/mirrored-pause:3.6\": failed to pull image \"rancher/mirrored-pause:3.6\": failed to pull and unpack image \"docker.io/rancher/mirrored-pause:3.6\": failed to resolve reference \"docker.io/rancher/mirrored-pause:3.6\": failed to do request: Head \"https://registry-1.docker.io/v2/rancher/mirrored-pause/manifests/3.6\": dial tcp: lookup registry-1.docker.io: Try again" pod="kube-system/local-path-provisioner-6bc6568469-gbzsf"
Feb 21 00:07:04 control k3s[5865]: E0221 00:07:04.934701    5865 pod_workers.go:1324] "Error syncing pod, skipping" err="failed to \"CreatePodSandbox\" for \"local-path-provisioner-6bc6568469-gbzsf_kube-system(4f7e015b-fe8f-4ba4-a391-e95e9c47eaf4)\" with CreatePodSandboxError: \"Failed to create sandbox for pod \\\"local-path-provisioner-6bc6568469-gbzsf_kube-system(4f7e015b-fe8f-4ba4-a391-e95e9c47eaf4)\\\": rpc error: code = Unknown desc = failed to start sandbox \\\"9ef34d870d3bbb2e53c05e322b0b197f31dd6c927cf78021ce1b95946ca6d4b9\\\": failed to get sandbox image \\\"rancher/mirrored-pause:3.6\\\": failed to pull image \\\"rancher/mirrored-pause:3.6\\\": failed to pull and unpack image \\\"docker.io/rancher/mirrored-pause:3.6\\\": failed to resolve reference \\\"docker.io/rancher/mirrored-pause:3.6\\\": failed to do request: Head \\\"https://registry-1.docker.io/v2/rancher/mirrored-pause/manifests/3.6\\\": dial tcp: lookup registry-1.docker.io: Try again\"" pod="kube-system/local-path-provisioner-6bc6568469-gbzsf" podUID="4f7e015b-fe8f-4ba4-a391-e95e9c47eaf4"
Feb 21 00:07:04 control k3s[5865]: E0221 00:07:04.990616    5865 log.go:32] "RunPodSandbox from runtime service failed" err="rpc error: code = Unknown desc = failed to start sandbox \"2535d8d236ee28d8a3f60be5360372b806ac9638414676bf4d94d3f09022d1d8\": failed to get sandbox image \"rancher/mirrored-pause:3.6\": failed to pull image \"rancher/mirrored-pause:3.6\": failed to pull and unpack image \"docker.io/rancher/mirrored-pause:3.6\": failed to resolve reference \"docker.io/rancher/mirrored-pause:3.6\": failed to do request: Head \"https://registry-1.docker.io/v2/rancher/mirrored-pause/manifests/3.6\": dial tcp: lookup registry-1.docker.io: Try again"
Feb 21 00:07:04 control k3s[5865]: E0221 00:07:04.992275    5865 kuberuntime_sandbox.go:71] "Failed to create sandbox for pod" err="rpc error: code = Unknown desc = failed to start sandbox \"2535d8d236ee28d8a3f60be5360372b806ac9638414676bf4d94d3f09022d1d8\": failed to get sandbox image \"rancher/mirrored-pause:3.6\": failed to pull image \"rancher/mirrored-pause:3.6\": failed to pull and unpack image \"docker.io/rancher/mirrored-pause:3.6\": failed to resolve reference \"docker.io/rancher/mirrored-pause:3.6\": failed to do request: Head \"https://registry-1.docker.io/v2/rancher/mirrored-pause/manifests/3.6\": dial tcp: lookup registry-1.docker.io: Try again" pod="kube-system/coredns-7566b5ff58-gqb7m"
Feb 21 00:07:04 control k3s[5865]: E0221 00:07:04.992666    5865 kuberuntime_manager.go:1558] "CreatePodSandbox for pod failed" err="rpc error: code = Unknown desc = failed to start sandbox \"2535d8d236ee28d8a3f60be5360372b806ac9638414676bf4d94d3f09022d1d8\": failed to get sandbox image \"rancher/mirrored-pause:3.6\": failed to pull image \"rancher/mirrored-pause:3.6\": failed to pull and unpack image \"docker.io/rancher/mirrored-pause:3.6\": failed to resolve reference \"docker.io/rancher/mirrored-pause:3.6\": failed to do request: Head \"https://registry-1.docker.io/v2/rancher/mirrored-pause/manifests/3.6\": dial tcp: lookup registry-1.docker.io: Try again" pod="kube-system/coredns-7566b5ff58-gqb7m"
Feb 21 00:07:04 control k3s[5865]: E0221 00:07:04.992768    5865 pod_workers.go:1324] "Error syncing pod, skipping" err="failed to \"CreatePodSandbox\" for \"coredns-7566b5ff58-gqb7m_kube-system(fc7a469c-0391-4b3e-9e8f-001b117c7318)\" with CreatePodSandboxError: \"Failed to create sandbox for pod \\\"coredns-7566b5ff58-gqb7m_kube-system(fc7a469c-0391-4b3e-9e8f-001b117c7318)\\\": rpc error: code = Unknown desc = failed to start sandbox \\\"2535d8d236ee28d8a3f60be5360372b806ac9638414676bf4d94d3f09022d1d8\\\": failed to get sandbox image \\\"rancher/mirrored-pause:3.6\\\": failed to pull image \\\"rancher/mirrored-pause:3.6\\\": failed to pull and unpack image \\\"docker.io/rancher/mirrored-pause:3.6\\\": failed to resolve reference \\\"docker.io/rancher/mirrored-pause:3.6\\\": failed to do request: Head \\\"https://registry-1.docker.io/v2/rancher/mirrored-pause/manifests/3.6\\\": dial tcp: lookup registry-1.docker.io: Try again\"" pod="kube-system/coredns-7566b5ff58-gqb7m" podUID="fc7a469c-0391-4b3e-9e8f-001b117c7318"
Feb 21 00:07:05 control k3s[5865]: E0221 00:07:05.003103    5865 log.go:32] "RunPodSandbox from runtime service failed" err="rpc error: code = Unknown desc = failed to start sandbox \"85b6cbddd6ac9c671460b3de5d46247506bb20e04ae8457e32a567275eb36221\": failed to get sandbox image \"rancher/mirrored-pause:3.6\": failed to pull image \"rancher/mirrored-pause:3.6\": failed to pull and unpack image \"docker.io/rancher/mirrored-pause:3.6\": failed to resolve reference \"docker.io/rancher/mirrored-pause:3.6\": failed to do request: Head \"https://registry-1.docker.io/v2/rancher/mirrored-pause/manifests/3.6\": dial tcp: lookup registry-1.docker.io: Try again"
Feb 21 00:07:05 control k3s[5865]: E0221 00:07:05.003430    5865 kuberuntime_sandbox.go:71] "Failed to create sandbox for pod" err="rpc error: code = Unknown desc = failed to start sandbox \"85b6cbddd6ac9c671460b3de5d46247506bb20e04ae8457e32a567275eb36221\": failed to get sandbox image \"rancher/mirrored-pause:3.6\": failed to pull image \"rancher/mirrored-pause:3.6\": failed to pull and unpack image \"docker.io/rancher/mirrored-pause:3.6\": failed to resolve reference \"docker.io/rancher/mirrored-pause:3.6\": failed to do request: Head \"https://registry-1.docker.io/v2/rancher/mirrored-pause/manifests/3.6\": dial tcp: lookup registry-1.docker.io: Try again" pod="kube-system/metrics-server-786d997795-stml5"
Feb 21 00:07:05 control k3s[5865]: E0221 00:07:05.003472    5865 kuberuntime_manager.go:1558] "CreatePodSandbox for pod failed" err="rpc error: code = Unknown desc = failed to start sandbox \"85b6cbddd6ac9c671460b3de5d46247506bb20e04ae8457e32a567275eb36221\": failed to get sandbox image \"rancher/mirrored-pause:3.6\": failed to pull image \"rancher/mirrored-pause:3.6\": failed to pull and unpack image \"docker.io/rancher/mirrored-pause:3.6\": failed to resolve reference \"docker.io/rancher/mirrored-pause:3.6\": failed to do request: Head \"https://registry-1.docker.io/v2/rancher/mirrored-pause/manifests/3.6\": dial tcp: lookup registry-1.docker.io: Try again" pod="kube-system/metrics-server-786d997795-stml5"
Feb 21 00:07:05 control k3s[5865]: E0221 00:07:05.003558    5865 pod_workers.go:1324] "Error syncing pod, skipping" err="failed to \"CreatePodSandbox\" for \"metrics-server-786d997795-stml5_kube-system(2a50d9c8-3f55-4d57-a778-07effacee30a)\" with CreatePodSandboxError: \"Failed to create sandbox for pod \\\"metrics-server-786d997795-stml5_kube-system(2a50d9c8-3f55-4d57-a778-07effacee30a)\\\": rpc error: code = Unknown desc = failed to start sandbox \\\"85b6cbddd6ac9c671460b3de5d46247506bb20e04ae8457e32a567275eb36221\\\": failed to get sandbox image \\\"rancher/mirrored-pause:3.6\\\": failed to pull image \\\"rancher/mirrored-pause:3.6\\\": failed to pull and unpack image \\\"docker.io/rancher/mirrored-pause:3.6\\\": failed to resolve reference \\\"docker.io/rancher/mirrored-pause:3.6\\\": failed to do request: Head \\\"https://registry-1.docker.io/v2/rancher/mirrored-pause/manifests/3.6\\\": dial tcp: lookup registry-1.docker.io: Try again\"" pod="kube-system/metrics-server-786d997795-stml5" podUID="2a50d9c8-3f55-4d57-a778-07effacee30a"
Feb 21 00:07:09 control k3s[5865]: E0221 00:07:09.106949    5865 resource_quota_controller.go:460] "Error during resource discovery" err="unable to retrieve the complete list of server APIs: metrics.k8s.io/v1beta1: stale GroupVersion discovery: metrics.k8s.io/v1beta1"
Feb 21 00:07:10 control k3s[5865]: I0221 00:07:10.614441    5865 garbagecollector.go:792] "failed to discover some groups" groups="map[\"metrics.k8s.io/v1beta1\":\"stale GroupVersion discovery: metrics.k8s.io/v1beta1\"]"
Feb 21 00:07:24 control k3s[5865]: E0221 00:07:24.695981    5865 log.go:32] "RunPodSandbox from runtime service failed" err="rpc error: code = Unknown desc = failed to start sandbox \"89f569153dced26014e81ab4d6f53fbb452c30273d9e8a917ae8e21a4ada56c6\": failed to get sandbox image \"rancher/mirrored-pause:3.6\": failed to pull image \"rancher/mirrored-pause:3.6\": failed to pull and unpack image \"docker.io/rancher/mirrored-pause:3.6\": failed to copy: httpReadSeeker: failed open: failed to do request: Get \"https://production.cloudflare.docker.com/registry-v2/docker/registry/v2/blobs/sha256/62/6270bb605e12e581514ada5fd5b3216f727db55dc87d5889c790e4c760683fee/data?expires=1771635439&signature=iG49X1n87%2Fn6CIQML6R7GBG4e7s%3D&version=3\": dial tcp: lookup production.cloudflare.docker.com: Try again"
Feb 21 00:07:24 control k3s[5865]: E0221 00:07:24.696930    5865 kuberuntime_sandbox.go:71] "Failed to create sandbox for pod" err="rpc error: code = Unknown desc = failed to start sandbox \"89f569153dced26014e81ab4d6f53fbb452c30273d9e8a917ae8e21a4ada56c6\": failed to get sandbox image \"rancher/mirrored-pause:3.6\": failed to pull image \"rancher/mirrored-pause:3.6\": failed to pull and unpack image \"docker.io/rancher/mirrored-pause:3.6\": failed to copy: httpReadSeeker: failed open: failed to do request: Get \"https://production.cloudflare.docker.com/registry-v2/docker/registry/v2/blobs/sha256/62/6270bb605e12e581514ada5fd5b3216f727db55dc87d5889c790e4c760683fee/data?expires=1771635439&signature=iG49X1n87%2Fn6CIQML6R7GBG4e7s%3D&version=3\": dial tcp: lookup production.cloudflare.docker.com: Try again" pod="kube-system/coredns-7566b5ff58-gqb7m"
Feb 21 00:07:24 control k3s[5865]: E0221 00:07:24.696993    5865 kuberuntime_manager.go:1558] "CreatePodSandbox for pod failed" err="rpc error: code = Unknown desc = failed to start sandbox \"89f569153dced26014e81ab4d6f53fbb452c30273d9e8a917ae8e21a4ada56c6\": failed to get sandbox image \"rancher/mirrored-pause:3.6\": failed to pull image \"rancher/mirrored-pause:3.6\": failed to pull and unpack image \"docker.io/rancher/mirrored-pause:3.6\": failed to copy: httpReadSeeker: failed open: failed to do request: Get \"https://production.cloudflare.docker.com/registry-v2/docker/registry/v2/blobs/sha256/62/6270bb605e12e581514ada5fd5b3216f727db55dc87d5889c790e4c760683fee/data?expires=1771635439&signature=iG49X1n87%2Fn6CIQML6R7GBG4e7s%3D&version=3\": dial tcp: lookup production.cloudflare.docker.com: Try again" pod="kube-system/coredns-7566b5ff58-gqb7m"
Feb 21 00:07:24 control k3s[5865]: E0221 00:07:24.697310    5865 pod_workers.go:1324] "Error syncing pod, skipping" err="failed to \"CreatePodSandbox\" for \"coredns-7566b5ff58-gqb7m_kube-system(fc7a469c-0391-4b3e-9e8f-001b117c7318)\" with CreatePodSandboxError: \"Failed to create sandbox for pod \\\"coredns-7566b5ff58-gqb7m_kube-system(fc7a469c-0391-4b3e-9e8f-001b117c7318)\\\": rpc error: code = Unknown desc = failed to start sandbox \\\"89f569153dced26014e81ab4d6f53fbb452c30273d9e8a917ae8e21a4ada56c6\\\": failed to get sandbox image \\\"rancher/mirrored-pause:3.6\\\": failed to pull image \\\"rancher/mirrored-pause:3.6\\\": failed to pull and unpack image \\\"docker.io/rancher/mirrored-pause:3.6\\\": failed to copy: httpReadSeeker: failed open: failed to do request: Get \\\"https://production.cloudflare.docker.com/registry-v2/docker/registry/v2/blobs/sha256/62/6270bb605e12e581514ada5fd5b3216f727db55dc87d5889c790e4c760683fee/data?expires=1771635439&signature=iG49X1n87%2Fn6CIQML6R7GBG4e7s%3D&version=3\\\": dial tcp: lookup production.cloudflare.docker.com: Try again\"" pod="kube-system/coredns-7566b5ff58-gqb7m" podUID="fc7a469c-0391-4b3e-9e8f-001b117c7318"
Feb 21 00:07:30 control k3s[5865]: E0221 00:07:30.567432    5865 handler_proxy.go:143] error resolving kube-system/metrics-server: no endpoints available for service "metrics-server"
Feb 21 00:07:33 control k3s[5865]: E0221 00:07:33.967705    5865 log.go:32] "ContainerStatus from runtime service failed" err="rpc error: code = NotFound desc = an error occurred when try to find container \"400ab157b770d2e3c78e4f13a03b4c41971c2c4f25f365508d22d1f460f16bfd\": not found" containerID="400ab157b770d2e3c78e4f13a03b4c41971c2c4f25f365508d22d1f460f16bfd"
Feb 21 00:07:33 control k3s[5865]: I0221 00:07:33.967776    5865 kuberuntime_gc.go:364] "Error getting ContainerStatus for containerID" containerID="400ab157b770d2e3c78e4f13a03b4c41971c2c4f25f365508d22d1f460f16bfd" err="rpc error: code = NotFound desc = an error occurred when try to find container \"400ab157b770d2e3c78e4f13a03b4c41971c2c4f25f365508d22d1f460f16bfd\": not found"
Feb 21 00:07:33 control k3s[5865]: E0221 00:07:33.968936    5865 log.go:32] "ContainerStatus from runtime service failed" err="rpc error: code = NotFound desc = an error occurred when try to find container \"b35d0ed79de77413a94a51d6aed63140c06671111bb529bf0883061935effd65\": not found" containerID="b35d0ed79de77413a94a51d6aed63140c06671111bb529bf0883061935effd65"
Feb 21 00:07:33 control k3s[5865]: I0221 00:07:33.968976    5865 kuberuntime_gc.go:364] "Error getting ContainerStatus for containerID" containerID="b35d0ed79de77413a94a51d6aed63140c06671111bb529bf0883061935effd65" err="rpc error: code = NotFound desc = an error occurred when try to find container \"b35d0ed79de77413a94a51d6aed63140c06671111bb529bf0883061935effd65\": not found"
Feb 21 00:07:33 control k3s[5865]: E0221 00:07:33.969601    5865 log.go:32] "ContainerStatus from runtime service failed" err="rpc error: code = NotFound desc = an error occurred when try to find container \"30c3e7b71f7667f7498c51225afb3bd8a6c4e502f0f273a2769e4e6f7596d8ea\": not found" containerID="30c3e7b71f7667f7498c51225afb3bd8a6c4e502f0f273a2769e4e6f7596d8ea"
Feb 21 00:07:33 control k3s[5865]: I0221 00:07:33.969630    5865 kuberuntime_gc.go:364] "Error getting ContainerStatus for containerID" containerID="30c3e7b71f7667f7498c51225afb3bd8a6c4e502f0f273a2769e4e6f7596d8ea" err="rpc error: code = NotFound desc = an error occurred when try to find container \"30c3e7b71f7667f7498c51225afb3bd8a6c4e502f0f273a2769e4e6f7596d8ea\": not found"
Feb 21 00:07:33 control k3s[5865]: E0221 00:07:33.972069    5865 log.go:32] "ContainerStatus from runtime service failed" err="rpc error: code = NotFound desc = an error occurred when try to find container \"0698d577ea9e7b2d3087ad0fff4f43a32e5b0715feb8a9d61f0e89af42f7d560\": not found" containerID="0698d577ea9e7b2d3087ad0fff4f43a32e5b0715feb8a9d61f0e89af42f7d560"
Feb 21 00:07:33 control k3s[5865]: I0221 00:07:33.973051    5865 kuberuntime_gc.go:364] "Error getting ContainerStatus for containerID" containerID="0698d577ea9e7b2d3087ad0fff4f43a32e5b0715feb8a9d61f0e89af42f7d560" err="rpc error: code = NotFound desc = an error occurred when try to find container \"0698d577ea9e7b2d3087ad0fff4f43a32e5b0715feb8a9d61f0e89af42f7d560\": not found"
Feb 21 00:07:33 control k3s[5865]: E0221 00:07:33.974195    5865 log.go:32] "ContainerStatus from runtime service failed" err="rpc error: code = NotFound desc = an error occurred when try to find container \"2ce1a75bc460d3c1edc751b0441d1aab2894ea379468c25986c49e4a15349878\": not found" containerID="2ce1a75bc460d3c1edc751b0441d1aab2894ea379468c25986c49e4a15349878"
Feb 21 00:07:33 control k3s[5865]: I0221 00:07:33.974359    5865 kuberuntime_gc.go:364] "Error getting ContainerStatus for containerID" containerID="2ce1a75bc460d3c1edc751b0441d1aab2894ea379468c25986c49e4a15349878" err="rpc error: code = NotFound desc = an error occurred when try to find container \"2ce1a75bc460d3c1edc751b0441d1aab2894ea379468c25986c49e4a15349878\": not found"
Feb 21 00:07:33 control k3s[5865]: E0221 00:07:33.975568    5865 log.go:32] "ContainerStatus from runtime service failed" err="rpc error: code = NotFound desc = an error occurred when try to find container \"a6c4b83d7effb7ebcc04e6cea034bb390e350401c04ab7243b80a37561af193a\": not found" containerID="a6c4b83d7effb7ebcc04e6cea034bb390e350401c04ab7243b80a37561af193a"
Feb 21 00:07:33 control k3s[5865]: I0221 00:07:33.975604    5865 kuberuntime_gc.go:364] "Error getting ContainerStatus for containerID" containerID="a6c4b83d7effb7ebcc04e6cea034bb390e350401c04ab7243b80a37561af193a" err="rpc error: code = NotFound desc = an error occurred when try to find container \"a6c4b83d7effb7ebcc04e6cea034bb390e350401c04ab7243b80a37561af193a\": not found"
Feb 21 00:07:33 control k3s[5865]: E0221 00:07:33.977314    5865 log.go:32] "ContainerStatus from runtime service failed" err="rpc error: code = NotFound desc = an error occurred when try to find container \"2fe2479a5257310e74adf2778eaf6e90252977df9ca288ea12ab5da40aebcded\": not found" containerID="2fe2479a5257310e74adf2778eaf6e90252977df9ca288ea12ab5da40aebcded"
Feb 21 00:07:33 control k3s[5865]: I0221 00:07:33.977348    5865 kuberuntime_gc.go:364] "Error getting ContainerStatus for containerID" containerID="2fe2479a5257310e74adf2778eaf6e90252977df9ca288ea12ab5da40aebcded" err="rpc error: code = NotFound desc = an error occurred when try to find container \"2fe2479a5257310e74adf2778eaf6e90252977df9ca288ea12ab5da40aebcded\": not found"
Feb 21 00:07:33 control k3s[5865]: E0221 00:07:33.978280    5865 log.go:32] "ContainerStatus from runtime service failed" err="rpc error: code = NotFound desc = an error occurred when try to find container \"89b43ead588a48e4f995729f95d8e4a60c73181d9d2da69ce927bba34ce41f36\": not found" containerID="89b43ead588a48e4f995729f95d8e4a60c73181d9d2da69ce927bba34ce41f36"
Feb 21 00:07:33 control k3s[5865]: I0221 00:07:33.978314    5865 kuberuntime_gc.go:364] "Error getting ContainerStatus for containerID" containerID="89b43ead588a48e4f995729f95d8e4a60c73181d9d2da69ce927bba34ce41f36" err="rpc error: code = NotFound desc = an error occurred when try to find container \"89b43ead588a48e4f995729f95d8e4a60c73181d9d2da69ce927bba34ce41f36\": not found"
Feb 21 00:07:33 control k3s[5865]: E0221 00:07:33.979097    5865 log.go:32] "ContainerStatus from runtime service failed" err="rpc error: code = NotFound desc = an error occurred when try to find container \"45f19657cba5bea6dd618b56dca7c2ad9dea8191bd29246aef333e481262dae7\": not found" containerID="45f19657cba5bea6dd618b56dca7c2ad9dea8191bd29246aef333e481262dae7"
Feb 21 00:07:33 control k3s[5865]: I0221 00:07:33.979130    5865 kuberuntime_gc.go:364] "Error getting ContainerStatus for containerID" containerID="45f19657cba5bea6dd618b56dca7c2ad9dea8191bd29246aef333e481262dae7" err="rpc error: code = NotFound desc = an error occurred when try to find container \"45f19657cba5bea6dd618b56dca7c2ad9dea8191bd29246aef333e481262dae7\": not found"
Feb 21 00:07:33 control k3s[5865]: E0221 00:07:33.980496    5865 log.go:32] "ContainerStatus from runtime service failed" err="rpc error: code = NotFound desc = an error occurred when try to find container \"a12be3624e12267a86484b96d50b28503f75d98762cdeff570cc779a4d3c1327\": not found" containerID="a12be3624e12267a86484b96d50b28503f75d98762cdeff570cc779a4d3c1327"
Feb 21 00:07:33 control k3s[5865]: I0221 00:07:33.980870    5865 kuberuntime_gc.go:364] "Error getting ContainerStatus for containerID" containerID="a12be3624e12267a86484b96d50b28503f75d98762cdeff570cc779a4d3c1327" err="rpc error: code = NotFound desc = an error occurred when try to find container \"a12be3624e12267a86484b96d50b28503f75d98762cdeff570cc779a4d3c1327\": not found"
Feb 21 00:07:33 control k3s[5865]: E0221 00:07:33.982497    5865 log.go:32] "ContainerStatus from runtime service failed" err="rpc error: code = NotFound desc = an error occurred when try to find container \"48ad3c651b25c05d1120f8bb874b85fa0db2c3beec93bfb6b98fb834bdf2714a\": not found" containerID="48ad3c651b25c05d1120f8bb874b85fa0db2c3beec93bfb6b98fb834bdf2714a"
Feb 21 00:07:33 control k3s[5865]: I0221 00:07:33.982568    5865 kuberuntime_gc.go:364] "Error getting ContainerStatus for containerID" containerID="48ad3c651b25c05d1120f8bb874b85fa0db2c3beec93bfb6b98fb834bdf2714a" err="rpc error: code = NotFound desc = an error occurred when try to find container \"48ad3c651b25c05d1120f8bb874b85fa0db2c3beec93bfb6b98fb834bdf2714a\": not found"
Feb 21 00:07:33 control k3s[5865]: E0221 00:07:33.983366    5865 log.go:32] "ContainerStatus from runtime service failed" err="rpc error: code = NotFound desc = an error occurred when try to find container \"e0a17d6315f14be1980deb4035d896b83128fb3f81f04dd2afbaf8f54f5f8f07\": not found" containerID="e0a17d6315f14be1980deb4035d896b83128fb3f81f04dd2afbaf8f54f5f8f07"
Feb 21 00:07:33 control k3s[5865]: I0221 00:07:33.983397    5865 kuberuntime_gc.go:364] "Error getting ContainerStatus for containerID" containerID="e0a17d6315f14be1980deb4035d896b83128fb3f81f04dd2afbaf8f54f5f8f07" err="rpc error: code = NotFound desc = an error occurred when try to find container \"e0a17d6315f14be1980deb4035d896b83128fb3f81f04dd2afbaf8f54f5f8f07\": not found"
Feb 21 00:07:33 control k3s[5865]: E0221 00:07:33.985359    5865 log.go:32] "ContainerStatus from runtime service failed" err="rpc error: code = NotFound desc = an error occurred when try to find container \"c44d279592018010c0e642bd3441c5e7e39cd4607cb559bb6c632d7e6fffa4cc\": not found" containerID="c44d279592018010c0e642bd3441c5e7e39cd4607cb559bb6c632d7e6fffa4cc"
Feb 21 00:07:33 control k3s[5865]: I0221 00:07:33.986161    5865 kuberuntime_gc.go:364] "Error getting ContainerStatus for containerID" containerID="c44d279592018010c0e642bd3441c5e7e39cd4607cb559bb6c632d7e6fffa4cc" err="rpc error: code = NotFound desc = an error occurred when try to find container \"c44d279592018010c0e642bd3441c5e7e39cd4607cb559bb6c632d7e6fffa4cc\": not found"
Feb 21 00:07:33 control k3s[5865]: E0221 00:07:33.988099    5865 log.go:32] "ContainerStatus from runtime service failed" err="rpc error: code = NotFound desc = an error occurred when try to find container \"e77a6d03203aba82a6d840f4e129ef1f5910ecbb7c97efc291ca9649db3ea0a8\": not found" containerID="e77a6d03203aba82a6d840f4e129ef1f5910ecbb7c97efc291ca9649db3ea0a8"
Feb 21 00:07:33 control k3s[5865]: I0221 00:07:33.988574    5865 kuberuntime_gc.go:364] "Error getting ContainerStatus for containerID" containerID="e77a6d03203aba82a6d840f4e129ef1f5910ecbb7c97efc291ca9649db3ea0a8" err="rpc error: code = NotFound desc = an error occurred when try to find container \"e77a6d03203aba82a6d840f4e129ef1f5910ecbb7c97efc291ca9649db3ea0a8\": not found"
Feb 21 00:07:39 control k3s[5865]: E0221 00:07:39.127673    5865 resource_quota_controller.go:460] "Error during resource discovery" err="unable to retrieve the complete list of server APIs: metrics.k8s.io/v1beta1: stale GroupVersion discovery: metrics.k8s.io/v1beta1"
Feb 21 00:07:40 control k3s[5865]: I0221 00:07:40.670208    5865 garbagecollector.go:792] "failed to discover some groups" groups="map[\"metrics.k8s.io/v1beta1\":\"stale GroupVersion discovery: metrics.k8s.io/v1beta1\"]"
Feb 21 00:07:40 control k3s[5865]: W0221 00:07:40.802520    5865 handler_proxy.go:99] no RequestInfo found in the context
Feb 21 00:07:40 control k3s[5865]: E0221 00:07:40.802678    5865 controller.go:102] "Unhandled Error" err=<
Feb 21 00:07:40 control k3s[5865]:         loading OpenAPI spec for "v1beta1.metrics.k8s.io" failed with: failed to download v1beta1.metrics.k8s.io: failed to retrieve openAPI spec, http error: ResponseCode: 503, Body: service unavailable
Feb 21 00:07:40 control k3s[5865]:         , Header: map[Content-Type:[text/plain; charset=utf-8] X-Content-Type-Options:[nosniff]]
Feb 21 00:07:40 control k3s[5865]:  >
Feb 21 00:07:40 control k3s[5865]: I0221 00:07:40.802706    5865 controller.go:109] OpenAPI AggregationController: action for item v1beta1.metrics.k8s.io: Rate Limited Requeue.
Feb 21 00:07:40 control k3s[5865]: W0221 00:07:40.804028    5865 handler_proxy.go:99] no RequestInfo found in the context
Feb 21 00:07:40 control k3s[5865]: E0221 00:07:40.804300    5865 controller.go:113] "Unhandled Error" err="loading OpenAPI spec for \"v1beta1.metrics.k8s.io\" failed with: Error, could not get list of group versions for APIService"
Feb 21 00:07:40 control k3s[5865]: I0221 00:07:40.804324    5865 controller.go:126] OpenAPI AggregationController: action for item v1beta1.metrics.k8s.io: Rate Limited Requeue.
Feb 21 00:07:48 control k3s[5865]: I0221 00:07:48.503266    5865 pod_startup_latency_tracker.go:108] "Observed pod startup duration" pod="kube-system/metrics-server-786d997795-stml5" podStartSLOduration=50.834757351 podStartE2EDuration="1m8.50325094s" podCreationTimestamp="2026-02-21 00:06:40 +0000 UTC" firstStartedPulling="2026-02-21 00:07:28.753655111 +0000 UTC m=+65.419997910" lastFinishedPulling="2026-02-21 00:07:46.422148718 +0000 UTC m=+83.088491499" observedRunningTime="2026-02-21 00:07:47.265111104 +0000 UTC m=+83.931453931" watchObservedRunningTime="2026-02-21 00:07:48.50325094 +0000 UTC m=+85.169593719"
Feb 21 00:07:48 control k3s[5865]: E0221 00:07:48.914589    5865 log.go:32] "PullImage from image service failed" err="rpc error: code = Unknown desc = failed to pull and unpack image \"docker.io/rancher/mirrored-coredns-coredns:1.14.1\": failed to copy: httpReadSeeker: failed open: failed to do request: Get \"https://registry-1.docker.io/v2/rancher/mirrored-coredns-coredns/manifests/sha256:82b57287b29beb757c740dbbe68f2d4723da94715b563fffad5c13438b71b14a\": dial tcp: lookup registry-1.docker.io: Try again" image="rancher/mirrored-coredns-coredns:1.14.1"
Feb 21 00:07:48 control k3s[5865]: E0221 00:07:48.914709    5865 kuberuntime_image.go:43] "Failed to pull image" err="failed to pull and unpack image \"docker.io/rancher/mirrored-coredns-coredns:1.14.1\": failed to copy: httpReadSeeker: failed open: failed to do request: Get \"https://registry-1.docker.io/v2/rancher/mirrored-coredns-coredns/manifests/sha256:82b57287b29beb757c740dbbe68f2d4723da94715b563fffad5c13438b71b14a\": dial tcp: lookup registry-1.docker.io: Try again" image="rancher/mirrored-coredns-coredns:1.14.1"
Feb 21 00:07:48 control k3s[5865]: E0221 00:07:48.915116    5865 kuberuntime_manager.go:1664] "Unhandled Error" err="container coredns start failed in pod coredns-7566b5ff58-gqb7m_kube-system(fc7a469c-0391-4b3e-9e8f-001b117c7318): ErrImagePull: failed to pull and unpack image \"docker.io/rancher/mirrored-coredns-coredns:1.14.1\": failed to copy: httpReadSeeker: failed open: failed to do request: Get \"https://registry-1.docker.io/v2/rancher/mirrored-coredns-coredns/manifests/sha256:82b57287b29beb757c740dbbe68f2d4723da94715b563fffad5c13438b71b14a\": dial tcp: lookup registry-1.docker.io: Try again"
Feb 21 00:07:48 control k3s[5865]: E0221 00:07:48.915213    5865 pod_workers.go:1324] "Error syncing pod, skipping" err="failed to \"StartContainer\" for \"coredns\" with ErrImagePull: \"failed to pull and unpack image \\\"docker.io/rancher/mirrored-coredns-coredns:1.14.1\\\": failed to copy: httpReadSeeker: failed open: failed to do request: Get \\\"https://registry-1.docker.io/v2/rancher/mirrored-coredns-coredns/manifests/sha256:82b57287b29beb757c740dbbe68f2d4723da94715b563fffad5c13438b71b14a\\\": dial tcp: lookup registry-1.docker.io: Try again\"" pod="kube-system/coredns-7566b5ff58-gqb7m" podUID="fc7a469c-0391-4b3e-9e8f-001b117c7318"
Feb 21 00:07:49 control k3s[5865]: E0221 00:07:49.495916    5865 pod_workers.go:1324] "Error syncing pod, skipping" err="failed to \"StartContainer\" for \"coredns\" with ImagePullBackOff: \"Back-off pulling image \\\"rancher/mirrored-coredns-coredns:1.14.1\\\": ErrImagePull: failed to pull and unpack image \\\"docker.io/rancher/mirrored-coredns-coredns:1.14.1\\\": failed to copy: httpReadSeeker: failed open: failed to do request: Get \\\"https://registry-1.docker.io/v2/rancher/mirrored-coredns-coredns/manifests/sha256:82b57287b29beb757c740dbbe68f2d4723da94715b563fffad5c13438b71b14a\\\": dial tcp: lookup registry-1.docker.io: Try again\"" pod="kube-system/coredns-7566b5ff58-gqb7m" podUID="fc7a469c-0391-4b3e-9e8f-001b117c7318"
Feb 21 00:07:49 control k3s[5865]: I0221 00:07:49.551288    5865 pod_startup_latency_tracker.go:108] "Observed pod startup duration" pod="kube-system/local-path-provisioner-6bc6568469-gbzsf" podStartSLOduration=50.896064935 podStartE2EDuration="1m9.551266987s" podCreationTimestamp="2026-02-21 00:06:40 +0000 UTC" firstStartedPulling="2026-02-21 00:07:28.793531407 +0000 UTC m=+65.459874189" lastFinishedPulling="2026-02-21 00:07:47.448733447 +0000 UTC m=+84.115076241" observedRunningTime="2026-02-21 00:07:48.503866122 +0000 UTC m=+85.170208905" watchObservedRunningTime="2026-02-21 00:07:49.551266987 +0000 UTC m=+86.217609777"
Feb 21 00:08:05 control k3s[5865]: I0221 00:08:05.680955    5865 handler.go:304] Adding GroupVersion metrics.k8s.io v1beta1 to ResourceManager
Feb 21 00:08:19 control k3s[5865]: I0221 00:08:19.423886    5865 pod_startup_latency_tracker.go:108] "Observed pod startup duration" pod="kube-system/coredns-7566b5ff58-gqb7m" podStartSLOduration=61.700993205 podStartE2EDuration="1m39.423857902s" podCreationTimestamp="2026-02-21 00:06:40 +0000 UTC" firstStartedPulling="2026-02-21 00:07:39.553131138 +0000 UTC m=+76.219473948" lastFinishedPulling="2026-02-21 00:08:17.275995832 +0000 UTC m=+113.942338645" observedRunningTime="2026-02-21 00:08:19.411027857 +0000 UTC m=+116.077370675" watchObservedRunningTime="2026-02-21 00:08:19.423857902 +0000 UTC m=+116.090200715"
Feb 21 00:10:03 control k3s[5865]: W0221 00:10:03.811538    5865 watcher.go:93] Error while processing event ("/sys/fs/cgroup/user.slice/user-1000.slice/user-runtime-dir@1000.service": 0x40000100 == IN_CREATE|IN_ISDIR): inotify_add_watch /sys/fs/cgroup/user.slice/user-1000.slice/user-runtime-dir@1000.service: no such file or directory
Feb 21 00:10:03 control k3s[5865]: E0221 00:10:03.819927    5865 health_controller.go:212] Metrics Controller heartbeat missed
Feb 21 00:12:33 control k3s[5865]: E0221 00:12:33.826429    5865 health_controller.go:212] Metrics Controller heartbeat missed
