Mar 19 00:18:49 control k3s[8666]: I0319 00:18:49.366627    8666 configmap_cafile_content.go:205] "Starting controller" name="client-ca::kube-system::extension-apiserver-authentication::requestheader-client-ca-file"
Mar 19 00:18:49 control k3s[8666]: I0319 00:18:49.366640    8666 shared_informer.go:370] "Waiting for caches to sync"
Mar 19 00:18:49 control k3s[8666]: I0319 00:18:49.367829    8666 dynamic_serving_content.go:135] "Starting controller" name="serving-cert::/var/lib/rancher/k3s/server/tls/kube-scheduler/kube-scheduler.crt::/var/lib/rancher/k3s/server/tls/kube-scheduler/kube-scheduler.key"
Mar 19 00:18:49 control k3s[8666]: I0319 00:18:49.368244    8666 secure_serving.go:211] Serving securely on 127.0.0.1:10259
Mar 19 00:18:49 control k3s[8666]: I0319 00:18:49.368597    8666 tlsconfig.go:243] "Starting DynamicServingCertificateController"
Mar 19 00:18:49 control k3s[8666]: I0319 00:18:49.462028    8666 controllermanager.go:627] "Warning: controller is disabled" controller="node-route-controller"
Mar 19 00:18:49 control k3s[8666]: I0319 00:18:49.467168    8666 shared_informer.go:377] "Caches are synced"
Mar 19 00:18:49 control k3s[8666]: I0319 00:18:49.467859    8666 shared_informer.go:377] "Caches are synced"
Mar 19 00:18:49 control k3s[8666]: I0319 00:18:49.468339    8666 shared_informer.go:377] "Caches are synced"
Mar 19 00:18:49 control k3s[8666]: I0319 00:18:49.615066    8666 controller_descriptor.go:99] "Controller is disabled by a feature gate" controller="kube-apiserver-serving-clustertrustbundle-publisher-controller" requiredFeatureGates=["ClusterTrustBundle"]
Mar 19 00:18:49 control k3s[8666]: I0319 00:18:49.615705    8666 controllermanager.go:579] "Warning: skipping controller" controller="kube-apiserver-serving-clustertrustbundle-publisher-controller"
Mar 19 00:18:49 control k3s[8666]: I0319 00:18:49.635302    8666 event.go:389] "Event occurred" object="control" fieldPath="" kind="Node" apiVersion="" type="Normal" reason="NodePasswordValidationComplete" message="Deferred node password secret validation complete"
Mar 19 00:18:49 control k3s[8666]: I0319 00:18:49.766656    8666 controller_descriptor.go:99] "Controller is disabled by a feature gate" controller="storageversion-garbage-collector-controller" requiredFeatureGates=["APIServerIdentity","StorageVersionAPI"]
Mar 19 00:18:49 control k3s[8666]: I0319 00:18:49.766696    8666 controllermanager.go:579] "Warning: skipping controller" controller="storageversion-garbage-collector-controller"
Mar 19 00:18:49 control k3s[8666]: I0319 00:18:49.773278    8666 controller.go:174] "Starting ephemeral volume controller"
Mar 19 00:18:49 control k3s[8666]: I0319 00:18:49.773327    8666 shared_informer.go:370] "Waiting for caches to sync"
Mar 19 00:18:49 control k3s[8666]: I0319 00:18:49.776050    8666 shared_informer.go:370] "Waiting for caches to sync"
Mar 19 00:18:49 control k3s[8666]: I0319 00:18:49.776088    8666 shared_informer.go:370] "Waiting for caches to sync"
Mar 19 00:18:49 control k3s[8666]: I0319 00:18:49.776157    8666 stateful_set.go:180] "Starting stateful set controller"
Mar 19 00:18:49 control k3s[8666]: I0319 00:18:49.776163    8666 shared_informer.go:370] "Waiting for caches to sync"
Mar 19 00:18:49 control k3s[8666]: I0319 00:18:49.776207    8666 cronjob_controllerv2.go:143] "Starting cronjob controller v2"
Mar 19 00:18:49 control k3s[8666]: I0319 00:18:49.776212    8666 shared_informer.go:370] "Waiting for caches to sync"
Mar 19 00:18:49 control k3s[8666]: I0319 00:18:49.776244    8666 pv_controller_base.go:307] "Starting persistent volume controller"
Mar 19 00:18:49 control k3s[8666]: I0319 00:18:49.776250    8666 shared_informer.go:370] "Waiting for caches to sync"
Mar 19 00:18:49 control k3s[8666]: I0319 00:18:49.776266    8666 pv_protection_controller.go:81] "Starting PV protection controller"
Mar 19 00:18:49 control k3s[8666]: I0319 00:18:49.776272    8666 shared_informer.go:370] "Waiting for caches to sync"
Mar 19 00:18:49 control k3s[8666]: I0319 00:18:49.776288    8666 namespace_controller.go:202] "Starting namespace controller"
Mar 19 00:18:49 control k3s[8666]: I0319 00:18:49.776293    8666 shared_informer.go:370] "Waiting for caches to sync"
Mar 19 00:18:49 control k3s[8666]: I0319 00:18:49.776327    8666 deployment_controller.go:172] "Starting controller" controller="deployment"
Mar 19 00:18:49 control k3s[8666]: I0319 00:18:49.776332    8666 shared_informer.go:370] "Waiting for caches to sync"
Mar 19 00:18:49 control k3s[8666]: I0319 00:18:49.776348    8666 disruption.go:458] "Sending events to api server."
Mar 19 00:18:49 control k3s[8666]: I0319 00:18:49.776364    8666 disruption.go:465] "Starting disruption controller"
Mar 19 00:18:49 control k3s[8666]: I0319 00:18:49.776368    8666 shared_informer.go:370] "Waiting for caches to sync"
Mar 19 00:18:49 control k3s[8666]: I0319 00:18:49.776382    8666 ttl_controller.go:127] "Starting TTL controller"
Mar 19 00:18:49 control k3s[8666]: I0319 00:18:49.776387    8666 shared_informer.go:370] "Waiting for caches to sync"
Mar 19 00:18:49 control k3s[8666]: I0319 00:18:49.776420    8666 clusterroleaggregation_controller.go:194] "Starting ClusterRoleAggregator controller"
Mar 19 00:18:49 control k3s[8666]: I0319 00:18:49.776426    8666 shared_informer.go:370] "Waiting for caches to sync"
Mar 19 00:18:49 control k3s[8666]: I0319 00:18:49.776444    8666 publisher.go:107] "Starting root CA cert publisher controller"
Mar 19 00:18:49 control k3s[8666]: I0319 00:18:49.776450    8666 shared_informer.go:370] "Waiting for caches to sync"
Mar 19 00:18:49 control k3s[8666]: I0319 00:18:49.776465    8666 gc_controller.go:98] "Starting GC controller"
Mar 19 00:18:49 control k3s[8666]: I0319 00:18:49.776471    8666 shared_informer.go:370] "Waiting for caches to sync"
Mar 19 00:18:49 control k3s[8666]: I0319 00:18:49.776504    8666 job_controller.go:254] "Starting job controller"
Mar 19 00:18:49 control k3s[8666]: I0319 00:18:49.776508    8666 shared_informer.go:370] "Waiting for caches to sync"
Mar 19 00:18:49 control k3s[8666]: I0319 00:18:49.776533    8666 certificate_controller.go:120] "Starting certificate controller" name="csrsigning-legacy-unknown"
Mar 19 00:18:49 control k3s[8666]: I0319 00:18:49.776572    8666 shared_informer.go:370] "Waiting for caches to sync"
Mar 19 00:18:49 control k3s[8666]: I0319 00:18:49.776591    8666 tokencleaner.go:117] "Starting token cleaner controller"
Mar 19 00:18:49 control k3s[8666]: I0319 00:18:49.776596    8666 shared_informer.go:370] "Waiting for caches to sync"
Mar 19 00:18:49 control k3s[8666]: I0319 00:18:49.776636    8666 attach_detach_controller.go:335] "Starting attach detach controller"
Mar 19 00:18:49 control k3s[8666]: I0319 00:18:49.776641    8666 shared_informer.go:370] "Waiting for caches to sync"
Mar 19 00:18:49 control k3s[8666]: I0319 00:18:49.776683    8666 controller.go:423] "Starting resource claim controller"
Mar 19 00:18:49 control k3s[8666]: I0319 00:18:49.776689    8666 shared_informer.go:370] "Waiting for caches to sync"
Mar 19 00:18:49 control k3s[8666]: I0319 00:18:49.776713    8666 legacy_serviceaccount_token_cleaner.go:103] "Starting legacy service account token cleaner controller"
Mar 19 00:18:49 control k3s[8666]: I0319 00:18:49.776719    8666 shared_informer.go:370] "Waiting for caches to sync"
Mar 19 00:18:49 control k3s[8666]: I0319 00:18:49.776756    8666 endpointslice_controller.go:283] "Starting endpoint slice controller"
Mar 19 00:18:49 control k3s[8666]: I0319 00:18:49.776761    8666 shared_informer.go:370] "Waiting for caches to sync"
Mar 19 00:18:49 control k3s[8666]: I0319 00:18:49.776971    8666 replica_set.go:241] "Starting controller" name="replicaset"
Mar 19 00:18:49 control k3s[8666]: I0319 00:18:49.776978    8666 shared_informer.go:370] "Waiting for caches to sync"
Mar 19 00:18:49 control k3s[8666]: I0319 00:18:49.776994    8666 certificate_controller.go:120] "Starting certificate controller" name="csrapproving"
Mar 19 00:18:49 control k3s[8666]: I0319 00:18:49.776999    8666 shared_informer.go:370] "Waiting for caches to sync"
Mar 19 00:18:49 control k3s[8666]: I0319 00:18:49.777047    8666 node_ipam_controller.go:142] "Starting ipam controller"
Mar 19 00:18:49 control k3s[8666]: I0319 00:18:49.777051    8666 shared_informer.go:370] "Waiting for caches to sync"
Mar 19 00:18:49 control k3s[8666]: I0319 00:18:49.777069    8666 pvc_protection_controller.go:166] "Starting PVC protection controller"
Mar 19 00:18:49 control k3s[8666]: I0319 00:18:49.777075    8666 shared_informer.go:370] "Waiting for caches to sync"
Mar 19 00:18:49 control k3s[8666]: I0319 00:18:49.777114    8666 servicecidrs_controller.go:136] "Starting" controller="service-cidr-controller"
Mar 19 00:18:49 control k3s[8666]: I0319 00:18:49.777119    8666 shared_informer.go:370] "Waiting for caches to sync"
Mar 19 00:18:49 control k3s[8666]: I0319 00:18:49.777135    8666 cleaner.go:83] "Starting CSR cleaner controller"
Mar 19 00:18:49 control k3s[8666]: I0319 00:18:49.777184    8666 node_lifecycle_controller.go:453] "Sending events to api server"
Mar 19 00:18:49 control k3s[8666]: I0319 00:18:49.777198    8666 node_lifecycle_controller.go:460] "Starting node controller"
Mar 19 00:18:49 control k3s[8666]: I0319 00:18:49.777202    8666 shared_informer.go:370] "Waiting for caches to sync"
Mar 19 00:18:49 control k3s[8666]: I0319 00:18:49.777217    8666 ttlafterfinished_controller.go:112] "Starting TTL after finished controller"
Mar 19 00:18:49 control k3s[8666]: I0319 00:18:49.777222    8666 shared_informer.go:370] "Waiting for caches to sync"
Mar 19 00:18:49 control k3s[8666]: I0319 00:18:49.777255    8666 endpointslicemirroring_controller.go:226] "Starting EndpointSliceMirroring controller"
Mar 19 00:18:49 control k3s[8666]: I0319 00:18:49.777262    8666 shared_informer.go:370] "Waiting for caches to sync"
Mar 19 00:18:49 control k3s[8666]: I0319 00:18:49.777387    8666 daemon_controller.go:309] "Starting daemon sets controller"
Mar 19 00:18:49 control k3s[8666]: I0319 00:18:49.777393    8666 shared_informer.go:370] "Waiting for caches to sync"
Mar 19 00:18:49 control k3s[8666]: I0319 00:18:49.777409    8666 taint_eviction.go:283] "Starting" controller="taint-eviction-controller"
Mar 19 00:18:49 control k3s[8666]: I0319 00:18:49.777435    8666 taint_eviction.go:288] "Sending events to API server"
Mar 19 00:18:49 control k3s[8666]: I0319 00:18:49.777440    8666 shared_informer.go:370] "Waiting for caches to sync"
Mar 19 00:18:49 control k3s[8666]: I0319 00:18:49.777473    8666 endpoints_controller.go:193] "Starting endpoint controller"
Mar 19 00:18:49 control k3s[8666]: I0319 00:18:49.777478    8666 shared_informer.go:370] "Waiting for caches to sync"
Mar 19 00:18:49 control k3s[8666]: I0319 00:18:49.777512    8666 replica_set.go:241] "Starting controller" name="replicationcontroller"
Mar 19 00:18:49 control k3s[8666]: I0319 00:18:49.777517    8666 shared_informer.go:370] "Waiting for caches to sync"
Mar 19 00:18:49 control k3s[8666]: I0319 00:18:49.777532    8666 serviceaccounts_controller.go:117] "Starting service account controller"
Mar 19 00:18:49 control k3s[8666]: I0319 00:18:49.777537    8666 shared_informer.go:370] "Waiting for caches to sync"
Mar 19 00:18:49 control k3s[8666]: I0319 00:18:49.777553    8666 vac_protection_controller.go:206] "Starting VAC protection controller"
Mar 19 00:18:49 control k3s[8666]: I0319 00:18:49.777558    8666 shared_informer.go:370] "Waiting for caches to sync"
Mar 19 00:18:49 control k3s[8666]: I0319 00:18:49.777577    8666 horizontal.go:204] "Starting HPA controller"
Mar 19 00:18:49 control k3s[8666]: I0319 00:18:49.777582    8666 shared_informer.go:370] "Waiting for caches to sync"
Mar 19 00:18:49 control k3s[8666]: I0319 00:18:49.777596    8666 expand_controller.go:328] "Starting expand controller"
Mar 19 00:18:49 control k3s[8666]: I0319 00:18:49.777601    8666 shared_informer.go:370] "Waiting for caches to sync"
Mar 19 00:18:49 control k3s[8666]: I0319 00:18:49.777810    8666 certificate_controller.go:120] "Starting certificate controller" name="csrsigning-kubelet-serving"
Mar 19 00:18:49 control k3s[8666]: I0319 00:18:49.777816    8666 shared_informer.go:370] "Waiting for caches to sync"
Mar 19 00:18:49 control k3s[8666]: I0319 00:18:49.777834    8666 certificate_controller.go:120] "Starting certificate controller" name="csrsigning-kubelet-client"
Mar 19 00:18:49 control k3s[8666]: I0319 00:18:49.777840    8666 shared_informer.go:370] "Waiting for caches to sync"
Mar 19 00:18:49 control k3s[8666]: I0319 00:18:49.777858    8666 certificate_controller.go:120] "Starting certificate controller" name="csrsigning-kube-apiserver-client"
Mar 19 00:18:49 control k3s[8666]: I0319 00:18:49.777863    8666 shared_informer.go:370] "Waiting for caches to sync"
Mar 19 00:18:49 control k3s[8666]: I0319 00:18:49.777884    8666 dynamic_serving_content.go:135] "Starting controller" name="csr-controller::/var/lib/rancher/k3s/server/tls/server-ca.nochain.crt::/var/lib/rancher/k3s/server/tls/server-ca.key"
Mar 19 00:18:49 control k3s[8666]: I0319 00:18:49.777996    8666 resource_quota_controller.go:297] "Starting resource quota controller"
Mar 19 00:18:49 control k3s[8666]: I0319 00:18:49.778003    8666 shared_informer.go:370] "Waiting for caches to sync"
Mar 19 00:18:49 control k3s[8666]: I0319 00:18:49.778056    8666 garbagecollector.go:141] "Starting controller" controller="garbagecollector"
Mar 19 00:18:49 control k3s[8666]: I0319 00:18:49.778065    8666 shared_informer.go:370] "Waiting for caches to sync"
Mar 19 00:18:49 control k3s[8666]: I0319 00:18:49.778139    8666 dynamic_serving_content.go:135] "Starting controller" name="csr-controller::/var/lib/rancher/k3s/server/tls/server-ca.nochain.crt::/var/lib/rancher/k3s/server/tls/server-ca.key"
Mar 19 00:18:49 control k3s[8666]: I0319 00:18:49.778184    8666 dynamic_serving_content.go:135] "Starting controller" name="csr-controller::/var/lib/rancher/k3s/server/tls/client-ca.nochain.crt::/var/lib/rancher/k3s/server/tls/client-ca.key"
Mar 19 00:18:49 control k3s[8666]: I0319 00:18:49.778229    8666 dynamic_serving_content.go:135] "Starting controller" name="csr-controller::/var/lib/rancher/k3s/server/tls/client-ca.nochain.crt::/var/lib/rancher/k3s/server/tls/client-ca.key"
Mar 19 00:18:49 control k3s[8666]: I0319 00:18:49.778497    8666 resource_quota_monitor.go:309] "QuotaMonitor running"
Mar 19 00:18:49 control k3s[8666]: I0319 00:18:49.778692    8666 graph_builder.go:386] "Running" component="GraphBuilder"
Mar 19 00:18:49 control k3s[8666]: E0319 00:18:49.825421    8666 resource_quota_controller.go:460] "Error during resource discovery" err="unable to retrieve the complete list of server APIs: metrics.k8s.io/v1beta1: stale GroupVersion discovery: metrics.k8s.io/v1beta1"
Mar 19 00:18:49 control k3s[8666]: I0319 00:18:49.825874    8666 shared_informer.go:370] "Waiting for caches to sync"
Mar 19 00:18:49 control k3s[8666]: I0319 00:18:49.838179    8666 actual_state_of_world.go:541] "Failed to update statusUpdateNeeded field in actual state of world" err="Failed to set statusUpdateNeeded to needed true, because nodeName=\"control\" does not exist"
Mar 19 00:18:49 control k3s[8666]: I0319 00:18:49.873279    8666 garbagecollector.go:792] "failed to discover some groups" groups="map[\"metrics.k8s.io/v1beta1\":\"stale GroupVersion discovery: metrics.k8s.io/v1beta1\"]"
Mar 19 00:18:49 control k3s[8666]: I0319 00:18:49.873677    8666 shared_informer.go:377] "Caches are synced"
Mar 19 00:18:49 control k3s[8666]: I0319 00:18:49.878119    8666 shared_informer.go:377] "Caches are synced"
Mar 19 00:18:49 control k3s[8666]: I0319 00:18:49.878222    8666 shared_informer.go:377] "Caches are synced"
Mar 19 00:18:49 control k3s[8666]: I0319 00:18:49.878253    8666 shared_informer.go:377] "Caches are synced"
Mar 19 00:18:49 control k3s[8666]: I0319 00:18:49.878277    8666 shared_informer.go:377] "Caches are synced"
Mar 19 00:18:49 control k3s[8666]: I0319 00:18:49.878300    8666 shared_informer.go:377] "Caches are synced"
Mar 19 00:18:49 control k3s[8666]: I0319 00:18:49.878516    8666 shared_informer.go:377] "Caches are synced"
Mar 19 00:18:49 control k3s[8666]: I0319 00:18:49.878538    8666 shared_informer.go:377] "Caches are synced"
Mar 19 00:18:49 control k3s[8666]: I0319 00:18:49.878586    8666 shared_informer.go:377] "Caches are synced"
Mar 19 00:18:49 control k3s[8666]: I0319 00:18:49.879333    8666 shared_informer.go:377] "Caches are synced"
Mar 19 00:18:49 control k3s[8666]: I0319 00:18:49.879430    8666 shared_informer.go:377] "Caches are synced"
Mar 19 00:18:49 control k3s[8666]: I0319 00:18:49.880111    8666 shared_informer.go:377] "Caches are synced"
Mar 19 00:18:49 control k3s[8666]: I0319 00:18:49.880592    8666 shared_informer.go:377] "Caches are synced"
Mar 19 00:18:49 control k3s[8666]: I0319 00:18:49.880825    8666 shared_informer.go:377] "Caches are synced"
Mar 19 00:18:49 control k3s[8666]: I0319 00:18:49.880908    8666 shared_informer.go:377] "Caches are synced"
Mar 19 00:18:49 control k3s[8666]: I0319 00:18:49.880957    8666 shared_informer.go:377] "Caches are synced"
Mar 19 00:18:49 control k3s[8666]: I0319 00:18:49.880991    8666 shared_informer.go:377] "Caches are synced"
Mar 19 00:18:49 control k3s[8666]: I0319 00:18:49.881012    8666 shared_informer.go:377] "Caches are synced"
Mar 19 00:18:49 control k3s[8666]: I0319 00:18:49.881162    8666 shared_informer.go:377] "Caches are synced"
Mar 19 00:18:49 control k3s[8666]: I0319 00:18:49.881233    8666 shared_informer.go:377] "Caches are synced"
Mar 19 00:18:49 control k3s[8666]: I0319 00:18:49.881465    8666 shared_informer.go:377] "Caches are synced"
Mar 19 00:18:49 control k3s[8666]: I0319 00:18:49.881568    8666 shared_informer.go:377] "Caches are synced"
Mar 19 00:18:49 control k3s[8666]: I0319 00:18:49.881595    8666 shared_informer.go:377] "Caches are synced"
Mar 19 00:18:49 control k3s[8666]: I0319 00:18:49.881627    8666 shared_informer.go:377] "Caches are synced"
Mar 19 00:18:49 control k3s[8666]: I0319 00:18:49.881658    8666 range_allocator.go:177] "Sending events to api server"
Mar 19 00:18:49 control k3s[8666]: I0319 00:18:49.881680    8666 range_allocator.go:181] "Starting range CIDR allocator"
Mar 19 00:18:49 control k3s[8666]: I0319 00:18:49.881688    8666 shared_informer.go:370] "Waiting for caches to sync"
Mar 19 00:18:49 control k3s[8666]: I0319 00:18:49.881694    8666 shared_informer.go:377] "Caches are synced"
Mar 19 00:18:49 control k3s[8666]: I0319 00:18:49.882245    8666 shared_informer.go:377] "Caches are synced"
Mar 19 00:18:49 control k3s[8666]: I0319 00:18:49.882313    8666 shared_informer.go:377] "Caches are synced"
Mar 19 00:18:49 control k3s[8666]: I0319 00:18:49.882678    8666 shared_informer.go:377] "Caches are synced"
Mar 19 00:18:49 control k3s[8666]: I0319 00:18:49.883006    8666 node_lifecycle_controller.go:1234] "Initializing eviction metric for zone" zone=""
Mar 19 00:18:49 control k3s[8666]: I0319 00:18:49.883080    8666 node_lifecycle_controller.go:886] "Missing timestamp for Node. Assuming now as a timestamp" node="control"
Mar 19 00:18:49 control k3s[8666]: I0319 00:18:49.883131    8666 node_lifecycle_controller.go:1080] "Controller detected that zone is now in new state" zone="" newState="Normal"
Mar 19 00:18:49 control k3s[8666]: I0319 00:18:49.883180    8666 shared_informer.go:377] "Caches are synced"
Mar 19 00:18:49 control k3s[8666]: I0319 00:18:49.883201    8666 shared_informer.go:377] "Caches are synced"
Mar 19 00:18:49 control k3s[8666]: I0319 00:18:49.883278    8666 shared_informer.go:377] "Caches are synced"
Mar 19 00:18:49 control k3s[8666]: I0319 00:18:49.883298    8666 shared_informer.go:377] "Caches are synced"
Mar 19 00:18:49 control k3s[8666]: I0319 00:18:49.883350    8666 shared_informer.go:377] "Caches are synced"
Mar 19 00:18:49 control k3s[8666]: I0319 00:18:49.883439    8666 shared_informer.go:377] "Caches are synced"
Mar 19 00:18:49 control k3s[8666]: I0319 00:18:49.883467    8666 shared_informer.go:377] "Caches are synced"
Mar 19 00:18:49 control k3s[8666]: I0319 00:18:49.884245    8666 shared_informer.go:377] "Caches are synced"
Mar 19 00:18:49 control k3s[8666]: I0319 00:18:49.884340    8666 shared_informer.go:377] "Caches are synced"
Mar 19 00:18:49 control k3s[8666]: I0319 00:18:49.884366    8666 shared_informer.go:377] "Caches are synced"
Mar 19 00:18:49 control k3s[8666]: I0319 00:18:49.884869    8666 shared_informer.go:377] "Caches are synced"
Mar 19 00:18:49 control k3s[8666]: I0319 00:18:49.885619    8666 shared_informer.go:377] "Caches are synced"
Mar 19 00:18:49 control k3s[8666]: I0319 00:18:49.886297    8666 shared_informer.go:377] "Caches are synced"
Mar 19 00:18:49 control k3s[8666]: I0319 00:18:49.886384    8666 shared_informer.go:377] "Caches are synced"
Mar 19 00:18:49 control k3s[8666]: I0319 00:18:49.894110    8666 shared_informer.go:370] "Waiting for caches to sync"
Mar 19 00:18:49 control k3s[8666]: time="2026-03-19T00:18:49Z" level=info msg="Adding node OwnerReference to node-password secret control.node-password.k3s"
Mar 19 00:18:49 control k3s[8666]: I0319 00:18:49.914441    8666 range_allocator.go:433] "Set node PodCIDR" node="control" podCIDRs=["10.42.0.0/24"]
Mar 19 00:18:49 control k3s[8666]: time="2026-03-19T00:18:49Z" level=info msg="Flannel found PodCIDR assigned for node control"
Mar 19 00:18:49 control k3s[8666]: time="2026-03-19T00:18:49Z" level=info msg="The interface eth0 with ipv4 address 192.168.56.10 will be used by flannel"
Mar 19 00:18:49 control k3s[8666]: I0319 00:18:49.917369    8666 kube.go:139] Waiting 10m0s for node controller to sync
Mar 19 00:18:49 control k3s[8666]: I0319 00:18:49.919396    8666 kube.go:537] Starting kube subnet manager
Mar 19 00:18:49 control k3s[8666]: I0319 00:18:49.926471    8666 shared_informer.go:377] "Caches are synced"
Mar 19 00:18:50 control k3s[8666]: I0319 00:18:50.420261    8666 controller.go:667] quota admission added evaluator for: replicasets.apps
Mar 19 00:18:50 control k3s[8666]: I0319 00:18:50.674974    8666 cidrallocator.go:278] updated ClusterIP allocator for Service CIDR 10.43.0.0/16
Mar 19 00:18:50 control k3s[8666]: I0319 00:18:50.680336    8666 cidrallocator.go:278] updated ClusterIP allocator for Service CIDR 10.43.0.0/16
Mar 19 00:18:50 control k3s[8666]: W0319 00:18:50.780386    8666 handler_proxy.go:99] no RequestInfo found in the context
Mar 19 00:18:50 control k3s[8666]: E0319 00:18:50.780534    8666 controller.go:146] "Unhandled Error" err=<
Mar 19 00:18:50 control k3s[8666]:         Error updating APIService "v1beta1.metrics.k8s.io" with err: failed to download v1beta1.metrics.k8s.io: failed to retrieve openAPI spec, http error: ResponseCode: 503, Body: service unavailable
Mar 19 00:18:50 control k3s[8666]:         , Header: map[Content-Type:[text/plain; charset=utf-8] X-Content-Type-Options:[nosniff]]
Mar 19 00:18:50 control k3s[8666]:  >
Mar 19 00:18:50 control k3s[8666]: E0319 00:18:50.780632    8666 handler_proxy.go:143] error resolving kube-system/metrics-server: no endpoints available for service "metrics-server"
Mar 19 00:18:50 control k3s[8666]: I0319 00:18:50.859378    8666 event.go:389] "Event occurred" object="kube-system/traefik" fieldPath="" kind="HelmChart" apiVersion="helm.cattle.io/v1" type="Normal" reason="ApplyJob" message="Applying HelmChart using Job kube-system/helm-install-traefik"
Mar 19 00:18:50 control k3s[8666]: I0319 00:18:50.902703    8666 event.go:389] "Event occurred" object="kube-system/traefik-crd" fieldPath="" kind="HelmChart" apiVersion="helm.cattle.io/v1" type="Normal" reason="ApplyJob" message="Applying HelmChart using Job kube-system/helm-install-traefik-crd"
Mar 19 00:18:50 control k3s[8666]: I0319 00:18:50.921624    8666 kube.go:163] Node controller sync successful
Mar 19 00:18:50 control k3s[8666]: I0319 00:18:50.921818    8666 vxlan.go:128] VXLAN config: VNI=1 Port=0 GBP=false Learning=false DirectRouting=false
Mar 19 00:18:50 control k3s[8666]: I0319 00:18:50.965597    8666 kube.go:704] List of node(control) annotations: map[string]string{"alpha.kubernetes.io/provided-node-ip":"192.168.56.10", "k3s.io/hostname":"control", "k3s.io/internal-ip":"192.168.56.10", "k3s.io/node-args":"[\"server\",\"--node-ip\",\"192.168.56.10\",\"--advertise-address\",\"192.168.56.10\",\"--tls-san\",\"192.168.56.10\",\"--flannel-iface\",\"eth0\",\"--write-kubeconfig-mode\",\"644\"]", "k3s.io/node-config-hash":"4YYWB7RHZUTOUERWAQTCBIM7BT3BS4GRSBGXECAITYQCLHWAGQLA====", "k3s.io/node-env":"{\"K3S_KUBECONFIG_MODE\":\"644\"}", "node.alpha.kubernetes.io/ttl":"0", "volumes.kubernetes.io/controller-managed-attach-detach":"true"}
Mar 19 00:18:50 control k3s[8666]: I0319 00:18:50.978550    8666 shared_informer.go:377] "Caches are synced"
Mar 19 00:18:50 control k3s[8666]: I0319 00:18:50.978630    8666 garbagecollector.go:166] "Garbage collector: all resource monitors have synced"
Mar 19 00:18:50 control k3s[8666]: I0319 00:18:50.978641    8666 garbagecollector.go:169] "Proceeding to collect garbage"
Mar 19 00:18:51 control k3s[8666]: I0319 00:18:51.003425    8666 shared_informer.go:377] "Caches are synced"
Mar 19 00:18:51 control k3s[8666]: I0319 00:18:51.053462    8666 iptables.go:50] Starting flannel in iptables mode...
Mar 19 00:18:51 control k3s[8666]: time="2026-03-19T00:18:51Z" level=warning msg="no subnet found for key: FLANNEL_NETWORK in file: /run/flannel/subnet.env"
Mar 19 00:18:51 control k3s[8666]: time="2026-03-19T00:18:51Z" level=warning msg="no subnet found for key: FLANNEL_SUBNET in file: /run/flannel/subnet.env"
Mar 19 00:18:51 control k3s[8666]: time="2026-03-19T00:18:51Z" level=warning msg="no subnet found for key: FLANNEL_IPV6_NETWORK in file: /run/flannel/subnet.env"
Mar 19 00:18:51 control k3s[8666]: time="2026-03-19T00:18:51Z" level=warning msg="no subnet found for key: FLANNEL_IPV6_SUBNET in file: /run/flannel/subnet.env"
Mar 19 00:18:51 control k3s[8666]: I0319 00:18:51.053571    8666 iptables.go:101] Current network or subnet (10.42.0.0/16, 10.42.0.0/24) is not equal to previous one (0.0.0.0/0, 0.0.0.0/0), trying to recycle old iptables rules
Mar 19 00:18:51 control k3s[8666]: I0319 00:18:51.095545    8666 kube.go:558] Creating the node lease for IPv4. This is the n.Spec.PodCIDRs: [10.42.0.0/24]
Mar 19 00:18:51 control k3s[8666]: I0319 00:18:51.102325    8666 iptables.go:111] Setting up masking rules
Mar 19 00:18:51 control k3s[8666]: I0319 00:18:51.111192    8666 iptables.go:212] Changing default FORWARD chain policy to ACCEPT
Mar 19 00:18:51 control k3s[8666]: time="2026-03-19T00:18:51Z" level=info msg="Wrote flannel subnet file to /run/flannel/subnet.env"
Mar 19 00:18:51 control k3s[8666]: time="2026-03-19T00:18:51Z" level=info msg="Running flannel backend."
Mar 19 00:18:51 control k3s[8666]: I0319 00:18:51.115241    8666 vxlan_network.go:68] watching for new subnet leases
Mar 19 00:18:51 control k3s[8666]: I0319 00:18:51.115285    8666 vxlan_network.go:115] starting vxlan device watcher
Mar 19 00:18:51 control k3s[8666]: I0319 00:18:51.229337    8666 reconciler_common.go:251] "operationExecutor.VerifyControllerAttachedVolume started for volume \"config-volume\" (UniqueName: \"kubernetes.io/configmap/0c076c40-a2e8-40a5-b1e7-350f5255da61-config-volume\") pod \"coredns-7566b5ff58-gpktj\" (UID: \"0c076c40-a2e8-40a5-b1e7-350f5255da61\") " pod="kube-system/coredns-7566b5ff58-gpktj"
Mar 19 00:18:51 control k3s[8666]: I0319 00:18:51.229435    8666 reconciler_common.go:251] "operationExecutor.VerifyControllerAttachedVolume started for volume \"custom-config-volume\" (UniqueName: \"kubernetes.io/configmap/0c076c40-a2e8-40a5-b1e7-350f5255da61-custom-config-volume\") pod \"coredns-7566b5ff58-gpktj\" (UID: \"0c076c40-a2e8-40a5-b1e7-350f5255da61\") " pod="kube-system/coredns-7566b5ff58-gpktj"
Mar 19 00:18:51 control k3s[8666]: I0319 00:18:51.229501    8666 reconciler_common.go:251] "operationExecutor.VerifyControllerAttachedVolume started for volume \"kube-api-access-xn6vq\" (UniqueName: \"kubernetes.io/projected/0c076c40-a2e8-40a5-b1e7-350f5255da61-kube-api-access-xn6vq\") pod \"coredns-7566b5ff58-gpktj\" (UID: \"0c076c40-a2e8-40a5-b1e7-350f5255da61\") " pod="kube-system/coredns-7566b5ff58-gpktj"
Mar 19 00:18:51 control k3s[8666]: I0319 00:18:51.267582    8666 iptables.go:358] bootstrap done
Mar 19 00:18:51 control k3s[8666]: I0319 00:18:51.329697    8666 reconciler_common.go:251] "operationExecutor.VerifyControllerAttachedVolume started for volume \"config-volume\" (UniqueName: \"kubernetes.io/configmap/f424140f-17d9-4bba-bfdc-3896f7c420c7-config-volume\") pod \"local-path-provisioner-6bc6568469-p8hbw\" (UID: \"f424140f-17d9-4bba-bfdc-3896f7c420c7\") " pod="kube-system/local-path-provisioner-6bc6568469-p8hbw"
Mar 19 00:18:51 control k3s[8666]: I0319 00:18:51.329754    8666 reconciler_common.go:251] "operationExecutor.VerifyControllerAttachedVolume started for volume \"kube-api-access-twf8j\" (UniqueName: \"kubernetes.io/projected/f424140f-17d9-4bba-bfdc-3896f7c420c7-kube-api-access-twf8j\") pod \"local-path-provisioner-6bc6568469-p8hbw\" (UID: \"f424140f-17d9-4bba-bfdc-3896f7c420c7\") " pod="kube-system/local-path-provisioner-6bc6568469-p8hbw"
Mar 19 00:18:51 control k3s[8666]: I0319 00:18:51.329780    8666 reconciler_common.go:251] "operationExecutor.VerifyControllerAttachedVolume started for volume \"tmp-dir\" (UniqueName: \"kubernetes.io/empty-dir/09015ef9-3cb1-4dc8-a4b8-abadca80c1ad-tmp-dir\") pod \"metrics-server-786d997795-x2xb8\" (UID: \"09015ef9-3cb1-4dc8-a4b8-abadca80c1ad\") " pod="kube-system/metrics-server-786d997795-x2xb8"
Mar 19 00:18:51 control k3s[8666]: I0319 00:18:51.329809    8666 reconciler_common.go:251] "operationExecutor.VerifyControllerAttachedVolume started for volume \"kube-api-access-kpnr9\" (UniqueName: \"kubernetes.io/projected/09015ef9-3cb1-4dc8-a4b8-abadca80c1ad-kube-api-access-kpnr9\") pod \"metrics-server-786d997795-x2xb8\" (UID: \"09015ef9-3cb1-4dc8-a4b8-abadca80c1ad\") " pod="kube-system/metrics-server-786d997795-x2xb8"
Mar 19 00:18:51 control k3s[8666]: I0319 00:18:51.332658    8666 iptables.go:358] bootstrap done
Mar 19 00:18:51 control k3s[8666]: I0319 00:18:51.356228    8666 swap_util.go:78] "error creating dir to test if tmpfs noswap is enabled. Assuming not supported" mount path="" error="stat /var/lib/kubelet/plugins/kubernetes.io/empty-dir: no such file or directory"
Mar 19 00:18:51 control k3s[8666]: E0319 00:18:51.630637    8666 dns.go:154] "Nameserver limits exceeded" err="Nameserver limits were exceeded, some nameservers have been omitted, the applied nameserver line is: 4.2.2.1 4.2.2.2 208.67.220.220"
Mar 19 00:18:51 control k3s[8666]: W0319 00:18:51.781475    8666 handler_proxy.go:99] no RequestInfo found in the context
Mar 19 00:18:51 control k3s[8666]: E0319 00:18:51.781558    8666 controller.go:113] "Unhandled Error" err="loading OpenAPI spec for \"v1beta1.metrics.k8s.io\" failed with: Error, could not get list of group versions for APIService"
Mar 19 00:18:51 control k3s[8666]: I0319 00:18:51.781584    8666 controller.go:126] OpenAPI AggregationController: action for item v1beta1.metrics.k8s.io: Rate Limited Requeue.
Mar 19 00:18:51 control k3s[8666]: W0319 00:18:51.781653    8666 handler_proxy.go:99] no RequestInfo found in the context
Mar 19 00:18:51 control k3s[8666]: E0319 00:18:51.781773    8666 controller.go:102] "Unhandled Error" err=<
Mar 19 00:18:51 control k3s[8666]:         loading OpenAPI spec for "v1beta1.metrics.k8s.io" failed with: failed to download v1beta1.metrics.k8s.io: failed to retrieve openAPI spec, http error: ResponseCode: 503, Body: service unavailable
Mar 19 00:18:51 control k3s[8666]:         , Header: map[Content-Type:[text/plain; charset=utf-8] X-Content-Type-Options:[nosniff]]
Mar 19 00:18:51 control k3s[8666]:  >
Mar 19 00:18:51 control k3s[8666]: I0319 00:18:51.782894    8666 controller.go:109] OpenAPI AggregationController: action for item v1beta1.metrics.k8s.io: Rate Limited Requeue.
Mar 19 00:18:52 control k3s[8666]: time="2026-03-19T00:18:52Z" level=info msg="Started tunnel to 192.168.56.10:6443"
Mar 19 00:18:52 control k3s[8666]: time="2026-03-19T00:18:52Z" level=info msg="Stopped tunnel to 127.0.0.1:6443"
Mar 19 00:18:52 control k3s[8666]: time="2026-03-19T00:18:52Z" level=info msg="Connecting to proxy" url="wss://192.168.56.10:6443/v1-k3s/connect"
Mar 19 00:18:52 control k3s[8666]: time="2026-03-19T00:18:52Z" level=info msg="Proxy done" err="context canceled" url="wss://127.0.0.1:6443/v1-k3s/connect"
Mar 19 00:18:52 control k3s[8666]: time="2026-03-19T00:18:52Z" level=info msg="error in remotedialer server [400]: websocket: close 1006 (abnormal closure): unexpected EOF"
Mar 19 00:18:52 control k3s[8666]: time="2026-03-19T00:18:52Z" level=info msg="Handling backend connection request [control]"
Mar 19 00:18:52 control k3s[8666]: time="2026-03-19T00:18:52Z" level=info msg="Connected to proxy" url="wss://192.168.56.10:6443/v1-k3s/connect"
Mar 19 00:18:52 control k3s[8666]: time="2026-03-19T00:18:52Z" level=info msg="Remotedialer connected to proxy" url="wss://192.168.56.10:6443/v1-k3s/connect"
Mar 19 00:18:55 control k3s[8666]: I0319 00:18:55.863890    8666 kuberuntime_manager.go:2062] "Updating runtime config through cri with podcidr" CIDR="10.42.0.0/24"
Mar 19 00:18:55 control k3s[8666]: I0319 00:18:55.865469    8666 kubelet_network.go:47] "Updating Pod CIDR" originalPodCIDR="" newPodCIDR="10.42.0.0/24"
Mar 19 00:18:56 control k3s[8666]: time="2026-03-19T00:18:56Z" level=info msg="Starting network policy controller version v2.6.3-k3s1, built on 2026-02-12T23:46:55Z, go1.25.6"
Mar 19 00:18:56 control k3s[8666]: I0319 00:18:56.032762    8666 network_policy_controller.go:164] Starting network policy controller
Mar 19 00:18:56 control k3s[8666]: I0319 00:18:56.109086    8666 network_policy_controller.go:179] Starting network policy controller full sync goroutine
Mar 19 00:19:00 control k3s[8666]: E0319 00:19:00.708961    8666 dns.go:154] "Nameserver limits exceeded" err="Nameserver limits were exceeded, some nameservers have been omitted, the applied nameserver line is: 4.2.2.1 4.2.2.2 208.67.220.220"
Mar 19 00:19:05 control k3s[8666]: E0319 00:19:05.687844    8666 log.go:32] "PullImage from image service failed" err="rpc error: code = Unknown desc = failed to pull and unpack image \"docker.io/rancher/local-path-provisioner:v0.0.34\": failed to resolve reference \"docker.io/rancher/local-path-provisioner:v0.0.34\": failed to do request: Head \"https://registry-1.docker.io/v2/rancher/local-path-provisioner/manifests/v0.0.34\": dial tcp: lookup registry-1.docker.io: Try again" image="rancher/local-path-provisioner:v0.0.34"
Mar 19 00:19:05 control k3s[8666]: E0319 00:19:05.688795    8666 kuberuntime_image.go:43] "Failed to pull image" err="failed to pull and unpack image \"docker.io/rancher/local-path-provisioner:v0.0.34\": failed to resolve reference \"docker.io/rancher/local-path-provisioner:v0.0.34\": failed to do request: Head \"https://registry-1.docker.io/v2/rancher/local-path-provisioner/manifests/v0.0.34\": dial tcp: lookup registry-1.docker.io: Try again" image="rancher/local-path-provisioner:v0.0.34"
Mar 19 00:19:05 control k3s[8666]: E0319 00:19:05.689262    8666 kuberuntime_manager.go:1664] "Unhandled Error" err="container local-path-provisioner start failed in pod local-path-provisioner-6bc6568469-p8hbw_kube-system(f424140f-17d9-4bba-bfdc-3896f7c420c7): ErrImagePull: failed to pull and unpack image \"docker.io/rancher/local-path-provisioner:v0.0.34\": failed to resolve reference \"docker.io/rancher/local-path-provisioner:v0.0.34\": failed to do request: Head \"https://registry-1.docker.io/v2/rancher/local-path-provisioner/manifests/v0.0.34\": dial tcp: lookup registry-1.docker.io: Try again"
Mar 19 00:19:05 control k3s[8666]: E0319 00:19:05.689356    8666 pod_workers.go:1324] "Error syncing pod, skipping" err="failed to \"StartContainer\" for \"local-path-provisioner\" with ErrImagePull: \"failed to pull and unpack image \\\"docker.io/rancher/local-path-provisioner:v0.0.34\\\": failed to resolve reference \\\"docker.io/rancher/local-path-provisioner:v0.0.34\\\": failed to do request: Head \\\"https://registry-1.docker.io/v2/rancher/local-path-provisioner/manifests/v0.0.34\\\": dial tcp: lookup registry-1.docker.io: Try again\"" pod="kube-system/local-path-provisioner-6bc6568469-p8hbw" podUID="f424140f-17d9-4bba-bfdc-3896f7c420c7"
Mar 19 00:19:05 control k3s[8666]: E0319 00:19:05.696287    8666 log.go:32] "PullImage from image service failed" err="rpc error: code = Unknown desc = failed to pull and unpack image \"docker.io/rancher/mirrored-metrics-server:v0.8.1\": failed to resolve reference \"docker.io/rancher/mirrored-metrics-server:v0.8.1\": failed to do request: Head \"https://registry-1.docker.io/v2/rancher/mirrored-metrics-server/manifests/v0.8.1\": dial tcp: lookup registry-1.docker.io: Try again" image="rancher/mirrored-metrics-server:v0.8.1"
Mar 19 00:19:05 control k3s[8666]: E0319 00:19:05.696381    8666 kuberuntime_image.go:43] "Failed to pull image" err="failed to pull and unpack image \"docker.io/rancher/mirrored-metrics-server:v0.8.1\": failed to resolve reference \"docker.io/rancher/mirrored-metrics-server:v0.8.1\": failed to do request: Head \"https://registry-1.docker.io/v2/rancher/mirrored-metrics-server/manifests/v0.8.1\": dial tcp: lookup registry-1.docker.io: Try again" image="rancher/mirrored-metrics-server:v0.8.1"
Mar 19 00:19:05 control k3s[8666]: E0319 00:19:05.696619    8666 kuberuntime_manager.go:1664] "Unhandled Error" err="container metrics-server start failed in pod metrics-server-786d997795-x2xb8_kube-system(09015ef9-3cb1-4dc8-a4b8-abadca80c1ad): ErrImagePull: failed to pull and unpack image \"docker.io/rancher/mirrored-metrics-server:v0.8.1\": failed to resolve reference \"docker.io/rancher/mirrored-metrics-server:v0.8.1\": failed to do request: Head \"https://registry-1.docker.io/v2/rancher/mirrored-metrics-server/manifests/v0.8.1\": dial tcp: lookup registry-1.docker.io: Try again"
Mar 19 00:19:05 control k3s[8666]: E0319 00:19:05.696665    8666 pod_workers.go:1324] "Error syncing pod, skipping" err="failed to \"StartContainer\" for \"metrics-server\" with ErrImagePull: \"failed to pull and unpack image \\\"docker.io/rancher/mirrored-metrics-server:v0.8.1\\\": failed to resolve reference \\\"docker.io/rancher/mirrored-metrics-server:v0.8.1\\\": failed to do request: Head \\\"https://registry-1.docker.io/v2/rancher/mirrored-metrics-server/manifests/v0.8.1\\\": dial tcp: lookup registry-1.docker.io: Try again\"" pod="kube-system/metrics-server-786d997795-x2xb8" podUID="09015ef9-3cb1-4dc8-a4b8-abadca80c1ad"
Mar 19 00:19:05 control k3s[8666]: E0319 00:19:05.703131    8666 log.go:32] "PullImage from image service failed" err="rpc error: code = Unknown desc = failed to pull and unpack image \"docker.io/rancher/mirrored-coredns-coredns:1.14.1\": failed to resolve reference \"docker.io/rancher/mirrored-coredns-coredns:1.14.1\": failed to do request: Head \"https://registry-1.docker.io/v2/rancher/mirrored-coredns-coredns/manifests/1.14.1\": dial tcp: lookup registry-1.docker.io: Try again" image="rancher/mirrored-coredns-coredns:1.14.1"
Mar 19 00:19:05 control k3s[8666]: E0319 00:19:05.703782    8666 kuberuntime_image.go:43] "Failed to pull image" err="failed to pull and unpack image \"docker.io/rancher/mirrored-coredns-coredns:1.14.1\": failed to resolve reference \"docker.io/rancher/mirrored-coredns-coredns:1.14.1\": failed to do request: Head \"https://registry-1.docker.io/v2/rancher/mirrored-coredns-coredns/manifests/1.14.1\": dial tcp: lookup registry-1.docker.io: Try again" image="rancher/mirrored-coredns-coredns:1.14.1"
Mar 19 00:19:05 control k3s[8666]: E0319 00:19:05.704237    8666 kuberuntime_manager.go:1664] "Unhandled Error" err="container coredns start failed in pod coredns-7566b5ff58-gpktj_kube-system(0c076c40-a2e8-40a5-b1e7-350f5255da61): ErrImagePull: failed to pull and unpack image \"docker.io/rancher/mirrored-coredns-coredns:1.14.1\": failed to resolve reference \"docker.io/rancher/mirrored-coredns-coredns:1.14.1\": failed to do request: Head \"https://registry-1.docker.io/v2/rancher/mirrored-coredns-coredns/manifests/1.14.1\": dial tcp: lookup registry-1.docker.io: Try again"
Mar 19 00:19:05 control k3s[8666]: E0319 00:19:05.704463    8666 pod_workers.go:1324] "Error syncing pod, skipping" err="failed to \"StartContainer\" for \"coredns\" with ErrImagePull: \"failed to pull and unpack image \\\"docker.io/rancher/mirrored-coredns-coredns:1.14.1\\\": failed to resolve reference \\\"docker.io/rancher/mirrored-coredns-coredns:1.14.1\\\": failed to do request: Head \\\"https://registry-1.docker.io/v2/rancher/mirrored-coredns-coredns/manifests/1.14.1\\\": dial tcp: lookup registry-1.docker.io: Try again\"" pod="kube-system/coredns-7566b5ff58-gpktj" podUID="0c076c40-a2e8-40a5-b1e7-350f5255da61"
Mar 19 00:19:06 control k3s[8666]: E0319 00:19:06.368878    8666 dns.go:154] "Nameserver limits exceeded" err="Nameserver limits were exceeded, some nameservers have been omitted, the applied nameserver line is: 4.2.2.1 4.2.2.2 208.67.220.220"
Mar 19 00:19:06 control k3s[8666]: E0319 00:19:06.370380    8666 pod_workers.go:1324] "Error syncing pod, skipping" err="failed to \"StartContainer\" for \"coredns\" with ImagePullBackOff: \"Back-off pulling image \\\"rancher/mirrored-coredns-coredns:1.14.1\\\": ErrImagePull: failed to pull and unpack image \\\"docker.io/rancher/mirrored-coredns-coredns:1.14.1\\\": failed to resolve reference \\\"docker.io/rancher/mirrored-coredns-coredns:1.14.1\\\": failed to do request: Head \\\"https://registry-1.docker.io/v2/rancher/mirrored-coredns-coredns/manifests/1.14.1\\\": dial tcp: lookup registry-1.docker.io: Try again\"" pod="kube-system/coredns-7566b5ff58-gpktj" podUID="0c076c40-a2e8-40a5-b1e7-350f5255da61"
Mar 19 00:19:06 control k3s[8666]: E0319 00:19:06.370785    8666 pod_workers.go:1324] "Error syncing pod, skipping" err="failed to \"StartContainer\" for \"local-path-provisioner\" with ImagePullBackOff: \"Back-off pulling image \\\"rancher/local-path-provisioner:v0.0.34\\\": ErrImagePull: failed to pull and unpack image \\\"docker.io/rancher/local-path-provisioner:v0.0.34\\\": failed to resolve reference \\\"docker.io/rancher/local-path-provisioner:v0.0.34\\\": failed to do request: Head \\\"https://registry-1.docker.io/v2/rancher/local-path-provisioner/manifests/v0.0.34\\\": dial tcp: lookup registry-1.docker.io: Try again\"" pod="kube-system/local-path-provisioner-6bc6568469-p8hbw" podUID="f424140f-17d9-4bba-bfdc-3896f7c420c7"
Mar 19 00:19:06 control k3s[8666]: E0319 00:19:06.374111    8666 pod_workers.go:1324] "Error syncing pod, skipping" err="failed to \"StartContainer\" for \"metrics-server\" with ImagePullBackOff: \"Back-off pulling image \\\"rancher/mirrored-metrics-server:v0.8.1\\\": ErrImagePull: failed to pull and unpack image \\\"docker.io/rancher/mirrored-metrics-server:v0.8.1\\\": failed to resolve reference \\\"docker.io/rancher/mirrored-metrics-server:v0.8.1\\\": failed to do request: Head \\\"https://registry-1.docker.io/v2/rancher/mirrored-metrics-server/manifests/v0.8.1\\\": dial tcp: lookup registry-1.docker.io: Try again\"" pod="kube-system/metrics-server-786d997795-x2xb8" podUID="09015ef9-3cb1-4dc8-a4b8-abadca80c1ad"
Mar 19 00:19:19 control k3s[8666]: E0319 00:19:19.934845    8666 resource_quota_controller.go:460] "Error during resource discovery" err="unable to retrieve the complete list of server APIs: metrics.k8s.io/v1beta1: stale GroupVersion discovery: metrics.k8s.io/v1beta1"
Mar 19 00:19:21 control k3s[8666]: I0319 00:19:21.015143    8666 garbagecollector.go:792] "failed to discover some groups" groups="map[\"metrics.k8s.io/v1beta1\":\"stale GroupVersion discovery: metrics.k8s.io/v1beta1\"]"
Mar 19 00:19:21 control k3s[8666]: E0319 00:19:21.240931    8666 dns.go:154] "Nameserver limits exceeded" err="Nameserver limits were exceeded, some nameservers have been omitted, the applied nameserver line is: 4.2.2.1 4.2.2.2 208.67.220.220"
