Feb 21 00:06:38 control k3s[5865]: I0221 00:06:38.507247    5865 shared_informer.go:370] "Waiting for caches to sync"
Feb 21 00:06:38 control k3s[5865]: I0221 00:06:38.507670    5865 pv_controller_base.go:307] "Starting persistent volume controller"
Feb 21 00:06:38 control k3s[5865]: I0221 00:06:38.507692    5865 shared_informer.go:370] "Waiting for caches to sync"
Feb 21 00:06:38 control k3s[5865]: I0221 00:06:38.507725    5865 publisher.go:107] "Starting root CA cert publisher controller"
Feb 21 00:06:38 control k3s[5865]: I0221 00:06:38.507732    5865 shared_informer.go:370] "Waiting for caches to sync"
Feb 21 00:06:38 control k3s[5865]: I0221 00:06:38.508031    5865 ttl_controller.go:127] "Starting TTL controller"
Feb 21 00:06:38 control k3s[5865]: I0221 00:06:38.508040    5865 shared_informer.go:370] "Waiting for caches to sync"
Feb 21 00:06:38 control k3s[5865]: I0221 00:06:38.508061    5865 tokencleaner.go:117] "Starting token cleaner controller"
Feb 21 00:06:38 control k3s[5865]: I0221 00:06:38.508068    5865 shared_informer.go:370] "Waiting for caches to sync"
Feb 21 00:06:38 control k3s[5865]: I0221 00:06:38.508639    5865 replica_set.go:241] "Starting controller" name="replicationcontroller"
Feb 21 00:06:38 control k3s[5865]: I0221 00:06:38.508719    5865 shared_informer.go:370] "Waiting for caches to sync"
Feb 21 00:06:38 control k3s[5865]: I0221 00:06:38.509247    5865 daemon_controller.go:309] "Starting daemon sets controller"
Feb 21 00:06:38 control k3s[5865]: I0221 00:06:38.509274    5865 shared_informer.go:370] "Waiting for caches to sync"
Feb 21 00:06:38 control k3s[5865]: I0221 00:06:38.509387    5865 job_controller.go:254] "Starting job controller"
Feb 21 00:06:38 control k3s[5865]: I0221 00:06:38.509403    5865 shared_informer.go:370] "Waiting for caches to sync"
Feb 21 00:06:38 control k3s[5865]: I0221 00:06:38.509442    5865 horizontal.go:204] "Starting HPA controller"
Feb 21 00:06:38 control k3s[5865]: I0221 00:06:38.509454    5865 shared_informer.go:370] "Waiting for caches to sync"
Feb 21 00:06:38 control k3s[5865]: I0221 00:06:38.509484    5865 disruption.go:458] "Sending events to api server."
Feb 21 00:06:38 control k3s[5865]: I0221 00:06:38.510420    5865 cronjob_controllerv2.go:143] "Starting cronjob controller v2"
Feb 21 00:06:38 control k3s[5865]: I0221 00:06:38.510580    5865 shared_informer.go:370] "Waiting for caches to sync"
Feb 21 00:06:38 control k3s[5865]: I0221 00:06:38.537555    5865 endpointslice_controller.go:283] "Starting endpoint slice controller"
Feb 21 00:06:38 control k3s[5865]: I0221 00:06:38.537729    5865 shared_informer.go:370] "Waiting for caches to sync"
Feb 21 00:06:38 control k3s[5865]: I0221 00:06:38.538303    5865 endpointslicemirroring_controller.go:226] "Starting EndpointSliceMirroring controller"
Feb 21 00:06:38 control k3s[5865]: I0221 00:06:38.538317    5865 shared_informer.go:370] "Waiting for caches to sync"
Feb 21 00:06:38 control k3s[5865]: I0221 00:06:38.547844    5865 namespace_controller.go:202] "Starting namespace controller"
Feb 21 00:06:38 control k3s[5865]: I0221 00:06:38.547964    5865 shared_informer.go:370] "Waiting for caches to sync"
Feb 21 00:06:38 control k3s[5865]: I0221 00:06:38.548051    5865 serviceaccounts_controller.go:117] "Starting service account controller"
Feb 21 00:06:38 control k3s[5865]: I0221 00:06:38.548060    5865 shared_informer.go:370] "Waiting for caches to sync"
Feb 21 00:06:38 control k3s[5865]: I0221 00:06:38.549018    5865 deployment_controller.go:172] "Starting controller" controller="deployment"
Feb 21 00:06:38 control k3s[5865]: I0221 00:06:38.549037    5865 shared_informer.go:370] "Waiting for caches to sync"
Feb 21 00:06:38 control k3s[5865]: I0221 00:06:38.549118    5865 endpoints_controller.go:193] "Starting endpoint controller"
Feb 21 00:06:38 control k3s[5865]: I0221 00:06:38.549128    5865 shared_informer.go:370] "Waiting for caches to sync"
Feb 21 00:06:38 control k3s[5865]: I0221 00:06:38.551505    5865 garbagecollector.go:141] "Starting controller" controller="garbagecollector"
Feb 21 00:06:38 control k3s[5865]: I0221 00:06:38.551609    5865 shared_informer.go:370] "Waiting for caches to sync"
Feb 21 00:06:38 control k3s[5865]: I0221 00:06:38.551661    5865 disruption.go:465] "Starting disruption controller"
Feb 21 00:06:38 control k3s[5865]: I0221 00:06:38.551667    5865 shared_informer.go:370] "Waiting for caches to sync"
Feb 21 00:06:38 control k3s[5865]: I0221 00:06:38.551702    5865 certificate_controller.go:120] "Starting certificate controller" name="csrsigning-kubelet-serving"
Feb 21 00:06:38 control k3s[5865]: I0221 00:06:38.551712    5865 shared_informer.go:370] "Waiting for caches to sync"
Feb 21 00:06:38 control k3s[5865]: I0221 00:06:38.551920    5865 certificate_controller.go:120] "Starting certificate controller" name="csrsigning-kubelet-client"
Feb 21 00:06:38 control k3s[5865]: I0221 00:06:38.551933    5865 shared_informer.go:370] "Waiting for caches to sync"
Feb 21 00:06:38 control k3s[5865]: I0221 00:06:38.551952    5865 certificate_controller.go:120] "Starting certificate controller" name="csrsigning-kube-apiserver-client"
Feb 21 00:06:38 control k3s[5865]: I0221 00:06:38.551960    5865 shared_informer.go:370] "Waiting for caches to sync"
Feb 21 00:06:38 control k3s[5865]: I0221 00:06:38.551981    5865 certificate_controller.go:120] "Starting certificate controller" name="csrsigning-legacy-unknown"
Feb 21 00:06:38 control k3s[5865]: I0221 00:06:38.551988    5865 shared_informer.go:370] "Waiting for caches to sync"
Feb 21 00:06:38 control k3s[5865]: I0221 00:06:38.552055    5865 resource_quota_controller.go:297] "Starting resource quota controller"
Feb 21 00:06:38 control k3s[5865]: I0221 00:06:38.552064    5865 shared_informer.go:370] "Waiting for caches to sync"
Feb 21 00:06:38 control k3s[5865]: I0221 00:06:38.552338    5865 graph_builder.go:386] "Running" component="GraphBuilder"
Feb 21 00:06:38 control k3s[5865]: I0221 00:06:38.552372    5865 dynamic_serving_content.go:135] "Starting controller" name="csr-controller::/var/lib/rancher/k3s/server/tls/server-ca.nochain.crt::/var/lib/rancher/k3s/server/tls/server-ca.key"
Feb 21 00:06:38 control k3s[5865]: I0221 00:06:38.552542    5865 dynamic_serving_content.go:135] "Starting controller" name="csr-controller::/var/lib/rancher/k3s/server/tls/client-ca.nochain.crt::/var/lib/rancher/k3s/server/tls/client-ca.key"
Feb 21 00:06:38 control k3s[5865]: I0221 00:06:38.552645    5865 dynamic_serving_content.go:135] "Starting controller" name="csr-controller::/var/lib/rancher/k3s/server/tls/client-ca.nochain.crt::/var/lib/rancher/k3s/server/tls/client-ca.key"
Feb 21 00:06:38 control k3s[5865]: I0221 00:06:38.553092    5865 dynamic_serving_content.go:135] "Starting controller" name="csr-controller::/var/lib/rancher/k3s/server/tls/server-ca.nochain.crt::/var/lib/rancher/k3s/server/tls/server-ca.key"
Feb 21 00:06:38 control k3s[5865]: I0221 00:06:38.553194    5865 resource_quota_monitor.go:309] "QuotaMonitor running"
Feb 21 00:06:38 control k3s[5865]: W0221 00:06:38.703003    5865 handler_proxy.go:99] no RequestInfo found in the context
Feb 21 00:06:38 control k3s[5865]: E0221 00:06:38.704066    5865 controller.go:113] "Unhandled Error" err="loading OpenAPI spec for \"v1beta1.metrics.k8s.io\" failed with: Error, could not get list of group versions for APIService"
Feb 21 00:06:38 control k3s[5865]: I0221 00:06:38.706162    5865 controller.go:126] OpenAPI AggregationController: action for item v1beta1.metrics.k8s.io: Rate Limited Requeue.
Feb 21 00:06:38 control k3s[5865]: W0221 00:06:38.726953    5865 handler_proxy.go:99] no RequestInfo found in the context
Feb 21 00:06:38 control k3s[5865]: E0221 00:06:38.727208    5865 controller.go:102] "Unhandled Error" err=<
Feb 21 00:06:38 control k3s[5865]:         loading OpenAPI spec for "v1beta1.metrics.k8s.io" failed with: failed to download v1beta1.metrics.k8s.io: failed to retrieve openAPI spec, http error: ResponseCode: 503, Body: service unavailable
Feb 21 00:06:38 control k3s[5865]:         , Header: map[Content-Type:[text/plain; charset=utf-8] X-Content-Type-Options:[nosniff]]
Feb 21 00:06:38 control k3s[5865]:  >
Feb 21 00:06:38 control k3s[5865]: I0221 00:06:38.727222    5865 controller.go:109] OpenAPI AggregationController: action for item v1beta1.metrics.k8s.io: Rate Limited Requeue.
Feb 21 00:06:38 control k3s[5865]: E0221 00:06:38.789454    5865 resource_quota_controller.go:460] "Error during resource discovery" err="unable to retrieve the complete list of server APIs: metrics.k8s.io/v1beta1: stale GroupVersion discovery: metrics.k8s.io/v1beta1"
Feb 21 00:06:38 control k3s[5865]: I0221 00:06:38.790256    5865 shared_informer.go:370] "Waiting for caches to sync"
Feb 21 00:06:38 control k3s[5865]: I0221 00:06:38.818147    5865 shared_informer.go:377] "Caches are synced"
Feb 21 00:06:38 control k3s[5865]: E0221 00:06:38.846815    5865 queueset.go:474] "Overflow" err="queueset::currentR overflow" QS="workload-high" when="2026-02-21 00:06:38.846781418" prevR="3.90074854ss" incrR="184467440737.09542799ss" currentR="3.90066037ss"
Feb 21 00:06:38 control k3s[5865]: I0221 00:06:38.906741    5865 actual_state_of_world.go:541] "Failed to update statusUpdateNeeded field in actual state of world" err="Failed to set statusUpdateNeeded to needed true, because nodeName=\"control\" does not exist"
Feb 21 00:06:38 control k3s[5865]: I0221 00:06:38.924374    5865 shared_informer.go:377] "Caches are synced"
Feb 21 00:06:38 control k3s[5865]: I0221 00:06:38.924477    5865 range_allocator.go:177] "Sending events to api server"
Feb 21 00:06:38 control k3s[5865]: I0221 00:06:38.924540    5865 range_allocator.go:181] "Starting range CIDR allocator"
Feb 21 00:06:38 control k3s[5865]: I0221 00:06:38.924552    5865 shared_informer.go:370] "Waiting for caches to sync"
Feb 21 00:06:38 control k3s[5865]: I0221 00:06:38.924564    5865 shared_informer.go:377] "Caches are synced"
Feb 21 00:06:38 control k3s[5865]: I0221 00:06:38.925996    5865 shared_informer.go:377] "Caches are synced"
Feb 21 00:06:38 control k3s[5865]: I0221 00:06:38.926020    5865 shared_informer.go:377] "Caches are synced"
Feb 21 00:06:38 control k3s[5865]: I0221 00:06:38.926055    5865 shared_informer.go:377] "Caches are synced"
Feb 21 00:06:38 control k3s[5865]: I0221 00:06:38.926068    5865 shared_informer.go:377] "Caches are synced"
Feb 21 00:06:38 control k3s[5865]: I0221 00:06:38.926098    5865 shared_informer.go:377] "Caches are synced"
Feb 21 00:06:38 control k3s[5865]: I0221 00:06:38.926126    5865 shared_informer.go:377] "Caches are synced"
Feb 21 00:06:38 control k3s[5865]: I0221 00:06:38.945439    5865 garbagecollector.go:792] "failed to discover some groups" groups="map[\"metrics.k8s.io/v1beta1\":\"stale GroupVersion discovery: metrics.k8s.io/v1beta1\"]"
Feb 21 00:06:38 control k3s[5865]: I0221 00:06:38.958896    5865 shared_informer.go:377] "Caches are synced"
Feb 21 00:06:38 control k3s[5865]: I0221 00:06:38.963856    5865 shared_informer.go:377] "Caches are synced"
Feb 21 00:06:38 control k3s[5865]: I0221 00:06:38.964130    5865 shared_informer.go:377] "Caches are synced"
Feb 21 00:06:38 control k3s[5865]: I0221 00:06:38.964242    5865 shared_informer.go:377] "Caches are synced"
Feb 21 00:06:38 control k3s[5865]: I0221 00:06:38.964311    5865 shared_informer.go:377] "Caches are synced"
Feb 21 00:06:38 control k3s[5865]: I0221 00:06:38.964361    5865 shared_informer.go:377] "Caches are synced"
Feb 21 00:06:38 control k3s[5865]: I0221 00:06:38.964419    5865 shared_informer.go:377] "Caches are synced"
Feb 21 00:06:38 control k3s[5865]: I0221 00:06:38.969155    5865 shared_informer.go:377] "Caches are synced"
Feb 21 00:06:39 control k3s[5865]: I0221 00:06:39.034536    5865 shared_informer.go:377] "Caches are synced"
Feb 21 00:06:39 control k3s[5865]: I0221 00:06:39.036872    5865 shared_informer.go:377] "Caches are synced"
Feb 21 00:06:39 control k3s[5865]: I0221 00:06:39.037608    5865 shared_informer.go:377] "Caches are synced"
Feb 21 00:06:39 control k3s[5865]: I0221 00:06:39.038082    5865 shared_informer.go:377] "Caches are synced"
Feb 21 00:06:39 control k3s[5865]: I0221 00:06:39.038351    5865 shared_informer.go:377] "Caches are synced"
Feb 21 00:06:39 control k3s[5865]: I0221 00:06:39.038891    5865 shared_informer.go:377] "Caches are synced"
Feb 21 00:06:39 control k3s[5865]: I0221 00:06:39.039086    5865 shared_informer.go:377] "Caches are synced"
Feb 21 00:06:39 control k3s[5865]: I0221 00:06:39.039359    5865 node_lifecycle_controller.go:1234] "Initializing eviction metric for zone" zone=""
Feb 21 00:06:39 control k3s[5865]: I0221 00:06:39.040285    5865 node_lifecycle_controller.go:886] "Missing timestamp for Node. Assuming now as a timestamp" node="control"
Feb 21 00:06:39 control k3s[5865]: I0221 00:06:39.045359    5865 shared_informer.go:377] "Caches are synced"
Feb 21 00:06:39 control k3s[5865]: I0221 00:06:39.050361    5865 shared_informer.go:377] "Caches are synced"
Feb 21 00:06:39 control k3s[5865]: I0221 00:06:39.053046    5865 shared_informer.go:377] "Caches are synced"
Feb 21 00:06:39 control k3s[5865]: I0221 00:06:39.054195    5865 shared_informer.go:377] "Caches are synced"
Feb 21 00:06:39 control k3s[5865]: I0221 00:06:39.055860    5865 shared_informer.go:377] "Caches are synced"
Feb 21 00:06:39 control k3s[5865]: I0221 00:06:39.062969    5865 shared_informer.go:377] "Caches are synced"
Feb 21 00:06:39 control k3s[5865]: I0221 00:06:39.065573    5865 shared_informer.go:377] "Caches are synced"
Feb 21 00:06:39 control k3s[5865]: I0221 00:06:39.077938    5865 shared_informer.go:377] "Caches are synced"
Feb 21 00:06:39 control k3s[5865]: I0221 00:06:39.090611    5865 shared_informer.go:377] "Caches are synced"
Feb 21 00:06:39 control k3s[5865]: I0221 00:06:39.090891    5865 shared_informer.go:377] "Caches are synced"
Feb 21 00:06:39 control k3s[5865]: I0221 00:06:39.090960    5865 shared_informer.go:377] "Caches are synced"
Feb 21 00:06:39 control k3s[5865]: I0221 00:06:39.091764    5865 shared_informer.go:377] "Caches are synced"
Feb 21 00:06:39 control k3s[5865]: I0221 00:06:39.095585    5865 shared_informer.go:377] "Caches are synced"
Feb 21 00:06:39 control k3s[5865]: I0221 00:06:39.096847    5865 shared_informer.go:377] "Caches are synced"
Feb 21 00:06:39 control k3s[5865]: I0221 00:06:39.098130    5865 shared_informer.go:377] "Caches are synced"
Feb 21 00:06:39 control k3s[5865]: I0221 00:06:39.098759    5865 shared_informer.go:377] "Caches are synced"
Feb 21 00:06:39 control k3s[5865]: I0221 00:06:39.099584    5865 shared_informer.go:377] "Caches are synced"
Feb 21 00:06:39 control k3s[5865]: I0221 00:06:39.100442    5865 shared_informer.go:377] "Caches are synced"
Feb 21 00:06:39 control k3s[5865]: I0221 00:06:39.113412    5865 node_lifecycle_controller.go:1080] "Controller detected that zone is now in new state" zone="" newState="Normal"
Feb 21 00:06:39 control k3s[5865]: I0221 00:06:39.116697    5865 shared_informer.go:377] "Caches are synced"
Feb 21 00:06:39 control k3s[5865]: I0221 00:06:39.144304    5865 range_allocator.go:433] "Set node PodCIDR" node="control" podCIDRs=["10.42.0.0/24"]
Feb 21 00:06:39 control k3s[5865]: time="2026-02-21T00:06:39Z" level=info msg="Flannel found PodCIDR assigned for node control"
Feb 21 00:06:39 control k3s[5865]: time="2026-02-21T00:06:39Z" level=info msg="The interface enp0s8 with ipv4 address 192.168.56.10 will be used by flannel"
Feb 21 00:06:39 control k3s[5865]: I0221 00:06:39.185683    5865 kube.go:139] Waiting 10m0s for node controller to sync
Feb 21 00:06:39 control k3s[5865]: I0221 00:06:39.190209    5865 kube.go:537] Starting kube subnet manager
Feb 21 00:06:39 control k3s[5865]: I0221 00:06:39.279485    5865 controllermanager.go:160] Version: v1.35.1+k3s1
Feb 21 00:06:39 control k3s[5865]: I0221 00:06:39.291236    5865 shared_informer.go:370] "Waiting for caches to sync"
Feb 21 00:06:39 control k3s[5865]: I0221 00:06:39.539326    5865 secure_serving.go:211] Serving securely on 127.0.0.1:10258
Feb 21 00:06:39 control k3s[5865]: I0221 00:06:39.541318    5865 requestheader_controller.go:180] Starting RequestHeaderAuthRequestController
Feb 21 00:06:39 control k3s[5865]: I0221 00:06:39.541686    5865 shared_informer.go:370] "Waiting for caches to sync"
Feb 21 00:06:39 control k3s[5865]: I0221 00:06:39.542039    5865 tlsconfig.go:243] "Starting DynamicServingCertificateController"
Feb 21 00:06:39 control k3s[5865]: I0221 00:06:39.543025    5865 configmap_cafile_content.go:205] "Starting controller" name="client-ca::kube-system::extension-apiserver-authentication::client-ca-file"
Feb 21 00:06:39 control k3s[5865]: I0221 00:06:39.544186    5865 shared_informer.go:370] "Waiting for caches to sync"
Feb 21 00:06:39 control k3s[5865]: I0221 00:06:39.545700    5865 configmap_cafile_content.go:205] "Starting controller" name="client-ca::kube-system::extension-apiserver-authentication::requestheader-client-ca-file"
Feb 21 00:06:39 control k3s[5865]: I0221 00:06:39.545727    5865 shared_informer.go:370] "Waiting for caches to sync"
Feb 21 00:06:39 control k3s[5865]: I0221 00:06:39.635713    5865 controller.go:667] quota admission added evaluator for: replicasets.apps
Feb 21 00:06:39 control k3s[5865]: time="2026-02-21T00:06:39Z" level=info msg="Creating service-lb-controller event broadcaster"
Feb 21 00:06:39 control k3s[5865]: I0221 00:06:39.714521    5865 cidrallocator.go:278] updated ClusterIP allocator for Service CIDR 10.43.0.0/16
Feb 21 00:06:39 control k3s[5865]: I0221 00:06:39.715598    5865 event.go:389] "Event occurred" object="kube-system/runtimes" fieldPath="" kind="Addon" apiVersion="k3s.cattle.io/v1" type="Normal" reason="AppliedManifest" message="Applied manifest at \"/var/lib/rancher/k3s/server/manifests/runtimes.yaml\""
Feb 21 00:06:39 control k3s[5865]: I0221 00:06:39.742223    5865 shared_informer.go:377] "Caches are synced"
Feb 21 00:06:39 control k3s[5865]: I0221 00:06:39.745973    5865 shared_informer.go:377] "Caches are synced"
Feb 21 00:06:39 control k3s[5865]: W0221 00:06:39.799107    5865 handler_proxy.go:99] no RequestInfo found in the context
Feb 21 00:06:39 control k3s[5865]: E0221 00:06:39.799391    5865 controller.go:146] "Unhandled Error" err=<
Feb 21 00:06:39 control k3s[5865]:         Error updating APIService "v1beta1.metrics.k8s.io" with err: failed to download v1beta1.metrics.k8s.io: failed to retrieve openAPI spec, http error: ResponseCode: 503, Body: service unavailable
Feb 21 00:06:39 control k3s[5865]:         , Header: map[Content-Type:[text/plain; charset=utf-8] X-Content-Type-Options:[nosniff]]
Feb 21 00:06:39 control k3s[5865]:  >
Feb 21 00:06:39 control k3s[5865]: E0221 00:06:39.799481    5865 handler_proxy.go:143] error resolving kube-system/metrics-server: no endpoints available for service "metrics-server"
Feb 21 00:06:39 control k3s[5865]: I0221 00:06:39.825975    5865 cidrallocator.go:278] updated ClusterIP allocator for Service CIDR 10.43.0.0/16
Feb 21 00:06:39 control k3s[5865]: I0221 00:06:39.857416    5865 shared_informer.go:377] "Caches are synced"
Feb 21 00:06:39 control k3s[5865]: I0221 00:06:39.906330    5865 event.go:389] "Event occurred" object="kube-system/traefik" fieldPath="" kind="Addon" apiVersion="k3s.cattle.io/v1" type="Normal" reason="ApplyingManifest" message="Applying manifest at \"/var/lib/rancher/k3s/server/manifests/traefik.yaml\""
Feb 21 00:06:39 control k3s[5865]: I0221 00:06:39.977656    5865 controller.go:667] quota admission added evaluator for: helmcharts.helm.cattle.io
Feb 21 00:06:40 control k3s[5865]: I0221 00:06:40.142248    5865 event.go:389] "Event occurred" object="kube-system/traefik" fieldPath="" kind="Addon" apiVersion="k3s.cattle.io/v1" type="Normal" reason="AppliedManifest" message="Applied manifest at \"/var/lib/rancher/k3s/server/manifests/traefik.yaml\""
Feb 21 00:06:40 control k3s[5865]: I0221 00:06:40.194126    5865 kube.go:163] Node controller sync successful
Feb 21 00:06:40 control k3s[5865]: I0221 00:06:40.194378    5865 vxlan.go:128] VXLAN config: VNI=1 Port=0 GBP=false Learning=false DirectRouting=false
Feb 21 00:06:40 control k3s[5865]: I0221 00:06:40.222331    5865 kube.go:704] List of node(control) annotations: map[string]string{"alpha.kubernetes.io/provided-node-ip":"192.168.56.10", "k3s.io/hostname":"control", "k3s.io/internal-ip":"192.168.56.10", "k3s.io/node-args":"[\"server\",\"--node-ip\",\"192.168.56.10\",\"--advertise-address\",\"192.168.56.10\",\"--tls-san\",\"192.168.56.10\",\"--flannel-iface\",\"enp0s8\",\"--write-kubeconfig-mode\",\"644\"]", "k3s.io/node-config-hash":"R4SCDFBMRNIRYETU3CTQ5GN563R6UH3JSKWTCOIZHJLSHMXI6T7A====", "k3s.io/node-env":"{\"K3S_KUBECONFIG_MODE\":\"644\"}", "node.alpha.kubernetes.io/ttl":"0", "volumes.kubernetes.io/controller-managed-attach-detach":"true"}
Feb 21 00:06:40 control k3s[5865]: time="2026-02-21T00:06:40Z" level=info msg="Starting /v1, Kind=Node controller"
Feb 21 00:06:40 control k3s[5865]: I0221 00:06:40.335203    5865 event.go:389] "Event occurred" object="kube-system/traefik" fieldPath="" kind="HelmChart" apiVersion="helm.cattle.io/v1" type="Normal" reason="ApplyJob" message="Applying HelmChart using Job kube-system/helm-install-traefik"
Feb 21 00:06:40 control k3s[5865]: I0221 00:06:40.397785    5865 kube.go:558] Creating the node lease for IPv4. This is the n.Spec.PodCIDRs: [10.42.0.0/24]
Feb 21 00:06:40 control k3s[5865]: I0221 00:06:40.404778    5865 iptables.go:50] Starting flannel in iptables mode...
Feb 21 00:06:40 control k3s[5865]: time="2026-02-21T00:06:40Z" level=warning msg="no subnet found for key: FLANNEL_NETWORK in file: /run/flannel/subnet.env"
Feb 21 00:06:40 control k3s[5865]: time="2026-02-21T00:06:40Z" level=warning msg="no subnet found for key: FLANNEL_SUBNET in file: /run/flannel/subnet.env"
Feb 21 00:06:40 control k3s[5865]: time="2026-02-21T00:06:40Z" level=warning msg="no subnet found for key: FLANNEL_IPV6_NETWORK in file: /run/flannel/subnet.env"
Feb 21 00:06:40 control k3s[5865]: time="2026-02-21T00:06:40Z" level=warning msg="no subnet found for key: FLANNEL_IPV6_SUBNET in file: /run/flannel/subnet.env"
Feb 21 00:06:40 control k3s[5865]: I0221 00:06:40.407046    5865 iptables.go:101] Current network or subnet (10.42.0.0/16, 10.42.0.0/24) is not equal to previous one (0.0.0.0/0, 0.0.0.0/0), trying to recycle old iptables rules
Feb 21 00:06:40 control k3s[5865]: I0221 00:06:40.413413    5865 event.go:389] "Event occurred" object="kube-system/traefik-crd" fieldPath="" kind="HelmChart" apiVersion="helm.cattle.io/v1" type="Normal" reason="ApplyJob" message="Applying HelmChart using Job kube-system/helm-install-traefik-crd"
Feb 21 00:06:40 control k3s[5865]: time="2026-02-21T00:06:40Z" level=info msg="Starting /v1, Kind=Pod controller"
Feb 21 00:06:40 control k3s[5865]: time="2026-02-21T00:06:40Z" level=info msg="Starting apps/v1, Kind=DaemonSet controller"
Feb 21 00:06:40 control k3s[5865]: time="2026-02-21T00:06:40Z" level=info msg="Starting discovery.k8s.io/v1, Kind=EndpointSlice controller"
Feb 21 00:06:40 control k3s[5865]: I0221 00:06:40.521359    5865 controllermanager.go:329] Started "cloud-node-controller"
Feb 21 00:06:40 control k3s[5865]: I0221 00:06:40.523046    5865 controllermanager.go:329] Started "cloud-node-lifecycle-controller"
Feb 21 00:06:40 control k3s[5865]: I0221 00:06:40.523919    5865 controllermanager.go:329] Started "service-lb-controller"
Feb 21 00:06:40 control k3s[5865]: W0221 00:06:40.524210    5865 controllermanager.go:306] "node-route-controller" is disabled
Feb 21 00:06:40 control k3s[5865]: I0221 00:06:40.526754    5865 node_controller.go:176] Sending events to api server.
Feb 21 00:06:40 control k3s[5865]: I0221 00:06:40.527556    5865 node_lifecycle_controller.go:112] Sending events to api server
Feb 21 00:06:40 control k3s[5865]: I0221 00:06:40.527672    5865 node_controller.go:185] Waiting for informer caches to sync
Feb 21 00:06:40 control k3s[5865]: I0221 00:06:40.527899    5865 controller.go:235] Starting service controller
Feb 21 00:06:40 control k3s[5865]: I0221 00:06:40.528039    5865 shared_informer.go:370] "Waiting for caches to sync"
Feb 21 00:06:40 control k3s[5865]: I0221 00:06:40.592581    5865 shared_informer.go:377] "Caches are synced"
Feb 21 00:06:40 control k3s[5865]: I0221 00:06:40.628323    5865 shared_informer.go:377] "Caches are synced"
Feb 21 00:06:40 control k3s[5865]: I0221 00:06:40.628790    5865 node_controller.go:429] Initializing node control with cloud provider
Feb 21 00:06:40 control k3s[5865]: I0221 00:06:40.643348    5865 controller.go:667] quota admission added evaluator for: jobs.batch
Feb 21 00:06:40 control k3s[5865]: I0221 00:06:40.652296    5865 shared_informer.go:377] "Caches are synced"
Feb 21 00:06:40 control k3s[5865]: I0221 00:06:40.652472    5865 garbagecollector.go:166] "Garbage collector: all resource monitors have synced"
Feb 21 00:06:40 control k3s[5865]: I0221 00:06:40.652487    5865 garbagecollector.go:169] "Proceeding to collect garbage"
Feb 21 00:06:40 control k3s[5865]: I0221 00:06:40.666729    5865 iptables.go:111] Setting up masking rules
Feb 21 00:06:40 control k3s[5865]: I0221 00:06:40.689850    5865 node_controller.go:474] Successfully initialized node control with cloud provider
Feb 21 00:06:40 control k3s[5865]: I0221 00:06:40.690682    5865 event.go:389] "Event occurred" object="control" fieldPath="" kind="Node" apiVersion="v1" type="Normal" reason="Synced" message="Node synced successfully"
Feb 21 00:06:40 control k3s[5865]: I0221 00:06:40.712381    5865 iptables.go:212] Changing default FORWARD chain policy to ACCEPT
Feb 21 00:06:40 control k3s[5865]: time="2026-02-21T00:06:40Z" level=info msg="Wrote flannel subnet file to /run/flannel/subnet.env"
Feb 21 00:06:40 control k3s[5865]: time="2026-02-21T00:06:40Z" level=info msg="Running flannel backend."
Feb 21 00:06:40 control k3s[5865]: I0221 00:06:40.756693    5865 vxlan_network.go:68] watching for new subnet leases
Feb 21 00:06:40 control k3s[5865]: I0221 00:06:40.756717    5865 vxlan_network.go:115] starting vxlan device watcher
Feb 21 00:06:40 control k3s[5865]: I0221 00:06:40.782768    5865 event.go:389] "Event occurred" object="kube-system/traefik" fieldPath="" kind="HelmChart" apiVersion="helm.cattle.io/v1" type="Normal" reason="ApplyJob" message="Applying HelmChart using Job kube-system/helm-install-traefik"
Feb 21 00:06:40 control k3s[5865]: I0221 00:06:40.795707    5865 server.go:173] "Starting Kubernetes Scheduler" version="v1.35.1+k3s1"
Feb 21 00:06:40 control k3s[5865]: I0221 00:06:40.795909    5865 server.go:175] "Golang settings" GOGC="" GOMAXPROCS="" GOTRACEBACK=""
Feb 21 00:06:40 control k3s[5865]: W0221 00:06:40.801085    5865 handler_proxy.go:99] no RequestInfo found in the context
Feb 21 00:06:40 control k3s[5865]: E0221 00:06:40.801391    5865 controller.go:102] "Unhandled Error" err=<
Feb 21 00:06:40 control k3s[5865]:         loading OpenAPI spec for "v1beta1.metrics.k8s.io" failed with: failed to download v1beta1.metrics.k8s.io: failed to retrieve openAPI spec, http error: ResponseCode: 503, Body: service unavailable
Feb 21 00:06:40 control k3s[5865]:         , Header: map[Content-Type:[text/plain; charset=utf-8] X-Content-Type-Options:[nosniff]]
Feb 21 00:06:40 control k3s[5865]:  >
Feb 21 00:06:40 control k3s[5865]: I0221 00:06:40.801421    5865 controller.go:109] OpenAPI AggregationController: action for item v1beta1.metrics.k8s.io: Rate Limited Requeue.
Feb 21 00:06:40 control k3s[5865]: W0221 00:06:40.803167    5865 handler_proxy.go:99] no RequestInfo found in the context
Feb 21 00:06:40 control k3s[5865]: E0221 00:06:40.803429    5865 controller.go:113] "Unhandled Error" err="loading OpenAPI spec for \"v1beta1.metrics.k8s.io\" failed with: Error, could not get list of group versions for APIService"
Feb 21 00:06:40 control k3s[5865]: I0221 00:06:40.803660    5865 controller.go:126] OpenAPI AggregationController: action for item v1beta1.metrics.k8s.io: Rate Limited Requeue.
Feb 21 00:06:40 control k3s[5865]: I0221 00:06:40.846953    5865 event.go:389] "Event occurred" object="kube-system/traefik-crd" fieldPath="" kind="HelmChart" apiVersion="helm.cattle.io/v1" type="Normal" reason="ApplyJob" message="Applying HelmChart using Job kube-system/helm-install-traefik-crd"
Feb 21 00:06:40 control k3s[5865]: I0221 00:06:40.868303    5865 secure_serving.go:211] Serving securely on 127.0.0.1:10259
Feb 21 00:06:40 control k3s[5865]: I0221 00:06:40.869344    5865 requestheader_controller.go:180] Starting RequestHeaderAuthRequestController
Feb 21 00:06:40 control k3s[5865]: I0221 00:06:40.869908    5865 shared_informer.go:370] "Waiting for caches to sync"
Feb 21 00:06:40 control k3s[5865]: I0221 00:06:40.870049    5865 dynamic_serving_content.go:135] "Starting controller" name="serving-cert::/var/lib/rancher/k3s/server/tls/kube-scheduler/kube-scheduler.crt::/var/lib/rancher/k3s/server/tls/kube-scheduler/kube-scheduler.key"
Feb 21 00:06:40 control k3s[5865]: I0221 00:06:40.870467    5865 tlsconfig.go:243] "Starting DynamicServingCertificateController"
Feb 21 00:06:40 control k3s[5865]: I0221 00:06:40.898190    5865 configmap_cafile_content.go:205] "Starting controller" name="client-ca::kube-system::extension-apiserver-authentication::client-ca-file"
Feb 21 00:06:40 control k3s[5865]: I0221 00:06:40.898364    5865 shared_informer.go:370] "Waiting for caches to sync"
Feb 21 00:06:40 control k3s[5865]: I0221 00:06:40.898395    5865 configmap_cafile_content.go:205] "Starting controller" name="client-ca::kube-system::extension-apiserver-authentication::requestheader-client-ca-file"
Feb 21 00:06:40 control k3s[5865]: I0221 00:06:40.898438    5865 shared_informer.go:370] "Waiting for caches to sync"
Feb 21 00:06:41 control k3s[5865]: I0221 00:06:41.080444    5865 iptables.go:358] bootstrap done
Feb 21 00:06:41 control k3s[5865]: I0221 00:06:41.088495    5865 event.go:389] "Event occurred" object="kube-system/traefik" fieldPath="" kind="HelmChart" apiVersion="helm.cattle.io/v1" type="Normal" reason="ApplyJob" message="Applying HelmChart using Job kube-system/helm-install-traefik"
Feb 21 00:06:41 control k3s[5865]: I0221 00:06:41.089257    5865 event.go:389] "Event occurred" object="kube-system/traefik-crd" fieldPath="" kind="HelmChart" apiVersion="helm.cattle.io/v1" type="Normal" reason="ApplyJob" message="Applying HelmChart using Job kube-system/helm-install-traefik-crd"
Feb 21 00:06:41 control k3s[5865]: I0221 00:06:41.171383    5865 shared_informer.go:377] "Caches are synced"
Feb 21 00:06:41 control k3s[5865]: I0221 00:06:41.182082    5865 iptables.go:358] bootstrap done
Feb 21 00:06:41 control k3s[5865]: I0221 00:06:41.199880    5865 shared_informer.go:377] "Caches are synced"
Feb 21 00:06:41 control k3s[5865]: I0221 00:06:41.200846    5865 shared_informer.go:377] "Caches are synced"
Feb 21 00:06:41 control k3s[5865]: I0221 00:06:41.342163    5865 reconciler_common.go:251] "operationExecutor.VerifyControllerAttachedVolume started for volume \"config-volume\" (UniqueName: \"kubernetes.io/configmap/4f7e015b-fe8f-4ba4-a391-e95e9c47eaf4-config-volume\") pod \"local-path-provisioner-6bc6568469-gbzsf\" (UID: \"4f7e015b-fe8f-4ba4-a391-e95e9c47eaf4\") " pod="kube-system/local-path-provisioner-6bc6568469-gbzsf"
Feb 21 00:06:41 control k3s[5865]: I0221 00:06:41.342297    5865 reconciler_common.go:251] "operationExecutor.VerifyControllerAttachedVolume started for volume \"kube-api-access-wn6dv\" (UniqueName: \"kubernetes.io/projected/4f7e015b-fe8f-4ba4-a391-e95e9c47eaf4-kube-api-access-wn6dv\") pod \"local-path-provisioner-6bc6568469-gbzsf\" (UID: \"4f7e015b-fe8f-4ba4-a391-e95e9c47eaf4\") " pod="kube-system/local-path-provisioner-6bc6568469-gbzsf"
Feb 21 00:06:41 control k3s[5865]: I0221 00:06:41.342339    5865 reconciler_common.go:251] "operationExecutor.VerifyControllerAttachedVolume started for volume \"tmp-dir\" (UniqueName: \"kubernetes.io/empty-dir/2a50d9c8-3f55-4d57-a778-07effacee30a-tmp-dir\") pod \"metrics-server-786d997795-stml5\" (UID: \"2a50d9c8-3f55-4d57-a778-07effacee30a\") " pod="kube-system/metrics-server-786d997795-stml5"
Feb 21 00:06:41 control k3s[5865]: I0221 00:06:41.343896    5865 reconciler_common.go:251] "operationExecutor.VerifyControllerAttachedVolume started for volume \"kube-api-access-vfrlz\" (UniqueName: \"kubernetes.io/projected/2a50d9c8-3f55-4d57-a778-07effacee30a-kube-api-access-vfrlz\") pod \"metrics-server-786d997795-stml5\" (UID: \"2a50d9c8-3f55-4d57-a778-07effacee30a\") " pod="kube-system/metrics-server-786d997795-stml5"
Feb 21 00:06:41 control k3s[5865]: I0221 00:06:41.448479    5865 reconciler_common.go:251] "operationExecutor.VerifyControllerAttachedVolume started for volume \"custom-config-volume\" (UniqueName: \"kubernetes.io/configmap/fc7a469c-0391-4b3e-9e8f-001b117c7318-custom-config-volume\") pod \"coredns-7566b5ff58-gqb7m\" (UID: \"fc7a469c-0391-4b3e-9e8f-001b117c7318\") " pod="kube-system/coredns-7566b5ff58-gqb7m"
Feb 21 00:06:41 control k3s[5865]: I0221 00:06:41.448908    5865 reconciler_common.go:251] "operationExecutor.VerifyControllerAttachedVolume started for volume \"kube-api-access-tgbpg\" (UniqueName: \"kubernetes.io/projected/fc7a469c-0391-4b3e-9e8f-001b117c7318-kube-api-access-tgbpg\") pod \"coredns-7566b5ff58-gqb7m\" (UID: \"fc7a469c-0391-4b3e-9e8f-001b117c7318\") " pod="kube-system/coredns-7566b5ff58-gqb7m"
Feb 21 00:06:41 control k3s[5865]: I0221 00:06:41.450114    5865 reconciler_common.go:251] "operationExecutor.VerifyControllerAttachedVolume started for volume \"config-volume\" (UniqueName: \"kubernetes.io/configmap/fc7a469c-0391-4b3e-9e8f-001b117c7318-config-volume\") pod \"coredns-7566b5ff58-gqb7m\" (UID: \"fc7a469c-0391-4b3e-9e8f-001b117c7318\") " pod="kube-system/coredns-7566b5ff58-gqb7m"
Feb 21 00:06:41 control k3s[5865]: time="2026-02-21T00:06:41Z" level=info msg="Started tunnel to 192.168.56.10:6443"
Feb 21 00:06:41 control k3s[5865]: time="2026-02-21T00:06:41Z" level=info msg="Stopped tunnel to 127.0.0.1:6443"
Feb 21 00:06:41 control k3s[5865]: time="2026-02-21T00:06:41Z" level=info msg="Connecting to proxy" url="wss://192.168.56.10:6443/v1-k3s/connect"
Feb 21 00:06:41 control k3s[5865]: time="2026-02-21T00:06:41Z" level=info msg="Proxy done" err="context canceled" url="wss://127.0.0.1:6443/v1-k3s/connect"
Feb 21 00:06:41 control k3s[5865]: time="2026-02-21T00:06:41Z" level=info msg="error in remotedialer server [400]: websocket: close 1006 (abnormal closure): unexpected EOF"
Feb 21 00:06:41 control k3s[5865]: time="2026-02-21T00:06:41Z" level=info msg="Handling backend connection request [control]"
Feb 21 00:06:41 control k3s[5865]: time="2026-02-21T00:06:41Z" level=info msg="Connected to proxy" url="wss://192.168.56.10:6443/v1-k3s/connect"
Feb 21 00:06:41 control k3s[5865]: time="2026-02-21T00:06:41Z" level=info msg="Remotedialer connected to proxy" url="wss://192.168.56.10:6443/v1-k3s/connect"
Feb 21 00:06:41 control k3s[5865]: I0221 00:06:41.476738    5865 swap_util.go:78] "error creating dir to test if tmpfs noswap is enabled. Assuming not supported" mount path="" error="stat /var/lib/kubelet/plugins/kubernetes.io/empty-dir: no such file or directory"
Feb 21 00:06:44 control k3s[5865]: I0221 00:06:44.486421    5865 kuberuntime_manager.go:2062] "Updating runtime config through cri with podcidr" CIDR="10.42.0.0/24"
Feb 21 00:06:44 control k3s[5865]: I0221 00:06:44.489971    5865 kubelet_network.go:47] "Updating Pod CIDR" originalPodCIDR="" newPodCIDR="10.42.0.0/24"
Feb 21 00:06:45 control k3s[5865]: time="2026-02-21T00:06:45Z" level=info msg="Starting network policy controller version v2.6.3-k3s1, built on 2026-02-12T23:46:55Z, go1.25.6"
Feb 21 00:06:45 control k3s[5865]: I0221 00:06:45.339701    5865 network_policy_controller.go:164] Starting network policy controller
Feb 21 00:06:45 control k3s[5865]: I0221 00:06:45.682772    5865 network_policy_controller.go:179] Starting network policy controller full sync goroutine
Feb 21 00:06:47 control k3s[5865]: E0221 00:06:47.500939    5865 log.go:32] "RunPodSandbox from runtime service failed" err="rpc error: code = Unknown desc = failed to start sandbox \"89bafcccb1518b3e7d2bcb27b906ecd1a8a01e7e2547755a1d164627bcad43a2\": failed to get sandbox image \"rancher/mirrored-pause:3.6\": failed to pull image \"rancher/mirrored-pause:3.6\": failed to pull and unpack image \"docker.io/rancher/mirrored-pause:3.6\": failed to resolve reference \"docker.io/rancher/mirrored-pause:3.6\": failed to do request: Head \"https://registry-1.docker.io/v2/rancher/mirrored-pause/manifests/3.6\": dial tcp: lookup registry-1.docker.io: Try again"
Feb 21 00:06:47 control k3s[5865]: E0221 00:06:47.502121    5865 kuberuntime_sandbox.go:71] "Failed to create sandbox for pod" err="rpc error: code = Unknown desc = failed to start sandbox \"89bafcccb1518b3e7d2bcb27b906ecd1a8a01e7e2547755a1d164627bcad43a2\": failed to get sandbox image \"rancher/mirrored-pause:3.6\": failed to pull image \"rancher/mirrored-pause:3.6\": failed to pull and unpack image \"docker.io/rancher/mirrored-pause:3.6\": failed to resolve reference \"docker.io/rancher/mirrored-pause:3.6\": failed to do request: Head \"https://registry-1.docker.io/v2/rancher/mirrored-pause/manifests/3.6\": dial tcp: lookup registry-1.docker.io: Try again" pod="kube-system/metrics-server-786d997795-stml5"
Feb 21 00:06:47 control k3s[5865]: E0221 00:06:47.502529    5865 kuberuntime_manager.go:1558] "CreatePodSandbox for pod failed" err="rpc error: code = Unknown desc = failed to start sandbox \"89bafcccb1518b3e7d2bcb27b906ecd1a8a01e7e2547755a1d164627bcad43a2\": failed to get sandbox image \"rancher/mirrored-pause:3.6\": failed to pull image \"rancher/mirrored-pause:3.6\": failed to pull and unpack image \"docker.io/rancher/mirrored-pause:3.6\": failed to resolve reference \"docker.io/rancher/mirrored-pause:3.6\": failed to do request: Head \"https://registry-1.docker.io/v2/rancher/mirrored-pause/manifests/3.6\": dial tcp: lookup registry-1.docker.io: Try again" pod="kube-system/metrics-server-786d997795-stml5"
Feb 21 00:06:47 control k3s[5865]: E0221 00:06:47.502883    5865 pod_workers.go:1324] "Error syncing pod, skipping" err="failed to \"CreatePodSandbox\" for \"metrics-server-786d997795-stml5_kube-system(2a50d9c8-3f55-4d57-a778-07effacee30a)\" with CreatePodSandboxError: \"Failed to create sandbox for pod \\\"metrics-server-786d997795-stml5_kube-system(2a50d9c8-3f55-4d57-a778-07effacee30a)\\\": rpc error: code = Unknown desc = failed to start sandbox \\\"89bafcccb1518b3e7d2bcb27b906ecd1a8a01e7e2547755a1d164627bcad43a2\\\": failed to get sandbox image \\\"rancher/mirrored-pause:3.6\\\": failed to pull image \\\"rancher/mirrored-pause:3.6\\\": failed to pull and unpack image \\\"docker.io/rancher/mirrored-pause:3.6\\\": failed to resolve reference \\\"docker.io/rancher/mirrored-pause:3.6\\\": failed to do request: Head \\\"https://registry-1.docker.io/v2/rancher/mirrored-pause/manifests/3.6\\\": dial tcp: lookup registry-1.docker.io: Try again\"" pod="kube-system/metrics-server-786d997795-stml5" podUID="2a50d9c8-3f55-4d57-a778-07effacee30a"
Feb 21 00:06:47 control k3s[5865]: E0221 00:06:47.527786    5865 log.go:32] "RunPodSandbox from runtime service failed" err="rpc error: code = Unknown desc = failed to start sandbox \"514f327158030ac07d876c939293eef0463ed59095ac1191d796f45452160de1\": failed to get sandbox image \"rancher/mirrored-pause:3.6\": failed to pull image \"rancher/mirrored-pause:3.6\": failed to pull and unpack image \"docker.io/rancher/mirrored-pause:3.6\": failed to resolve reference \"docker.io/rancher/mirrored-pause:3.6\": failed to do request: Head \"https://registry-1.docker.io/v2/rancher/mirrored-pause/manifests/3.6\": dial tcp: lookup registry-1.docker.io: Try again"
Feb 21 00:06:47 control k3s[5865]: E0221 00:06:47.529712    5865 kuberuntime_sandbox.go:71] "Failed to create sandbox for pod" err="rpc error: code = Unknown desc = failed to start sandbox \"514f327158030ac07d876c939293eef0463ed59095ac1191d796f45452160de1\": failed to get sandbox image \"rancher/mirrored-pause:3.6\": failed to pull image \"rancher/mirrored-pause:3.6\": failed to pull and unpack image \"docker.io/rancher/mirrored-pause:3.6\": failed to resolve reference \"docker.io/rancher/mirrored-pause:3.6\": failed to do request: Head \"https://registry-1.docker.io/v2/rancher/mirrored-pause/manifests/3.6\": dial tcp: lookup registry-1.docker.io: Try again" pod="kube-system/local-path-provisioner-6bc6568469-gbzsf"
Feb 21 00:06:47 control k3s[5865]: E0221 00:06:47.530161    5865 kuberuntime_manager.go:1558] "CreatePodSandbox for pod failed" err="rpc error: code = Unknown desc = failed to start sandbox \"514f327158030ac07d876c939293eef0463ed59095ac1191d796f45452160de1\": failed to get sandbox image \"rancher/mirrored-pause:3.6\": failed to pull image \"rancher/mirrored-pause:3.6\": failed to pull and unpack image \"docker.io/rancher/mirrored-pause:3.6\": failed to resolve reference \"docker.io/rancher/mirrored-pause:3.6\": failed to do request: Head \"https://registry-1.docker.io/v2/rancher/mirrored-pause/manifests/3.6\": dial tcp: lookup registry-1.docker.io: Try again" pod="kube-system/local-path-provisioner-6bc6568469-gbzsf"
Feb 21 00:06:47 control k3s[5865]: E0221 00:06:47.530430    5865 pod_workers.go:1324] "Error syncing pod, skipping" err="failed to \"CreatePodSandbox\" for \"local-path-provisioner-6bc6568469-gbzsf_kube-system(4f7e015b-fe8f-4ba4-a391-e95e9c47eaf4)\" with CreatePodSandboxError: \"Failed to create sandbox for pod \\\"local-path-provisioner-6bc6568469-gbzsf_kube-system(4f7e015b-fe8f-4ba4-a391-e95e9c47eaf4)\\\": rpc error: code = Unknown desc = failed to start sandbox \\\"514f327158030ac07d876c939293eef0463ed59095ac1191d796f45452160de1\\\": failed to get sandbox image \\\"rancher/mirrored-pause:3.6\\\": failed to pull image \\\"rancher/mirrored-pause:3.6\\\": failed to pull and unpack image \\\"docker.io/rancher/mirrored-pause:3.6\\\": failed to resolve reference \\\"docker.io/rancher/mirrored-pause:3.6\\\": failed to do request: Head \\\"https://registry-1.docker.io/v2/rancher/mirrored-pause/manifests/3.6\\\": dial tcp: lookup registry-1.docker.io: Try again\"" pod="kube-system/local-path-provisioner-6bc6568469-gbzsf" podUID="4f7e015b-fe8f-4ba4-a391-e95e9c47eaf4"
Feb 21 00:06:47 control k3s[5865]: E0221 00:06:47.532497    5865 log.go:32] "RunPodSandbox from runtime service failed" err="rpc error: code = Unknown desc = failed to start sandbox \"e5be86ab766576392dc281e1489c6faf1eb27c67568cee9efa0363825b606139\": failed to get sandbox image \"rancher/mirrored-pause:3.6\": failed to pull image \"rancher/mirrored-pause:3.6\": failed to pull and unpack image \"docker.io/rancher/mirrored-pause:3.6\": failed to resolve reference \"docker.io/rancher/mirrored-pause:3.6\": failed to do request: Head \"https://registry-1.docker.io/v2/rancher/mirrored-pause/manifests/3.6\": dial tcp: lookup registry-1.docker.io: Try again"
Feb 21 00:06:47 control k3s[5865]: E0221 00:06:47.532775    5865 kuberuntime_sandbox.go:71] "Failed to create sandbox for pod" err="rpc error: code = Unknown desc = failed to start sandbox \"e5be86ab766576392dc281e1489c6faf1eb27c67568cee9efa0363825b606139\": failed to get sandbox image \"rancher/mirrored-pause:3.6\": failed to pull image \"rancher/mirrored-pause:3.6\": failed to pull and unpack image \"docker.io/rancher/mirrored-pause:3.6\": failed to resolve reference \"docker.io/rancher/mirrored-pause:3.6\": failed to do request: Head \"https://registry-1.docker.io/v2/rancher/mirrored-pause/manifests/3.6\": dial tcp: lookup registry-1.docker.io: Try again" pod="kube-system/coredns-7566b5ff58-gqb7m"
Feb 21 00:06:47 control k3s[5865]: E0221 00:06:47.532998    5865 kuberuntime_manager.go:1558] "CreatePodSandbox for pod failed" err="rpc error: code = Unknown desc = failed to start sandbox \"e5be86ab766576392dc281e1489c6faf1eb27c67568cee9efa0363825b606139\": failed to get sandbox image \"rancher/mirrored-pause:3.6\": failed to pull image \"rancher/mirrored-pause:3.6\": failed to pull and unpack image \"docker.io/rancher/mirrored-pause:3.6\": failed to resolve reference \"docker.io/rancher/mirrored-pause:3.6\": failed to do request: Head \"https://registry-1.docker.io/v2/rancher/mirrored-pause/manifests/3.6\": dial tcp: lookup registry-1.docker.io: Try again" pod="kube-system/coredns-7566b5ff58-gqb7m"
Feb 21 00:06:47 control k3s[5865]: E0221 00:06:47.533236    5865 pod_workers.go:1324] "Error syncing pod, skipping" err="failed to \"CreatePodSandbox\" for \"coredns-7566b5ff58-gqb7m_kube-system(fc7a469c-0391-4b3e-9e8f-001b117c7318)\" with CreatePodSandboxError: \"Failed to create sandbox for pod \\\"coredns-7566b5ff58-gqb7m_kube-system(fc7a469c-0391-4b3e-9e8f-001b117c7318)\\\": rpc error: code = Unknown desc = failed to start sandbox \\\"e5be86ab766576392dc281e1489c6faf1eb27c67568cee9efa0363825b606139\\\": failed to get sandbox image \\\"rancher/mirrored-pause:3.6\\\": failed to pull image \\\"rancher/mirrored-pause:3.6\\\": failed to pull and unpack image \\\"docker.io/rancher/mirrored-pause:3.6\\\": failed to resolve reference \\\"docker.io/rancher/mirrored-pause:3.6\\\": failed to do request: Head \\\"https://registry-1.docker.io/v2/rancher/mirrored-pause/manifests/3.6\\\": dial tcp: lookup registry-1.docker.io: Try again\"" pod="kube-system/coredns-7566b5ff58-gqb7m" podUID="fc7a469c-0391-4b3e-9e8f-001b117c7318"
Feb 21 00:06:54 control k3s[5865]: E0221 00:06:54.737706    5865 health_controller.go:212] Metrics Controller heartbeat missed
