Feb 24 23:31:18 control k3s[5563]: I0224 23:31:18.158166    5563 shared_informer.go:370] "Waiting for caches to sync"
Feb 24 23:31:18 control k3s[5563]: I0224 23:31:18.158210    5563 cronjob_controllerv2.go:143] "Starting cronjob controller v2"
Feb 24 23:31:18 control k3s[5563]: I0224 23:31:18.158216    5563 shared_informer.go:370] "Waiting for caches to sync"
Feb 24 23:31:18 control k3s[5563]: I0224 23:31:18.158260    5563 pv_controller_base.go:307] "Starting persistent volume controller"
Feb 24 23:31:18 control k3s[5563]: I0224 23:31:18.158267    5563 shared_informer.go:370] "Waiting for caches to sync"
Feb 24 23:31:18 control k3s[5563]: I0224 23:31:18.158451    5563 serviceaccounts_controller.go:117] "Starting service account controller"
Feb 24 23:31:18 control k3s[5563]: I0224 23:31:18.158460    5563 shared_informer.go:370] "Waiting for caches to sync"
Feb 24 23:31:18 control k3s[5563]: I0224 23:31:18.158480    5563 certificate_controller.go:120] "Starting certificate controller" name="csrapproving"
Feb 24 23:31:18 control k3s[5563]: I0224 23:31:18.158486    5563 shared_informer.go:370] "Waiting for caches to sync"
Feb 24 23:31:18 control k3s[5563]: I0224 23:31:18.158509    5563 cleaner.go:83] "Starting CSR cleaner controller"
Feb 24 23:31:18 control k3s[5563]: I0224 23:31:18.158544    5563 pv_protection_controller.go:81] "Starting PV protection controller"
Feb 24 23:31:18 control k3s[5563]: I0224 23:31:18.158548    5563 shared_informer.go:370] "Waiting for caches to sync"
Feb 24 23:31:18 control k3s[5563]: I0224 23:31:18.158589    5563 controller.go:423] "Starting resource claim controller"
Feb 24 23:31:18 control k3s[5563]: I0224 23:31:18.158593    5563 shared_informer.go:370] "Waiting for caches to sync"
Feb 24 23:31:18 control k3s[5563]: I0224 23:31:18.158603    5563 legacy_serviceaccount_token_cleaner.go:103] "Starting legacy service account token cleaner controller"
Feb 24 23:31:18 control k3s[5563]: I0224 23:31:18.158607    5563 shared_informer.go:370] "Waiting for caches to sync"
Feb 24 23:31:18 control k3s[5563]: I0224 23:31:18.158617    5563 clusterroleaggregation_controller.go:194] "Starting ClusterRoleAggregator controller"
Feb 24 23:31:18 control k3s[5563]: I0224 23:31:18.158621    5563 shared_informer.go:370] "Waiting for caches to sync"
Feb 24 23:31:18 control k3s[5563]: I0224 23:31:18.158631    5563 vac_protection_controller.go:206] "Starting VAC protection controller"
Feb 24 23:31:18 control k3s[5563]: I0224 23:31:18.158635    5563 shared_informer.go:370] "Waiting for caches to sync"
Feb 24 23:31:18 control k3s[5563]: I0224 23:31:18.158647    5563 taint_eviction.go:283] "Starting" controller="taint-eviction-controller"
Feb 24 23:31:18 control k3s[5563]: I0224 23:31:18.158667    5563 taint_eviction.go:288] "Sending events to API server"
Feb 24 23:31:18 control k3s[5563]: I0224 23:31:18.158670    5563 shared_informer.go:370] "Waiting for caches to sync"
Feb 24 23:31:18 control k3s[5563]: I0224 23:31:18.158695    5563 servicecidrs_controller.go:136] "Starting" controller="service-cidr-controller"
Feb 24 23:31:18 control k3s[5563]: I0224 23:31:18.158698    5563 shared_informer.go:370] "Waiting for caches to sync"
Feb 24 23:31:18 control k3s[5563]: I0224 23:31:18.158725    5563 deployment_controller.go:172] "Starting controller" controller="deployment"
Feb 24 23:31:18 control k3s[5563]: I0224 23:31:18.158730    5563 shared_informer.go:370] "Waiting for caches to sync"
Feb 24 23:31:18 control k3s[5563]: I0224 23:31:18.160077    5563 garbagecollector.go:141] "Starting controller" controller="garbagecollector"
Feb 24 23:31:18 control k3s[5563]: I0224 23:31:18.160086    5563 shared_informer.go:370] "Waiting for caches to sync"
Feb 24 23:31:18 control k3s[5563]: I0224 23:31:18.160157    5563 certificate_controller.go:120] "Starting certificate controller" name="csrsigning-kubelet-serving"
Feb 24 23:31:18 control k3s[5563]: I0224 23:31:18.160162    5563 shared_informer.go:370] "Waiting for caches to sync"
Feb 24 23:31:18 control k3s[5563]: I0224 23:31:18.160173    5563 certificate_controller.go:120] "Starting certificate controller" name="csrsigning-kubelet-client"
Feb 24 23:31:18 control k3s[5563]: I0224 23:31:18.160177    5563 shared_informer.go:370] "Waiting for caches to sync"
Feb 24 23:31:18 control k3s[5563]: I0224 23:31:18.160187    5563 certificate_controller.go:120] "Starting certificate controller" name="csrsigning-kube-apiserver-client"
Feb 24 23:31:18 control k3s[5563]: I0224 23:31:18.160191    5563 shared_informer.go:370] "Waiting for caches to sync"
Feb 24 23:31:18 control k3s[5563]: I0224 23:31:18.160215    5563 dynamic_serving_content.go:135] "Starting controller" name="csr-controller::/var/lib/rancher/k3s/server/tls/server-ca.nochain.crt::/var/lib/rancher/k3s/server/tls/server-ca.key"
Feb 24 23:31:18 control k3s[5563]: I0224 23:31:18.160363    5563 resource_quota_controller.go:297] "Starting resource quota controller"
Feb 24 23:31:18 control k3s[5563]: I0224 23:31:18.160373    5563 shared_informer.go:370] "Waiting for caches to sync"
Feb 24 23:31:18 control k3s[5563]: I0224 23:31:18.160616    5563 graph_builder.go:386] "Running" component="GraphBuilder"
Feb 24 23:31:18 control k3s[5563]: I0224 23:31:18.160635    5563 dynamic_serving_content.go:135] "Starting controller" name="csr-controller::/var/lib/rancher/k3s/server/tls/server-ca.nochain.crt::/var/lib/rancher/k3s/server/tls/server-ca.key"
Feb 24 23:31:18 control k3s[5563]: I0224 23:31:18.160684    5563 dynamic_serving_content.go:135] "Starting controller" name="csr-controller::/var/lib/rancher/k3s/server/tls/client-ca.nochain.crt::/var/lib/rancher/k3s/server/tls/client-ca.key"
Feb 24 23:31:18 control k3s[5563]: I0224 23:31:18.160725    5563 dynamic_serving_content.go:135] "Starting controller" name="csr-controller::/var/lib/rancher/k3s/server/tls/client-ca.nochain.crt::/var/lib/rancher/k3s/server/tls/client-ca.key"
Feb 24 23:31:18 control k3s[5563]: I0224 23:31:18.160931    5563 resource_quota_monitor.go:309] "QuotaMonitor running"
Feb 24 23:31:18 control k3s[5563]: I0224 23:31:18.165722    5563 shared_informer.go:377] "Caches are synced"
Feb 24 23:31:18 control k3s[5563]: I0224 23:31:18.165766    5563 shared_informer.go:377] "Caches are synced"
Feb 24 23:31:18 control k3s[5563]: E0224 23:31:18.177626    5563 resource_quota_controller.go:460] "Error during resource discovery" err="unable to retrieve the complete list of server APIs: metrics.k8s.io/v1beta1: stale GroupVersion discovery: metrics.k8s.io/v1beta1"
Feb 24 23:31:18 control k3s[5563]: I0224 23:31:18.177775    5563 shared_informer.go:370] "Waiting for caches to sync"
Feb 24 23:31:18 control k3s[5563]: I0224 23:31:18.224182    5563 actual_state_of_world.go:541] "Failed to update statusUpdateNeeded field in actual state of world" err="Failed to set statusUpdateNeeded to needed true, because nodeName=\"control\" does not exist"
Feb 24 23:31:18 control k3s[5563]: I0224 23:31:18.245812    5563 shared_informer.go:377] "Caches are synced"
Feb 24 23:31:18 control k3s[5563]: I0224 23:31:18.253493    5563 shared_informer.go:377] "Caches are synced"
Feb 24 23:31:18 control k3s[5563]: I0224 23:31:18.253667    5563 shared_informer.go:377] "Caches are synced"
Feb 24 23:31:18 control k3s[5563]: I0224 23:31:18.274542    5563 shared_informer.go:377] "Caches are synced"
Feb 24 23:31:18 control k3s[5563]: I0224 23:31:18.278996    5563 shared_informer.go:377] "Caches are synced"
Feb 24 23:31:18 control k3s[5563]: I0224 23:31:18.279917    5563 shared_informer.go:377] "Caches are synced"
Feb 24 23:31:18 control k3s[5563]: I0224 23:31:18.280069    5563 shared_informer.go:377] "Caches are synced"
Feb 24 23:31:18 control k3s[5563]: I0224 23:31:18.280095    5563 shared_informer.go:377] "Caches are synced"
Feb 24 23:31:18 control k3s[5563]: I0224 23:31:18.280336    5563 shared_informer.go:377] "Caches are synced"
Feb 24 23:31:18 control k3s[5563]: I0224 23:31:18.280984    5563 shared_informer.go:377] "Caches are synced"
Feb 24 23:31:18 control k3s[5563]: I0224 23:31:18.281037    5563 range_allocator.go:177] "Sending events to api server"
Feb 24 23:31:18 control k3s[5563]: I0224 23:31:18.281080    5563 range_allocator.go:181] "Starting range CIDR allocator"
Feb 24 23:31:18 control k3s[5563]: I0224 23:31:18.281088    5563 shared_informer.go:370] "Waiting for caches to sync"
Feb 24 23:31:18 control k3s[5563]: I0224 23:31:18.281096    5563 shared_informer.go:377] "Caches are synced"
Feb 24 23:31:18 control k3s[5563]: I0224 23:31:18.282511    5563 shared_informer.go:377] "Caches are synced"
Feb 24 23:31:18 control k3s[5563]: I0224 23:31:18.282608    5563 shared_informer.go:377] "Caches are synced"
Feb 24 23:31:18 control k3s[5563]: I0224 23:31:18.283085    5563 shared_informer.go:377] "Caches are synced"
Feb 24 23:31:18 control k3s[5563]: I0224 23:31:18.284440    5563 shared_informer.go:377] "Caches are synced"
Feb 24 23:31:18 control k3s[5563]: I0224 23:31:18.284466    5563 shared_informer.go:377] "Caches are synced"
Feb 24 23:31:18 control k3s[5563]: I0224 23:31:18.284495    5563 shared_informer.go:377] "Caches are synced"
Feb 24 23:31:18 control k3s[5563]: I0224 23:31:18.284557    5563 shared_informer.go:377] "Caches are synced"
Feb 24 23:31:18 control k3s[5563]: I0224 23:31:18.284567    5563 shared_informer.go:377] "Caches are synced"
Feb 24 23:31:18 control k3s[5563]: I0224 23:31:18.284576    5563 shared_informer.go:377] "Caches are synced"
Feb 24 23:31:18 control k3s[5563]: I0224 23:31:18.299329    5563 range_allocator.go:433] "Set node PodCIDR" node="control" podCIDRs=["10.42.0.0/24"]
Feb 24 23:31:18 control k3s[5563]: time="2026-02-24T23:31:18Z" level=info msg="Flannel found PodCIDR assigned for node control"
Feb 24 23:31:18 control k3s[5563]: time="2026-02-24T23:31:18Z" level=info msg="The interface enp0s8 with ipv4 address 192.168.56.10 will be used by flannel"
Feb 24 23:31:18 control k3s[5563]: I0224 23:31:18.338316    5563 kube.go:139] Waiting 10m0s for node controller to sync
Feb 24 23:31:18 control k3s[5563]: I0224 23:31:18.339931    5563 kube.go:537] Starting kube subnet manager
Feb 24 23:31:18 control k3s[5563]: I0224 23:31:18.358203    5563 shared_informer.go:377] "Caches are synced"
Feb 24 23:31:18 control k3s[5563]: I0224 23:31:18.358329    5563 shared_informer.go:377] "Caches are synced"
Feb 24 23:31:18 control k3s[5563]: I0224 23:31:18.359716    5563 shared_informer.go:377] "Caches are synced"
Feb 24 23:31:18 control k3s[5563]: I0224 23:31:18.360460    5563 shared_informer.go:377] "Caches are synced"
Feb 24 23:31:18 control k3s[5563]: I0224 23:31:18.366295    5563 shared_informer.go:377] "Caches are synced"
Feb 24 23:31:18 control k3s[5563]: I0224 23:31:18.366644    5563 shared_informer.go:377] "Caches are synced"
Feb 24 23:31:18 control k3s[5563]: I0224 23:31:18.369661    5563 shared_informer.go:377] "Caches are synced"
Feb 24 23:31:18 control k3s[5563]: I0224 23:31:18.369676    5563 shared_informer.go:377] "Caches are synced"
Feb 24 23:31:18 control k3s[5563]: I0224 23:31:18.369685    5563 shared_informer.go:377] "Caches are synced"
Feb 24 23:31:18 control k3s[5563]: I0224 23:31:18.369696    5563 shared_informer.go:377] "Caches are synced"
Feb 24 23:31:18 control k3s[5563]: I0224 23:31:18.369705    5563 shared_informer.go:377] "Caches are synced"
Feb 24 23:31:18 control k3s[5563]: I0224 23:31:18.369715    5563 shared_informer.go:377] "Caches are synced"
Feb 24 23:31:18 control k3s[5563]: I0224 23:31:18.369726    5563 shared_informer.go:377] "Caches are synced"
Feb 24 23:31:18 control k3s[5563]: I0224 23:31:18.369737    5563 shared_informer.go:377] "Caches are synced"
Feb 24 23:31:18 control k3s[5563]: I0224 23:31:18.378987    5563 node_lifecycle_controller.go:1234] "Initializing eviction metric for zone" zone=""
Feb 24 23:31:18 control k3s[5563]: I0224 23:31:18.379302    5563 node_lifecycle_controller.go:886] "Missing timestamp for Node. Assuming now as a timestamp" node="control"
Feb 24 23:31:18 control k3s[5563]: I0224 23:31:18.379479    5563 node_lifecycle_controller.go:1080] "Controller detected that zone is now in new state" zone="" newState="Normal"
Feb 24 23:31:18 control k3s[5563]: I0224 23:31:18.369935    5563 shared_informer.go:377] "Caches are synced"
Feb 24 23:31:18 control k3s[5563]: I0224 23:31:18.369745    5563 shared_informer.go:377] "Caches are synced"
Feb 24 23:31:18 control k3s[5563]: I0224 23:31:18.382449    5563 shared_informer.go:377] "Caches are synced"
Feb 24 23:31:18 control k3s[5563]: I0224 23:31:18.369965    5563 shared_informer.go:377] "Caches are synced"
Feb 24 23:31:18 control k3s[5563]: I0224 23:31:18.369840    5563 shared_informer.go:377] "Caches are synced"
Feb 24 23:31:18 control k3s[5563]: I0224 23:31:18.369925    5563 shared_informer.go:377] "Caches are synced"
Feb 24 23:31:18 control k3s[5563]: I0224 23:31:18.369943    5563 shared_informer.go:377] "Caches are synced"
Feb 24 23:31:18 control k3s[5563]: I0224 23:31:18.369974    5563 shared_informer.go:377] "Caches are synced"
Feb 24 23:31:18 control k3s[5563]: I0224 23:31:18.369953    5563 shared_informer.go:377] "Caches are synced"
Feb 24 23:31:18 control k3s[5563]: I0224 23:31:18.450871    5563 garbagecollector.go:792] "failed to discover some groups" groups="map[\"metrics.k8s.io/v1beta1\":\"stale GroupVersion discovery: metrics.k8s.io/v1beta1\"]"
Feb 24 23:31:18 control k3s[5563]: I0224 23:31:18.527142    5563 shared_informer.go:370] "Waiting for caches to sync"
Feb 24 23:31:18 control k3s[5563]: I0224 23:31:18.678049    5563 controller.go:667] quota admission added evaluator for: replicasets.apps
Feb 24 23:31:18 control k3s[5563]: I0224 23:31:18.759510    5563 cidrallocator.go:278] updated ClusterIP allocator for Service CIDR 10.43.0.0/16
Feb 24 23:31:18 control k3s[5563]: E0224 23:31:18.841672    5563 queueset.go:474] "Overflow" err="queueset::currentR overflow" QS="workload-high" when="2026-02-24 23:31:18.841648621" prevR="3.87452129ss" incrR="184467440737.09550792ss" currentR="3.87451305ss"
Feb 24 23:31:19 control k3s[5563]: I0224 23:31:19.429599    5563 kube.go:163] Node controller sync successful
Feb 24 23:31:19 control k3s[5563]: I0224 23:31:19.430573    5563 vxlan.go:128] VXLAN config: VNI=1 Port=0 GBP=false Learning=false DirectRouting=false
Feb 24 23:31:19 control k3s[5563]: I0224 23:31:19.478946    5563 cidrallocator.go:278] updated ClusterIP allocator for Service CIDR 10.43.0.0/16
Feb 24 23:31:19 control k3s[5563]: I0224 23:31:19.646405    5563 event.go:389] "Event occurred" object="kube-system/traefik-crd" fieldPath="" kind="HelmChart" apiVersion="helm.cattle.io/v1" type="Normal" reason="ApplyJob" message="Applying HelmChart using Job kube-system/helm-install-traefik-crd"
Feb 24 23:31:19 control k3s[5563]: I0224 23:31:19.647507    5563 event.go:389] "Event occurred" object="kube-system/traefik" fieldPath="" kind="HelmChart" apiVersion="helm.cattle.io/v1" type="Normal" reason="ApplyJob" message="Applying HelmChart using Job kube-system/helm-install-traefik"
Feb 24 23:31:19 control k3s[5563]: I0224 23:31:19.898145    5563 kube.go:704] List of node(control) annotations: map[string]string{"alpha.kubernetes.io/provided-node-ip":"192.168.56.10", "k3s.io/hostname":"control", "k3s.io/internal-ip":"192.168.56.10", "k3s.io/node-args":"[\"server\",\"--node-ip\",\"192.168.56.10\",\"--advertise-address\",\"192.168.56.10\",\"--tls-san\",\"192.168.56.10\",\"--flannel-iface\",\"enp0s8\",\"--write-kubeconfig-mode\",\"644\"]", "k3s.io/node-config-hash":"R4SCDFBMRNIRYETU3CTQ5GN563R6UH3JSKWTCOIZHJLSHMXI6T7A====", "k3s.io/node-env":"{\"K3S_KUBECONFIG_MODE\":\"644\"}", "node.alpha.kubernetes.io/ttl":"0", "volumes.kubernetes.io/controller-managed-attach-detach":"true"}
Feb 24 23:31:19 control k3s[5563]: W0224 23:31:19.920321    5563 handler_proxy.go:99] no RequestInfo found in the context
Feb 24 23:31:19 control k3s[5563]: E0224 23:31:19.923266    5563 controller.go:146] "Unhandled Error" err=<
Feb 24 23:31:19 control k3s[5563]:         Error updating APIService "v1beta1.metrics.k8s.io" with err: failed to download v1beta1.metrics.k8s.io: failed to retrieve openAPI spec, http error: ResponseCode: 503, Body: service unavailable
Feb 24 23:31:19 control k3s[5563]:         , Header: map[Content-Type:[text/plain; charset=utf-8] X-Content-Type-Options:[nosniff]]
Feb 24 23:31:19 control k3s[5563]:  >
Feb 24 23:31:19 control k3s[5563]: E0224 23:31:19.942658    5563 handler_proxy.go:143] error resolving kube-system/metrics-server: no endpoints available for service "metrics-server"
Feb 24 23:31:19 control k3s[5563]: time="2026-02-24T23:31:19Z" level=info msg="Started tunnel to 192.168.56.10:6443"
Feb 24 23:31:19 control k3s[5563]: time="2026-02-24T23:31:19Z" level=info msg="Stopped tunnel to 127.0.0.1:6443"
Feb 24 23:31:19 control k3s[5563]: time="2026-02-24T23:31:19Z" level=info msg="Connecting to proxy" url="wss://192.168.56.10:6443/v1-k3s/connect"
Feb 24 23:31:19 control k3s[5563]: time="2026-02-24T23:31:19Z" level=info msg="Proxy done" err="context canceled" url="wss://127.0.0.1:6443/v1-k3s/connect"
Feb 24 23:31:19 control k3s[5563]: time="2026-02-24T23:31:19Z" level=info msg="error in remotedialer server [400]: websocket: close 1006 (abnormal closure): unexpected EOF"
Feb 24 23:31:19 control k3s[5563]: I0224 23:31:19.990647    5563 event.go:389] "Event occurred" object="control" fieldPath="" kind="Node" apiVersion="" type="Normal" reason="NodePasswordValidationComplete" message="Deferred node password secret validation complete"
Feb 24 23:31:20 control k3s[5563]: time="2026-02-24T23:31:20Z" level=info msg="Adding node OwnerReference to node-password secret control.node-password.k3s"
Feb 24 23:31:20 control k3s[5563]: I0224 23:31:20.036001    5563 cidrallocator.go:278] updated ClusterIP allocator for Service CIDR 10.43.0.0/16
Feb 24 23:31:20 control k3s[5563]: time="2026-02-24T23:31:20Z" level=info msg="Handling backend connection request [control]"
Feb 24 23:31:20 control k3s[5563]: I0224 23:31:20.085586    5563 iptables.go:50] Starting flannel in iptables mode...
Feb 24 23:31:20 control k3s[5563]: time="2026-02-24T23:31:20Z" level=warning msg="no subnet found for key: FLANNEL_NETWORK in file: /run/flannel/subnet.env"
Feb 24 23:31:20 control k3s[5563]: time="2026-02-24T23:31:20Z" level=warning msg="no subnet found for key: FLANNEL_SUBNET in file: /run/flannel/subnet.env"
Feb 24 23:31:20 control k3s[5563]: time="2026-02-24T23:31:20Z" level=warning msg="no subnet found for key: FLANNEL_IPV6_NETWORK in file: /run/flannel/subnet.env"
Feb 24 23:31:20 control k3s[5563]: time="2026-02-24T23:31:20Z" level=warning msg="no subnet found for key: FLANNEL_IPV6_SUBNET in file: /run/flannel/subnet.env"
Feb 24 23:31:20 control k3s[5563]: I0224 23:31:20.086537    5563 iptables.go:101] Current network or subnet (10.42.0.0/16, 10.42.0.0/24) is not equal to previous one (0.0.0.0/0, 0.0.0.0/0), trying to recycle old iptables rules
Feb 24 23:31:20 control k3s[5563]: I0224 23:31:20.098233    5563 kube.go:558] Creating the node lease for IPv4. This is the n.Spec.PodCIDRs: [10.42.0.0/24]
Feb 24 23:31:20 control k3s[5563]: time="2026-02-24T23:31:20Z" level=info msg="Connected to proxy" url="wss://192.168.56.10:6443/v1-k3s/connect"
Feb 24 23:31:20 control k3s[5563]: time="2026-02-24T23:31:20Z" level=info msg="Remotedialer connected to proxy" url="wss://192.168.56.10:6443/v1-k3s/connect"
Feb 24 23:31:20 control k3s[5563]: time="2026-02-24T23:31:20Z" level=info msg="Adding node OwnerReference to node-password secret control.node-password.k3s"
Feb 24 23:31:20 control k3s[5563]: I0224 23:31:20.151174    5563 shared_informer.go:377] "Caches are synced"
Feb 24 23:31:20 control k3s[5563]: I0224 23:31:20.160207    5563 shared_informer.go:377] "Caches are synced"
Feb 24 23:31:20 control k3s[5563]: I0224 23:31:20.167045    5563 garbagecollector.go:166] "Garbage collector: all resource monitors have synced"
Feb 24 23:31:20 control k3s[5563]: I0224 23:31:20.172945    5563 garbagecollector.go:169] "Proceeding to collect garbage"
Feb 24 23:31:20 control k3s[5563]: I0224 23:31:20.367354    5563 iptables.go:111] Setting up masking rules
Feb 24 23:31:20 control k3s[5563]: I0224 23:31:20.386240    5563 iptables.go:212] Changing default FORWARD chain policy to ACCEPT
Feb 24 23:31:20 control k3s[5563]: time="2026-02-24T23:31:20Z" level=info msg="Wrote flannel subnet file to /run/flannel/subnet.env"
Feb 24 23:31:20 control k3s[5563]: time="2026-02-24T23:31:20Z" level=info msg="Running flannel backend."
Feb 24 23:31:20 control k3s[5563]: I0224 23:31:20.401852    5563 vxlan_network.go:68] watching for new subnet leases
Feb 24 23:31:20 control k3s[5563]: I0224 23:31:20.401868    5563 vxlan_network.go:115] starting vxlan device watcher
Feb 24 23:31:20 control k3s[5563]: I0224 23:31:20.417749    5563 reconciler_common.go:251] "operationExecutor.VerifyControllerAttachedVolume started for volume \"klipper-cache\" (UniqueName: \"kubernetes.io/empty-dir/3f60aef9-34ef-4fb8-92b1-e55df160ab78-klipper-cache\") pod \"helm-install-traefik-lnfqd\" (UID: \"3f60aef9-34ef-4fb8-92b1-e55df160ab78\") " pod="kube-system/helm-install-traefik-lnfqd"
Feb 24 23:31:20 control k3s[5563]: I0224 23:31:20.418662    5563 reconciler_common.go:251] "operationExecutor.VerifyControllerAttachedVolume started for volume \"klipper-config\" (UniqueName: \"kubernetes.io/empty-dir/3f60aef9-34ef-4fb8-92b1-e55df160ab78-klipper-config\") pod \"helm-install-traefik-lnfqd\" (UID: \"3f60aef9-34ef-4fb8-92b1-e55df160ab78\") " pod="kube-system/helm-install-traefik-lnfqd"
Feb 24 23:31:20 control k3s[5563]: I0224 23:31:20.418976    5563 reconciler_common.go:251] "operationExecutor.VerifyControllerAttachedVolume started for volume \"config-volume\" (UniqueName: \"kubernetes.io/configmap/666d490a-b379-43c6-baaf-86ec7396dda2-config-volume\") pod \"local-path-provisioner-6bc6568469-d6n72\" (UID: \"666d490a-b379-43c6-baaf-86ec7396dda2\") " pod="kube-system/local-path-provisioner-6bc6568469-d6n72"
Feb 24 23:31:20 control k3s[5563]: I0224 23:31:20.419220    5563 reconciler_common.go:251] "operationExecutor.VerifyControllerAttachedVolume started for volume \"kube-api-access-7lbgd\" (UniqueName: \"kubernetes.io/projected/ef74a84c-9728-47d1-8833-80012e280f3a-kube-api-access-7lbgd\") pod \"coredns-7566b5ff58-ghqnf\" (UID: \"ef74a84c-9728-47d1-8833-80012e280f3a\") " pod="kube-system/coredns-7566b5ff58-ghqnf"
Feb 24 23:31:20 control k3s[5563]: I0224 23:31:20.419471    5563 reconciler_common.go:251] "operationExecutor.VerifyControllerAttachedVolume started for volume \"tmp\" (UniqueName: \"kubernetes.io/empty-dir/3f60aef9-34ef-4fb8-92b1-e55df160ab78-tmp\") pod \"helm-install-traefik-lnfqd\" (UID: \"3f60aef9-34ef-4fb8-92b1-e55df160ab78\") " pod="kube-system/helm-install-traefik-lnfqd"
Feb 24 23:31:20 control k3s[5563]: I0224 23:31:20.419749    5563 reconciler_common.go:251] "operationExecutor.VerifyControllerAttachedVolume started for volume \"values\" (UniqueName: \"kubernetes.io/projected/3f60aef9-34ef-4fb8-92b1-e55df160ab78-values\") pod \"helm-install-traefik-lnfqd\" (UID: \"3f60aef9-34ef-4fb8-92b1-e55df160ab78\") " pod="kube-system/helm-install-traefik-lnfqd"
Feb 24 23:31:20 control k3s[5563]: I0224 23:31:20.425072    5563 reconciler_common.go:251] "operationExecutor.VerifyControllerAttachedVolume started for volume \"content\" (UniqueName: \"kubernetes.io/configmap/3f60aef9-34ef-4fb8-92b1-e55df160ab78-content\") pod \"helm-install-traefik-lnfqd\" (UID: \"3f60aef9-34ef-4fb8-92b1-e55df160ab78\") " pod="kube-system/helm-install-traefik-lnfqd"
Feb 24 23:31:20 control k3s[5563]: I0224 23:31:20.428857    5563 reconciler_common.go:251] "operationExecutor.VerifyControllerAttachedVolume started for volume \"kube-api-access-p2jh4\" (UniqueName: \"kubernetes.io/projected/3f60aef9-34ef-4fb8-92b1-e55df160ab78-kube-api-access-p2jh4\") pod \"helm-install-traefik-lnfqd\" (UID: \"3f60aef9-34ef-4fb8-92b1-e55df160ab78\") " pod="kube-system/helm-install-traefik-lnfqd"
Feb 24 23:31:20 control k3s[5563]: I0224 23:31:20.429104    5563 reconciler_common.go:251] "operationExecutor.VerifyControllerAttachedVolume started for volume \"tmp-dir\" (UniqueName: \"kubernetes.io/empty-dir/593a4fa1-d1d0-4bda-a1be-63ffa455a508-tmp-dir\") pod \"metrics-server-786d997795-mxmg6\" (UID: \"593a4fa1-d1d0-4bda-a1be-63ffa455a508\") " pod="kube-system/metrics-server-786d997795-mxmg6"
Feb 24 23:31:20 control k3s[5563]: I0224 23:31:20.430036    5563 reconciler_common.go:251] "operationExecutor.VerifyControllerAttachedVolume started for volume \"kube-api-access-c2qmf\" (UniqueName: \"kubernetes.io/projected/593a4fa1-d1d0-4bda-a1be-63ffa455a508-kube-api-access-c2qmf\") pod \"metrics-server-786d997795-mxmg6\" (UID: \"593a4fa1-d1d0-4bda-a1be-63ffa455a508\") " pod="kube-system/metrics-server-786d997795-mxmg6"
Feb 24 23:31:20 control k3s[5563]: I0224 23:31:20.430795    5563 reconciler_common.go:251] "operationExecutor.VerifyControllerAttachedVolume started for volume \"kube-api-access-7ktgb\" (UniqueName: \"kubernetes.io/projected/666d490a-b379-43c6-baaf-86ec7396dda2-kube-api-access-7ktgb\") pod \"local-path-provisioner-6bc6568469-d6n72\" (UID: \"666d490a-b379-43c6-baaf-86ec7396dda2\") " pod="kube-system/local-path-provisioner-6bc6568469-d6n72"
Feb 24 23:31:20 control k3s[5563]: I0224 23:31:20.430927    5563 reconciler_common.go:251] "operationExecutor.VerifyControllerAttachedVolume started for volume \"config-volume\" (UniqueName: \"kubernetes.io/configmap/ef74a84c-9728-47d1-8833-80012e280f3a-config-volume\") pod \"coredns-7566b5ff58-ghqnf\" (UID: \"ef74a84c-9728-47d1-8833-80012e280f3a\") " pod="kube-system/coredns-7566b5ff58-ghqnf"
Feb 24 23:31:20 control k3s[5563]: I0224 23:31:20.431208    5563 reconciler_common.go:251] "operationExecutor.VerifyControllerAttachedVolume started for volume \"custom-config-volume\" (UniqueName: \"kubernetes.io/configmap/ef74a84c-9728-47d1-8833-80012e280f3a-custom-config-volume\") pod \"coredns-7566b5ff58-ghqnf\" (UID: \"ef74a84c-9728-47d1-8833-80012e280f3a\") " pod="kube-system/coredns-7566b5ff58-ghqnf"
Feb 24 23:31:20 control k3s[5563]: I0224 23:31:20.431333    5563 reconciler_common.go:251] "operationExecutor.VerifyControllerAttachedVolume started for volume \"klipper-helm\" (UniqueName: \"kubernetes.io/empty-dir/3f60aef9-34ef-4fb8-92b1-e55df160ab78-klipper-helm\") pod \"helm-install-traefik-lnfqd\" (UID: \"3f60aef9-34ef-4fb8-92b1-e55df160ab78\") " pod="kube-system/helm-install-traefik-lnfqd"
Feb 24 23:31:20 control k3s[5563]: E0224 23:31:20.483357    5563 queueset.go:474] "Overflow" err="queueset::currentR overflow" QS="workload-high" when="2026-02-24 23:31:20.483331422" prevR="5.83948546ss" incrR="184467440737.09547692ss" currentR="5.83944622ss"
Feb 24 23:31:20 control k3s[5563]: I0224 23:31:20.537612    5563 reconciler_common.go:251] "operationExecutor.VerifyControllerAttachedVolume started for volume \"klipper-helm\" (UniqueName: \"kubernetes.io/empty-dir/2b21c503-871b-4fad-b935-946b23e4ba5c-klipper-helm\") pod \"helm-install-traefik-crd-wrsrr\" (UID: \"2b21c503-871b-4fad-b935-946b23e4ba5c\") " pod="kube-system/helm-install-traefik-crd-wrsrr"
Feb 24 23:31:20 control k3s[5563]: I0224 23:31:20.537887    5563 reconciler_common.go:251] "operationExecutor.VerifyControllerAttachedVolume started for volume \"klipper-config\" (UniqueName: \"kubernetes.io/empty-dir/2b21c503-871b-4fad-b935-946b23e4ba5c-klipper-config\") pod \"helm-install-traefik-crd-wrsrr\" (UID: \"2b21c503-871b-4fad-b935-946b23e4ba5c\") " pod="kube-system/helm-install-traefik-crd-wrsrr"
Feb 24 23:31:20 control k3s[5563]: I0224 23:31:20.538232    5563 reconciler_common.go:251] "operationExecutor.VerifyControllerAttachedVolume started for volume \"tmp\" (UniqueName: \"kubernetes.io/empty-dir/2b21c503-871b-4fad-b935-946b23e4ba5c-tmp\") pod \"helm-install-traefik-crd-wrsrr\" (UID: \"2b21c503-871b-4fad-b935-946b23e4ba5c\") " pod="kube-system/helm-install-traefik-crd-wrsrr"
Feb 24 23:31:20 control k3s[5563]: I0224 23:31:20.538294    5563 reconciler_common.go:251] "operationExecutor.VerifyControllerAttachedVolume started for volume \"kube-api-access-h8zjd\" (UniqueName: \"kubernetes.io/projected/2b21c503-871b-4fad-b935-946b23e4ba5c-kube-api-access-h8zjd\") pod \"helm-install-traefik-crd-wrsrr\" (UID: \"2b21c503-871b-4fad-b935-946b23e4ba5c\") " pod="kube-system/helm-install-traefik-crd-wrsrr"
Feb 24 23:31:20 control k3s[5563]: I0224 23:31:20.538442    5563 reconciler_common.go:251] "operationExecutor.VerifyControllerAttachedVolume started for volume \"klipper-cache\" (UniqueName: \"kubernetes.io/empty-dir/2b21c503-871b-4fad-b935-946b23e4ba5c-klipper-cache\") pod \"helm-install-traefik-crd-wrsrr\" (UID: \"2b21c503-871b-4fad-b935-946b23e4ba5c\") " pod="kube-system/helm-install-traefik-crd-wrsrr"
Feb 24 23:31:20 control k3s[5563]: I0224 23:31:20.538483    5563 reconciler_common.go:251] "operationExecutor.VerifyControllerAttachedVolume started for volume \"values\" (UniqueName: \"kubernetes.io/projected/2b21c503-871b-4fad-b935-946b23e4ba5c-values\") pod \"helm-install-traefik-crd-wrsrr\" (UID: \"2b21c503-871b-4fad-b935-946b23e4ba5c\") " pod="kube-system/helm-install-traefik-crd-wrsrr"
Feb 24 23:31:20 control k3s[5563]: I0224 23:31:20.538518    5563 reconciler_common.go:251] "operationExecutor.VerifyControllerAttachedVolume started for volume \"content\" (UniqueName: \"kubernetes.io/configmap/2b21c503-871b-4fad-b935-946b23e4ba5c-content\") pod \"helm-install-traefik-crd-wrsrr\" (UID: \"2b21c503-871b-4fad-b935-946b23e4ba5c\") " pod="kube-system/helm-install-traefik-crd-wrsrr"
Feb 24 23:31:20 control k3s[5563]: I0224 23:31:20.539405    5563 swap_util.go:78] "error creating dir to test if tmpfs noswap is enabled. Assuming not supported" mount path="" error="stat /var/lib/kubelet/plugins/kubernetes.io/empty-dir: no such file or directory"
Feb 24 23:31:20 control k3s[5563]: I0224 23:31:20.764961    5563 iptables.go:358] bootstrap done
Feb 24 23:31:20 control k3s[5563]: I0224 23:31:20.947090    5563 iptables.go:358] bootstrap done
Feb 24 23:31:20 control k3s[5563]: W0224 23:31:20.947217    5563 handler_proxy.go:99] no RequestInfo found in the context
Feb 24 23:31:20 control k3s[5563]: E0224 23:31:20.947248    5563 controller.go:113] "Unhandled Error" err="loading OpenAPI spec for \"v1beta1.metrics.k8s.io\" failed with: Error, could not get list of group versions for APIService"
Feb 24 23:31:20 control k3s[5563]: I0224 23:31:20.947263    5563 controller.go:126] OpenAPI AggregationController: action for item v1beta1.metrics.k8s.io: Rate Limited Requeue.
Feb 24 23:31:20 control k3s[5563]: W0224 23:31:20.947514    5563 handler_proxy.go:99] no RequestInfo found in the context
Feb 24 23:31:20 control k3s[5563]: E0224 23:31:20.947609    5563 controller.go:102] "Unhandled Error" err=<
Feb 24 23:31:20 control k3s[5563]:         loading OpenAPI spec for "v1beta1.metrics.k8s.io" failed with: failed to download v1beta1.metrics.k8s.io: failed to retrieve openAPI spec, http error: ResponseCode: 503, Body: service unavailable
Feb 24 23:31:20 control k3s[5563]:         , Header: map[Content-Type:[text/plain; charset=utf-8] X-Content-Type-Options:[nosniff]]
Feb 24 23:31:20 control k3s[5563]:  >
Feb 24 23:31:20 control k3s[5563]: I0224 23:31:20.948478    5563 controller.go:109] OpenAPI AggregationController: action for item v1beta1.metrics.k8s.io: Rate Limited Requeue.
Feb 24 23:31:23 control k3s[5563]: I0224 23:31:23.905365    5563 kuberuntime_manager.go:2062] "Updating runtime config through cri with podcidr" CIDR="10.42.0.0/24"
Feb 24 23:31:23 control k3s[5563]: I0224 23:31:23.912163    5563 kubelet_network.go:47] "Updating Pod CIDR" originalPodCIDR="" newPodCIDR="10.42.0.0/24"
Feb 24 23:31:24 control k3s[5563]: time="2026-02-24T23:31:24Z" level=info msg="Starting network policy controller version v2.6.3-k3s1, built on 2026-02-12T23:46:55Z, go1.25.6"
Feb 24 23:31:24 control k3s[5563]: I0224 23:31:24.473442    5563 network_policy_controller.go:164] Starting network policy controller
Feb 24 23:31:24 control k3s[5563]: I0224 23:31:24.699613    5563 network_policy_controller.go:179] Starting network policy controller full sync goroutine
Feb 24 23:31:26 control k3s[5563]: E0224 23:31:26.658355    5563 log.go:32] "RunPodSandbox from runtime service failed" err="rpc error: code = Unknown desc = failed to start sandbox \"fb017effc3471c77c2defe6e845786a4700365a951fc0f89651f28730784ad25\": failed to get sandbox image \"rancher/mirrored-pause:3.6\": failed to pull image \"rancher/mirrored-pause:3.6\": failed to pull and unpack image \"docker.io/rancher/mirrored-pause:3.6\": failed to resolve reference \"docker.io/rancher/mirrored-pause:3.6\": failed to do request: Head \"https://registry-1.docker.io/v2/rancher/mirrored-pause/manifests/3.6\": dial tcp: lookup registry-1.docker.io: Try again"
Feb 24 23:31:26 control k3s[5563]: E0224 23:31:26.658990    5563 kuberuntime_sandbox.go:71] "Failed to create sandbox for pod" err="rpc error: code = Unknown desc = failed to start sandbox \"fb017effc3471c77c2defe6e845786a4700365a951fc0f89651f28730784ad25\": failed to get sandbox image \"rancher/mirrored-pause:3.6\": failed to pull image \"rancher/mirrored-pause:3.6\": failed to pull and unpack image \"docker.io/rancher/mirrored-pause:3.6\": failed to resolve reference \"docker.io/rancher/mirrored-pause:3.6\": failed to do request: Head \"https://registry-1.docker.io/v2/rancher/mirrored-pause/manifests/3.6\": dial tcp: lookup registry-1.docker.io: Try again" pod="kube-system/local-path-provisioner-6bc6568469-d6n72"
Feb 24 23:31:26 control k3s[5563]: E0224 23:31:26.659381    5563 kuberuntime_manager.go:1558] "CreatePodSandbox for pod failed" err="rpc error: code = Unknown desc = failed to start sandbox \"fb017effc3471c77c2defe6e845786a4700365a951fc0f89651f28730784ad25\": failed to get sandbox image \"rancher/mirrored-pause:3.6\": failed to pull image \"rancher/mirrored-pause:3.6\": failed to pull and unpack image \"docker.io/rancher/mirrored-pause:3.6\": failed to resolve reference \"docker.io/rancher/mirrored-pause:3.6\": failed to do request: Head \"https://registry-1.docker.io/v2/rancher/mirrored-pause/manifests/3.6\": dial tcp: lookup registry-1.docker.io: Try again" pod="kube-system/local-path-provisioner-6bc6568469-d6n72"
Feb 24 23:31:26 control k3s[5563]: E0224 23:31:26.660223    5563 pod_workers.go:1324] "Error syncing pod, skipping" err="failed to \"CreatePodSandbox\" for \"local-path-provisioner-6bc6568469-d6n72_kube-system(666d490a-b379-43c6-baaf-86ec7396dda2)\" with CreatePodSandboxError: \"Failed to create sandbox for pod \\\"local-path-provisioner-6bc6568469-d6n72_kube-system(666d490a-b379-43c6-baaf-86ec7396dda2)\\\": rpc error: code = Unknown desc = failed to start sandbox \\\"fb017effc3471c77c2defe6e845786a4700365a951fc0f89651f28730784ad25\\\": failed to get sandbox image \\\"rancher/mirrored-pause:3.6\\\": failed to pull image \\\"rancher/mirrored-pause:3.6\\\": failed to pull and unpack image \\\"docker.io/rancher/mirrored-pause:3.6\\\": failed to resolve reference \\\"docker.io/rancher/mirrored-pause:3.6\\\": failed to do request: Head \\\"https://registry-1.docker.io/v2/rancher/mirrored-pause/manifests/3.6\\\": dial tcp: lookup registry-1.docker.io: Try again\"" pod="kube-system/local-path-provisioner-6bc6568469-d6n72" podUID="666d490a-b379-43c6-baaf-86ec7396dda2"
Feb 24 23:31:26 control k3s[5563]: E0224 23:31:26.730469    5563 log.go:32] "RunPodSandbox from runtime service failed" err="rpc error: code = Unknown desc = failed to start sandbox \"70f69d13060c6e509bda617a0f955611d7bd17ea088c1460d24e1264338fe679\": failed to get sandbox image \"rancher/mirrored-pause:3.6\": failed to pull image \"rancher/mirrored-pause:3.6\": failed to pull and unpack image \"docker.io/rancher/mirrored-pause:3.6\": failed to resolve reference \"docker.io/rancher/mirrored-pause:3.6\": failed to do request: Head \"https://registry-1.docker.io/v2/rancher/mirrored-pause/manifests/3.6\": dial tcp: lookup registry-1.docker.io: Try again"
Feb 24 23:31:26 control k3s[5563]: E0224 23:31:26.731061    5563 kuberuntime_sandbox.go:71] "Failed to create sandbox for pod" err="rpc error: code = Unknown desc = failed to start sandbox \"70f69d13060c6e509bda617a0f955611d7bd17ea088c1460d24e1264338fe679\": failed to get sandbox image \"rancher/mirrored-pause:3.6\": failed to pull image \"rancher/mirrored-pause:3.6\": failed to pull and unpack image \"docker.io/rancher/mirrored-pause:3.6\": failed to resolve reference \"docker.io/rancher/mirrored-pause:3.6\": failed to do request: Head \"https://registry-1.docker.io/v2/rancher/mirrored-pause/manifests/3.6\": dial tcp: lookup registry-1.docker.io: Try again" pod="kube-system/helm-install-traefik-lnfqd"
Feb 24 23:31:26 control k3s[5563]: E0224 23:31:26.731656    5563 kuberuntime_manager.go:1558] "CreatePodSandbox for pod failed" err="rpc error: code = Unknown desc = failed to start sandbox \"70f69d13060c6e509bda617a0f955611d7bd17ea088c1460d24e1264338fe679\": failed to get sandbox image \"rancher/mirrored-pause:3.6\": failed to pull image \"rancher/mirrored-pause:3.6\": failed to pull and unpack image \"docker.io/rancher/mirrored-pause:3.6\": failed to resolve reference \"docker.io/rancher/mirrored-pause:3.6\": failed to do request: Head \"https://registry-1.docker.io/v2/rancher/mirrored-pause/manifests/3.6\": dial tcp: lookup registry-1.docker.io: Try again" pod="kube-system/helm-install-traefik-lnfqd"
Feb 24 23:31:26 control k3s[5563]: E0224 23:31:26.732032    5563 pod_workers.go:1324] "Error syncing pod, skipping" err="failed to \"CreatePodSandbox\" for \"helm-install-traefik-lnfqd_kube-system(3f60aef9-34ef-4fb8-92b1-e55df160ab78)\" with CreatePodSandboxError: \"Failed to create sandbox for pod \\\"helm-install-traefik-lnfqd_kube-system(3f60aef9-34ef-4fb8-92b1-e55df160ab78)\\\": rpc error: code = Unknown desc = failed to start sandbox \\\"70f69d13060c6e509bda617a0f955611d7bd17ea088c1460d24e1264338fe679\\\": failed to get sandbox image \\\"rancher/mirrored-pause:3.6\\\": failed to pull image \\\"rancher/mirrored-pause:3.6\\\": failed to pull and unpack image \\\"docker.io/rancher/mirrored-pause:3.6\\\": failed to resolve reference \\\"docker.io/rancher/mirrored-pause:3.6\\\": failed to do request: Head \\\"https://registry-1.docker.io/v2/rancher/mirrored-pause/manifests/3.6\\\": dial tcp: lookup registry-1.docker.io: Try again\"" pod="kube-system/helm-install-traefik-lnfqd" podUID="3f60aef9-34ef-4fb8-92b1-e55df160ab78"
Feb 24 23:31:26 control k3s[5563]: E0224 23:31:26.766635    5563 log.go:32] "RunPodSandbox from runtime service failed" err="rpc error: code = Unknown desc = failed to start sandbox \"c68e157aa8f814bd2c902aca7554da77516c3a192652bee5d76c9ce2e9ad102d\": failed to get sandbox image \"rancher/mirrored-pause:3.6\": failed to pull image \"rancher/mirrored-pause:3.6\": failed to pull and unpack image \"docker.io/rancher/mirrored-pause:3.6\": failed to resolve reference \"docker.io/rancher/mirrored-pause:3.6\": failed to do request: Head \"https://registry-1.docker.io/v2/rancher/mirrored-pause/manifests/3.6\": dial tcp: lookup registry-1.docker.io: Try again"
Feb 24 23:31:26 control k3s[5563]: E0224 23:31:26.766904    5563 kuberuntime_sandbox.go:71] "Failed to create sandbox for pod" err="rpc error: code = Unknown desc = failed to start sandbox \"c68e157aa8f814bd2c902aca7554da77516c3a192652bee5d76c9ce2e9ad102d\": failed to get sandbox image \"rancher/mirrored-pause:3.6\": failed to pull image \"rancher/mirrored-pause:3.6\": failed to pull and unpack image \"docker.io/rancher/mirrored-pause:3.6\": failed to resolve reference \"docker.io/rancher/mirrored-pause:3.6\": failed to do request: Head \"https://registry-1.docker.io/v2/rancher/mirrored-pause/manifests/3.6\": dial tcp: lookup registry-1.docker.io: Try again" pod="kube-system/coredns-7566b5ff58-ghqnf"
Feb 24 23:31:26 control k3s[5563]: E0224 23:31:26.766966    5563 kuberuntime_manager.go:1558] "CreatePodSandbox for pod failed" err="rpc error: code = Unknown desc = failed to start sandbox \"c68e157aa8f814bd2c902aca7554da77516c3a192652bee5d76c9ce2e9ad102d\": failed to get sandbox image \"rancher/mirrored-pause:3.6\": failed to pull image \"rancher/mirrored-pause:3.6\": failed to pull and unpack image \"docker.io/rancher/mirrored-pause:3.6\": failed to resolve reference \"docker.io/rancher/mirrored-pause:3.6\": failed to do request: Head \"https://registry-1.docker.io/v2/rancher/mirrored-pause/manifests/3.6\": dial tcp: lookup registry-1.docker.io: Try again" pod="kube-system/coredns-7566b5ff58-ghqnf"
Feb 24 23:31:26 control k3s[5563]: E0224 23:31:26.767339    5563 pod_workers.go:1324] "Error syncing pod, skipping" err="failed to \"CreatePodSandbox\" for \"coredns-7566b5ff58-ghqnf_kube-system(ef74a84c-9728-47d1-8833-80012e280f3a)\" with CreatePodSandboxError: \"Failed to create sandbox for pod \\\"coredns-7566b5ff58-ghqnf_kube-system(ef74a84c-9728-47d1-8833-80012e280f3a)\\\": rpc error: code = Unknown desc = failed to start sandbox \\\"c68e157aa8f814bd2c902aca7554da77516c3a192652bee5d76c9ce2e9ad102d\\\": failed to get sandbox image \\\"rancher/mirrored-pause:3.6\\\": failed to pull image \\\"rancher/mirrored-pause:3.6\\\": failed to pull and unpack image \\\"docker.io/rancher/mirrored-pause:3.6\\\": failed to resolve reference \\\"docker.io/rancher/mirrored-pause:3.6\\\": failed to do request: Head \\\"https://registry-1.docker.io/v2/rancher/mirrored-pause/manifests/3.6\\\": dial tcp: lookup registry-1.docker.io: Try again\"" pod="kube-system/coredns-7566b5ff58-ghqnf" podUID="ef74a84c-9728-47d1-8833-80012e280f3a"
Feb 24 23:31:26 control k3s[5563]: E0224 23:31:26.774057    5563 log.go:32] "RunPodSandbox from runtime service failed" err="rpc error: code = Unknown desc = failed to start sandbox \"86f1642cc7134eb62a593840d2c283a224e30d2a992cee010b3390ac0b8b1bf2\": failed to get sandbox image \"rancher/mirrored-pause:3.6\": failed to pull image \"rancher/mirrored-pause:3.6\": failed to pull and unpack image \"docker.io/rancher/mirrored-pause:3.6\": failed to resolve reference \"docker.io/rancher/mirrored-pause:3.6\": failed to do request: Head \"https://registry-1.docker.io/v2/rancher/mirrored-pause/manifests/3.6\": dial tcp: lookup registry-1.docker.io: Try again"
Feb 24 23:31:26 control k3s[5563]: E0224 23:31:26.774629    5563 kuberuntime_sandbox.go:71] "Failed to create sandbox for pod" err="rpc error: code = Unknown desc = failed to start sandbox \"86f1642cc7134eb62a593840d2c283a224e30d2a992cee010b3390ac0b8b1bf2\": failed to get sandbox image \"rancher/mirrored-pause:3.6\": failed to pull image \"rancher/mirrored-pause:3.6\": failed to pull and unpack image \"docker.io/rancher/mirrored-pause:3.6\": failed to resolve reference \"docker.io/rancher/mirrored-pause:3.6\": failed to do request: Head \"https://registry-1.docker.io/v2/rancher/mirrored-pause/manifests/3.6\": dial tcp: lookup registry-1.docker.io: Try again" pod="kube-system/helm-install-traefik-crd-wrsrr"
Feb 24 23:31:26 control k3s[5563]: E0224 23:31:26.775247    5563 kuberuntime_manager.go:1558] "CreatePodSandbox for pod failed" err="rpc error: code = Unknown desc = failed to start sandbox \"86f1642cc7134eb62a593840d2c283a224e30d2a992cee010b3390ac0b8b1bf2\": failed to get sandbox image \"rancher/mirrored-pause:3.6\": failed to pull image \"rancher/mirrored-pause:3.6\": failed to pull and unpack image \"docker.io/rancher/mirrored-pause:3.6\": failed to resolve reference \"docker.io/rancher/mirrored-pause:3.6\": failed to do request: Head \"https://registry-1.docker.io/v2/rancher/mirrored-pause/manifests/3.6\": dial tcp: lookup registry-1.docker.io: Try again" pod="kube-system/helm-install-traefik-crd-wrsrr"
Feb 24 23:31:26 control k3s[5563]: E0224 23:31:26.775651    5563 pod_workers.go:1324] "Error syncing pod, skipping" err="failed to \"CreatePodSandbox\" for \"helm-install-traefik-crd-wrsrr_kube-system(2b21c503-871b-4fad-b935-946b23e4ba5c)\" with CreatePodSandboxError: \"Failed to create sandbox for pod \\\"helm-install-traefik-crd-wrsrr_kube-system(2b21c503-871b-4fad-b935-946b23e4ba5c)\\\": rpc error: code = Unknown desc = failed to start sandbox \\\"86f1642cc7134eb62a593840d2c283a224e30d2a992cee010b3390ac0b8b1bf2\\\": failed to get sandbox image \\\"rancher/mirrored-pause:3.6\\\": failed to pull image \\\"rancher/mirrored-pause:3.6\\\": failed to pull and unpack image \\\"docker.io/rancher/mirrored-pause:3.6\\\": failed to resolve reference \\\"docker.io/rancher/mirrored-pause:3.6\\\": failed to do request: Head \\\"https://registry-1.docker.io/v2/rancher/mirrored-pause/manifests/3.6\\\": dial tcp: lookup registry-1.docker.io: Try again\"" pod="kube-system/helm-install-traefik-crd-wrsrr" podUID="2b21c503-871b-4fad-b935-946b23e4ba5c"
Feb 24 23:31:26 control k3s[5563]: E0224 23:31:26.785011    5563 log.go:32] "RunPodSandbox from runtime service failed" err="rpc error: code = Unknown desc = failed to start sandbox \"e6cacfef5e97a0135f7cc54a4451501df0b631cf74d76ba4001c7cf787cb1354\": failed to get sandbox image \"rancher/mirrored-pause:3.6\": failed to pull image \"rancher/mirrored-pause:3.6\": failed to pull and unpack image \"docker.io/rancher/mirrored-pause:3.6\": failed to resolve reference \"docker.io/rancher/mirrored-pause:3.6\": failed to do request: Head \"https://registry-1.docker.io/v2/rancher/mirrored-pause/manifests/3.6\": dial tcp: lookup registry-1.docker.io: Try again"
Feb 24 23:31:26 control k3s[5563]: E0224 23:31:26.785407    5563 kuberuntime_sandbox.go:71] "Failed to create sandbox for pod" err="rpc error: code = Unknown desc = failed to start sandbox \"e6cacfef5e97a0135f7cc54a4451501df0b631cf74d76ba4001c7cf787cb1354\": failed to get sandbox image \"rancher/mirrored-pause:3.6\": failed to pull image \"rancher/mirrored-pause:3.6\": failed to pull and unpack image \"docker.io/rancher/mirrored-pause:3.6\": failed to resolve reference \"docker.io/rancher/mirrored-pause:3.6\": failed to do request: Head \"https://registry-1.docker.io/v2/rancher/mirrored-pause/manifests/3.6\": dial tcp: lookup registry-1.docker.io: Try again" pod="kube-system/metrics-server-786d997795-mxmg6"
Feb 24 23:31:26 control k3s[5563]: E0224 23:31:26.785722    5563 kuberuntime_manager.go:1558] "CreatePodSandbox for pod failed" err="rpc error: code = Unknown desc = failed to start sandbox \"e6cacfef5e97a0135f7cc54a4451501df0b631cf74d76ba4001c7cf787cb1354\": failed to get sandbox image \"rancher/mirrored-pause:3.6\": failed to pull image \"rancher/mirrored-pause:3.6\": failed to pull and unpack image \"docker.io/rancher/mirrored-pause:3.6\": failed to resolve reference \"docker.io/rancher/mirrored-pause:3.6\": failed to do request: Head \"https://registry-1.docker.io/v2/rancher/mirrored-pause/manifests/3.6\": dial tcp: lookup registry-1.docker.io: Try again" pod="kube-system/metrics-server-786d997795-mxmg6"
Feb 24 23:31:26 control k3s[5563]: E0224 23:31:26.786003    5563 pod_workers.go:1324] "Error syncing pod, skipping" err="failed to \"CreatePodSandbox\" for \"metrics-server-786d997795-mxmg6_kube-system(593a4fa1-d1d0-4bda-a1be-63ffa455a508)\" with CreatePodSandboxError: \"Failed to create sandbox for pod \\\"metrics-server-786d997795-mxmg6_kube-system(593a4fa1-d1d0-4bda-a1be-63ffa455a508)\\\": rpc error: code = Unknown desc = failed to start sandbox \\\"e6cacfef5e97a0135f7cc54a4451501df0b631cf74d76ba4001c7cf787cb1354\\\": failed to get sandbox image \\\"rancher/mirrored-pause:3.6\\\": failed to pull image \\\"rancher/mirrored-pause:3.6\\\": failed to pull and unpack image \\\"docker.io/rancher/mirrored-pause:3.6\\\": failed to resolve reference \\\"docker.io/rancher/mirrored-pause:3.6\\\": failed to do request: Head \\\"https://registry-1.docker.io/v2/rancher/mirrored-pause/manifests/3.6\\\": dial tcp: lookup registry-1.docker.io: Try again\"" pod="kube-system/metrics-server-786d997795-mxmg6" podUID="593a4fa1-d1d0-4bda-a1be-63ffa455a508"
Feb 24 23:31:43 control k3s[5563]: E0224 23:31:43.258903    5563 handler_proxy.go:143] error resolving kube-system/metrics-server: no endpoints available for service "metrics-server"
Feb 24 23:31:44 control k3s[5563]: E0224 23:31:44.609777    5563 log.go:32] "RunPodSandbox from runtime service failed" err="rpc error: code = Unknown desc = failed to start sandbox \"c942da15d7d35c457a23c0221eab439afa6e0c686e28291058d4fd17ae7e09df\": failed to get sandbox image \"rancher/mirrored-pause:3.6\": failed to pull image \"rancher/mirrored-pause:3.6\": failed to pull and unpack image \"docker.io/rancher/mirrored-pause:3.6\": failed to resolve reference \"docker.io/rancher/mirrored-pause:3.6\": failed to authorize: failed to fetch anonymous token: Get \"https://auth.docker.io/token?scope=repository%3Arancher%2Fmirrored-pause%3Apull&service=registry.docker.io\": dial tcp: lookup auth.docker.io: Try again"
Feb 24 23:31:44 control k3s[5563]: E0224 23:31:44.611375    5563 kuberuntime_sandbox.go:71] "Failed to create sandbox for pod" err="rpc error: code = Unknown desc = failed to start sandbox \"c942da15d7d35c457a23c0221eab439afa6e0c686e28291058d4fd17ae7e09df\": failed to get sandbox image \"rancher/mirrored-pause:3.6\": failed to pull image \"rancher/mirrored-pause:3.6\": failed to pull and unpack image \"docker.io/rancher/mirrored-pause:3.6\": failed to resolve reference \"docker.io/rancher/mirrored-pause:3.6\": failed to authorize: failed to fetch anonymous token: Get \"https://auth.docker.io/token?scope=repository%3Arancher%2Fmirrored-pause%3Apull&service=registry.docker.io\": dial tcp: lookup auth.docker.io: Try again" pod="kube-system/coredns-7566b5ff58-ghqnf"
Feb 24 23:31:44 control k3s[5563]: E0224 23:31:44.643629    5563 kuberuntime_manager.go:1558] "CreatePodSandbox for pod failed" err="rpc error: code = Unknown desc = failed to start sandbox \"c942da15d7d35c457a23c0221eab439afa6e0c686e28291058d4fd17ae7e09df\": failed to get sandbox image \"rancher/mirrored-pause:3.6\": failed to pull image \"rancher/mirrored-pause:3.6\": failed to pull and unpack image \"docker.io/rancher/mirrored-pause:3.6\": failed to resolve reference \"docker.io/rancher/mirrored-pause:3.6\": failed to authorize: failed to fetch anonymous token: Get \"https://auth.docker.io/token?scope=repository%3Arancher%2Fmirrored-pause%3Apull&service=registry.docker.io\": dial tcp: lookup auth.docker.io: Try again" pod="kube-system/coredns-7566b5ff58-ghqnf"
Feb 24 23:31:44 control k3s[5563]: E0224 23:31:44.647933    5563 pod_workers.go:1324] "Error syncing pod, skipping" err="failed to \"CreatePodSandbox\" for \"coredns-7566b5ff58-ghqnf_kube-system(ef74a84c-9728-47d1-8833-80012e280f3a)\" with CreatePodSandboxError: \"Failed to create sandbox for pod \\\"coredns-7566b5ff58-ghqnf_kube-system(ef74a84c-9728-47d1-8833-80012e280f3a)\\\": rpc error: code = Unknown desc = failed to start sandbox \\\"c942da15d7d35c457a23c0221eab439afa6e0c686e28291058d4fd17ae7e09df\\\": failed to get sandbox image \\\"rancher/mirrored-pause:3.6\\\": failed to pull image \\\"rancher/mirrored-pause:3.6\\\": failed to pull and unpack image \\\"docker.io/rancher/mirrored-pause:3.6\\\": failed to resolve reference \\\"docker.io/rancher/mirrored-pause:3.6\\\": failed to authorize: failed to fetch anonymous token: Get \\\"https://auth.docker.io/token?scope=repository%3Arancher%2Fmirrored-pause%3Apull&service=registry.docker.io\\\": dial tcp: lookup auth.docker.io: Try again\"" pod="kube-system/coredns-7566b5ff58-ghqnf" podUID="ef74a84c-9728-47d1-8833-80012e280f3a"
Feb 24 23:31:44 control k3s[5563]: E0224 23:31:44.706574    5563 log.go:32] "RunPodSandbox from runtime service failed" err="rpc error: code = Unknown desc = failed to start sandbox \"1e35cf28f770ae5c2f7c308e0b35b321d8af728952f6dfc6584539dcac94502e\": failed to get sandbox image \"rancher/mirrored-pause:3.6\": failed to pull image \"rancher/mirrored-pause:3.6\": failed to pull and unpack image \"docker.io/rancher/mirrored-pause:3.6\": failed to resolve reference \"docker.io/rancher/mirrored-pause:3.6\": failed to authorize: failed to fetch anonymous token: Get \"https://auth.docker.io/token?scope=repository%3Arancher%2Fmirrored-pause%3Apull&service=registry.docker.io\": dial tcp: lookup auth.docker.io: Try again"
Feb 24 23:31:44 control k3s[5563]: E0224 23:31:44.706874    5563 kuberuntime_sandbox.go:71] "Failed to create sandbox for pod" err="rpc error: code = Unknown desc = failed to start sandbox \"1e35cf28f770ae5c2f7c308e0b35b321d8af728952f6dfc6584539dcac94502e\": failed to get sandbox image \"rancher/mirrored-pause:3.6\": failed to pull image \"rancher/mirrored-pause:3.6\": failed to pull and unpack image \"docker.io/rancher/mirrored-pause:3.6\": failed to resolve reference \"docker.io/rancher/mirrored-pause:3.6\": failed to authorize: failed to fetch anonymous token: Get \"https://auth.docker.io/token?scope=repository%3Arancher%2Fmirrored-pause%3Apull&service=registry.docker.io\": dial tcp: lookup auth.docker.io: Try again" pod="kube-system/local-path-provisioner-6bc6568469-d6n72"
Feb 24 23:31:44 control k3s[5563]: E0224 23:31:44.706937    5563 kuberuntime_manager.go:1558] "CreatePodSandbox for pod failed" err="rpc error: code = Unknown desc = failed to start sandbox \"1e35cf28f770ae5c2f7c308e0b35b321d8af728952f6dfc6584539dcac94502e\": failed to get sandbox image \"rancher/mirrored-pause:3.6\": failed to pull image \"rancher/mirrored-pause:3.6\": failed to pull and unpack image \"docker.io/rancher/mirrored-pause:3.6\": failed to resolve reference \"docker.io/rancher/mirrored-pause:3.6\": failed to authorize: failed to fetch anonymous token: Get \"https://auth.docker.io/token?scope=repository%3Arancher%2Fmirrored-pause%3Apull&service=registry.docker.io\": dial tcp: lookup auth.docker.io: Try again" pod="kube-system/local-path-provisioner-6bc6568469-d6n72"
Feb 24 23:31:44 control k3s[5563]: E0224 23:31:44.707074    5563 pod_workers.go:1324] "Error syncing pod, skipping" err="failed to \"CreatePodSandbox\" for \"local-path-provisioner-6bc6568469-d6n72_kube-system(666d490a-b379-43c6-baaf-86ec7396dda2)\" with CreatePodSandboxError: \"Failed to create sandbox for pod \\\"local-path-provisioner-6bc6568469-d6n72_kube-system(666d490a-b379-43c6-baaf-86ec7396dda2)\\\": rpc error: code = Unknown desc = failed to start sandbox \\\"1e35cf28f770ae5c2f7c308e0b35b321d8af728952f6dfc6584539dcac94502e\\\": failed to get sandbox image \\\"rancher/mirrored-pause:3.6\\\": failed to pull image \\\"rancher/mirrored-pause:3.6\\\": failed to pull and unpack image \\\"docker.io/rancher/mirrored-pause:3.6\\\": failed to resolve reference \\\"docker.io/rancher/mirrored-pause:3.6\\\": failed to authorize: failed to fetch anonymous token: Get \\\"https://auth.docker.io/token?scope=repository%3Arancher%2Fmirrored-pause%3Apull&service=registry.docker.io\\\": dial tcp: lookup auth.docker.io: Try again\"" pod="kube-system/local-path-provisioner-6bc6568469-d6n72" podUID="666d490a-b379-43c6-baaf-86ec7396dda2"
Feb 24 23:31:44 control k3s[5563]: E0224 23:31:44.726867    5563 log.go:32] "RunPodSandbox from runtime service failed" err="rpc error: code = Unknown desc = failed to start sandbox \"e0fd9d6d730168005f2b4c2607ea1fa3ae563e04a2b37c0c7d2f20a71bc33a0d\": failed to get sandbox image \"rancher/mirrored-pause:3.6\": failed to pull image \"rancher/mirrored-pause:3.6\": failed to pull and unpack image \"docker.io/rancher/mirrored-pause:3.6\": failed to resolve reference \"docker.io/rancher/mirrored-pause:3.6\": failed to authorize: failed to fetch anonymous token: Get \"https://auth.docker.io/token?scope=repository%3Arancher%2Fmirrored-pause%3Apull&service=registry.docker.io\": dial tcp: lookup auth.docker.io: Try again"
Feb 24 23:31:44 control k3s[5563]: E0224 23:31:44.727111    5563 kuberuntime_sandbox.go:71] "Failed to create sandbox for pod" err="rpc error: code = Unknown desc = failed to start sandbox \"e0fd9d6d730168005f2b4c2607ea1fa3ae563e04a2b37c0c7d2f20a71bc33a0d\": failed to get sandbox image \"rancher/mirrored-pause:3.6\": failed to pull image \"rancher/mirrored-pause:3.6\": failed to pull and unpack image \"docker.io/rancher/mirrored-pause:3.6\": failed to resolve reference \"docker.io/rancher/mirrored-pause:3.6\": failed to authorize: failed to fetch anonymous token: Get \"https://auth.docker.io/token?scope=repository%3Arancher%2Fmirrored-pause%3Apull&service=registry.docker.io\": dial tcp: lookup auth.docker.io: Try again" pod="kube-system/helm-install-traefik-lnfqd"
Feb 24 23:31:44 control k3s[5563]: E0224 23:31:44.727176    5563 kuberuntime_manager.go:1558] "CreatePodSandbox for pod failed" err="rpc error: code = Unknown desc = failed to start sandbox \"e0fd9d6d730168005f2b4c2607ea1fa3ae563e04a2b37c0c7d2f20a71bc33a0d\": failed to get sandbox image \"rancher/mirrored-pause:3.6\": failed to pull image \"rancher/mirrored-pause:3.6\": failed to pull and unpack image \"docker.io/rancher/mirrored-pause:3.6\": failed to resolve reference \"docker.io/rancher/mirrored-pause:3.6\": failed to authorize: failed to fetch anonymous token: Get \"https://auth.docker.io/token?scope=repository%3Arancher%2Fmirrored-pause%3Apull&service=registry.docker.io\": dial tcp: lookup auth.docker.io: Try again" pod="kube-system/helm-install-traefik-lnfqd"
Feb 24 23:31:44 control k3s[5563]: E0224 23:31:44.728169    5563 log.go:32] "RunPodSandbox from runtime service failed" err="rpc error: code = Unknown desc = failed to start sandbox \"dc16b451996900635474efdd64341188e600bc4439f80dfaa088cd1df483fcaa\": failed to get sandbox image \"rancher/mirrored-pause:3.6\": failed to pull image \"rancher/mirrored-pause:3.6\": failed to pull and unpack image \"docker.io/rancher/mirrored-pause:3.6\": failed to resolve reference \"docker.io/rancher/mirrored-pause:3.6\": failed to authorize: failed to fetch anonymous token: Get \"https://auth.docker.io/token?scope=repository%3Arancher%2Fmirrored-pause%3Apull&service=registry.docker.io\": dial tcp: lookup auth.docker.io: Try again"
Feb 24 23:31:44 control k3s[5563]: E0224 23:31:44.728530    5563 kuberuntime_sandbox.go:71] "Failed to create sandbox for pod" err="rpc error: code = Unknown desc = failed to start sandbox \"dc16b451996900635474efdd64341188e600bc4439f80dfaa088cd1df483fcaa\": failed to get sandbox image \"rancher/mirrored-pause:3.6\": failed to pull image \"rancher/mirrored-pause:3.6\": failed to pull and unpack image \"docker.io/rancher/mirrored-pause:3.6\": failed to resolve reference \"docker.io/rancher/mirrored-pause:3.6\": failed to authorize: failed to fetch anonymous token: Get \"https://auth.docker.io/token?scope=repository%3Arancher%2Fmirrored-pause%3Apull&service=registry.docker.io\": dial tcp: lookup auth.docker.io: Try again" pod="kube-system/helm-install-traefik-crd-wrsrr"
Feb 24 23:31:44 control k3s[5563]: E0224 23:31:44.728576    5563 kuberuntime_manager.go:1558] "CreatePodSandbox for pod failed" err="rpc error: code = Unknown desc = failed to start sandbox \"dc16b451996900635474efdd64341188e600bc4439f80dfaa088cd1df483fcaa\": failed to get sandbox image \"rancher/mirrored-pause:3.6\": failed to pull image \"rancher/mirrored-pause:3.6\": failed to pull and unpack image \"docker.io/rancher/mirrored-pause:3.6\": failed to resolve reference \"docker.io/rancher/mirrored-pause:3.6\": failed to authorize: failed to fetch anonymous token: Get \"https://auth.docker.io/token?scope=repository%3Arancher%2Fmirrored-pause%3Apull&service=registry.docker.io\": dial tcp: lookup auth.docker.io: Try again" pod="kube-system/helm-install-traefik-crd-wrsrr"
Feb 24 23:31:44 control k3s[5563]: E0224 23:31:44.728666    5563 pod_workers.go:1324] "Error syncing pod, skipping" err="failed to \"CreatePodSandbox\" for \"helm-install-traefik-crd-wrsrr_kube-system(2b21c503-871b-4fad-b935-946b23e4ba5c)\" with CreatePodSandboxError: \"Failed to create sandbox for pod \\\"helm-install-traefik-crd-wrsrr_kube-system(2b21c503-871b-4fad-b935-946b23e4ba5c)\\\": rpc error: code = Unknown desc = failed to start sandbox \\\"dc16b451996900635474efdd64341188e600bc4439f80dfaa088cd1df483fcaa\\\": failed to get sandbox image \\\"rancher/mirrored-pause:3.6\\\": failed to pull image \\\"rancher/mirrored-pause:3.6\\\": failed to pull and unpack image \\\"docker.io/rancher/mirrored-pause:3.6\\\": failed to resolve reference \\\"docker.io/rancher/mirrored-pause:3.6\\\": failed to authorize: failed to fetch anonymous token: Get \\\"https://auth.docker.io/token?scope=repository%3Arancher%2Fmirrored-pause%3Apull&service=registry.docker.io\\\": dial tcp: lookup auth.docker.io: Try again\"" pod="kube-system/helm-install-traefik-crd-wrsrr" podUID="2b21c503-871b-4fad-b935-946b23e4ba5c"
Feb 24 23:31:44 control k3s[5563]: E0224 23:31:44.727300    5563 pod_workers.go:1324] "Error syncing pod, skipping" err="failed to \"CreatePodSandbox\" for \"helm-install-traefik-lnfqd_kube-system(3f60aef9-34ef-4fb8-92b1-e55df160ab78)\" with CreatePodSandboxError: \"Failed to create sandbox for pod \\\"helm-install-traefik-lnfqd_kube-system(3f60aef9-34ef-4fb8-92b1-e55df160ab78)\\\": rpc error: code = Unknown desc = failed to start sandbox \\\"e0fd9d6d730168005f2b4c2607ea1fa3ae563e04a2b37c0c7d2f20a71bc33a0d\\\": failed to get sandbox image \\\"rancher/mirrored-pause:3.6\\\": failed to pull image \\\"rancher/mirrored-pause:3.6\\\": failed to pull and unpack image \\\"docker.io/rancher/mirrored-pause:3.6\\\": failed to resolve reference \\\"docker.io/rancher/mirrored-pause:3.6\\\": failed to authorize: failed to fetch anonymous token: Get \\\"https://auth.docker.io/token?scope=repository%3Arancher%2Fmirrored-pause%3Apull&service=registry.docker.io\\\": dial tcp: lookup auth.docker.io: Try again\"" pod="kube-system/helm-install-traefik-lnfqd" podUID="3f60aef9-34ef-4fb8-92b1-e55df160ab78"
Feb 24 23:31:44 control k3s[5563]: E0224 23:31:44.749449    5563 log.go:32] "RunPodSandbox from runtime service failed" err="rpc error: code = Unknown desc = failed to start sandbox \"dc34d98a0061ce91cf927cd13ce3b8413fc47116a57e7d333d2431d1030bb5b3\": failed to get sandbox image \"rancher/mirrored-pause:3.6\": failed to pull image \"rancher/mirrored-pause:3.6\": failed to pull and unpack image \"docker.io/rancher/mirrored-pause:3.6\": failed to resolve reference \"docker.io/rancher/mirrored-pause:3.6\": failed to authorize: failed to fetch anonymous token: Get \"https://auth.docker.io/token?scope=repository%3Arancher%2Fmirrored-pause%3Apull&service=registry.docker.io\": dial tcp: lookup auth.docker.io: Try again"
Feb 24 23:31:44 control k3s[5563]: E0224 23:31:44.750875    5563 kuberuntime_sandbox.go:71] "Failed to create sandbox for pod" err="rpc error: code = Unknown desc = failed to start sandbox \"dc34d98a0061ce91cf927cd13ce3b8413fc47116a57e7d333d2431d1030bb5b3\": failed to get sandbox image \"rancher/mirrored-pause:3.6\": failed to pull image \"rancher/mirrored-pause:3.6\": failed to pull and unpack image \"docker.io/rancher/mirrored-pause:3.6\": failed to resolve reference \"docker.io/rancher/mirrored-pause:3.6\": failed to authorize: failed to fetch anonymous token: Get \"https://auth.docker.io/token?scope=repository%3Arancher%2Fmirrored-pause%3Apull&service=registry.docker.io\": dial tcp: lookup auth.docker.io: Try again" pod="kube-system/metrics-server-786d997795-mxmg6"
Feb 24 23:31:44 control k3s[5563]: E0224 23:31:44.750943    5563 kuberuntime_manager.go:1558] "CreatePodSandbox for pod failed" err="rpc error: code = Unknown desc = failed to start sandbox \"dc34d98a0061ce91cf927cd13ce3b8413fc47116a57e7d333d2431d1030bb5b3\": failed to get sandbox image \"rancher/mirrored-pause:3.6\": failed to pull image \"rancher/mirrored-pause:3.6\": failed to pull and unpack image \"docker.io/rancher/mirrored-pause:3.6\": failed to resolve reference \"docker.io/rancher/mirrored-pause:3.6\": failed to authorize: failed to fetch anonymous token: Get \"https://auth.docker.io/token?scope=repository%3Arancher%2Fmirrored-pause%3Apull&service=registry.docker.io\": dial tcp: lookup auth.docker.io: Try again" pod="kube-system/metrics-server-786d997795-mxmg6"
Feb 24 23:31:44 control k3s[5563]: E0224 23:31:44.753329    5563 pod_workers.go:1324] "Error syncing pod, skipping" err="failed to \"CreatePodSandbox\" for \"metrics-server-786d997795-mxmg6_kube-system(593a4fa1-d1d0-4bda-a1be-63ffa455a508)\" with CreatePodSandboxError: \"Failed to create sandbox for pod \\\"metrics-server-786d997795-mxmg6_kube-system(593a4fa1-d1d0-4bda-a1be-63ffa455a508)\\\": rpc error: code = Unknown desc = failed to start sandbox \\\"dc34d98a0061ce91cf927cd13ce3b8413fc47116a57e7d333d2431d1030bb5b3\\\": failed to get sandbox image \\\"rancher/mirrored-pause:3.6\\\": failed to pull image \\\"rancher/mirrored-pause:3.6\\\": failed to pull and unpack image \\\"docker.io/rancher/mirrored-pause:3.6\\\": failed to resolve reference \\\"docker.io/rancher/mirrored-pause:3.6\\\": failed to authorize: failed to fetch anonymous token: Get \\\"https://auth.docker.io/token?scope=repository%3Arancher%2Fmirrored-pause%3Apull&service=registry.docker.io\\\": dial tcp: lookup auth.docker.io: Try again\"" pod="kube-system/metrics-server-786d997795-mxmg6" podUID="593a4fa1-d1d0-4bda-a1be-63ffa455a508"
Feb 24 23:31:48 control k3s[5563]: E0224 23:31:48.409876    5563 resource_quota_controller.go:460] "Error during resource discovery" err="unable to retrieve the complete list of server APIs: metrics.k8s.io/v1beta1: stale GroupVersion discovery: metrics.k8s.io/v1beta1"
Feb 24 23:31:50 control k3s[5563]: I0224 23:31:50.169931    5563 garbagecollector.go:792] "failed to discover some groups" groups="map[\"metrics.k8s.io/v1beta1\":\"stale GroupVersion discovery: metrics.k8s.io/v1beta1\"]"
Feb 24 23:32:03 control k3s[5563]: E0224 23:32:03.732378    5563 log.go:32] "RunPodSandbox from runtime service failed" err="rpc error: code = Unknown desc = failed to start sandbox \"238f39d59e763c99050b3cdef4c872497acba7ff2d17c1228ddec8e5528b5ac4\": failed to get sandbox image \"rancher/mirrored-pause:3.6\": failed to pull image \"rancher/mirrored-pause:3.6\": failed to pull and unpack image \"docker.io/rancher/mirrored-pause:3.6\": failed to resolve reference \"docker.io/rancher/mirrored-pause:3.6\": failed to authorize: failed to fetch anonymous token: Get \"https://auth.docker.io/token?scope=repository%3Arancher%2Fmirrored-pause%3Apull&service=registry.docker.io\": dial tcp: lookup auth.docker.io: Try again"
Feb 24 23:32:03 control k3s[5563]: E0224 23:32:03.734618    5563 kuberuntime_sandbox.go:71] "Failed to create sandbox for pod" err="rpc error: code = Unknown desc = failed to start sandbox \"238f39d59e763c99050b3cdef4c872497acba7ff2d17c1228ddec8e5528b5ac4\": failed to get sandbox image \"rancher/mirrored-pause:3.6\": failed to pull image \"rancher/mirrored-pause:3.6\": failed to pull and unpack image \"docker.io/rancher/mirrored-pause:3.6\": failed to resolve reference \"docker.io/rancher/mirrored-pause:3.6\": failed to authorize: failed to fetch anonymous token: Get \"https://auth.docker.io/token?scope=repository%3Arancher%2Fmirrored-pause%3Apull&service=registry.docker.io\": dial tcp: lookup auth.docker.io: Try again" pod="kube-system/helm-install-traefik-lnfqd"
Feb 24 23:32:03 control k3s[5563]: E0224 23:32:03.735336    5563 kuberuntime_manager.go:1558] "CreatePodSandbox for pod failed" err="rpc error: code = Unknown desc = failed to start sandbox \"238f39d59e763c99050b3cdef4c872497acba7ff2d17c1228ddec8e5528b5ac4\": failed to get sandbox image \"rancher/mirrored-pause:3.6\": failed to pull image \"rancher/mirrored-pause:3.6\": failed to pull and unpack image \"docker.io/rancher/mirrored-pause:3.6\": failed to resolve reference \"docker.io/rancher/mirrored-pause:3.6\": failed to authorize: failed to fetch anonymous token: Get \"https://auth.docker.io/token?scope=repository%3Arancher%2Fmirrored-pause%3Apull&service=registry.docker.io\": dial tcp: lookup auth.docker.io: Try again" pod="kube-system/helm-install-traefik-lnfqd"
Feb 24 23:32:03 control k3s[5563]: E0224 23:32:03.739129    5563 pod_workers.go:1324] "Error syncing pod, skipping" err="failed to \"CreatePodSandbox\" for \"helm-install-traefik-lnfqd_kube-system(3f60aef9-34ef-4fb8-92b1-e55df160ab78)\" with CreatePodSandboxError: \"Failed to create sandbox for pod \\\"helm-install-traefik-lnfqd_kube-system(3f60aef9-34ef-4fb8-92b1-e55df160ab78)\\\": rpc error: code = Unknown desc = failed to start sandbox \\\"238f39d59e763c99050b3cdef4c872497acba7ff2d17c1228ddec8e5528b5ac4\\\": failed to get sandbox image \\\"rancher/mirrored-pause:3.6\\\": failed to pull image \\\"rancher/mirrored-pause:3.6\\\": failed to pull and unpack image \\\"docker.io/rancher/mirrored-pause:3.6\\\": failed to resolve reference \\\"docker.io/rancher/mirrored-pause:3.6\\\": failed to authorize: failed to fetch anonymous token: Get \\\"https://auth.docker.io/token?scope=repository%3Arancher%2Fmirrored-pause%3Apull&service=registry.docker.io\\\": dial tcp: lookup auth.docker.io: Try again\"" pod="kube-system/helm-install-traefik-lnfqd" podUID="3f60aef9-34ef-4fb8-92b1-e55df160ab78"
Feb 24 23:32:03 control k3s[5563]: E0224 23:32:03.775046    5563 log.go:32] "RunPodSandbox from runtime service failed" err="rpc error: code = Unknown desc = failed to start sandbox \"b5abfc36a6f17179fa1b0ba7b4b3b2b820b896c7407041227a54771377221b96\": failed to get sandbox image \"rancher/mirrored-pause:3.6\": failed to pull image \"rancher/mirrored-pause:3.6\": failed to pull and unpack image \"docker.io/rancher/mirrored-pause:3.6\": failed to resolve reference \"docker.io/rancher/mirrored-pause:3.6\": failed to authorize: failed to fetch anonymous token: Get \"https://auth.docker.io/token?scope=repository%3Arancher%2Fmirrored-pause%3Apull&service=registry.docker.io\": dial tcp: lookup auth.docker.io: Try again"
Feb 24 23:32:03 control k3s[5563]: E0224 23:32:03.775155    5563 kuberuntime_sandbox.go:71] "Failed to create sandbox for pod" err="rpc error: code = Unknown desc = failed to start sandbox \"b5abfc36a6f17179fa1b0ba7b4b3b2b820b896c7407041227a54771377221b96\": failed to get sandbox image \"rancher/mirrored-pause:3.6\": failed to pull image \"rancher/mirrored-pause:3.6\": failed to pull and unpack image \"docker.io/rancher/mirrored-pause:3.6\": failed to resolve reference \"docker.io/rancher/mirrored-pause:3.6\": failed to authorize: failed to fetch anonymous token: Get \"https://auth.docker.io/token?scope=repository%3Arancher%2Fmirrored-pause%3Apull&service=registry.docker.io\": dial tcp: lookup auth.docker.io: Try again" pod="kube-system/local-path-provisioner-6bc6568469-d6n72"
Feb 24 23:32:03 control k3s[5563]: E0224 23:32:03.775198    5563 kuberuntime_manager.go:1558] "CreatePodSandbox for pod failed" err="rpc error: code = Unknown desc = failed to start sandbox \"b5abfc36a6f17179fa1b0ba7b4b3b2b820b896c7407041227a54771377221b96\": failed to get sandbox image \"rancher/mirrored-pause:3.6\": failed to pull image \"rancher/mirrored-pause:3.6\": failed to pull and unpack image \"docker.io/rancher/mirrored-pause:3.6\": failed to resolve reference \"docker.io/rancher/mirrored-pause:3.6\": failed to authorize: failed to fetch anonymous token: Get \"https://auth.docker.io/token?scope=repository%3Arancher%2Fmirrored-pause%3Apull&service=registry.docker.io\": dial tcp: lookup auth.docker.io: Try again" pod="kube-system/local-path-provisioner-6bc6568469-d6n72"
Feb 24 23:32:03 control k3s[5563]: E0224 23:32:03.775314    5563 pod_workers.go:1324] "Error syncing pod, skipping" err="failed to \"CreatePodSandbox\" for \"local-path-provisioner-6bc6568469-d6n72_kube-system(666d490a-b379-43c6-baaf-86ec7396dda2)\" with CreatePodSandboxError: \"Failed to create sandbox for pod \\\"local-path-provisioner-6bc6568469-d6n72_kube-system(666d490a-b379-43c6-baaf-86ec7396dda2)\\\": rpc error: code = Unknown desc = failed to start sandbox \\\"b5abfc36a6f17179fa1b0ba7b4b3b2b820b896c7407041227a54771377221b96\\\": failed to get sandbox image \\\"rancher/mirrored-pause:3.6\\\": failed to pull image \\\"rancher/mirrored-pause:3.6\\\": failed to pull and unpack image \\\"docker.io/rancher/mirrored-pause:3.6\\\": failed to resolve reference \\\"docker.io/rancher/mirrored-pause:3.6\\\": failed to authorize: failed to fetch anonymous token: Get \\\"https://auth.docker.io/token?scope=repository%3Arancher%2Fmirrored-pause%3Apull&service=registry.docker.io\\\": dial tcp: lookup auth.docker.io: Try again\"" pod="kube-system/local-path-provisioner-6bc6568469-d6n72" podUID="666d490a-b379-43c6-baaf-86ec7396dda2"
Feb 24 23:32:03 control k3s[5563]: E0224 23:32:03.818520    5563 log.go:32] "RunPodSandbox from runtime service failed" err="rpc error: code = Unknown desc = failed to start sandbox \"407873c2bba79e5111d9c1faf0eed5d825dbc550dd402a52ea818aae781af67e\": failed to get sandbox image \"rancher/mirrored-pause:3.6\": failed to pull image \"rancher/mirrored-pause:3.6\": failed to pull and unpack image \"docker.io/rancher/mirrored-pause:3.6\": failed to copy: httpReadSeeker: failed open: failed to authorize: failed to fetch anonymous token: Get \"https://auth.docker.io/token?scope=repository%3Arancher%2Fmirrored-pause%3Apull&service=registry.docker.io\": dial tcp: lookup auth.docker.io: Try again"
Feb 24 23:32:03 control k3s[5563]: E0224 23:32:03.819004    5563 kuberuntime_sandbox.go:71] "Failed to create sandbox for pod" err="rpc error: code = Unknown desc = failed to start sandbox \"407873c2bba79e5111d9c1faf0eed5d825dbc550dd402a52ea818aae781af67e\": failed to get sandbox image \"rancher/mirrored-pause:3.6\": failed to pull image \"rancher/mirrored-pause:3.6\": failed to pull and unpack image \"docker.io/rancher/mirrored-pause:3.6\": failed to copy: httpReadSeeker: failed open: failed to authorize: failed to fetch anonymous token: Get \"https://auth.docker.io/token?scope=repository%3Arancher%2Fmirrored-pause%3Apull&service=registry.docker.io\": dial tcp: lookup auth.docker.io: Try again" pod="kube-system/helm-install-traefik-crd-wrsrr"
Feb 24 23:32:03 control k3s[5563]: E0224 23:32:03.819058    5563 kuberuntime_manager.go:1558] "CreatePodSandbox for pod failed" err="rpc error: code = Unknown desc = failed to start sandbox \"407873c2bba79e5111d9c1faf0eed5d825dbc550dd402a52ea818aae781af67e\": failed to get sandbox image \"rancher/mirrored-pause:3.6\": failed to pull image \"rancher/mirrored-pause:3.6\": failed to pull and unpack image \"docker.io/rancher/mirrored-pause:3.6\": failed to copy: httpReadSeeker: failed open: failed to authorize: failed to fetch anonymous token: Get \"https://auth.docker.io/token?scope=repository%3Arancher%2Fmirrored-pause%3Apull&service=registry.docker.io\": dial tcp: lookup auth.docker.io: Try again" pod="kube-system/helm-install-traefik-crd-wrsrr"
Feb 24 23:32:03 control k3s[5563]: E0224 23:32:03.822112    5563 pod_workers.go:1324] "Error syncing pod, skipping" err="failed to \"CreatePodSandbox\" for \"helm-install-traefik-crd-wrsrr_kube-system(2b21c503-871b-4fad-b935-946b23e4ba5c)\" with CreatePodSandboxError: \"Failed to create sandbox for pod \\\"helm-install-traefik-crd-wrsrr_kube-system(2b21c503-871b-4fad-b935-946b23e4ba5c)\\\": rpc error: code = Unknown desc = failed to start sandbox \\\"407873c2bba79e5111d9c1faf0eed5d825dbc550dd402a52ea818aae781af67e\\\": failed to get sandbox image \\\"rancher/mirrored-pause:3.6\\\": failed to pull image \\\"rancher/mirrored-pause:3.6\\\": failed to pull and unpack image \\\"docker.io/rancher/mirrored-pause:3.6\\\": failed to copy: httpReadSeeker: failed open: failed to authorize: failed to fetch anonymous token: Get \\\"https://auth.docker.io/token?scope=repository%3Arancher%2Fmirrored-pause%3Apull&service=registry.docker.io\\\": dial tcp: lookup auth.docker.io: Try again\"" pod="kube-system/helm-install-traefik-crd-wrsrr" podUID="2b21c503-871b-4fad-b935-946b23e4ba5c"
Feb 24 23:32:03 control k3s[5563]: E0224 23:32:03.841545    5563 log.go:32] "RunPodSandbox from runtime service failed" err="rpc error: code = Unknown desc = failed to start sandbox \"37b90c57cfc1362cef999841759d71ba119421afc1474b5db418adedaf3e9c90\": failed to get sandbox image \"rancher/mirrored-pause:3.6\": failed to pull image \"rancher/mirrored-pause:3.6\": failed to pull and unpack image \"docker.io/rancher/mirrored-pause:3.6\": failed to resolve reference \"docker.io/rancher/mirrored-pause:3.6\": failed to authorize: failed to fetch anonymous token: Get \"https://auth.docker.io/token?scope=repository%3Arancher%2Fmirrored-pause%3Apull&service=registry.docker.io\": dial tcp: lookup auth.docker.io: Try again"
Feb 24 23:32:03 control k3s[5563]: E0224 23:32:03.842514    5563 kuberuntime_sandbox.go:71] "Failed to create sandbox for pod" err="rpc error: code = Unknown desc = failed to start sandbox \"37b90c57cfc1362cef999841759d71ba119421afc1474b5db418adedaf3e9c90\": failed to get sandbox image \"rancher/mirrored-pause:3.6\": failed to pull image \"rancher/mirrored-pause:3.6\": failed to pull and unpack image \"docker.io/rancher/mirrored-pause:3.6\": failed to resolve reference \"docker.io/rancher/mirrored-pause:3.6\": failed to authorize: failed to fetch anonymous token: Get \"https://auth.docker.io/token?scope=repository%3Arancher%2Fmirrored-pause%3Apull&service=registry.docker.io\": dial tcp: lookup auth.docker.io: Try again" pod="kube-system/coredns-7566b5ff58-ghqnf"
Feb 24 23:32:03 control k3s[5563]: E0224 23:32:03.843216    5563 kuberuntime_manager.go:1558] "CreatePodSandbox for pod failed" err="rpc error: code = Unknown desc = failed to start sandbox \"37b90c57cfc1362cef999841759d71ba119421afc1474b5db418adedaf3e9c90\": failed to get sandbox image \"rancher/mirrored-pause:3.6\": failed to pull image \"rancher/mirrored-pause:3.6\": failed to pull and unpack image \"docker.io/rancher/mirrored-pause:3.6\": failed to resolve reference \"docker.io/rancher/mirrored-pause:3.6\": failed to authorize: failed to fetch anonymous token: Get \"https://auth.docker.io/token?scope=repository%3Arancher%2Fmirrored-pause%3Apull&service=registry.docker.io\": dial tcp: lookup auth.docker.io: Try again" pod="kube-system/coredns-7566b5ff58-ghqnf"
Feb 24 23:32:03 control k3s[5563]: E0224 23:32:03.845982    5563 pod_workers.go:1324] "Error syncing pod, skipping" err="failed to \"CreatePodSandbox\" for \"coredns-7566b5ff58-ghqnf_kube-system(ef74a84c-9728-47d1-8833-80012e280f3a)\" with CreatePodSandboxError: \"Failed to create sandbox for pod \\\"coredns-7566b5ff58-ghqnf_kube-system(ef74a84c-9728-47d1-8833-80012e280f3a)\\\": rpc error: code = Unknown desc = failed to start sandbox \\\"37b90c57cfc1362cef999841759d71ba119421afc1474b5db418adedaf3e9c90\\\": failed to get sandbox image \\\"rancher/mirrored-pause:3.6\\\": failed to pull image \\\"rancher/mirrored-pause:3.6\\\": failed to pull and unpack image \\\"docker.io/rancher/mirrored-pause:3.6\\\": failed to resolve reference \\\"docker.io/rancher/mirrored-pause:3.6\\\": failed to authorize: failed to fetch anonymous token: Get \\\"https://auth.docker.io/token?scope=repository%3Arancher%2Fmirrored-pause%3Apull&service=registry.docker.io\\\": dial tcp: lookup auth.docker.io: Try again\"" pod="kube-system/coredns-7566b5ff58-ghqnf" podUID="ef74a84c-9728-47d1-8833-80012e280f3a"
Feb 24 23:32:03 control k3s[5563]: E0224 23:32:03.846038    5563 log.go:32] "RunPodSandbox from runtime service failed" err="rpc error: code = Unknown desc = failed to start sandbox \"e2106ea34e7fba459442f54fb5bd6cd0cb8ac19ea93a7d4f21c4830a76579050\": failed to get sandbox image \"rancher/mirrored-pause:3.6\": failed to pull image \"rancher/mirrored-pause:3.6\": failed to pull and unpack image \"docker.io/rancher/mirrored-pause:3.6\": failed to resolve reference \"docker.io/rancher/mirrored-pause:3.6\": failed to authorize: failed to fetch anonymous token: Get \"https://auth.docker.io/token?scope=repository%3Arancher%2Fmirrored-pause%3Apull&service=registry.docker.io\": dial tcp: lookup auth.docker.io: Try again"
Feb 24 23:32:03 control k3s[5563]: E0224 23:32:03.850872    5563 kuberuntime_sandbox.go:71] "Failed to create sandbox for pod" err="rpc error: code = Unknown desc = failed to start sandbox \"e2106ea34e7fba459442f54fb5bd6cd0cb8ac19ea93a7d4f21c4830a76579050\": failed to get sandbox image \"rancher/mirrored-pause:3.6\": failed to pull image \"rancher/mirrored-pause:3.6\": failed to pull and unpack image \"docker.io/rancher/mirrored-pause:3.6\": failed to resolve reference \"docker.io/rancher/mirrored-pause:3.6\": failed to authorize: failed to fetch anonymous token: Get \"https://auth.docker.io/token?scope=repository%3Arancher%2Fmirrored-pause%3Apull&service=registry.docker.io\": dial tcp: lookup auth.docker.io: Try again" pod="kube-system/metrics-server-786d997795-mxmg6"
Feb 24 23:32:03 control k3s[5563]: E0224 23:32:03.852119    5563 kuberuntime_manager.go:1558] "CreatePodSandbox for pod failed" err="rpc error: code = Unknown desc = failed to start sandbox \"e2106ea34e7fba459442f54fb5bd6cd0cb8ac19ea93a7d4f21c4830a76579050\": failed to get sandbox image \"rancher/mirrored-pause:3.6\": failed to pull image \"rancher/mirrored-pause:3.6\": failed to pull and unpack image \"docker.io/rancher/mirrored-pause:3.6\": failed to resolve reference \"docker.io/rancher/mirrored-pause:3.6\": failed to authorize: failed to fetch anonymous token: Get \"https://auth.docker.io/token?scope=repository%3Arancher%2Fmirrored-pause%3Apull&service=registry.docker.io\": dial tcp: lookup auth.docker.io: Try again" pod="kube-system/metrics-server-786d997795-mxmg6"
Feb 24 23:32:03 control k3s[5563]: E0224 23:32:03.854120    5563 pod_workers.go:1324] "Error syncing pod, skipping" err="failed to \"CreatePodSandbox\" for \"metrics-server-786d997795-mxmg6_kube-system(593a4fa1-d1d0-4bda-a1be-63ffa455a508)\" with CreatePodSandboxError: \"Failed to create sandbox for pod \\\"metrics-server-786d997795-mxmg6_kube-system(593a4fa1-d1d0-4bda-a1be-63ffa455a508)\\\": rpc error: code = Unknown desc = failed to start sandbox \\\"e2106ea34e7fba459442f54fb5bd6cd0cb8ac19ea93a7d4f21c4830a76579050\\\": failed to get sandbox image \\\"rancher/mirrored-pause:3.6\\\": failed to pull image \\\"rancher/mirrored-pause:3.6\\\": failed to pull and unpack image \\\"docker.io/rancher/mirrored-pause:3.6\\\": failed to resolve reference \\\"docker.io/rancher/mirrored-pause:3.6\\\": failed to authorize: failed to fetch anonymous token: Get \\\"https://auth.docker.io/token?scope=repository%3Arancher%2Fmirrored-pause%3Apull&service=registry.docker.io\\\": dial tcp: lookup auth.docker.io: Try again\"" pod="kube-system/metrics-server-786d997795-mxmg6" podUID="593a4fa1-d1d0-4bda-a1be-63ffa455a508"
