Mar 11 18:11:23 control k3s[8739]: I0311 18:11:23.188601    8739 resource_quota_monitor.go:229] "QuotaMonitor created object count evaluator" resource="daemonsets.apps"
Mar 11 18:11:23 control k3s[8739]: I0311 18:11:23.188638    8739 resource_quota_monitor.go:229] "QuotaMonitor created object count evaluator" resource="helmcharts.helm.cattle.io"
Mar 11 18:11:23 control k3s[8739]: I0311 18:11:23.188649    8739 resource_quota_monitor.go:229] "QuotaMonitor created object count evaluator" resource="helmchartconfigs.helm.cattle.io"
Mar 11 18:11:23 control k3s[8739]: I0311 18:11:23.188707    8739 resource_quota_monitor.go:229] "QuotaMonitor created object count evaluator" resource="podtemplates"
Mar 11 18:11:23 control k3s[8739]: I0311 18:11:23.188717    8739 resource_quota_monitor.go:229] "QuotaMonitor created object count evaluator" resource="horizontalpodautoscalers.autoscaling"
Mar 11 18:11:23 control k3s[8739]: I0311 18:11:23.188729    8739 resource_quota_monitor.go:229] "QuotaMonitor created object count evaluator" resource="cronjobs.batch"
Mar 11 18:11:23 control k3s[8739]: I0311 18:11:23.188739    8739 resource_quota_monitor.go:229] "QuotaMonitor created object count evaluator" resource="jobs.batch"
Mar 11 18:11:23 control k3s[8739]: I0311 18:11:23.188759    8739 resource_quota_monitor.go:229] "QuotaMonitor created object count evaluator" resource="roles.rbac.authorization.k8s.io"
Mar 11 18:11:23 control k3s[8739]: I0311 18:11:23.188769    8739 resource_quota_monitor.go:229] "QuotaMonitor created object count evaluator" resource="endpointslices.discovery.k8s.io"
Mar 11 18:11:23 control k3s[8739]: I0311 18:11:23.188781    8739 resource_quota_monitor.go:229] "QuotaMonitor created object count evaluator" resource="resourceclaimtemplates.resource.k8s.io"
Mar 11 18:11:23 control k3s[8739]: I0311 18:11:23.188790    8739 resource_quota_monitor.go:229] "QuotaMonitor created object count evaluator" resource="deployments.apps"
Mar 11 18:11:23 control k3s[8739]: I0311 18:11:23.188814    8739 resource_quota_monitor.go:229] "QuotaMonitor created object count evaluator" resource="networkpolicies.networking.k8s.io"
Mar 11 18:11:23 control k3s[8739]: I0311 18:11:23.188840    8739 resource_quota_monitor.go:229] "QuotaMonitor created object count evaluator" resource="limitranges"
Mar 11 18:11:23 control k3s[8739]: I0311 18:11:23.188858    8739 resource_quota_monitor.go:229] "QuotaMonitor created object count evaluator" resource="poddisruptionbudgets.policy"
Mar 11 18:11:23 control k3s[8739]: I0311 18:11:23.188877    8739 resource_quota_monitor.go:229] "QuotaMonitor created object count evaluator" resource="csistoragecapacities.storage.k8s.io"
Mar 11 18:11:23 control k3s[8739]: I0311 18:11:23.188890    8739 resource_quota_monitor.go:229] "QuotaMonitor created object count evaluator" resource="addons.k3s.cattle.io"
Mar 11 18:11:23 control k3s[8739]: I0311 18:11:23.188946    8739 resource_quota_monitor.go:229] "QuotaMonitor created object count evaluator" resource="statefulsets.apps"
Mar 11 18:11:23 control k3s[8739]: I0311 18:11:23.188959    8739 resource_quota_monitor.go:229] "QuotaMonitor created object count evaluator" resource="endpoints"
Mar 11 18:11:23 control k3s[8739]: I0311 18:11:23.188974    8739 resource_quota_monitor.go:229] "QuotaMonitor created object count evaluator" resource="replicasets.apps"
Mar 11 18:11:23 control k3s[8739]: I0311 18:11:23.188984    8739 resource_quota_monitor.go:229] "QuotaMonitor created object count evaluator" resource="ingresses.networking.k8s.io"
Mar 11 18:11:23 control k3s[8739]: I0311 18:11:23.189003    8739 resource_quota_monitor.go:229] "QuotaMonitor created object count evaluator" resource="leases.coordination.k8s.io"
Mar 11 18:11:23 control k3s[8739]: I0311 18:11:23.189014    8739 resource_quota_monitor.go:229] "QuotaMonitor created object count evaluator" resource="controllerrevisions.apps"
Mar 11 18:11:23 control k3s[8739]: I0311 18:11:23.189032    8739 resource_quota_monitor.go:229] "QuotaMonitor created object count evaluator" resource="rolebindings.rbac.authorization.k8s.io"
Mar 11 18:11:23 control k3s[8739]: I0311 18:11:23.189057    8739 resource_quota_monitor.go:229] "QuotaMonitor created object count evaluator" resource="serviceaccounts"
Mar 11 18:11:23 control k3s[8739]: E0311 18:11:23.436222    8739 namespaced_resources_deleter.go:164] "Unable to get all supported resources from server" err="unable to retrieve the complete list of server APIs: metrics.k8s.io/v1beta1: stale GroupVersion discovery: metrics.k8s.io/v1beta1"
Mar 11 18:11:23 control k3s[8739]: I0311 18:11:23.436291    8739 controller_descriptor.go:99] "Controller is disabled by a feature gate" controller="podcertificaterequest-cleaner-controller" requiredFeatureGates=["PodCertificateRequest"]
Mar 11 18:11:23 control k3s[8739]: I0311 18:11:23.436301    8739 controllermanager.go:579] "Warning: skipping controller" controller="podcertificaterequest-cleaner-controller"
Mar 11 18:11:23 control k3s[8739]: I0311 18:11:23.436306    8739 controllermanager.go:627] "Warning: controller is disabled" controller="service-lb-controller"
Mar 11 18:11:23 control k3s[8739]: I0311 18:11:23.584101    8739 controller_descriptor.go:99] "Controller is disabled by a feature gate" controller="storageversion-garbage-collector-controller" requiredFeatureGates=["APIServerIdentity","StorageVersionAPI"]
Mar 11 18:11:23 control k3s[8739]: I0311 18:11:23.584148    8739 controllermanager.go:579] "Warning: skipping controller" controller="storageversion-garbage-collector-controller"
Mar 11 18:11:23 control k3s[8739]: I0311 18:11:23.584157    8739 controller_descriptor.go:99] "Controller is disabled by a feature gate" controller="device-taint-eviction-controller" requiredFeatureGates=["DynamicResourceAllocation","DRADeviceTaints"]
Mar 11 18:11:23 control k3s[8739]: I0311 18:11:23.584161    8739 controllermanager.go:579] "Warning: skipping controller" controller="device-taint-eviction-controller"
Mar 11 18:11:24 control k3s[8739]: I0311 18:11:24.190458    8739 replica_set.go:241] "Starting controller" name="replicaset"
Mar 11 18:11:24 control k3s[8739]: I0311 18:11:24.190499    8739 shared_informer.go:370] "Waiting for caches to sync"
Mar 11 18:11:24 control k3s[8739]: I0311 18:11:24.192768    8739 controller.go:174] "Starting ephemeral volume controller"
Mar 11 18:11:24 control k3s[8739]: I0311 18:11:24.192792    8739 shared_informer.go:370] "Waiting for caches to sync"
Mar 11 18:11:24 control k3s[8739]: I0311 18:11:24.192812    8739 shared_informer.go:370] "Waiting for caches to sync"
Mar 11 18:11:24 control k3s[8739]: I0311 18:11:24.192826    8739 certificate_controller.go:120] "Starting certificate controller" name="csrapproving"
Mar 11 18:11:24 control k3s[8739]: I0311 18:11:24.192831    8739 shared_informer.go:370] "Waiting for caches to sync"
Mar 11 18:11:24 control k3s[8739]: I0311 18:11:24.192842    8739 clusterroleaggregation_controller.go:194] "Starting ClusterRoleAggregator controller"
Mar 11 18:11:24 control k3s[8739]: I0311 18:11:24.192847    8739 shared_informer.go:370] "Waiting for caches to sync"
Mar 11 18:11:24 control k3s[8739]: I0311 18:11:24.192857    8739 ttlafterfinished_controller.go:112] "Starting TTL after finished controller"
Mar 11 18:11:24 control k3s[8739]: I0311 18:11:24.192862    8739 shared_informer.go:370] "Waiting for caches to sync"
Mar 11 18:11:24 control k3s[8739]: I0311 18:11:24.192874    8739 shared_informer.go:370] "Waiting for caches to sync"
Mar 11 18:11:24 control k3s[8739]: I0311 18:11:24.192911    8739 servicecidrs_controller.go:136] "Starting" controller="service-cidr-controller"
Mar 11 18:11:24 control k3s[8739]: I0311 18:11:24.192916    8739 shared_informer.go:370] "Waiting for caches to sync"
Mar 11 18:11:24 control k3s[8739]: I0311 18:11:24.192942    8739 endpoints_controller.go:193] "Starting endpoint controller"
Mar 11 18:11:24 control k3s[8739]: I0311 18:11:24.192946    8739 shared_informer.go:370] "Waiting for caches to sync"
Mar 11 18:11:24 control k3s[8739]: I0311 18:11:24.193002    8739 stateful_set.go:180] "Starting stateful set controller"
Mar 11 18:11:24 control k3s[8739]: I0311 18:11:24.193007    8739 shared_informer.go:370] "Waiting for caches to sync"
Mar 11 18:11:24 control k3s[8739]: I0311 18:11:24.193039    8739 cronjob_controllerv2.go:143] "Starting cronjob controller v2"
Mar 11 18:11:24 control k3s[8739]: I0311 18:11:24.193045    8739 shared_informer.go:370] "Waiting for caches to sync"
Mar 11 18:11:24 control k3s[8739]: I0311 18:11:24.193058    8739 cleaner.go:83] "Starting CSR cleaner controller"
Mar 11 18:11:24 control k3s[8739]: I0311 18:11:24.193085    8739 taint_eviction.go:283] "Starting" controller="taint-eviction-controller"
Mar 11 18:11:24 control k3s[8739]: I0311 18:11:24.193100    8739 taint_eviction.go:288] "Sending events to API server"
Mar 11 18:11:24 control k3s[8739]: I0311 18:11:24.193104    8739 shared_informer.go:370] "Waiting for caches to sync"
Mar 11 18:11:24 control k3s[8739]: I0311 18:11:24.193117    8739 gc_controller.go:98] "Starting GC controller"
Mar 11 18:11:24 control k3s[8739]: I0311 18:11:24.193120    8739 shared_informer.go:370] "Waiting for caches to sync"
Mar 11 18:11:24 control k3s[8739]: I0311 18:11:24.193136    8739 serviceaccounts_controller.go:117] "Starting service account controller"
Mar 11 18:11:24 control k3s[8739]: I0311 18:11:24.193140    8739 shared_informer.go:370] "Waiting for caches to sync"
Mar 11 18:11:24 control k3s[8739]: I0311 18:11:24.193152    8739 pvc_protection_controller.go:166] "Starting PVC protection controller"
Mar 11 18:11:24 control k3s[8739]: I0311 18:11:24.193156    8739 shared_informer.go:370] "Waiting for caches to sync"
Mar 11 18:11:24 control k3s[8739]: I0311 18:11:24.193177    8739 publisher.go:107] "Starting root CA cert publisher controller"
Mar 11 18:11:24 control k3s[8739]: I0311 18:11:24.193183    8739 shared_informer.go:370] "Waiting for caches to sync"
Mar 11 18:11:24 control k3s[8739]: I0311 18:11:24.193204    8739 horizontal.go:204] "Starting HPA controller"
Mar 11 18:11:24 control k3s[8739]: I0311 18:11:24.193210    8739 shared_informer.go:370] "Waiting for caches to sync"
Mar 11 18:11:24 control k3s[8739]: I0311 18:11:24.193221    8739 ttl_controller.go:127] "Starting TTL controller"
Mar 11 18:11:24 control k3s[8739]: I0311 18:11:24.193225    8739 shared_informer.go:370] "Waiting for caches to sync"
Mar 11 18:11:24 control k3s[8739]: I0311 18:11:24.193282    8739 node_ipam_controller.go:142] "Starting ipam controller"
Mar 11 18:11:24 control k3s[8739]: I0311 18:11:24.193288    8739 shared_informer.go:370] "Waiting for caches to sync"
Mar 11 18:11:24 control k3s[8739]: I0311 18:11:24.193443    8739 controller.go:423] "Starting resource claim controller"
Mar 11 18:11:24 control k3s[8739]: I0311 18:11:24.193466    8739 shared_informer.go:370] "Waiting for caches to sync"
Mar 11 18:11:24 control k3s[8739]: I0311 18:11:24.193620    8739 disruption.go:458] "Sending events to api server."
Mar 11 18:11:24 control k3s[8739]: I0311 18:11:24.193646    8739 disruption.go:465] "Starting disruption controller"
Mar 11 18:11:24 control k3s[8739]: I0311 18:11:24.193653    8739 shared_informer.go:370] "Waiting for caches to sync"
Mar 11 18:11:24 control k3s[8739]: I0311 18:11:24.193682    8739 certificate_controller.go:120] "Starting certificate controller" name="csrsigning-legacy-unknown"
Mar 11 18:11:24 control k3s[8739]: I0311 18:11:24.193690    8739 shared_informer.go:370] "Waiting for caches to sync"
Mar 11 18:11:24 control k3s[8739]: I0311 18:11:24.193721    8739 node_lifecycle_controller.go:453] "Sending events to api server"
Mar 11 18:11:24 control k3s[8739]: I0311 18:11:24.193736    8739 node_lifecycle_controller.go:460] "Starting node controller"
Mar 11 18:11:24 control k3s[8739]: I0311 18:11:24.193742    8739 shared_informer.go:370] "Waiting for caches to sync"
Mar 11 18:11:24 control k3s[8739]: I0311 18:11:24.193761    8739 expand_controller.go:328] "Starting expand controller"
Mar 11 18:11:24 control k3s[8739]: I0311 18:11:24.193766    8739 shared_informer.go:370] "Waiting for caches to sync"
Mar 11 18:11:24 control k3s[8739]: I0311 18:11:24.193785    8739 pv_protection_controller.go:81] "Starting PV protection controller"
Mar 11 18:11:24 control k3s[8739]: I0311 18:11:24.193791    8739 shared_informer.go:370] "Waiting for caches to sync"
Mar 11 18:11:24 control k3s[8739]: I0311 18:11:24.193814    8739 vac_protection_controller.go:206] "Starting VAC protection controller"
Mar 11 18:11:24 control k3s[8739]: I0311 18:11:24.193820    8739 shared_informer.go:370] "Waiting for caches to sync"
Mar 11 18:11:24 control k3s[8739]: I0311 18:11:24.193885    8739 garbagecollector.go:141] "Starting controller" controller="garbagecollector"
Mar 11 18:11:24 control k3s[8739]: I0311 18:11:24.193897    8739 shared_informer.go:370] "Waiting for caches to sync"
Mar 11 18:11:24 control k3s[8739]: I0311 18:11:24.193918    8739 certificate_controller.go:120] "Starting certificate controller" name="csrsigning-kubelet-serving"
Mar 11 18:11:24 control k3s[8739]: I0311 18:11:24.193924    8739 shared_informer.go:370] "Waiting for caches to sync"
Mar 11 18:11:24 control k3s[8739]: I0311 18:11:24.193940    8739 certificate_controller.go:120] "Starting certificate controller" name="csrsigning-kubelet-client"
Mar 11 18:11:24 control k3s[8739]: I0311 18:11:24.193947    8739 shared_informer.go:370] "Waiting for caches to sync"
Mar 11 18:11:24 control k3s[8739]: I0311 18:11:24.193965    8739 certificate_controller.go:120] "Starting certificate controller" name="csrsigning-kube-apiserver-client"
Mar 11 18:11:24 control k3s[8739]: I0311 18:11:24.193973    8739 shared_informer.go:370] "Waiting for caches to sync"
Mar 11 18:11:24 control k3s[8739]: I0311 18:11:24.193992    8739 dynamic_serving_content.go:135] "Starting controller" name="csr-controller::/var/lib/rancher/k3s/server/tls/server-ca.nochain.crt::/var/lib/rancher/k3s/server/tls/server-ca.key"
Mar 11 18:11:24 control k3s[8739]: I0311 18:11:24.194076    8739 graph_builder.go:386] "Running" component="GraphBuilder"
Mar 11 18:11:24 control k3s[8739]: I0311 18:11:24.194090    8739 dynamic_serving_content.go:135] "Starting controller" name="csr-controller::/var/lib/rancher/k3s/server/tls/server-ca.nochain.crt::/var/lib/rancher/k3s/server/tls/server-ca.key"
Mar 11 18:11:24 control k3s[8739]: I0311 18:11:24.194124    8739 dynamic_serving_content.go:135] "Starting controller" name="csr-controller::/var/lib/rancher/k3s/server/tls/client-ca.nochain.crt::/var/lib/rancher/k3s/server/tls/client-ca.key"
Mar 11 18:11:24 control k3s[8739]: I0311 18:11:24.194193    8739 dynamic_serving_content.go:135] "Starting controller" name="csr-controller::/var/lib/rancher/k3s/server/tls/client-ca.nochain.crt::/var/lib/rancher/k3s/server/tls/client-ca.key"
Mar 11 18:11:24 control k3s[8739]: I0311 18:11:24.194643    8739 replica_set.go:241] "Starting controller" name="replicationcontroller"
Mar 11 18:11:24 control k3s[8739]: I0311 18:11:24.194650    8739 shared_informer.go:370] "Waiting for caches to sync"
Mar 11 18:11:24 control k3s[8739]: I0311 18:11:24.194679    8739 daemon_controller.go:309] "Starting daemon sets controller"
Mar 11 18:11:24 control k3s[8739]: I0311 18:11:24.194683    8739 shared_informer.go:370] "Waiting for caches to sync"
Mar 11 18:11:24 control k3s[8739]: I0311 18:11:24.194711    8739 job_controller.go:254] "Starting job controller"
Mar 11 18:11:24 control k3s[8739]: I0311 18:11:24.194715    8739 shared_informer.go:370] "Waiting for caches to sync"
Mar 11 18:11:24 control k3s[8739]: I0311 18:11:24.194729    8739 tokencleaner.go:117] "Starting token cleaner controller"
Mar 11 18:11:24 control k3s[8739]: I0311 18:11:24.194732    8739 shared_informer.go:370] "Waiting for caches to sync"
Mar 11 18:11:24 control k3s[8739]: I0311 18:11:24.194756    8739 pv_controller_base.go:307] "Starting persistent volume controller"
Mar 11 18:11:24 control k3s[8739]: I0311 18:11:24.194760    8739 shared_informer.go:370] "Waiting for caches to sync"
Mar 11 18:11:24 control k3s[8739]: I0311 18:11:24.194960    8739 namespace_controller.go:202] "Starting namespace controller"
Mar 11 18:11:24 control k3s[8739]: I0311 18:11:24.194967    8739 shared_informer.go:370] "Waiting for caches to sync"
Mar 11 18:11:24 control k3s[8739]: I0311 18:11:24.195001    8739 legacy_serviceaccount_token_cleaner.go:103] "Starting legacy service account token cleaner controller"
Mar 11 18:11:24 control k3s[8739]: I0311 18:11:24.195006    8739 shared_informer.go:370] "Waiting for caches to sync"
Mar 11 18:11:24 control k3s[8739]: I0311 18:11:24.195034    8739 endpointslicemirroring_controller.go:226] "Starting EndpointSliceMirroring controller"
Mar 11 18:11:24 control k3s[8739]: I0311 18:11:24.195039    8739 shared_informer.go:370] "Waiting for caches to sync"
Mar 11 18:11:24 control k3s[8739]: I0311 18:11:24.195065    8739 deployment_controller.go:172] "Starting controller" controller="deployment"
Mar 11 18:11:24 control k3s[8739]: I0311 18:11:24.195069    8739 shared_informer.go:370] "Waiting for caches to sync"
Mar 11 18:11:24 control k3s[8739]: I0311 18:11:24.195092    8739 resource_quota_controller.go:297] "Starting resource quota controller"
Mar 11 18:11:24 control k3s[8739]: I0311 18:11:24.195096    8739 shared_informer.go:370] "Waiting for caches to sync"
Mar 11 18:11:24 control k3s[8739]: I0311 18:11:24.195112    8739 attach_detach_controller.go:335] "Starting attach detach controller"
Mar 11 18:11:24 control k3s[8739]: I0311 18:11:24.195115    8739 shared_informer.go:370] "Waiting for caches to sync"
Mar 11 18:11:24 control k3s[8739]: I0311 18:11:24.195127    8739 resource_quota_monitor.go:309] "QuotaMonitor running"
Mar 11 18:11:24 control k3s[8739]: I0311 18:11:24.195341    8739 endpointslice_controller.go:283] "Starting endpoint slice controller"
Mar 11 18:11:24 control k3s[8739]: I0311 18:11:24.195349    8739 shared_informer.go:370] "Waiting for caches to sync"
Mar 11 18:11:24 control k3s[8739]: E0311 18:11:24.235464    8739 resource_quota_controller.go:460] "Error during resource discovery" err="unable to retrieve the complete list of server APIs: metrics.k8s.io/v1beta1: stale GroupVersion discovery: metrics.k8s.io/v1beta1"
Mar 11 18:11:24 control k3s[8739]: I0311 18:11:24.235791    8739 shared_informer.go:370] "Waiting for caches to sync"
Mar 11 18:11:24 control k3s[8739]: I0311 18:11:24.244575    8739 actual_state_of_world.go:541] "Failed to update statusUpdateNeeded field in actual state of world" err="Failed to set statusUpdateNeeded to needed true, because nodeName=\"control\" does not exist"
Mar 11 18:11:24 control k3s[8739]: I0311 18:11:24.290819    8739 shared_informer.go:377] "Caches are synced"
Mar 11 18:11:24 control k3s[8739]: I0311 18:11:24.291758    8739 garbagecollector.go:792] "failed to discover some groups" groups="map[\"metrics.k8s.io/v1beta1\":\"stale GroupVersion discovery: metrics.k8s.io/v1beta1\"]"
Mar 11 18:11:24 control k3s[8739]: I0311 18:11:24.292813    8739 shared_informer.go:377] "Caches are synced"
Mar 11 18:11:24 control k3s[8739]: I0311 18:11:24.292943    8739 shared_informer.go:377] "Caches are synced"
Mar 11 18:11:24 control k3s[8739]: I0311 18:11:24.293025    8739 shared_informer.go:377] "Caches are synced"
Mar 11 18:11:24 control k3s[8739]: I0311 18:11:24.293107    8739 shared_informer.go:377] "Caches are synced"
Mar 11 18:11:24 control k3s[8739]: I0311 18:11:24.293179    8739 shared_informer.go:377] "Caches are synced"
Mar 11 18:11:24 control k3s[8739]: I0311 18:11:24.293204    8739 shared_informer.go:377] "Caches are synced"
Mar 11 18:11:24 control k3s[8739]: I0311 18:11:24.293058    8739 shared_informer.go:377] "Caches are synced"
Mar 11 18:11:24 control k3s[8739]: I0311 18:11:24.293182    8739 shared_informer.go:377] "Caches are synced"
Mar 11 18:11:24 control k3s[8739]: I0311 18:11:24.293051    8739 shared_informer.go:377] "Caches are synced"
Mar 11 18:11:24 control k3s[8739]: I0311 18:11:24.293035    8739 shared_informer.go:377] "Caches are synced"
Mar 11 18:11:24 control k3s[8739]: I0311 18:11:24.293419    8739 shared_informer.go:377] "Caches are synced"
Mar 11 18:11:24 control k3s[8739]: I0311 18:11:24.293498    8739 shared_informer.go:377] "Caches are synced"
Mar 11 18:11:24 control k3s[8739]: I0311 18:11:24.293636    8739 shared_informer.go:377] "Caches are synced"
Mar 11 18:11:24 control k3s[8739]: I0311 18:11:24.293739    8739 shared_informer.go:377] "Caches are synced"
Mar 11 18:11:24 control k3s[8739]: I0311 18:11:24.293820    8739 shared_informer.go:377] "Caches are synced"
Mar 11 18:11:24 control k3s[8739]: I0311 18:11:24.293896    8739 shared_informer.go:377] "Caches are synced"
Mar 11 18:11:24 control k3s[8739]: I0311 18:11:24.293968    8739 shared_informer.go:377] "Caches are synced"
Mar 11 18:11:24 control k3s[8739]: I0311 18:11:24.294043    8739 shared_informer.go:377] "Caches are synced"
Mar 11 18:11:24 control k3s[8739]: I0311 18:11:24.293862    8739 shared_informer.go:377] "Caches are synced"
Mar 11 18:11:24 control k3s[8739]: I0311 18:11:24.293867    8739 shared_informer.go:377] "Caches are synced"
Mar 11 18:11:24 control k3s[8739]: I0311 18:11:24.293873    8739 shared_informer.go:377] "Caches are synced"
Mar 11 18:11:24 control k3s[8739]: I0311 18:11:24.293886    8739 range_allocator.go:177] "Sending events to api server"
Mar 11 18:11:24 control k3s[8739]: I0311 18:11:24.294409    8739 range_allocator.go:181] "Starting range CIDR allocator"
Mar 11 18:11:24 control k3s[8739]: I0311 18:11:24.294481    8739 shared_informer.go:370] "Waiting for caches to sync"
Mar 11 18:11:24 control k3s[8739]: I0311 18:11:24.294548    8739 shared_informer.go:377] "Caches are synced"
Mar 11 18:11:24 control k3s[8739]: I0311 18:11:24.294750    8739 shared_informer.go:377] "Caches are synced"
Mar 11 18:11:24 control k3s[8739]: I0311 18:11:24.294840    8739 shared_informer.go:377] "Caches are synced"
Mar 11 18:11:24 control k3s[8739]: I0311 18:11:24.294987    8739 shared_informer.go:377] "Caches are synced"
Mar 11 18:11:24 control k3s[8739]: I0311 18:11:24.295080    8739 shared_informer.go:377] "Caches are synced"
Mar 11 18:11:24 control k3s[8739]: I0311 18:11:24.295156    8739 shared_informer.go:377] "Caches are synced"
Mar 11 18:11:24 control k3s[8739]: I0311 18:11:24.294086    8739 shared_informer.go:377] "Caches are synced"
Mar 11 18:11:24 control k3s[8739]: I0311 18:11:24.295503    8739 shared_informer.go:377] "Caches are synced"
Mar 11 18:11:24 control k3s[8739]: I0311 18:11:24.295597    8739 shared_informer.go:377] "Caches are synced"
Mar 11 18:11:24 control k3s[8739]: I0311 18:11:24.295709    8739 shared_informer.go:377] "Caches are synced"
Mar 11 18:11:24 control k3s[8739]: I0311 18:11:24.293845    8739 shared_informer.go:377] "Caches are synced"
Mar 11 18:11:24 control k3s[8739]: I0311 18:11:24.293857    8739 shared_informer.go:377] "Caches are synced"
Mar 11 18:11:24 control k3s[8739]: I0311 18:11:24.294099    8739 shared_informer.go:377] "Caches are synced"
Mar 11 18:11:24 control k3s[8739]: I0311 18:11:24.296115    8739 shared_informer.go:377] "Caches are synced"
Mar 11 18:11:24 control k3s[8739]: I0311 18:11:24.296247    8739 shared_informer.go:377] "Caches are synced"
Mar 11 18:11:24 control k3s[8739]: I0311 18:11:24.294060    8739 shared_informer.go:377] "Caches are synced"
Mar 11 18:11:24 control k3s[8739]: I0311 18:11:24.297049    8739 shared_informer.go:377] "Caches are synced"
Mar 11 18:11:24 control k3s[8739]: I0311 18:11:24.293852    8739 shared_informer.go:377] "Caches are synced"
Mar 11 18:11:24 control k3s[8739]: I0311 18:11:24.294080    8739 shared_informer.go:377] "Caches are synced"
Mar 11 18:11:24 control k3s[8739]: I0311 18:11:24.297445    8739 node_lifecycle_controller.go:1234] "Initializing eviction metric for zone" zone=""
Mar 11 18:11:24 control k3s[8739]: I0311 18:11:24.297556    8739 node_lifecycle_controller.go:886] "Missing timestamp for Node. Assuming now as a timestamp" node="control"
Mar 11 18:11:24 control k3s[8739]: I0311 18:11:24.297694    8739 node_lifecycle_controller.go:1080] "Controller detected that zone is now in new state" zone="" newState="Normal"
Mar 11 18:11:24 control k3s[8739]: I0311 18:11:24.295612    8739 shared_informer.go:377] "Caches are synced"
Mar 11 18:11:24 control k3s[8739]: I0311 18:11:24.297629    8739 shared_informer.go:370] "Waiting for caches to sync"
Mar 11 18:11:24 control k3s[8739]: time="2026-03-11T18:11:24Z" level=info msg="Flannel found PodCIDR assigned for node control"
Mar 11 18:11:24 control k3s[8739]: I0311 18:11:24.316366    8739 range_allocator.go:433] "Set node PodCIDR" node="control" podCIDRs=["10.42.0.0/24"]
Mar 11 18:11:24 control k3s[8739]: time="2026-03-11T18:11:24Z" level=info msg="The interface eth0 with ipv4 address 192.168.56.10 will be used by flannel"
Mar 11 18:11:24 control k3s[8739]: I0311 18:11:24.317245    8739 kube.go:139] Waiting 10m0s for node controller to sync
Mar 11 18:11:24 control k3s[8739]: I0311 18:11:24.317749    8739 kube.go:537] Starting kube subnet manager
Mar 11 18:11:24 control k3s[8739]: I0311 18:11:24.336664    8739 shared_informer.go:377] "Caches are synced"
Mar 11 18:11:24 control k3s[8739]: I0311 18:11:24.538871    8739 event.go:389] "Event occurred" object="control" fieldPath="" kind="Node" apiVersion="" type="Normal" reason="NodePasswordValidationComplete" message="Deferred node password secret validation complete"
Mar 11 18:11:24 control k3s[8739]: I0311 18:11:24.837254    8739 cidrallocator.go:278] updated ClusterIP allocator for Service CIDR 10.43.0.0/16
Mar 11 18:11:24 control k3s[8739]: I0311 18:11:24.839845    8739 cidrallocator.go:278] updated ClusterIP allocator for Service CIDR 10.43.0.0/16
Mar 11 18:11:24 control k3s[8739]: time="2026-03-11T18:11:24Z" level=info msg="Adding node OwnerReference to node-password secret control.node-password.k3s"
Mar 11 18:11:25 control k3s[8739]: I0311 18:11:25.087204    8739 controller.go:667] quota admission added evaluator for: replicasets.apps
Mar 11 18:11:25 control k3s[8739]: I0311 18:11:25.217593    8739 event.go:389] "Event occurred" object="kube-system/traefik-crd" fieldPath="" kind="HelmChart" apiVersion="helm.cattle.io/v1" type="Normal" reason="ApplyJob" message="Applying HelmChart using Job kube-system/helm-install-traefik-crd"
Mar 11 18:11:25 control k3s[8739]: I0311 18:11:25.223440    8739 event.go:389] "Event occurred" object="kube-system/traefik" fieldPath="" kind="HelmChart" apiVersion="helm.cattle.io/v1" type="Normal" reason="ApplyJob" message="Applying HelmChart using Job kube-system/helm-install-traefik"
Mar 11 18:11:25 control k3s[8739]: I0311 18:11:25.317340    8739 kube.go:163] Node controller sync successful
Mar 11 18:11:25 control k3s[8739]: I0311 18:11:25.317488    8739 vxlan.go:128] VXLAN config: VNI=1 Port=0 GBP=false Learning=false DirectRouting=false
Mar 11 18:11:25 control k3s[8739]: W0311 18:11:25.318061    8739 handler_proxy.go:99] no RequestInfo found in the context
Mar 11 18:11:25 control k3s[8739]: E0311 18:11:25.318243    8739 controller.go:146] "Unhandled Error" err=<
Mar 11 18:11:25 control k3s[8739]:         Error updating APIService "v1beta1.metrics.k8s.io" with err: failed to download v1beta1.metrics.k8s.io: failed to retrieve openAPI spec, http error: ResponseCode: 503, Body: service unavailable
Mar 11 18:11:25 control k3s[8739]:         , Header: map[Content-Type:[text/plain; charset=utf-8] X-Content-Type-Options:[nosniff]]
Mar 11 18:11:25 control k3s[8739]:  >
Mar 11 18:11:25 control k3s[8739]: E0311 18:11:25.318338    8739 handler_proxy.go:143] error resolving kube-system/metrics-server: no endpoints available for service "metrics-server"
Mar 11 18:11:25 control k3s[8739]: I0311 18:11:25.333168    8739 kube.go:704] List of node(control) annotations: map[string]string{"alpha.kubernetes.io/provided-node-ip":"192.168.56.10", "k3s.io/hostname":"control", "k3s.io/internal-ip":"192.168.56.10", "k3s.io/node-args":"[\"server\",\"--node-ip\",\"192.168.56.10\",\"--advertise-address\",\"192.168.56.10\",\"--tls-san\",\"192.168.56.10\",\"--flannel-iface\",\"eth0\",\"--write-kubeconfig-mode\",\"644\"]", "k3s.io/node-config-hash":"4YYWB7RHZUTOUERWAQTCBIM7BT3BS4GRSBGXECAITYQCLHWAGQLA====", "k3s.io/node-env":"{\"K3S_KUBECONFIG_MODE\":\"644\"}", "node.alpha.kubernetes.io/ttl":"0", "volumes.kubernetes.io/controller-managed-attach-detach":"true"}
Mar 11 18:11:25 control k3s[8739]: I0311 18:11:25.394107    8739 shared_informer.go:377] "Caches are synced"
Mar 11 18:11:25 control k3s[8739]: I0311 18:11:25.394454    8739 garbagecollector.go:166] "Garbage collector: all resource monitors have synced"
Mar 11 18:11:25 control k3s[8739]: I0311 18:11:25.394661    8739 garbagecollector.go:169] "Proceeding to collect garbage"
Mar 11 18:11:25 control k3s[8739]: I0311 18:11:25.399890    8739 shared_informer.go:377] "Caches are synced"
Mar 11 18:11:25 control k3s[8739]: I0311 18:11:25.402522    8739 kube.go:558] Creating the node lease for IPv4. This is the n.Spec.PodCIDRs: [10.42.0.0/24]
Mar 11 18:11:25 control k3s[8739]: I0311 18:11:25.412834    8739 iptables.go:50] Starting flannel in iptables mode...
Mar 11 18:11:25 control k3s[8739]: time="2026-03-11T18:11:25Z" level=warning msg="no subnet found for key: FLANNEL_NETWORK in file: /run/flannel/subnet.env"
Mar 11 18:11:25 control k3s[8739]: time="2026-03-11T18:11:25Z" level=warning msg="no subnet found for key: FLANNEL_SUBNET in file: /run/flannel/subnet.env"
Mar 11 18:11:25 control k3s[8739]: time="2026-03-11T18:11:25Z" level=warning msg="no subnet found for key: FLANNEL_IPV6_NETWORK in file: /run/flannel/subnet.env"
Mar 11 18:11:25 control k3s[8739]: time="2026-03-11T18:11:25Z" level=warning msg="no subnet found for key: FLANNEL_IPV6_SUBNET in file: /run/flannel/subnet.env"
Mar 11 18:11:25 control k3s[8739]: I0311 18:11:25.412986    8739 iptables.go:101] Current network or subnet (10.42.0.0/16, 10.42.0.0/24) is not equal to previous one (0.0.0.0/0, 0.0.0.0/0), trying to recycle old iptables rules
Mar 11 18:11:25 control k3s[8739]: I0311 18:11:25.448068    8739 iptables.go:111] Setting up masking rules
Mar 11 18:11:25 control k3s[8739]: I0311 18:11:25.452520    8739 iptables.go:212] Changing default FORWARD chain policy to ACCEPT
Mar 11 18:11:25 control k3s[8739]: time="2026-03-11T18:11:25Z" level=info msg="Wrote flannel subnet file to /run/flannel/subnet.env"
Mar 11 18:11:25 control k3s[8739]: time="2026-03-11T18:11:25Z" level=info msg="Running flannel backend."
Mar 11 18:11:25 control k3s[8739]: I0311 18:11:25.474041    8739 vxlan_network.go:68] watching for new subnet leases
Mar 11 18:11:25 control k3s[8739]: I0311 18:11:25.474061    8739 vxlan_network.go:115] starting vxlan device watcher
Mar 11 18:11:25 control k3s[8739]: I0311 18:11:25.547227    8739 iptables.go:358] bootstrap done
Mar 11 18:11:25 control k3s[8739]: I0311 18:11:25.554911    8739 reconciler_common.go:251] "operationExecutor.VerifyControllerAttachedVolume started for volume \"kube-api-access-2kn7x\" (UniqueName: \"kubernetes.io/projected/84b1206d-1e61-49f4-89c4-5b4aada447d9-kube-api-access-2kn7x\") pod \"coredns-7566b5ff58-v5sw4\" (UID: \"84b1206d-1e61-49f4-89c4-5b4aada447d9\") " pod="kube-system/coredns-7566b5ff58-v5sw4"
Mar 11 18:11:25 control k3s[8739]: I0311 18:11:25.555015    8739 reconciler_common.go:251] "operationExecutor.VerifyControllerAttachedVolume started for volume \"tmp-dir\" (UniqueName: \"kubernetes.io/empty-dir/130647e9-e974-4a52-ae0b-ddb1db13e7a9-tmp-dir\") pod \"metrics-server-786d997795-262dp\" (UID: \"130647e9-e974-4a52-ae0b-ddb1db13e7a9\") " pod="kube-system/metrics-server-786d997795-262dp"
Mar 11 18:11:25 control k3s[8739]: I0311 18:11:25.555039    8739 reconciler_common.go:251] "operationExecutor.VerifyControllerAttachedVolume started for volume \"kube-api-access-9cdk9\" (UniqueName: \"kubernetes.io/projected/130647e9-e974-4a52-ae0b-ddb1db13e7a9-kube-api-access-9cdk9\") pod \"metrics-server-786d997795-262dp\" (UID: \"130647e9-e974-4a52-ae0b-ddb1db13e7a9\") " pod="kube-system/metrics-server-786d997795-262dp"
Mar 11 18:11:25 control k3s[8739]: I0311 18:11:25.555058    8739 reconciler_common.go:251] "operationExecutor.VerifyControllerAttachedVolume started for volume \"config-volume\" (UniqueName: \"kubernetes.io/configmap/3e7cce14-d6ac-4733-aef2-520c7c46567d-config-volume\") pod \"local-path-provisioner-6bc6568469-lmrhv\" (UID: \"3e7cce14-d6ac-4733-aef2-520c7c46567d\") " pod="kube-system/local-path-provisioner-6bc6568469-lmrhv"
Mar 11 18:11:25 control k3s[8739]: I0311 18:11:25.555078    8739 reconciler_common.go:251] "operationExecutor.VerifyControllerAttachedVolume started for volume \"kube-api-access-dx5vg\" (UniqueName: \"kubernetes.io/projected/3e7cce14-d6ac-4733-aef2-520c7c46567d-kube-api-access-dx5vg\") pod \"local-path-provisioner-6bc6568469-lmrhv\" (UID: \"3e7cce14-d6ac-4733-aef2-520c7c46567d\") " pod="kube-system/local-path-provisioner-6bc6568469-lmrhv"
Mar 11 18:11:25 control k3s[8739]: I0311 18:11:25.555096    8739 reconciler_common.go:251] "operationExecutor.VerifyControllerAttachedVolume started for volume \"config-volume\" (UniqueName: \"kubernetes.io/configmap/84b1206d-1e61-49f4-89c4-5b4aada447d9-config-volume\") pod \"coredns-7566b5ff58-v5sw4\" (UID: \"84b1206d-1e61-49f4-89c4-5b4aada447d9\") " pod="kube-system/coredns-7566b5ff58-v5sw4"
Mar 11 18:11:25 control k3s[8739]: I0311 18:11:25.555112    8739 reconciler_common.go:251] "operationExecutor.VerifyControllerAttachedVolume started for volume \"custom-config-volume\" (UniqueName: \"kubernetes.io/configmap/84b1206d-1e61-49f4-89c4-5b4aada447d9-custom-config-volume\") pod \"coredns-7566b5ff58-v5sw4\" (UID: \"84b1206d-1e61-49f4-89c4-5b4aada447d9\") " pod="kube-system/coredns-7566b5ff58-v5sw4"
Mar 11 18:11:25 control k3s[8739]: I0311 18:11:25.571934    8739 iptables.go:358] bootstrap done
Mar 11 18:11:25 control k3s[8739]: time="2026-03-11T18:11:25Z" level=info msg="Started tunnel to 192.168.56.10:6443"
Mar 11 18:11:25 control k3s[8739]: time="2026-03-11T18:11:25Z" level=info msg="Stopped tunnel to 127.0.0.1:6443"
Mar 11 18:11:25 control k3s[8739]: time="2026-03-11T18:11:25Z" level=info msg="Connecting to proxy" url="wss://192.168.56.10:6443/v1-k3s/connect"
Mar 11 18:11:25 control k3s[8739]: time="2026-03-11T18:11:25Z" level=info msg="Proxy done" err="context canceled" url="wss://127.0.0.1:6443/v1-k3s/connect"
Mar 11 18:11:25 control k3s[8739]: time="2026-03-11T18:11:25Z" level=info msg="error in remotedialer server [400]: websocket: close 1006 (abnormal closure): unexpected EOF"
Mar 11 18:11:25 control k3s[8739]: time="2026-03-11T18:11:25Z" level=info msg="Handling backend connection request [control]"
Mar 11 18:11:25 control k3s[8739]: time="2026-03-11T18:11:25Z" level=info msg="Connected to proxy" url="wss://192.168.56.10:6443/v1-k3s/connect"
Mar 11 18:11:25 control k3s[8739]: time="2026-03-11T18:11:25Z" level=info msg="Remotedialer connected to proxy" url="wss://192.168.56.10:6443/v1-k3s/connect"
Mar 11 18:11:25 control k3s[8739]: I0311 18:11:25.664121    8739 swap_util.go:78] "error creating dir to test if tmpfs noswap is enabled. Assuming not supported" mount path="" error="stat /var/lib/kubelet/plugins/kubernetes.io/empty-dir: no such file or directory"
Mar 11 18:11:25 control k3s[8739]: E0311 18:11:25.874592    8739 dns.go:154] "Nameserver limits exceeded" err="Nameserver limits were exceeded, some nameservers have been omitted, the applied nameserver line is: 4.2.2.1 4.2.2.2 208.67.220.220"
Mar 11 18:11:26 control k3s[8739]: W0311 18:11:26.318677    8739 handler_proxy.go:99] no RequestInfo found in the context
Mar 11 18:11:26 control k3s[8739]: E0311 18:11:26.318738    8739 controller.go:113] "Unhandled Error" err="loading OpenAPI spec for \"v1beta1.metrics.k8s.io\" failed with: Error, could not get list of group versions for APIService"
Mar 11 18:11:26 control k3s[8739]: I0311 18:11:26.318755    8739 controller.go:126] OpenAPI AggregationController: action for item v1beta1.metrics.k8s.io: Rate Limited Requeue.
Mar 11 18:11:26 control k3s[8739]: W0311 18:11:26.318799    8739 handler_proxy.go:99] no RequestInfo found in the context
Mar 11 18:11:26 control k3s[8739]: E0311 18:11:26.318868    8739 controller.go:102] "Unhandled Error" err=<
Mar 11 18:11:26 control k3s[8739]:         loading OpenAPI spec for "v1beta1.metrics.k8s.io" failed with: failed to download v1beta1.metrics.k8s.io: failed to retrieve openAPI spec, http error: ResponseCode: 503, Body: service unavailable
Mar 11 18:11:26 control k3s[8739]:         , Header: map[Content-Type:[text/plain; charset=utf-8] X-Content-Type-Options:[nosniff]]
Mar 11 18:11:26 control k3s[8739]:  >
Mar 11 18:11:26 control k3s[8739]: I0311 18:11:26.320400    8739 controller.go:109] OpenAPI AggregationController: action for item v1beta1.metrics.k8s.io: Rate Limited Requeue.
Mar 11 18:11:30 control k3s[8739]: I0311 18:11:30.010211    8739 kuberuntime_manager.go:2062] "Updating runtime config through cri with podcidr" CIDR="10.42.0.0/24"
Mar 11 18:11:30 control k3s[8739]: I0311 18:11:30.011013    8739 kubelet_network.go:47] "Updating Pod CIDR" originalPodCIDR="" newPodCIDR="10.42.0.0/24"
Mar 11 18:11:30 control k3s[8739]: time="2026-03-11T18:11:30Z" level=info msg="Starting network policy controller version v2.6.3-k3s1, built on 2026-02-12T23:46:55Z, go1.25.6"
Mar 11 18:11:30 control k3s[8739]: I0311 18:11:30.429821    8739 network_policy_controller.go:164] Starting network policy controller
Mar 11 18:11:30 control k3s[8739]: I0311 18:11:30.517962    8739 network_policy_controller.go:179] Starting network policy controller full sync goroutine
Mar 11 18:11:35 control k3s[8739]: E0311 18:11:35.086967    8739 dns.go:154] "Nameserver limits exceeded" err="Nameserver limits were exceeded, some nameservers have been omitted, the applied nameserver line is: 4.2.2.1 4.2.2.2 208.67.220.220"
