Mar 09 13:40:50 control k3s[1781]: time="2026-03-09T13:40:50Z" level=info msg="Starting helm.cattle.io/v1, Kind=HelmChart controller"
Mar 09 13:40:50 control k3s[1781]: I0309 13:40:50.363286    1781 event.go:389] "Event occurred" object="kube-system/traefik" fieldPath="" kind="HelmChart" apiVersion="helm.cattle.io/v1" type="Normal" reason="ApplyJob" message="Applying HelmChart using Job kube-system/helm-install-traefik"
Mar 09 13:40:50 control k3s[1781]: I0309 13:40:50.363461    1781 event.go:389] "Event occurred" object="kube-system/traefik-crd" fieldPath="" kind="HelmChart" apiVersion="helm.cattle.io/v1" type="Normal" reason="ApplyJob" message="Applying HelmChart using Job kube-system/helm-install-traefik-crd"
Mar 09 13:40:50 control k3s[1781]: I0309 13:40:50.379980    1781 controller.go:667] quota admission added evaluator for: jobs.batch
Mar 09 13:40:50 control k3s[1781]: I0309 13:40:50.403678    1781 event.go:389] "Event occurred" object="kube-system/traefik" fieldPath="" kind="HelmChart" apiVersion="helm.cattle.io/v1" type="Normal" reason="ApplyJob" message="Applying HelmChart using Job kube-system/helm-install-traefik"
Mar 09 13:40:50 control k3s[1781]: I0309 13:40:50.403892    1781 event.go:389] "Event occurred" object="kube-system/traefik-crd" fieldPath="" kind="HelmChart" apiVersion="helm.cattle.io/v1" type="Normal" reason="ApplyJob" message="Applying HelmChart using Job kube-system/helm-install-traefik-crd"
Mar 09 13:40:50 control k3s[1781]: I0309 13:40:50.424696    1781 event.go:389] "Event occurred" object="kube-system/traefik-crd" fieldPath="" kind="HelmChart" apiVersion="helm.cattle.io/v1" type="Normal" reason="ApplyJob" message="Applying HelmChart using Job kube-system/helm-install-traefik-crd"
Mar 09 13:40:50 control k3s[1781]: I0309 13:40:50.424729    1781 event.go:389] "Event occurred" object="kube-system/traefik" fieldPath="" kind="HelmChart" apiVersion="helm.cattle.io/v1" type="Normal" reason="ApplyJob" message="Applying HelmChart using Job kube-system/helm-install-traefik"
Mar 09 13:40:50 control k3s[1781]: time="2026-03-09T13:40:50Z" level=info msg="Tunnel authorizer set Kubelet Port 0.0.0.0:10250"
Mar 09 13:40:50 control k3s[1781]: W0309 13:40:50.698944    1781 handler_proxy.go:99] no RequestInfo found in the context
Mar 09 13:40:50 control k3s[1781]: E0309 13:40:50.699071    1781 controller.go:113] "Unhandled Error" err="loading OpenAPI spec for \"v1beta1.metrics.k8s.io\" failed with: Error, could not get list of group versions for APIService"
Mar 09 13:40:50 control k3s[1781]: I0309 13:40:50.699103    1781 controller.go:126] OpenAPI AggregationController: action for item v1beta1.metrics.k8s.io: Rate Limited Requeue.
Mar 09 13:40:50 control k3s[1781]: W0309 13:40:50.698993    1781 handler_proxy.go:99] no RequestInfo found in the context
Mar 09 13:40:50 control k3s[1781]: E0309 13:40:50.699203    1781 controller.go:102] "Unhandled Error" err=<
Mar 09 13:40:50 control k3s[1781]:         loading OpenAPI spec for "v1beta1.metrics.k8s.io" failed with: failed to download v1beta1.metrics.k8s.io: failed to retrieve openAPI spec, http error: ResponseCode: 503, Body: service unavailable
Mar 09 13:40:50 control k3s[1781]:         , Header: map[Content-Type:[text/plain; charset=utf-8] X-Content-Type-Options:[nosniff]]
Mar 09 13:40:50 control k3s[1781]:  >
Mar 09 13:40:50 control k3s[1781]: I0309 13:40:50.700414    1781 controller.go:109] OpenAPI AggregationController: action for item v1beta1.metrics.k8s.io: Rate Limited Requeue.
Mar 09 13:40:50 control k3s[1781]: I0309 13:40:50.889232    1781 controller_descriptor.go:99] "Controller is disabled by a feature gate" controller="kube-apiserver-serving-clustertrustbundle-publisher-controller" requiredFeatureGates=["ClusterTrustBundle"]
Mar 09 13:40:50 control k3s[1781]: I0309 13:40:50.889268    1781 controllermanager.go:579] "Warning: skipping controller" controller="kube-apiserver-serving-clustertrustbundle-publisher-controller"
Mar 09 13:40:51 control k3s[1781]: I0309 13:40:51.889085    1781 controller_descriptor.go:99] "Controller is disabled by a feature gate" controller="device-taint-eviction-controller" requiredFeatureGates=["DynamicResourceAllocation","DRADeviceTaints"]
Mar 09 13:40:51 control k3s[1781]: I0309 13:40:51.889101    1781 controllermanager.go:579] "Warning: skipping controller" controller="device-taint-eviction-controller"
Mar 09 13:40:51 control k3s[1781]: I0309 13:40:51.889106    1781 controllermanager.go:579] "Warning: skipping controller" controller="storage-version-migrator-controller"
Mar 09 13:40:51 control k3s[1781]: I0309 13:40:51.889110    1781 controllermanager.go:627] "Warning: controller is disabled" controller="selinux-warning-controller"
Mar 09 13:40:51 control k3s[1781]: I0309 13:40:51.889113    1781 controllermanager.go:627] "Warning: controller is disabled" controller="bootstrap-signer-controller"
Mar 09 13:40:52 control k3s[1781]: I0309 13:40:52.043514    1781 gc_controller.go:98] "Starting GC controller"
Mar 09 13:40:52 control k3s[1781]: I0309 13:40:52.043676    1781 shared_informer.go:370] "Waiting for caches to sync"
Mar 09 13:40:52 control k3s[1781]: I0309 13:40:52.043934    1781 shared_informer.go:370] "Waiting for caches to sync"
Mar 09 13:40:52 control k3s[1781]: I0309 13:40:52.044000    1781 disruption.go:458] "Sending events to api server."
Mar 09 13:40:52 control k3s[1781]: I0309 13:40:52.044063    1781 disruption.go:465] "Starting disruption controller"
Mar 09 13:40:52 control k3s[1781]: I0309 13:40:52.044108    1781 shared_informer.go:370] "Waiting for caches to sync"
Mar 09 13:40:52 control k3s[1781]: I0309 13:40:52.044165    1781 expand_controller.go:328] "Starting expand controller"
Mar 09 13:40:52 control k3s[1781]: I0309 13:40:52.044209    1781 shared_informer.go:370] "Waiting for caches to sync"
Mar 09 13:40:52 control k3s[1781]: I0309 13:40:52.044261    1781 controller.go:174] "Starting ephemeral volume controller"
Mar 09 13:40:52 control k3s[1781]: I0309 13:40:52.044305    1781 shared_informer.go:370] "Waiting for caches to sync"
Mar 09 13:40:52 control k3s[1781]: I0309 13:40:52.044358    1781 taint_eviction.go:283] "Starting" controller="taint-eviction-controller"
Mar 09 13:40:52 control k3s[1781]: I0309 13:40:52.044418    1781 taint_eviction.go:288] "Sending events to API server"
Mar 09 13:40:52 control k3s[1781]: I0309 13:40:52.044461    1781 shared_informer.go:370] "Waiting for caches to sync"
Mar 09 13:40:52 control k3s[1781]: I0309 13:40:52.044523    1781 endpoints_controller.go:193] "Starting endpoint controller"
Mar 09 13:40:52 control k3s[1781]: I0309 13:40:52.044586    1781 shared_informer.go:370] "Waiting for caches to sync"
Mar 09 13:40:52 control k3s[1781]: I0309 13:40:52.044755    1781 node_ipam_controller.go:142] "Starting ipam controller"
Mar 09 13:40:52 control k3s[1781]: I0309 13:40:52.044830    1781 shared_informer.go:370] "Waiting for caches to sync"
Mar 09 13:40:52 control k3s[1781]: I0309 13:40:52.044895    1781 node_lifecycle_controller.go:453] "Sending events to api server"
Mar 09 13:40:52 control k3s[1781]: I0309 13:40:52.044945    1781 node_lifecycle_controller.go:460] "Starting node controller"
Mar 09 13:40:52 control k3s[1781]: I0309 13:40:52.044989    1781 shared_informer.go:370] "Waiting for caches to sync"
Mar 09 13:40:52 control k3s[1781]: I0309 13:40:52.045044    1781 pvc_protection_controller.go:166] "Starting PVC protection controller"
Mar 09 13:40:52 control k3s[1781]: I0309 13:40:52.045086    1781 shared_informer.go:370] "Waiting for caches to sync"
Mar 09 13:40:52 control k3s[1781]: I0309 13:40:52.045144    1781 legacy_serviceaccount_token_cleaner.go:103] "Starting legacy service account token cleaner controller"
Mar 09 13:40:52 control k3s[1781]: I0309 13:40:52.045190    1781 shared_informer.go:370] "Waiting for caches to sync"
Mar 09 13:40:52 control k3s[1781]: I0309 13:40:52.045248    1781 namespace_controller.go:202] "Starting namespace controller"
Mar 09 13:40:52 control k3s[1781]: I0309 13:40:52.045292    1781 shared_informer.go:370] "Waiting for caches to sync"
Mar 09 13:40:52 control k3s[1781]: I0309 13:40:52.045410    1781 pv_controller_base.go:307] "Starting persistent volume controller"
Mar 09 13:40:52 control k3s[1781]: I0309 13:40:52.045460    1781 shared_informer.go:370] "Waiting for caches to sync"
Mar 09 13:40:52 control k3s[1781]: I0309 13:40:52.045530    1781 controller.go:423] "Starting resource claim controller"
Mar 09 13:40:52 control k3s[1781]: I0309 13:40:52.045573    1781 shared_informer.go:370] "Waiting for caches to sync"
Mar 09 13:40:52 control k3s[1781]: I0309 13:40:52.045624    1781 tokencleaner.go:117] "Starting token cleaner controller"
Mar 09 13:40:52 control k3s[1781]: I0309 13:40:52.045670    1781 shared_informer.go:370] "Waiting for caches to sync"
Mar 09 13:40:52 control k3s[1781]: I0309 13:40:52.045720    1781 clusterroleaggregation_controller.go:194] "Starting ClusterRoleAggregator controller"
Mar 09 13:40:52 control k3s[1781]: I0309 13:40:52.045761    1781 shared_informer.go:370] "Waiting for caches to sync"
Mar 09 13:40:52 control k3s[1781]: I0309 13:40:52.045822    1781 servicecidrs_controller.go:136] "Starting" controller="service-cidr-controller"
Mar 09 13:40:52 control k3s[1781]: I0309 13:40:52.045866    1781 shared_informer.go:370] "Waiting for caches to sync"
Mar 09 13:40:52 control k3s[1781]: I0309 13:40:52.045930    1781 deployment_controller.go:172] "Starting controller" controller="deployment"
Mar 09 13:40:52 control k3s[1781]: I0309 13:40:52.046087    1781 shared_informer.go:370] "Waiting for caches to sync"
Mar 09 13:40:52 control k3s[1781]: I0309 13:40:52.046159    1781 endpointslicemirroring_controller.go:226] "Starting EndpointSliceMirroring controller"
Mar 09 13:40:52 control k3s[1781]: I0309 13:40:52.046207    1781 shared_informer.go:370] "Waiting for caches to sync"
Mar 09 13:40:52 control k3s[1781]: I0309 13:40:52.046259    1781 serviceaccounts_controller.go:117] "Starting service account controller"
Mar 09 13:40:52 control k3s[1781]: I0309 13:40:52.046306    1781 shared_informer.go:370] "Waiting for caches to sync"
Mar 09 13:40:52 control k3s[1781]: I0309 13:40:52.046372    1781 daemon_controller.go:309] "Starting daemon sets controller"
Mar 09 13:40:52 control k3s[1781]: I0309 13:40:52.046419    1781 shared_informer.go:370] "Waiting for caches to sync"
Mar 09 13:40:52 control k3s[1781]: I0309 13:40:52.046483    1781 stateful_set.go:180] "Starting stateful set controller"
Mar 09 13:40:52 control k3s[1781]: I0309 13:40:52.046528    1781 shared_informer.go:370] "Waiting for caches to sync"
Mar 09 13:40:52 control k3s[1781]: I0309 13:40:52.046596    1781 certificate_controller.go:120] "Starting certificate controller" name="csrapproving"
Mar 09 13:40:52 control k3s[1781]: I0309 13:40:52.046658    1781 shared_informer.go:370] "Waiting for caches to sync"
Mar 09 13:40:52 control k3s[1781]: I0309 13:40:52.046712    1781 cleaner.go:83] "Starting CSR cleaner controller"
Mar 09 13:40:52 control k3s[1781]: I0309 13:40:52.046790    1781 replica_set.go:241] "Starting controller" name="replicationcontroller"
Mar 09 13:40:52 control k3s[1781]: I0309 13:40:52.046838    1781 shared_informer.go:370] "Waiting for caches to sync"
Mar 09 13:40:52 control k3s[1781]: I0309 13:40:52.046895    1781 certificate_controller.go:120] "Starting certificate controller" name="csrsigning-legacy-unknown"
Mar 09 13:40:52 control k3s[1781]: I0309 13:40:52.046938    1781 shared_informer.go:370] "Waiting for caches to sync"
Mar 09 13:40:52 control k3s[1781]: I0309 13:40:52.046997    1781 ttl_controller.go:127] "Starting TTL controller"
Mar 09 13:40:52 control k3s[1781]: I0309 13:40:52.047042    1781 shared_informer.go:370] "Waiting for caches to sync"
Mar 09 13:40:52 control k3s[1781]: I0309 13:40:52.047474    1781 publisher.go:107] "Starting root CA cert publisher controller"
Mar 09 13:40:52 control k3s[1781]: I0309 13:40:52.047553    1781 shared_informer.go:370] "Waiting for caches to sync"
Mar 09 13:40:52 control k3s[1781]: I0309 13:40:52.047633    1781 job_controller.go:254] "Starting job controller"
Mar 09 13:40:52 control k3s[1781]: I0309 13:40:52.047683    1781 shared_informer.go:370] "Waiting for caches to sync"
Mar 09 13:40:52 control k3s[1781]: I0309 13:40:52.047747    1781 cronjob_controllerv2.go:143] "Starting cronjob controller v2"
Mar 09 13:40:52 control k3s[1781]: I0309 13:40:52.047796    1781 shared_informer.go:370] "Waiting for caches to sync"
Mar 09 13:40:52 control k3s[1781]: I0309 13:40:52.047850    1781 vac_protection_controller.go:206] "Starting VAC protection controller"
Mar 09 13:40:52 control k3s[1781]: I0309 13:40:52.047895    1781 shared_informer.go:370] "Waiting for caches to sync"
Mar 09 13:40:52 control k3s[1781]: I0309 13:40:52.047947    1781 ttlafterfinished_controller.go:112] "Starting TTL after finished controller"
Mar 09 13:40:52 control k3s[1781]: I0309 13:40:52.047992    1781 shared_informer.go:370] "Waiting for caches to sync"
Mar 09 13:40:52 control k3s[1781]: I0309 13:40:52.048044    1781 shared_informer.go:370] "Waiting for caches to sync"
Mar 09 13:40:52 control k3s[1781]: I0309 13:40:52.048109    1781 endpointslice_controller.go:283] "Starting endpoint slice controller"
Mar 09 13:40:52 control k3s[1781]: I0309 13:40:52.048153    1781 shared_informer.go:370] "Waiting for caches to sync"
Mar 09 13:40:52 control k3s[1781]: I0309 13:40:52.048219    1781 replica_set.go:241] "Starting controller" name="replicaset"
Mar 09 13:40:52 control k3s[1781]: I0309 13:40:52.048266    1781 shared_informer.go:370] "Waiting for caches to sync"
Mar 09 13:40:52 control k3s[1781]: I0309 13:40:52.048328    1781 horizontal.go:204] "Starting HPA controller"
Mar 09 13:40:52 control k3s[1781]: I0309 13:40:52.048371    1781 shared_informer.go:370] "Waiting for caches to sync"
Mar 09 13:40:52 control k3s[1781]: I0309 13:40:52.048439    1781 attach_detach_controller.go:335] "Starting attach detach controller"
Mar 09 13:40:52 control k3s[1781]: I0309 13:40:52.048485    1781 shared_informer.go:370] "Waiting for caches to sync"
Mar 09 13:40:52 control k3s[1781]: I0309 13:40:52.048539    1781 pv_protection_controller.go:81] "Starting PV protection controller"
Mar 09 13:40:52 control k3s[1781]: I0309 13:40:52.048587    1781 shared_informer.go:370] "Waiting for caches to sync"
Mar 09 13:40:52 control k3s[1781]: I0309 13:40:52.048747    1781 resource_quota_controller.go:297] "Starting resource quota controller"
Mar 09 13:40:52 control k3s[1781]: I0309 13:40:52.048809    1781 shared_informer.go:370] "Waiting for caches to sync"
Mar 09 13:40:52 control k3s[1781]: I0309 13:40:52.048895    1781 garbagecollector.go:141] "Starting controller" controller="garbagecollector"
Mar 09 13:40:52 control k3s[1781]: I0309 13:40:52.048947    1781 shared_informer.go:370] "Waiting for caches to sync"
Mar 09 13:40:52 control k3s[1781]: I0309 13:40:52.049022    1781 certificate_controller.go:120] "Starting certificate controller" name="csrsigning-kubelet-serving"
Mar 09 13:40:52 control k3s[1781]: I0309 13:40:52.049072    1781 shared_informer.go:370] "Waiting for caches to sync"
Mar 09 13:40:52 control k3s[1781]: I0309 13:40:52.049160    1781 certificate_controller.go:120] "Starting certificate controller" name="csrsigning-kubelet-client"
Mar 09 13:40:52 control k3s[1781]: I0309 13:40:52.049242    1781 shared_informer.go:370] "Waiting for caches to sync"
Mar 09 13:40:52 control k3s[1781]: I0309 13:40:52.049298    1781 certificate_controller.go:120] "Starting certificate controller" name="csrsigning-kube-apiserver-client"
Mar 09 13:40:52 control k3s[1781]: I0309 13:40:52.049342    1781 shared_informer.go:370] "Waiting for caches to sync"
Mar 09 13:40:52 control k3s[1781]: I0309 13:40:52.049398    1781 dynamic_serving_content.go:135] "Starting controller" name="csr-controller::/var/lib/rancher/k3s/server/tls/server-ca.nochain.crt::/var/lib/rancher/k3s/server/tls/server-ca.key"
Mar 09 13:40:52 control k3s[1781]: I0309 13:40:52.049532    1781 resource_quota_monitor.go:309] "QuotaMonitor running"
Mar 09 13:40:52 control k3s[1781]: I0309 13:40:52.049671    1781 graph_builder.go:386] "Running" component="GraphBuilder"
Mar 09 13:40:52 control k3s[1781]: I0309 13:40:52.049737    1781 dynamic_serving_content.go:135] "Starting controller" name="csr-controller::/var/lib/rancher/k3s/server/tls/server-ca.nochain.crt::/var/lib/rancher/k3s/server/tls/server-ca.key"
Mar 09 13:40:52 control k3s[1781]: I0309 13:40:52.049823    1781 dynamic_serving_content.go:135] "Starting controller" name="csr-controller::/var/lib/rancher/k3s/server/tls/client-ca.nochain.crt::/var/lib/rancher/k3s/server/tls/client-ca.key"
Mar 09 13:40:52 control k3s[1781]: I0309 13:40:52.049901    1781 dynamic_serving_content.go:135] "Starting controller" name="csr-controller::/var/lib/rancher/k3s/server/tls/client-ca.nochain.crt::/var/lib/rancher/k3s/server/tls/client-ca.key"
Mar 09 13:40:52 control k3s[1781]: E0309 13:40:52.075428    1781 resource_quota_controller.go:460] "Error during resource discovery" err="unable to retrieve the complete list of server APIs: metrics.k8s.io/v1beta1: stale GroupVersion discovery: metrics.k8s.io/v1beta1"
Mar 09 13:40:52 control k3s[1781]: I0309 13:40:52.075731    1781 shared_informer.go:370] "Waiting for caches to sync"
Mar 09 13:40:52 control k3s[1781]: I0309 13:40:52.082364    1781 actual_state_of_world.go:541] "Failed to update statusUpdateNeeded field in actual state of world" err="Failed to set statusUpdateNeeded to needed true, because nodeName=\"control\" does not exist"
Mar 09 13:40:52 control k3s[1781]: I0309 13:40:52.143775    1781 shared_informer.go:377] "Caches are synced"
Mar 09 13:40:52 control k3s[1781]: I0309 13:40:52.144621    1781 shared_informer.go:377] "Caches are synced"
Mar 09 13:40:52 control k3s[1781]: I0309 13:40:52.144797    1781 shared_informer.go:377] "Caches are synced"
Mar 09 13:40:52 control k3s[1781]: I0309 13:40:52.144892    1781 shared_informer.go:377] "Caches are synced"
Mar 09 13:40:52 control k3s[1781]: I0309 13:40:52.145003    1781 range_allocator.go:177] "Sending events to api server"
Mar 09 13:40:52 control k3s[1781]: I0309 13:40:52.145099    1781 shared_informer.go:377] "Caches are synced"
Mar 09 13:40:52 control k3s[1781]: I0309 13:40:52.145193    1781 shared_informer.go:377] "Caches are synced"
Mar 09 13:40:52 control k3s[1781]: I0309 13:40:52.145293    1781 shared_informer.go:377] "Caches are synced"
Mar 09 13:40:52 control k3s[1781]: I0309 13:40:52.145518    1781 shared_informer.go:377] "Caches are synced"
Mar 09 13:40:52 control k3s[1781]: I0309 13:40:52.145628    1781 shared_informer.go:377] "Caches are synced"
Mar 09 13:40:52 control k3s[1781]: I0309 13:40:52.145744    1781 shared_informer.go:377] "Caches are synced"
Mar 09 13:40:52 control k3s[1781]: I0309 13:40:52.145823    1781 shared_informer.go:377] "Caches are synced"
Mar 09 13:40:52 control k3s[1781]: I0309 13:40:52.146397    1781 shared_informer.go:377] "Caches are synced"
Mar 09 13:40:52 control k3s[1781]: I0309 13:40:52.146548    1781 shared_informer.go:377] "Caches are synced"
Mar 09 13:40:52 control k3s[1781]: I0309 13:40:52.146658    1781 shared_informer.go:377] "Caches are synced"
Mar 09 13:40:52 control k3s[1781]: I0309 13:40:52.146779    1781 shared_informer.go:377] "Caches are synced"
Mar 09 13:40:52 control k3s[1781]: I0309 13:40:52.146903    1781 shared_informer.go:377] "Caches are synced"
Mar 09 13:40:52 control k3s[1781]: I0309 13:40:52.147010    1781 shared_informer.go:377] "Caches are synced"
Mar 09 13:40:52 control k3s[1781]: I0309 13:40:52.147147    1781 shared_informer.go:377] "Caches are synced"
Mar 09 13:40:52 control k3s[1781]: I0309 13:40:52.147255    1781 shared_informer.go:377] "Caches are synced"
Mar 09 13:40:52 control k3s[1781]: I0309 13:40:52.147372    1781 shared_informer.go:377] "Caches are synced"
Mar 09 13:40:52 control k3s[1781]: I0309 13:40:52.147744    1781 shared_informer.go:377] "Caches are synced"
Mar 09 13:40:52 control k3s[1781]: I0309 13:40:52.147891    1781 shared_informer.go:377] "Caches are synced"
Mar 09 13:40:52 control k3s[1781]: I0309 13:40:52.148009    1781 shared_informer.go:377] "Caches are synced"
Mar 09 13:40:52 control k3s[1781]: I0309 13:40:52.148107    1781 shared_informer.go:377] "Caches are synced"
Mar 09 13:40:52 control k3s[1781]: I0309 13:40:52.148213    1781 shared_informer.go:377] "Caches are synced"
Mar 09 13:40:52 control k3s[1781]: I0309 13:40:52.148388    1781 shared_informer.go:377] "Caches are synced"
Mar 09 13:40:52 control k3s[1781]: I0309 13:40:52.148510    1781 shared_informer.go:377] "Caches are synced"
Mar 09 13:40:52 control k3s[1781]: I0309 13:40:52.148619    1781 shared_informer.go:377] "Caches are synced"
Mar 09 13:40:52 control k3s[1781]: I0309 13:40:52.148736    1781 shared_informer.go:377] "Caches are synced"
Mar 09 13:40:52 control k3s[1781]: I0309 13:40:52.148999    1781 shared_informer.go:377] "Caches are synced"
Mar 09 13:40:52 control k3s[1781]: I0309 13:40:52.149160    1781 shared_informer.go:377] "Caches are synced"
Mar 09 13:40:52 control k3s[1781]: I0309 13:40:52.149311    1781 shared_informer.go:377] "Caches are synced"
Mar 09 13:40:52 control k3s[1781]: I0309 13:40:52.149421    1781 shared_informer.go:377] "Caches are synced"
Mar 09 13:40:52 control k3s[1781]: I0309 13:40:52.150216    1781 shared_informer.go:377] "Caches are synced"
Mar 09 13:40:52 control k3s[1781]: I0309 13:40:52.151722    1781 range_allocator.go:181] "Starting range CIDR allocator"
Mar 09 13:40:52 control k3s[1781]: I0309 13:40:52.151883    1781 shared_informer.go:370] "Waiting for caches to sync"
Mar 09 13:40:52 control k3s[1781]: I0309 13:40:52.152045    1781 shared_informer.go:377] "Caches are synced"
Mar 09 13:40:52 control k3s[1781]: I0309 13:40:52.152612    1781 node_lifecycle_controller.go:1234] "Initializing eviction metric for zone" zone=""
Mar 09 13:40:52 control k3s[1781]: I0309 13:40:52.152733    1781 node_lifecycle_controller.go:886] "Missing timestamp for Node. Assuming now as a timestamp" node="control"
Mar 09 13:40:52 control k3s[1781]: I0309 13:40:52.152824    1781 shared_informer.go:377] "Caches are synced"
Mar 09 13:40:52 control k3s[1781]: I0309 13:40:52.153414    1781 shared_informer.go:377] "Caches are synced"
Mar 09 13:40:52 control k3s[1781]: I0309 13:40:52.154340    1781 shared_informer.go:377] "Caches are synced"
Mar 09 13:40:52 control k3s[1781]: I0309 13:40:52.154590    1781 shared_informer.go:377] "Caches are synced"
Mar 09 13:40:52 control k3s[1781]: I0309 13:40:52.154726    1781 shared_informer.go:377] "Caches are synced"
Mar 09 13:40:52 control k3s[1781]: I0309 13:40:52.155256    1781 shared_informer.go:377] "Caches are synced"
Mar 09 13:40:52 control k3s[1781]: I0309 13:40:52.155926    1781 shared_informer.go:377] "Caches are synced"
Mar 09 13:40:52 control k3s[1781]: I0309 13:40:52.156177    1781 node_lifecycle_controller.go:1080] "Controller detected that zone is now in new state" zone="" newState="Normal"
Mar 09 13:40:52 control k3s[1781]: I0309 13:40:52.166927    1781 garbagecollector.go:792] "failed to discover some groups" groups="map[\"metrics.k8s.io/v1beta1\":\"stale GroupVersion discovery: metrics.k8s.io/v1beta1\"]"
Mar 09 13:40:52 control k3s[1781]: I0309 13:40:52.176069    1781 shared_informer.go:377] "Caches are synced"
Mar 09 13:40:52 control k3s[1781]: I0309 13:40:52.176413    1781 range_allocator.go:433] "Set node PodCIDR" node="control" podCIDRs=["10.42.0.0/24"]
Mar 09 13:40:52 control k3s[1781]: time="2026-03-09T13:40:52Z" level=info msg="Flannel found PodCIDR assigned for node control"
Mar 09 13:40:52 control k3s[1781]: time="2026-03-09T13:40:52Z" level=info msg="The interface eth1 with ipv4 address 192.168.56.10 will be used by flannel"
Mar 09 13:40:52 control k3s[1781]: I0309 13:40:52.179041    1781 kube.go:139] Waiting 10m0s for node controller to sync
Mar 09 13:40:52 control k3s[1781]: I0309 13:40:52.180082    1781 kube.go:537] Starting kube subnet manager
Mar 09 13:40:52 control k3s[1781]: I0309 13:40:52.184066    1781 shared_informer.go:370] "Waiting for caches to sync"
Mar 09 13:40:52 control k3s[1781]: I0309 13:40:52.682969    1781 event.go:389] "Event occurred" object="control" fieldPath="" kind="Node" apiVersion="" type="Normal" reason="NodePasswordValidationComplete" message="Deferred node password secret validation complete"
Mar 09 13:40:52 control k3s[1781]: time="2026-03-09T13:40:52Z" level=info msg="Adding node OwnerReference to node-password secret control.node-password.k3s"
Mar 09 13:40:53 control k3s[1781]: I0309 13:40:53.013437    1781 event.go:389] "Event occurred" object="kube-system/traefik-crd" fieldPath="" kind="HelmChart" apiVersion="helm.cattle.io/v1" type="Normal" reason="ApplyJob" message="Applying HelmChart using Job kube-system/helm-install-traefik-crd"
Mar 09 13:40:53 control k3s[1781]: I0309 13:40:53.014221    1781 event.go:389] "Event occurred" object="kube-system/traefik" fieldPath="" kind="HelmChart" apiVersion="helm.cattle.io/v1" type="Normal" reason="ApplyJob" message="Applying HelmChart using Job kube-system/helm-install-traefik"
Mar 09 13:40:53 control k3s[1781]: I0309 13:40:53.033389    1781 cidrallocator.go:278] updated ClusterIP allocator for Service CIDR 10.43.0.0/16
Mar 09 13:40:53 control k3s[1781]: I0309 13:40:53.049947    1781 cidrallocator.go:278] updated ClusterIP allocator for Service CIDR 10.43.0.0/16
Mar 09 13:40:53 control k3s[1781]: W0309 13:40:53.071052    1781 handler_proxy.go:99] no RequestInfo found in the context
Mar 09 13:40:53 control k3s[1781]: E0309 13:40:53.071144    1781 controller.go:146] "Unhandled Error" err=<
Mar 09 13:40:53 control k3s[1781]:         Error updating APIService "v1beta1.metrics.k8s.io" with err: failed to download v1beta1.metrics.k8s.io: failed to retrieve openAPI spec, http error: ResponseCode: 503, Body: service unavailable
Mar 09 13:40:53 control k3s[1781]:         , Header: map[Content-Type:[text/plain; charset=utf-8] X-Content-Type-Options:[nosniff]]
Mar 09 13:40:53 control k3s[1781]:  >
Mar 09 13:40:53 control k3s[1781]: E0309 13:40:53.071221    1781 handler_proxy.go:143] error resolving kube-system/metrics-server: no endpoints available for service "metrics-server"
Mar 09 13:40:53 control k3s[1781]: I0309 13:40:53.093655    1781 controller.go:667] quota admission added evaluator for: replicasets.apps
Mar 09 13:40:53 control k3s[1781]: I0309 13:40:53.180024    1781 kube.go:163] Node controller sync successful
Mar 09 13:40:53 control k3s[1781]: I0309 13:40:53.180135    1781 vxlan.go:128] VXLAN config: VNI=1 Port=0 GBP=false Learning=false DirectRouting=false
Mar 09 13:40:53 control k3s[1781]: I0309 13:40:53.183356    1781 kube.go:704] List of node(control) annotations: map[string]string{"alpha.kubernetes.io/provided-node-ip":"192.168.56.10", "k3s.io/hostname":"control", "k3s.io/internal-ip":"192.168.56.10", "k3s.io/node-args":"[\"server\",\"--node-ip\",\"192.168.56.10\",\"--advertise-address\",\"192.168.56.10\",\"--tls-san\",\"192.168.56.10\",\"--flannel-iface\",\"eth1\",\"--write-kubeconfig-mode\",\"644\"]", "k3s.io/node-config-hash":"YQ2KO6LDWEOXVC6MBXXD4HKP2Z4MAQN7VEWEGL6UCP4RKICDJPQQ====", "k3s.io/node-env":"{\"K3S_KUBECONFIG_MODE\":\"644\"}", "node.alpha.kubernetes.io/ttl":"0", "volumes.kubernetes.io/controller-managed-attach-detach":"true"}
Mar 09 13:40:53 control k3s[1781]: I0309 13:40:53.213410    1781 iptables.go:50] Starting flannel in iptables mode...
Mar 09 13:40:53 control k3s[1781]: time="2026-03-09T13:40:53Z" level=warning msg="no subnet found for key: FLANNEL_NETWORK in file: /run/flannel/subnet.env"
Mar 09 13:40:53 control k3s[1781]: time="2026-03-09T13:40:53Z" level=warning msg="no subnet found for key: FLANNEL_SUBNET in file: /run/flannel/subnet.env"
Mar 09 13:40:53 control k3s[1781]: time="2026-03-09T13:40:53Z" level=warning msg="no subnet found for key: FLANNEL_IPV6_NETWORK in file: /run/flannel/subnet.env"
Mar 09 13:40:53 control k3s[1781]: time="2026-03-09T13:40:53Z" level=warning msg="no subnet found for key: FLANNEL_IPV6_SUBNET in file: /run/flannel/subnet.env"
Mar 09 13:40:53 control k3s[1781]: I0309 13:40:53.213487    1781 iptables.go:101] Current network or subnet (10.42.0.0/16, 10.42.0.0/24) is not equal to previous one (0.0.0.0/0, 0.0.0.0/0), trying to recycle old iptables rules
Mar 09 13:40:53 control k3s[1781]: I0309 13:40:53.224535    1781 kube.go:558] Creating the node lease for IPv4. This is the n.Spec.PodCIDRs: [10.42.0.0/24]
Mar 09 13:40:53 control k3s[1781]: I0309 13:40:53.242235    1781 iptables.go:111] Setting up masking rules
Mar 09 13:40:53 control k3s[1781]: I0309 13:40:53.249281    1781 shared_informer.go:377] "Caches are synced"
Mar 09 13:40:53 control k3s[1781]: I0309 13:40:53.249603    1781 garbagecollector.go:166] "Garbage collector: all resource monitors have synced"
Mar 09 13:40:53 control k3s[1781]: I0309 13:40:53.249798    1781 garbagecollector.go:169] "Proceeding to collect garbage"
Mar 09 13:40:53 control k3s[1781]: I0309 13:40:53.265499    1781 iptables.go:212] Changing default FORWARD chain policy to ACCEPT
Mar 09 13:40:53 control k3s[1781]: time="2026-03-09T13:40:53Z" level=info msg="Wrote flannel subnet file to /run/flannel/subnet.env"
Mar 09 13:40:53 control k3s[1781]: time="2026-03-09T13:40:53Z" level=info msg="Running flannel backend."
Mar 09 13:40:53 control k3s[1781]: I0309 13:40:53.268817    1781 vxlan_network.go:68] watching for new subnet leases
Mar 09 13:40:53 control k3s[1781]: I0309 13:40:53.268836    1781 vxlan_network.go:115] starting vxlan device watcher
Mar 09 13:40:53 control k3s[1781]: I0309 13:40:53.284601    1781 shared_informer.go:377] "Caches are synced"
Mar 09 13:40:53 control k3s[1781]: I0309 13:40:53.294473    1781 iptables.go:358] bootstrap done
Mar 09 13:40:53 control k3s[1781]: I0309 13:40:53.361911    1781 iptables.go:358] bootstrap done
Mar 09 13:40:53 control k3s[1781]: I0309 13:40:53.487153    1781 reconciler_common.go:251] "operationExecutor.VerifyControllerAttachedVolume started for volume \"config-volume\" (UniqueName: \"kubernetes.io/configmap/da2b70ad-d69d-421d-94e1-1e0084c8a154-config-volume\") pod \"local-path-provisioner-6bc6568469-6mzxr\" (UID: \"da2b70ad-d69d-421d-94e1-1e0084c8a154\") " pod="kube-system/local-path-provisioner-6bc6568469-6mzxr"
Mar 09 13:40:53 control k3s[1781]: I0309 13:40:53.487206    1781 reconciler_common.go:251] "operationExecutor.VerifyControllerAttachedVolume started for volume \"kube-api-access-7jrsr\" (UniqueName: \"kubernetes.io/projected/da2b70ad-d69d-421d-94e1-1e0084c8a154-kube-api-access-7jrsr\") pod \"local-path-provisioner-6bc6568469-6mzxr\" (UID: \"da2b70ad-d69d-421d-94e1-1e0084c8a154\") " pod="kube-system/local-path-provisioner-6bc6568469-6mzxr"
Mar 09 13:40:53 control k3s[1781]: I0309 13:40:53.487225    1781 reconciler_common.go:251] "operationExecutor.VerifyControllerAttachedVolume started for volume \"tmp-dir\" (UniqueName: \"kubernetes.io/empty-dir/b9c66250-676c-46d7-85ae-dfde22ebaddc-tmp-dir\") pod \"metrics-server-786d997795-qkxh6\" (UID: \"b9c66250-676c-46d7-85ae-dfde22ebaddc\") " pod="kube-system/metrics-server-786d997795-qkxh6"
Mar 09 13:40:53 control k3s[1781]: I0309 13:40:53.487238    1781 reconciler_common.go:251] "operationExecutor.VerifyControllerAttachedVolume started for volume \"kube-api-access-59qsx\" (UniqueName: \"kubernetes.io/projected/b9c66250-676c-46d7-85ae-dfde22ebaddc-kube-api-access-59qsx\") pod \"metrics-server-786d997795-qkxh6\" (UID: \"b9c66250-676c-46d7-85ae-dfde22ebaddc\") " pod="kube-system/metrics-server-786d997795-qkxh6"
Mar 09 13:40:53 control k3s[1781]: I0309 13:40:53.487250    1781 reconciler_common.go:251] "operationExecutor.VerifyControllerAttachedVolume started for volume \"config-volume\" (UniqueName: \"kubernetes.io/configmap/f1b2f8a5-eca2-4ec3-8340-8d17f01da188-config-volume\") pod \"coredns-7566b5ff58-mw9bs\" (UID: \"f1b2f8a5-eca2-4ec3-8340-8d17f01da188\") " pod="kube-system/coredns-7566b5ff58-mw9bs"
Mar 09 13:40:53 control k3s[1781]: I0309 13:40:53.487262    1781 reconciler_common.go:251] "operationExecutor.VerifyControllerAttachedVolume started for volume \"custom-config-volume\" (UniqueName: \"kubernetes.io/configmap/f1b2f8a5-eca2-4ec3-8340-8d17f01da188-custom-config-volume\") pod \"coredns-7566b5ff58-mw9bs\" (UID: \"f1b2f8a5-eca2-4ec3-8340-8d17f01da188\") " pod="kube-system/coredns-7566b5ff58-mw9bs"
Mar 09 13:40:53 control k3s[1781]: I0309 13:40:53.487273    1781 reconciler_common.go:251] "operationExecutor.VerifyControllerAttachedVolume started for volume \"kube-api-access-2qctt\" (UniqueName: \"kubernetes.io/projected/f1b2f8a5-eca2-4ec3-8340-8d17f01da188-kube-api-access-2qctt\") pod \"coredns-7566b5ff58-mw9bs\" (UID: \"f1b2f8a5-eca2-4ec3-8340-8d17f01da188\") " pod="kube-system/coredns-7566b5ff58-mw9bs"
Mar 09 13:40:53 control k3s[1781]: time="2026-03-09T13:40:53Z" level=info msg="Started tunnel to 192.168.56.10:6443"
Mar 09 13:40:53 control k3s[1781]: time="2026-03-09T13:40:53Z" level=info msg="Stopped tunnel to 127.0.0.1:6443"
Mar 09 13:40:53 control k3s[1781]: time="2026-03-09T13:40:53Z" level=info msg="Connecting to proxy" url="wss://192.168.56.10:6443/v1-k3s/connect"
Mar 09 13:40:53 control k3s[1781]: time="2026-03-09T13:40:53Z" level=info msg="Proxy done" err="context canceled" url="wss://127.0.0.1:6443/v1-k3s/connect"
Mar 09 13:40:53 control k3s[1781]: time="2026-03-09T13:40:53Z" level=info msg="error in remotedialer server [400]: websocket: close 1006 (abnormal closure): unexpected EOF"
Mar 09 13:40:53 control k3s[1781]: time="2026-03-09T13:40:53Z" level=info msg="Handling backend connection request [control]"
Mar 09 13:40:53 control k3s[1781]: time="2026-03-09T13:40:53Z" level=info msg="Connected to proxy" url="wss://192.168.56.10:6443/v1-k3s/connect"
Mar 09 13:40:53 control k3s[1781]: time="2026-03-09T13:40:53Z" level=info msg="Remotedialer connected to proxy" url="wss://192.168.56.10:6443/v1-k3s/connect"
Mar 09 13:40:53 control k3s[1781]: I0309 13:40:53.594364    1781 swap_util.go:78] "error creating dir to test if tmpfs noswap is enabled. Assuming not supported" mount path="" error="stat /var/lib/kubelet/plugins/kubernetes.io/empty-dir: no such file or directory"
Mar 09 13:40:53 control k3s[1781]: E0309 13:40:53.693827    1781 dns.go:154] "Nameserver limits exceeded" err="Nameserver limits were exceeded, some nameservers have been omitted, the applied nameserver line is: 4.2.2.1 4.2.2.2 208.67.220.220"
Mar 09 13:40:54 control k3s[1781]: W0309 13:40:54.071960    1781 handler_proxy.go:99] no RequestInfo found in the context
Mar 09 13:40:54 control k3s[1781]: E0309 13:40:54.072128    1781 controller.go:102] "Unhandled Error" err=<
Mar 09 13:40:54 control k3s[1781]:         loading OpenAPI spec for "v1beta1.metrics.k8s.io" failed with: failed to download v1beta1.metrics.k8s.io: failed to retrieve openAPI spec, http error: ResponseCode: 503, Body: service unavailable
Mar 09 13:40:54 control k3s[1781]:         , Header: map[Content-Type:[text/plain; charset=utf-8] X-Content-Type-Options:[nosniff]]
Mar 09 13:40:54 control k3s[1781]:  >
Mar 09 13:40:54 control k3s[1781]: I0309 13:40:54.072139    1781 controller.go:109] OpenAPI AggregationController: action for item v1beta1.metrics.k8s.io: Rate Limited Requeue.
Mar 09 13:40:54 control k3s[1781]: W0309 13:40:54.072054    1781 handler_proxy.go:99] no RequestInfo found in the context
Mar 09 13:40:54 control k3s[1781]: E0309 13:40:54.072174    1781 controller.go:113] "Unhandled Error" err="loading OpenAPI spec for \"v1beta1.metrics.k8s.io\" failed with: Error, could not get list of group versions for APIService"
Mar 09 13:40:54 control k3s[1781]: I0309 13:40:54.073472    1781 controller.go:126] OpenAPI AggregationController: action for item v1beta1.metrics.k8s.io: Rate Limited Requeue.
Mar 09 13:40:57 control k3s[1781]: I0309 13:40:57.845275    1781 kuberuntime_manager.go:2062] "Updating runtime config through cri with podcidr" CIDR="10.42.0.0/24"
Mar 09 13:40:57 control k3s[1781]: I0309 13:40:57.846258    1781 kubelet_network.go:47] "Updating Pod CIDR" originalPodCIDR="" newPodCIDR="10.42.0.0/24"
Mar 09 13:40:58 control k3s[1781]: time="2026-03-09T13:40:58Z" level=info msg="Starting network policy controller version v2.6.3-k3s1, built on 2026-02-12T23:46:55Z, go1.25.6"
Mar 09 13:40:58 control k3s[1781]: I0309 13:40:58.289340    1781 network_policy_controller.go:164] Starting network policy controller
Mar 09 13:40:58 control k3s[1781]: I0309 13:40:58.344490    1781 network_policy_controller.go:179] Starting network policy controller full sync goroutine
Mar 09 13:41:04 control k3s[1781]: E0309 13:41:04.062879    1781 log.go:32] "RunPodSandbox from runtime service failed" err="rpc error: code = Unknown desc = failed to start sandbox \"f8ffcb89f558707e19f6de1f86863516b6acc02da42a09a21bbb70164fefd37a\": failed to get sandbox image \"rancher/mirrored-pause:3.6\": failed to pull image \"rancher/mirrored-pause:3.6\": failed to pull and unpack image \"docker.io/rancher/mirrored-pause:3.6\": failed to copy: httpReadSeeker: failed open: failed to do request: Get \"https://production.cloudflare.docker.com/registry-v2/docker/registry/v2/blobs/sha256/62/6270bb605e12e581514ada5fd5b3216f727db55dc87d5889c790e4c760683fee/data?expires=1773066658&signature=WFjlONHFNzLiRVtO0ldXC1WYFQY%3D&version=3\": dial tcp: lookup production.cloudflare.docker.com: Try again"
Mar 09 13:41:04 control k3s[1781]: E0309 13:41:04.062988    1781 kuberuntime_sandbox.go:71] "Failed to create sandbox for pod" err="rpc error: code = Unknown desc = failed to start sandbox \"f8ffcb89f558707e19f6de1f86863516b6acc02da42a09a21bbb70164fefd37a\": failed to get sandbox image \"rancher/mirrored-pause:3.6\": failed to pull image \"rancher/mirrored-pause:3.6\": failed to pull and unpack image \"docker.io/rancher/mirrored-pause:3.6\": failed to copy: httpReadSeeker: failed open: failed to do request: Get \"https://production.cloudflare.docker.com/registry-v2/docker/registry/v2/blobs/sha256/62/6270bb605e12e581514ada5fd5b3216f727db55dc87d5889c790e4c760683fee/data?expires=1773066658&signature=WFjlONHFNzLiRVtO0ldXC1WYFQY%3D&version=3\": dial tcp: lookup production.cloudflare.docker.com: Try again" pod="kube-system/metrics-server-786d997795-qkxh6"
Mar 09 13:41:04 control k3s[1781]: E0309 13:41:04.063034    1781 kuberuntime_manager.go:1558] "CreatePodSandbox for pod failed" err="rpc error: code = Unknown desc = failed to start sandbox \"f8ffcb89f558707e19f6de1f86863516b6acc02da42a09a21bbb70164fefd37a\": failed to get sandbox image \"rancher/mirrored-pause:3.6\": failed to pull image \"rancher/mirrored-pause:3.6\": failed to pull and unpack image \"docker.io/rancher/mirrored-pause:3.6\": failed to copy: httpReadSeeker: failed open: failed to do request: Get \"https://production.cloudflare.docker.com/registry-v2/docker/registry/v2/blobs/sha256/62/6270bb605e12e581514ada5fd5b3216f727db55dc87d5889c790e4c760683fee/data?expires=1773066658&signature=WFjlONHFNzLiRVtO0ldXC1WYFQY%3D&version=3\": dial tcp: lookup production.cloudflare.docker.com: Try again" pod="kube-system/metrics-server-786d997795-qkxh6"
Mar 09 13:41:04 control k3s[1781]: E0309 13:41:04.063122    1781 pod_workers.go:1324] "Error syncing pod, skipping" err="failed to \"CreatePodSandbox\" for \"metrics-server-786d997795-qkxh6_kube-system(b9c66250-676c-46d7-85ae-dfde22ebaddc)\" with CreatePodSandboxError: \"Failed to create sandbox for pod \\\"metrics-server-786d997795-qkxh6_kube-system(b9c66250-676c-46d7-85ae-dfde22ebaddc)\\\": rpc error: code = Unknown desc = failed to start sandbox \\\"f8ffcb89f558707e19f6de1f86863516b6acc02da42a09a21bbb70164fefd37a\\\": failed to get sandbox image \\\"rancher/mirrored-pause:3.6\\\": failed to pull image \\\"rancher/mirrored-pause:3.6\\\": failed to pull and unpack image \\\"docker.io/rancher/mirrored-pause:3.6\\\": failed to copy: httpReadSeeker: failed open: failed to do request: Get \\\"https://production.cloudflare.docker.com/registry-v2/docker/registry/v2/blobs/sha256/62/6270bb605e12e581514ada5fd5b3216f727db55dc87d5889c790e4c760683fee/data?expires=1773066658&signature=WFjlONHFNzLiRVtO0ldXC1WYFQY%3D&version=3\\\": dial tcp: lookup production.cloudflare.docker.com: Try again\"" pod="kube-system/metrics-server-786d997795-qkxh6" podUID="b9c66250-676c-46d7-85ae-dfde22ebaddc"
Mar 09 13:41:09 control k3s[1781]: E0309 13:41:09.102745    1781 log.go:32] "RunPodSandbox from runtime service failed" err="rpc error: code = Unknown desc = failed to start sandbox \"7fbc3eef8b0179cd0d4b06e80c7de7e5894a069f65d84c213c2acb81ae9c2c71\": failed to get sandbox image \"rancher/mirrored-pause:3.6\": failed to pull image \"rancher/mirrored-pause:3.6\": failed to pull and unpack image \"docker.io/rancher/mirrored-pause:3.6\": failed to copy: httpReadSeeker: failed open: failed to do request: Get \"https://registry-1.docker.io/v2/rancher/mirrored-pause/blobs/sha256:6270bb605e12e581514ada5fd5b3216f727db55dc87d5889c790e4c760683fee\": dial tcp: lookup registry-1.docker.io: Try again"
Mar 09 13:41:09 control k3s[1781]: E0309 13:41:09.102866    1781 kuberuntime_sandbox.go:71] "Failed to create sandbox for pod" err="rpc error: code = Unknown desc = failed to start sandbox \"7fbc3eef8b0179cd0d4b06e80c7de7e5894a069f65d84c213c2acb81ae9c2c71\": failed to get sandbox image \"rancher/mirrored-pause:3.6\": failed to pull image \"rancher/mirrored-pause:3.6\": failed to pull and unpack image \"docker.io/rancher/mirrored-pause:3.6\": failed to copy: httpReadSeeker: failed open: failed to do request: Get \"https://registry-1.docker.io/v2/rancher/mirrored-pause/blobs/sha256:6270bb605e12e581514ada5fd5b3216f727db55dc87d5889c790e4c760683fee\": dial tcp: lookup registry-1.docker.io: Try again" pod="kube-system/local-path-provisioner-6bc6568469-6mzxr"
Mar 09 13:41:09 control k3s[1781]: E0309 13:41:09.102900    1781 kuberuntime_manager.go:1558] "CreatePodSandbox for pod failed" err="rpc error: code = Unknown desc = failed to start sandbox \"7fbc3eef8b0179cd0d4b06e80c7de7e5894a069f65d84c213c2acb81ae9c2c71\": failed to get sandbox image \"rancher/mirrored-pause:3.6\": failed to pull image \"rancher/mirrored-pause:3.6\": failed to pull and unpack image \"docker.io/rancher/mirrored-pause:3.6\": failed to copy: httpReadSeeker: failed open: failed to do request: Get \"https://registry-1.docker.io/v2/rancher/mirrored-pause/blobs/sha256:6270bb605e12e581514ada5fd5b3216f727db55dc87d5889c790e4c760683fee\": dial tcp: lookup registry-1.docker.io: Try again" pod="kube-system/local-path-provisioner-6bc6568469-6mzxr"
Mar 09 13:41:09 control k3s[1781]: E0309 13:41:09.102989    1781 pod_workers.go:1324] "Error syncing pod, skipping" err="failed to \"CreatePodSandbox\" for \"local-path-provisioner-6bc6568469-6mzxr_kube-system(da2b70ad-d69d-421d-94e1-1e0084c8a154)\" with CreatePodSandboxError: \"Failed to create sandbox for pod \\\"local-path-provisioner-6bc6568469-6mzxr_kube-system(da2b70ad-d69d-421d-94e1-1e0084c8a154)\\\": rpc error: code = Unknown desc = failed to start sandbox \\\"7fbc3eef8b0179cd0d4b06e80c7de7e5894a069f65d84c213c2acb81ae9c2c71\\\": failed to get sandbox image \\\"rancher/mirrored-pause:3.6\\\": failed to pull image \\\"rancher/mirrored-pause:3.6\\\": failed to pull and unpack image \\\"docker.io/rancher/mirrored-pause:3.6\\\": failed to copy: httpReadSeeker: failed open: failed to do request: Get \\\"https://registry-1.docker.io/v2/rancher/mirrored-pause/blobs/sha256:6270bb605e12e581514ada5fd5b3216f727db55dc87d5889c790e4c760683fee\\\": dial tcp: lookup registry-1.docker.io: Try again\"" pod="kube-system/local-path-provisioner-6bc6568469-6mzxr" podUID="da2b70ad-d69d-421d-94e1-1e0084c8a154"
