[0;1;32m●[0m k3s.service - K3s Server (v1.34.4+k3s1)
     Loaded: loaded (]8;;file://control/etc/systemd/system/k3s.service/etc/systemd/system/k3s.service]8;;; enabled; vendor preset: enabled)
     Active: [0;1;32mactive (running)[0m since Wed 2026-03-11 18:11:11 UTC; 22s ago
   Main PID: 8739 (k3s-server)
      Tasks: 24 (limit: 4558)
     Memory: 361.5M
        CPU: 9.459s
     CGroup: /system.slice/k3s.service
             ├─8739 "/usr/local/bin/k3s server" "" "" "" "" "" "" "" "" "" "" "" "" "" "" "" "" "" "" "" "" "" "" "" "" "" "" "" "" "" "" "" "" "" "" "" "" "" "" "" "" "" "" "" "" "" "" "" "" "" "" "" "" "" "" "" "" "" "" "" "" "" "" "" "" "" "" "" "" "" "" "" "" "" "" "" "" "" "" "" "" "" "" "" "" "" "" "" "" "" "" "" "" "" "" "" "" "" "" "" "" "" "" "" "" "" "" "" "" "" "" "" "" "" "" "" "" "" "" "" "" "" "" "" "" "" "" "" "" "" "" ""
             └─8792 "containerd " "" "" "" "" "" "" "" "" "" "" "" "" "" "" "" "" "" "" "" "" "" "" "" "" "" "" "" "" "" "" "" "" "" "" "" "" "" "" "" "" "" "" "" "" "" "" "" "" "" "" "" "" "" "" "" ""

Mar 11 18:11:26 control k3s[8739]: E0311 18:11:26.318868    8739 controller.go:102] "Unhandled Error" err=<
Mar 11 18:11:26 control k3s[8739]:         loading OpenAPI spec for "v1beta1.metrics.k8s.io" failed with: failed to download v1beta1.metrics.k8s.io: failed to retrieve openAPI spec, http error: ResponseCode: 503, Body: service unavailable
Mar 11 18:11:26 control k3s[8739]:         , Header: map[Content-Type:[text/plain; charset=utf-8] X-Content-Type-Options:[nosniff]]
Mar 11 18:11:26 control k3s[8739]:  >
Mar 11 18:11:26 control k3s[8739]: I0311 18:11:26.320400    8739 controller.go:109] OpenAPI AggregationController: action for item v1beta1.metrics.k8s.io: Rate Limited Requeue.
Mar 11 18:11:30 control k3s[8739]: I0311 18:11:30.010211    8739 kuberuntime_manager.go:2062] "Updating runtime config through cri with podcidr" CIDR="10.42.0.0/24"
Mar 11 18:11:30 control k3s[8739]: I0311 18:11:30.011013    8739 kubelet_network.go:47] "Updating Pod CIDR" originalPodCIDR="" newPodCIDR="10.42.0.0/24"
Mar 11 18:11:30 control k3s[8739]: time="2026-03-11T18:11:30Z" level=info msg="Starting network policy controller version v2.6.3-k3s1, built on 2026-02-12T23:46:55Z, go1.25.6"
Mar 11 18:11:30 control k3s[8739]: I0311 18:11:30.429821    8739 network_policy_controller.go:164] Starting network policy controller
Mar 11 18:11:30 control k3s[8739]: I0311 18:11:30.517962    8739 network_policy_controller.go:179] Starting network policy controller full sync goroutine
