Makefile:363: update target 'aws-ip' due to: target is .PHONY
echo "== AWS: update operator IP =="
== AWS: update operator IP ==
bash "C:/Projects/StackPilot/scripts/ops/update-ip.sh"
[aws-ip] detecting public ip...
[aws-ip] OK: 102.88.54.179/32
[aws-ip] wrote: infra/aws/tf/operator.auto.tfvars
Makefile:359: update target 'aws-sts' due to: target is .PHONY
echo "== AWS: STS identity check =="
== AWS: STS identity check ==
bash "C:/Projects/StackPilot/scripts/aws/sts-checks.sh"
== AWS STS CHECK ==
PROFILE: stackpilot
REGION:  us-east-1
{
    "UserId": "354630286707",
    "Account": "354630286707",
    "Arn": "arn:aws:iam::354630286707:root"
}
PASS: sts-check
Makefile:367: update target 'aws-init' due to: target is .PHONY
echo "== AWS: terraform init =="
== AWS: terraform init ==
bash "C:/Projects/StackPilot/scripts/aws/tf-init.sh"
[0m[1mInitializing the backend...[0m
[0m[1mInitializing provider plugins...[0m
- Finding hashicorp/aws versions matching "~> 5.0"...
- Finding latest version of hashicorp/local...
- Using previously-installed hashicorp/aws v5.100.0
- Using previously-installed hashicorp/local v2.6.2

[0m[1m[32mTerraform has been successfully initialized![0m[32m[0m
[0m[32m
You may now begin working with Terraform. Try running "terraform plan" to see
any changes that are required for your infrastructure. All Terraform commands
should now work.

If you ever set or change modules or backend configuration for Terraform,
rerun this command to reinitialize your working directory. If you forget, other
commands will detect it and remind you to do so if necessary.[0m
PASS: terraform init
Makefile:371: update target 'aws-validate' due to: target is .PHONY
echo "== AWS: terraform validate =="
== AWS: terraform validate ==
bash "C:/Projects/StackPilot/scripts/aws/tf-validate.sh"
[32m[1mSuccess![0m The configuration is valid.
[0m
PASS: terraform validate
Makefile:375: update target 'aws-plan' due to: target is .PHONY
echo "== AWS: terraform plan =="
== AWS: terraform plan ==
bash "C:/Projects/StackPilot/scripts/aws/tf-plan.sh"
data.local_file.ssh_pub: Reading...
data.local_file.ssh_pub: Read complete after 0s [id=2462a5840bc31420cdc3b0d0bf99b5837c730e6f]
data.aws_ssm_parameter.ubuntu_2204_ami: Reading...
data.aws_vpc.default: Reading...
data.aws_ssm_parameter.ubuntu_2204_ami: Read complete after 2s [id=/aws/service/canonical/ubuntu/server/22.04/stable/current/amd64/hvm/ebs-gp2/ami-id]
data.aws_vpc.default: Read complete after 3s [id=vpc-063790f15fa202b1f]
data.aws_subnets.default_vpc_subnets: Reading...
data.aws_subnets.default_vpc_subnets: Read complete after 0s [id=us-east-1]

Terraform used the selected providers to generate the following execution
plan. Resource actions are indicated with the following symbols:
  + create

Terraform will perform the following actions:

  # aws_instance.stackpilot will be created
  + resource "aws_instance" "stackpilot" {
      + ami                                  = (sensitive value)
      + arn                                  = (known after apply)
      + associate_public_ip_address          = true
      + availability_zone                    = (known after apply)
      + cpu_core_count                       = (known after apply)
      + cpu_threads_per_core                 = (known after apply)
      + disable_api_stop                     = (known after apply)
      + disable_api_termination              = (known after apply)
      + ebs_optimized                        = (known after apply)
      + enable_primary_ipv6                  = (known after apply)
      + get_password_data                    = false
      + host_id                              = (known after apply)
      + host_resource_group_arn              = (known after apply)
      + iam_instance_profile                 = (known after apply)
      + id                                   = (known after apply)
      + instance_initiated_shutdown_behavior = (known after apply)
      + instance_lifecycle                   = (known after apply)
      + instance_state                       = (known after apply)
      + instance_type                        = "t2.micro"
      + ipv6_address_count                   = (known after apply)
      + ipv6_addresses                       = (known after apply)
      + key_name                             = "stackpilot"
      + monitoring                           = (known after apply)
      + outpost_arn                          = (known after apply)
      + password_data                        = (known after apply)
      + placement_group                      = (known after apply)
      + placement_partition_number           = (known after apply)
      + primary_network_interface_id         = (known after apply)
      + private_dns                          = (known after apply)
      + private_ip                           = (known after apply)
      + public_dns                           = (known after apply)
      + public_ip                            = (known after apply)
      + secondary_private_ips                = (known after apply)
      + security_groups                      = (known after apply)
      + source_dest_check                    = true
      + spot_instance_request_id             = (known after apply)
      + subnet_id                            = "subnet-0121c878b62037477"
      + tags                                 = {
          + "Name" = "stackpilot"
        }
      + tags_all                             = {
          + "Name"      = "stackpilot"
          + "ephemeral" = "true"
          + "owner"     = "francis"
          + "project"   = "stackpilot"
        }
      + tenancy                              = (known after apply)
      + user_data                            = "962d4a04ac49282acb3a2823ec465002f401adfd"
      + user_data_base64                     = (known after apply)
      + user_data_replace_on_change          = false
      + vpc_security_group_ids               = (known after apply)

      + capacity_reservation_specification (known after apply)

      + cpu_options (known after apply)

      + ebs_block_device (known after apply)

      + enclave_options (known after apply)

      + ephemeral_block_device (known after apply)

      + instance_market_options (known after apply)

      + maintenance_options (known after apply)

      + metadata_options (known after apply)

      + network_interface (known after apply)

      + private_dns_name_options (known after apply)

      + root_block_device {
          + delete_on_termination = true
          + device_name           = (known after apply)
          + encrypted             = (known after apply)
          + iops                  = (known after apply)
          + kms_key_id            = (known after apply)
          + tags_all              = (known after apply)
          + throughput            = (known after apply)
          + volume_id             = (known after apply)
          + volume_size           = 8
          + volume_type           = "gp3"
        }
    }

  # aws_key_pair.stackpilot will be created
  + resource "aws_key_pair" "stackpilot" {
      + arn             = (known after apply)
      + fingerprint     = (known after apply)
      + id              = (known after apply)
      + key_name        = "stackpilot"
      + key_name_prefix = (known after apply)
      + key_pair_id     = (known after apply)
      + key_type        = (known after apply)
      + public_key      = "ssh-ed25519 AAAAC3NzaC1lZDI1NTE5AAAAIACUhAX64Xgv5UdoaF86JFYOXGl8q4nwOtKyWwRO1ZN4 HP@DESKTOP-UCAJTP1"
      + tags            = {
          + "Name" = "stackpilot-key"
        }
      + tags_all        = {
          + "Name"      = "stackpilot-key"
          + "ephemeral" = "true"
          + "owner"     = "francis"
          + "project"   = "stackpilot"
        }
    }

  # aws_security_group.stackpilot will be created
  + resource "aws_security_group" "stackpilot" {
      + arn                    = (known after apply)
      + description            = "allow SSH + API from operator IP only"
      + egress                 = [
          + {
              + cidr_blocks      = [
                  + "0.0.0.0/0",
                ]
              + description      = "Outbound allowed (apt, docker pulls, etc.)"
              + from_port        = 0
              + ipv6_cidr_blocks = []
              + prefix_list_ids  = []
              + protocol         = "-1"
              + security_groups  = []
              + self             = false
              + to_port          = 0
            },
        ]
      + id                     = (known after apply)
      + ingress                = [
          + {
              + cidr_blocks      = [
                  + "102.88.54.179/32",
                ]
              + description      = "API from operator IP"
              + from_port        = 8000
              + ipv6_cidr_blocks = []
              + prefix_list_ids  = []
              + protocol         = "tcp"
              + security_groups  = []
              + self             = false
              + to_port          = 8000
            },
          + {
              + cidr_blocks      = [
                  + "102.88.54.179/32",
                ]
              + description      = "SSH from operator IP"
              + from_port        = 22
              + ipv6_cidr_blocks = []
              + prefix_list_ids  = []
              + protocol         = "tcp"
              + security_groups  = []
              + self             = false
              + to_port          = 22
            },
        ]
      + name                   = "stackpilot-sg"
      + name_prefix            = (known after apply)
      + owner_id               = (known after apply)
      + revoke_rules_on_delete = false
      + tags                   = {
          + "Name" = "stackpilot-sg"
        }
      + tags_all               = {
          + "Name"      = "stackpilot-sg"
          + "ephemeral" = "true"
          + "owner"     = "francis"
          + "project"   = "stackpilot"
        }
      + vpc_id                 = "vpc-063790f15fa202b1f"
    }

Plan: 3 to add, 0 to change, 0 to destroy.

Changes to Outputs:
  + api_port          = 8000
  + instance_id       = (known after apply)
  + public_dns        = (known after apply)
  + public_ip         = (known after apply)
  + security_group_id = (known after apply)
  + ssh_user          = "ubuntu"

─────────────────────────────────────────────────────────────────────────────

Note: You didn't use the -out option to save this plan, so Terraform can't
guarantee to take exactly these actions if you run "terraform apply" now.
PASS: terraform plan
Makefile:384: update target 'aws-apply' due to: target is .PHONY
echo "== AWS: terraform apply =="
== AWS: terraform apply ==
bash "C:/Projects/StackPilot/scripts/aws/tf-apply.sh"
[0m[1mdata.local_file.ssh_pub: Reading...[0m[0m
[0m[1mdata.local_file.ssh_pub: Read complete after 0s [id=2462a5840bc31420cdc3b0d0bf99b5837c730e6f][0m
[0m[1mdata.aws_ssm_parameter.ubuntu_2204_ami: Reading...[0m[0m
[0m[1mdata.aws_vpc.default: Reading...[0m[0m
[0m[1mdata.aws_ssm_parameter.ubuntu_2204_ami: Read complete after 1s [id=/aws/service/canonical/ubuntu/server/22.04/stable/current/amd64/hvm/ebs-gp2/ami-id][0m
[0m[1mdata.aws_vpc.default: Read complete after 3s [id=vpc-063790f15fa202b1f][0m
[0m[1mdata.aws_subnets.default_vpc_subnets: Reading...[0m[0m
[0m[1mdata.aws_subnets.default_vpc_subnets: Read complete after 0s [id=us-east-1][0m

Terraform used the selected providers to generate the following execution
plan. Resource actions are indicated with the following symbols:
  [32m+[0m create[0m

Terraform will perform the following actions:

[1m  # aws_instance.stackpilot[0m will be created
[0m  [32m+[0m[0m resource "aws_instance" "stackpilot" {
      [32m+[0m[0m ami                                  = (sensitive value)
      [32m+[0m[0m arn                                  = (known after apply)
      [32m+[0m[0m associate_public_ip_address          = true
      [32m+[0m[0m availability_zone                    = (known after apply)
      [32m+[0m[0m cpu_core_count                       = (known after apply)
      [32m+[0m[0m cpu_threads_per_core                 = (known after apply)
      [32m+[0m[0m disable_api_stop                     = (known after apply)
      [32m+[0m[0m disable_api_termination              = (known after apply)
      [32m+[0m[0m ebs_optimized                        = (known after apply)
      [32m+[0m[0m enable_primary_ipv6                  = (known after apply)
      [32m+[0m[0m get_password_data                    = false
      [32m+[0m[0m host_id                              = (known after apply)
      [32m+[0m[0m host_resource_group_arn              = (known after apply)
      [32m+[0m[0m iam_instance_profile                 = (known after apply)
      [32m+[0m[0m id                                   = (known after apply)
      [32m+[0m[0m instance_initiated_shutdown_behavior = (known after apply)
      [32m+[0m[0m instance_lifecycle                   = (known after apply)
      [32m+[0m[0m instance_state                       = (known after apply)
      [32m+[0m[0m instance_type                        = "t2.micro"
      [32m+[0m[0m ipv6_address_count                   = (known after apply)
      [32m+[0m[0m ipv6_addresses                       = (known after apply)
      [32m+[0m[0m key_name                             = "stackpilot"
      [32m+[0m[0m monitoring                           = (known after apply)
      [32m+[0m[0m outpost_arn                          = (known after apply)
      [32m+[0m[0m password_data                        = (known after apply)
      [32m+[0m[0m placement_group                      = (known after apply)
      [32m+[0m[0m placement_partition_number           = (known after apply)
      [32m+[0m[0m primary_network_interface_id         = (known after apply)
      [32m+[0m[0m private_dns                          = (known after apply)
      [32m+[0m[0m private_ip                           = (known after apply)
      [32m+[0m[0m public_dns                           = (known after apply)
      [32m+[0m[0m public_ip                            = (known after apply)
      [32m+[0m[0m secondary_private_ips                = (known after apply)
      [32m+[0m[0m security_groups                      = (known after apply)
      [32m+[0m[0m source_dest_check                    = true
      [32m+[0m[0m spot_instance_request_id             = (known after apply)
      [32m+[0m[0m subnet_id                            = "subnet-0121c878b62037477"
      [32m+[0m[0m tags                                 = {
          [32m+[0m[0m "Name" = "stackpilot"
        }
      [32m+[0m[0m tags_all                             = {
          [32m+[0m[0m "Name"      = "stackpilot"
          [32m+[0m[0m "ephemeral" = "true"
          [32m+[0m[0m "owner"     = "francis"
          [32m+[0m[0m "project"   = "stackpilot"
        }
      [32m+[0m[0m tenancy                              = (known after apply)
      [32m+[0m[0m user_data                            = "962d4a04ac49282acb3a2823ec465002f401adfd"
      [32m+[0m[0m user_data_base64                     = (known after apply)
      [32m+[0m[0m user_data_replace_on_change          = false
      [32m+[0m[0m vpc_security_group_ids               = (known after apply)

      [32m+[0m[0m capacity_reservation_specification (known after apply)

      [32m+[0m[0m cpu_options (known after apply)

      [32m+[0m[0m ebs_block_device (known after apply)

      [32m+[0m[0m enclave_options (known after apply)

      [32m+[0m[0m ephemeral_block_device (known after apply)

      [32m+[0m[0m instance_market_options (known after apply)

      [32m+[0m[0m maintenance_options (known after apply)

      [32m+[0m[0m metadata_options (known after apply)

      [32m+[0m[0m network_interface (known after apply)

      [32m+[0m[0m private_dns_name_options (known after apply)

      [32m+[0m[0m root_block_device {
          [32m+[0m[0m delete_on_termination = true
          [32m+[0m[0m device_name           = (known after apply)
          [32m+[0m[0m encrypted             = (known after apply)
          [32m+[0m[0m iops                  = (known after apply)
          [32m+[0m[0m kms_key_id            = (known after apply)
          [32m+[0m[0m tags_all              = (known after apply)
          [32m+[0m[0m throughput            = (known after apply)
          [32m+[0m[0m volume_id             = (known after apply)
          [32m+[0m[0m volume_size           = 8
          [32m+[0m[0m volume_type           = "gp3"
        }
    }

[1m  # aws_key_pair.stackpilot[0m will be created
[0m  [32m+[0m[0m resource "aws_key_pair" "stackpilot" {
      [32m+[0m[0m arn             = (known after apply)
      [32m+[0m[0m fingerprint     = (known after apply)
      [32m+[0m[0m id              = (known after apply)
      [32m+[0m[0m key_name        = "stackpilot"
      [32m+[0m[0m key_name_prefix = (known after apply)
      [32m+[0m[0m key_pair_id     = (known after apply)
      [32m+[0m[0m key_type        = (known after apply)
      [32m+[0m[0m public_key      = "ssh-ed25519 AAAAC3NzaC1lZDI1NTE5AAAAIACUhAX64Xgv5UdoaF86JFYOXGl8q4nwOtKyWwRO1ZN4 HP@DESKTOP-UCAJTP1"
      [32m+[0m[0m tags            = {
          [32m+[0m[0m "Name" = "stackpilot-key"
        }
      [32m+[0m[0m tags_all        = {
          [32m+[0m[0m "Name"      = "stackpilot-key"
          [32m+[0m[0m "ephemeral" = "true"
          [32m+[0m[0m "owner"     = "francis"
          [32m+[0m[0m "project"   = "stackpilot"
        }
    }

[1m  # aws_security_group.stackpilot[0m will be created
[0m  [32m+[0m[0m resource "aws_security_group" "stackpilot" {
      [32m+[0m[0m arn                    = (known after apply)
      [32m+[0m[0m description            = "allow SSH + API from operator IP only"
      [32m+[0m[0m egress                 = [
          [32m+[0m[0m {
              [32m+[0m[0m cidr_blocks      = [
                  [32m+[0m[0m "0.0.0.0/0",
                ]
              [32m+[0m[0m description      = "Outbound allowed (apt, docker pulls, etc.)"
              [32m+[0m[0m from_port        = 0
              [32m+[0m[0m ipv6_cidr_blocks = []
              [32m+[0m[0m prefix_list_ids  = []
              [32m+[0m[0m protocol         = "-1"
              [32m+[0m[0m security_groups  = []
              [32m+[0m[0m self             = false
              [32m+[0m[0m to_port          = 0
            },
        ]
      [32m+[0m[0m id                     = (known after apply)
      [32m+[0m[0m ingress                = [
          [32m+[0m[0m {
              [32m+[0m[0m cidr_blocks      = [
                  [32m+[0m[0m "102.88.54.179/32",
                ]
              [32m+[0m[0m description      = "API from operator IP"
              [32m+[0m[0m from_port        = 8000
              [32m+[0m[0m ipv6_cidr_blocks = []
              [32m+[0m[0m prefix_list_ids  = []
              [32m+[0m[0m protocol         = "tcp"
              [32m+[0m[0m security_groups  = []
              [32m+[0m[0m self             = false
              [32m+[0m[0m to_port          = 8000
            },
          [32m+[0m[0m {
              [32m+[0m[0m cidr_blocks      = [
                  [32m+[0m[0m "102.88.54.179/32",
                ]
              [32m+[0m[0m description      = "SSH from operator IP"
              [32m+[0m[0m from_port        = 22
              [32m+[0m[0m ipv6_cidr_blocks = []
              [32m+[0m[0m prefix_list_ids  = []
              [32m+[0m[0m protocol         = "tcp"
              [32m+[0m[0m security_groups  = []
              [32m+[0m[0m self             = false
              [32m+[0m[0m to_port          = 22
            },
        ]
      [32m+[0m[0m name                   = "stackpilot-sg"
      [32m+[0m[0m name_prefix            = (known after apply)
      [32m+[0m[0m owner_id               = (known after apply)
      [32m+[0m[0m revoke_rules_on_delete = false
      [32m+[0m[0m tags                   = {
          [32m+[0m[0m "Name" = "stackpilot-sg"
        }
      [32m+[0m[0m tags_all               = {
          [32m+[0m[0m "Name"      = "stackpilot-sg"
          [32m+[0m[0m "ephemeral" = "true"
          [32m+[0m[0m "owner"     = "francis"
          [32m+[0m[0m "project"   = "stackpilot"
        }
      [32m+[0m[0m vpc_id                 = "vpc-063790f15fa202b1f"
    }

[1mPlan:[0m [0m3 to add, 0 to change, 0 to destroy.

Changes to Outputs:
  [32m+[0m[0m api_port          = 8000
  [32m+[0m[0m instance_id       = (known after apply)
  [32m+[0m[0m public_dns        = (known after apply)
  [32m+[0m[0m public_ip         = (known after apply)
  [32m+[0m[0m security_group_id = (known after apply)
  [32m+[0m[0m ssh_user          = "ubuntu"
[0m[1maws_key_pair.stackpilot: Creating...[0m[0m
[0m[1maws_security_group.stackpilot: Creating...[0m[0m
[0m[1maws_key_pair.stackpilot: Creation complete after 1s [id=stackpilot][0m
[0m[1maws_security_group.stackpilot: Creation complete after 6s [id=sg-06631add93f7eddc6][0m
[0m[1maws_instance.stackpilot: Creating...[0m[0m
[0m[1maws_instance.stackpilot: Still creating... [00m10s elapsed][0m[0m
[0m[1maws_instance.stackpilot: Still creating... [00m20s elapsed][0m[0m
[0m[1maws_instance.stackpilot: Still creating... [00m30s elapsed][0m[0m
[0m[1maws_instance.stackpilot: Creation complete after 35s [id=i-0d7141a3529971dc8][0m
[0m[1m[32m
Apply complete! Resources: 3 added, 0 changed, 0 destroyed.[0m
[0m[1m[32m
Outputs:

[0mapi_port = 8000
instance_id = "i-0d7141a3529971dc8"
public_dns = "ec2-98-84-27-191.compute-1.amazonaws.com"
public_ip = "98.84.27.191"
security_group_id = "sg-06631add93f7eddc6"
ssh_user = "ubuntu"
api_port = 8000
instance_id = "i-0d7141a3529971dc8"
public_dns = "ec2-98-84-27-191.compute-1.amazonaws.com"
public_ip = "98.84.27.191"
security_group_id = "sg-06631add93f7eddc6"
ssh_user = "ubuntu"
PASS: terraform apply
Makefile:396: update target 'aws-target' due to: target is .PHONY
echo "== AWS: write target.env =="
== AWS: write target.env ==
mkdir -p "C:/Projects/StackPilot/artifacts/aws"
bash "C:/Projects/StackPilot/scripts/aws/target-env.sh"
PASS: wrote: /c/Projects/StackPilot/artifacts/aws/target.env
TARGET_HOST=98.84.27.191
SSH_HOST=98.84.27.191
SSH_USER=ubuntu
API_PORT=8000
BASE_URL=http://98.84.27.191:8000
