data.aws_ssm_parameter.ubuntu_2204_ami: Reading...
data.aws_vpc.default: Reading...
data.aws_ssm_parameter.ubuntu_2204_ami: Read complete after 2s [id=/aws/service/canonical/ubuntu/server/22.04/stable/current/amd64/hvm/ebs-gp2/ami-id]
data.aws_vpc.default: Read complete after 3s [id=vpc-063790f15fa202b1f]
data.aws_subnets.default_vpc_subnets: Reading...
data.aws_subnets.default_vpc_subnets: Read complete after 0s [id=us-east-1]

Terraform used the selected providers to generate the following execution
plan. Resource actions are indicated with the following symbols:
  + create

Terraform will perform the following actions:

  # aws_instance.stackpilot will be created
  + resource "aws_instance" "stackpilot" {
      + ami                                  = (sensitive value)
      + arn                                  = (known after apply)
      + associate_public_ip_address          = true
      + availability_zone                    = (known after apply)
      + cpu_core_count                       = (known after apply)
      + cpu_threads_per_core                 = (known after apply)
      + disable_api_stop                     = (known after apply)
      + disable_api_termination              = (known after apply)
      + ebs_optimized                        = (known after apply)
      + enable_primary_ipv6                  = (known after apply)
      + get_password_data                    = false
      + host_id                              = (known after apply)
      + host_resource_group_arn              = (known after apply)
      + iam_instance_profile                 = (known after apply)
      + id                                   = (known after apply)
      + instance_initiated_shutdown_behavior = (known after apply)
      + instance_lifecycle                   = (known after apply)
      + instance_state                       = (known after apply)
      + instance_type                        = "t2.micro"
      + ipv6_address_count                   = (known after apply)
      + ipv6_addresses                       = (known after apply)
      + key_name                             = "stackpilot-ephemeral-20260216T132846Z"
      + monitoring                           = (known after apply)
      + outpost_arn                          = (known after apply)
      + password_data                        = (known after apply)
      + placement_group                      = (known after apply)
      + placement_partition_number           = (known after apply)
      + primary_network_interface_id         = (known after apply)
      + private_dns                          = (known after apply)
      + private_ip                           = (known after apply)
      + public_dns                           = (known after apply)
      + public_ip                            = (known after apply)
      + secondary_private_ips                = (known after apply)
      + security_groups                      = (known after apply)
      + source_dest_check                    = true
      + spot_instance_request_id             = (known after apply)
      + subnet_id                            = "subnet-0121c878b62037477"
      + tags                                 = {
          + "Name" = "stackpilot"
        }
      + tags_all                             = {
          + "Name"      = "stackpilot"
          + "ephemeral" = "true"
          + "owner"     = "francis"
          + "project"   = "stackpilot"
        }
      + tenancy                              = (known after apply)
      + user_data                            = "deebd34607bb4c9cef38f797d744a4a8deb7b0e9"
      + user_data_base64                     = (known after apply)
      + user_data_replace_on_change          = false
      + vpc_security_group_ids               = (known after apply)

      + capacity_reservation_specification (known after apply)

      + cpu_options (known after apply)

      + ebs_block_device (known after apply)

      + enclave_options (known after apply)

      + ephemeral_block_device (known after apply)

      + instance_market_options (known after apply)

      + maintenance_options (known after apply)

      + metadata_options (known after apply)

      + network_interface (known after apply)

      + private_dns_name_options (known after apply)

      + root_block_device {
          + delete_on_termination = true
          + device_name           = (known after apply)
          + encrypted             = (known after apply)
          + iops                  = (known after apply)
          + kms_key_id            = (known after apply)
          + tags_all              = (known after apply)
          + throughput            = (known after apply)
          + volume_id             = (known after apply)
          + volume_size           = 8
          + volume_type           = "gp3"
        }
    }

  # aws_key_pair.stackpilot will be created
  + resource "aws_key_pair" "stackpilot" {
      + arn             = (known after apply)
      + fingerprint     = (known after apply)
      + id              = (known after apply)
      + key_name        = "stackpilot-ephemeral-20260216T132846Z"
      + key_name_prefix = (known after apply)
      + key_pair_id     = (known after apply)
      + key_type        = (known after apply)
      + public_key      = "ssh-ed25519 AAAAC3NzaC1lZDI1NTE5AAAAICy6SHDp3zaWs2clhzd1qur1wQ/ShYm5PxXePTBmIQeI HP@DESKTOP-UCAJTP1"
      + tags            = {
          + "Name" = "stackpilot-key"
        }
      + tags_all        = {
          + "Name"      = "stackpilot-key"
          + "ephemeral" = "true"
          + "owner"     = "francis"
          + "project"   = "stackpilot"
        }
    }

  # aws_security_group.stackpilot will be created
  + resource "aws_security_group" "stackpilot" {
      + arn                    = (known after apply)
      + description            = "allow SSH + API from operator IP only"
      + egress                 = [
          + {
              + cidr_blocks      = [
                  + "0.0.0.0/0",
                ]
              + description      = "Outbound allowed (apt, docker pulls, etc.)"
              + from_port        = 0
              + ipv6_cidr_blocks = []
              + prefix_list_ids  = []
              + protocol         = "-1"
              + security_groups  = []
              + self             = false
              + to_port          = 0
            },
        ]
      + id                     = (known after apply)
      + ingress                = [
          + {
              + cidr_blocks      = [
                  + "102.67.23.92/32",
                ]
              + description      = "API from operator IP"
              + from_port        = 8000
              + ipv6_cidr_blocks = []
              + prefix_list_ids  = []
              + protocol         = "tcp"
              + security_groups  = []
              + self             = false
              + to_port          = 8000
            },
          + {
              + cidr_blocks      = [
                  + "102.67.23.92/32",
                ]
              + description      = "SSH from operator IP"
              + from_port        = 22
              + ipv6_cidr_blocks = []
              + prefix_list_ids  = []
              + protocol         = "tcp"
              + security_groups  = []
              + self             = false
              + to_port          = 22
            },
        ]
      + name                   = "stackpilot-sg"
      + name_prefix            = (known after apply)
      + owner_id               = (known after apply)
      + revoke_rules_on_delete = false
      + tags                   = {
          + "Name" = "stackpilot-sg"
        }
      + tags_all               = {
          + "Name"      = "stackpilot-sg"
          + "ephemeral" = "true"
          + "owner"     = "francis"
          + "project"   = "stackpilot"
        }
      + vpc_id                 = "vpc-063790f15fa202b1f"
    }

Plan: 3 to add, 0 to change, 0 to destroy.

Changes to Outputs:
  + api_port          = 8000
  + instance_id       = (known after apply)
  + public_dns        = (known after apply)
  + public_ip         = (known after apply)
  + security_group_id = (known after apply)
  + ssh_user          = "ubuntu"
aws_key_pair.stackpilot: Creating...
aws_security_group.stackpilot: Creating...
aws_key_pair.stackpilot: Creation complete after 2s [id=stackpilot-ephemeral-20260216T132846Z]
aws_security_group.stackpilot: Creation complete after 6s [id=sg-0c2a7511810363cd4]
aws_instance.stackpilot: Creating...
aws_instance.stackpilot: Still creating... [00m10s elapsed]
aws_instance.stackpilot: Still creating... [00m20s elapsed]
aws_instance.stackpilot: Still creating... [00m30s elapsed]
aws_instance.stackpilot: Still creating... [00m40s elapsed]
aws_instance.stackpilot: Creation complete after 45s [id=i-02cab588b486f0e0e]

Apply complete! Resources: 3 added, 0 changed, 0 destroyed.

Outputs:

api_port = 8000
instance_id = "i-02cab588b486f0e0e"
public_dns = "ec2-3-235-173-222.compute-1.amazonaws.com"
public_ip = "3.235.173.222"
security_group_id = "sg-0c2a7511810363cd4"
ssh_user = "ubuntu"
