make[1]: Entering directory 'C:/Projects/StackPilot'
== AWS: STS identity check ==
== AWS STS CHECK == auth mode: profile (local-style)
== AWS STS CHECK == region: us-east-1
== AWS STS CHECK == profile: stackpilot-ci
{
    "UserId": "AIDAVFEM4XVZ3T52PUQJS",
    "Account": "354630286707",
    "Arn": "arn:aws:iam::354630286707:user/stackpilot-ci"
}
== AWS STS CHECK == PASS: sts identity ok
== AWS: terraform destroy ==
INFO: using run-specific var-file: /c/Projects/StackPilot/artifacts/aws/run.tfvars
== AWS: terraform destroy ==
data.aws_vpc.default: Reading...
data.aws_ssm_parameter.ubuntu_2204_ami: Reading...
aws_key_pair.stackpilot: Refreshing state... [id=stackpilot-ephemeral-20260216T132846Z]
data.aws_ssm_parameter.ubuntu_2204_ami: Read complete after 1s [id=/aws/service/canonical/ubuntu/server/22.04/stable/current/amd64/hvm/ebs-gp2/ami-id]
data.aws_vpc.default: Read complete after 3s [id=vpc-063790f15fa202b1f]
data.aws_subnets.default_vpc_subnets: Reading...
aws_security_group.stackpilot: Refreshing state... [id=sg-0c2a7511810363cd4]
data.aws_subnets.default_vpc_subnets: Read complete after 0s [id=us-east-1]
aws_instance.stackpilot: Refreshing state... [id=i-02cab588b486f0e0e]

Terraform used the selected providers to generate the following execution
plan. Resource actions are indicated with the following symbols:
  - destroy

Terraform will perform the following actions:

  # aws_instance.stackpilot will be destroyed
  - resource "aws_instance" "stackpilot" {
      - ami                                  = (sensitive value) -> null
      - arn                                  = "arn:aws:ec2:us-east-1:354630286707:instance/i-02cab588b486f0e0e" -> null
      - associate_public_ip_address          = true -> null
      - availability_zone                    = "us-east-1f" -> null
      - cpu_core_count                       = 1 -> null
      - cpu_threads_per_core                 = 1 -> null
      - disable_api_stop                     = false -> null
      - disable_api_termination              = false -> null
      - ebs_optimized                        = false -> null
      - get_password_data                    = false -> null
      - hibernation                          = false -> null
      - id                                   = "i-02cab588b486f0e0e" -> null
      - instance_initiated_shutdown_behavior = "stop" -> null
      - instance_state                       = "running" -> null
      - instance_type                        = "t2.micro" -> null
      - ipv6_address_count                   = 0 -> null
      - ipv6_addresses                       = [] -> null
      - key_name                             = "stackpilot-ephemeral-20260216T132846Z" -> null
      - monitoring                           = false -> null
      - placement_partition_number           = 0 -> null
      - primary_network_interface_id         = "eni-01f78b5305427de6f" -> null
      - private_dns                          = "ip-172-31-68-95.ec2.internal" -> null
      - private_ip                           = "172.31.68.95" -> null
      - public_dns                           = "ec2-3-235-173-222.compute-1.amazonaws.com" -> null
      - public_ip                            = "3.235.173.222" -> null
      - secondary_private_ips                = [] -> null
      - security_groups                      = [
          - "stackpilot-sg",
        ] -> null
      - source_dest_check                    = true -> null
      - subnet_id                            = "subnet-0121c878b62037477" -> null
      - tags                                 = {
          - "Name" = "stackpilot"
        } -> null
      - tags_all                             = {
          - "Name"      = "stackpilot"
          - "ephemeral" = "true"
          - "owner"     = "francis"
          - "project"   = "stackpilot"
        } -> null
      - tenancy                              = "default" -> null
      - user_data                            = "deebd34607bb4c9cef38f797d744a4a8deb7b0e9" -> null
      - user_data_replace_on_change          = false -> null
      - vpc_security_group_ids               = [
          - "sg-0c2a7511810363cd4",
        ] -> null
        # (7 unchanged attributes hidden)

      - capacity_reservation_specification {
          - capacity_reservation_preference = "open" -> null
        }

      - cpu_options {
          - core_count       = 1 -> null
          - threads_per_core = 1 -> null
            # (1 unchanged attribute hidden)
        }

      - credit_specification {
          - cpu_credits = "standard" -> null
        }

      - enclave_options {
          - enabled = false -> null
        }

      - maintenance_options {
          - auto_recovery = "default" -> null
        }

      - metadata_options {
          - http_endpoint               = "enabled" -> null
          - http_protocol_ipv6          = "disabled" -> null
          - http_put_response_hop_limit = 1 -> null
          - http_tokens                 = "optional" -> null
          - instance_metadata_tags      = "disabled" -> null
        }

      - private_dns_name_options {
          - enable_resource_name_dns_a_record    = false -> null
          - enable_resource_name_dns_aaaa_record = false -> null
          - hostname_type                        = "ip-name" -> null
        }

      - root_block_device {
          - delete_on_termination = true -> null
          - device_name           = "/dev/sda1" -> null
          - encrypted             = false -> null
          - iops                  = 3000 -> null
          - tags                  = {} -> null
          - tags_all              = {
              - "ephemeral" = "true"
              - "owner"     = "francis"
              - "project"   = "stackpilot"
            } -> null
          - throughput            = 125 -> null
          - volume_id             = "vol-084fec40f0d51b4d8" -> null
          - volume_size           = 8 -> null
          - volume_type           = "gp3" -> null
            # (1 unchanged attribute hidden)
        }
    }

  # aws_key_pair.stackpilot will be destroyed
  - resource "aws_key_pair" "stackpilot" {
      - arn             = "arn:aws:ec2:us-east-1:354630286707:key-pair/stackpilot-ephemeral-20260216T132846Z" -> null
      - fingerprint     = "hhkcmoRrmIPDLd17HOpH9bo3lq+5UE52E0IY9BSbanI=" -> null
      - id              = "stackpilot-ephemeral-20260216T132846Z" -> null
      - key_name        = "stackpilot-ephemeral-20260216T132846Z" -> null
      - key_pair_id     = "key-077167fd68e87beb3" -> null
      - key_type        = "ed25519" -> null
      - public_key      = "ssh-ed25519 AAAAC3NzaC1lZDI1NTE5AAAAICy6SHDp3zaWs2clhzd1qur1wQ/ShYm5PxXePTBmIQeI HP@DESKTOP-UCAJTP1" -> null
      - tags            = {
          - "Name" = "stackpilot-key"
        } -> null
      - tags_all        = {
          - "Name"      = "stackpilot-key"
          - "ephemeral" = "true"
          - "owner"     = "francis"
          - "project"   = "stackpilot"
        } -> null
        # (1 unchanged attribute hidden)
    }

  # aws_security_group.stackpilot will be destroyed
  - resource "aws_security_group" "stackpilot" {
      - arn                    = "arn:aws:ec2:us-east-1:354630286707:security-group/sg-0c2a7511810363cd4" -> null
      - description            = "allow SSH + API from operator IP only" -> null
      - egress                 = [
          - {
              - cidr_blocks      = [
                  - "0.0.0.0/0",
                ]
              - description      = "Outbound allowed (apt, docker pulls, etc.)"
              - from_port        = 0
              - ipv6_cidr_blocks = []
              - prefix_list_ids  = []
              - protocol         = "-1"
              - security_groups  = []
              - self             = false
              - to_port          = 0
            },
        ] -> null
      - id                     = "sg-0c2a7511810363cd4" -> null
      - ingress                = [
          - {
              - cidr_blocks      = [
                  - "102.67.23.92/32",
                ]
              - description      = "API from operator IP"
              - from_port        = 8000
              - ipv6_cidr_blocks = []
              - prefix_list_ids  = []
              - protocol         = "tcp"
              - security_groups  = []
              - self             = false
              - to_port          = 8000
            },
          - {
              - cidr_blocks      = [
                  - "102.67.23.92/32",
                ]
              - description      = "SSH from operator IP"
              - from_port        = 22
              - ipv6_cidr_blocks = []
              - prefix_list_ids  = []
              - protocol         = "tcp"
              - security_groups  = []
              - self             = false
              - to_port          = 22
            },
        ] -> null
      - name                   = "stackpilot-sg" -> null
      - owner_id               = "354630286707" -> null
      - revoke_rules_on_delete = false -> null
      - tags                   = {
          - "Name" = "stackpilot-sg"
        } -> null
      - tags_all               = {
          - "Name"      = "stackpilot-sg"
          - "ephemeral" = "true"
          - "owner"     = "francis"
          - "project"   = "stackpilot"
        } -> null
      - vpc_id                 = "vpc-063790f15fa202b1f" -> null
        # (1 unchanged attribute hidden)
    }

Plan: 0 to add, 0 to change, 3 to destroy.

Changes to Outputs:
  - api_port          = 8000 -> null
  - instance_id       = "i-02cab588b486f0e0e" -> null
  - public_dns        = "ec2-3-235-173-222.compute-1.amazonaws.com" -> null
  - public_ip         = "3.235.173.222" -> null
  - security_group_id = "sg-0c2a7511810363cd4" -> null
  - ssh_user          = "ubuntu" -> null
aws_instance.stackpilot: Destroying... [id=i-02cab588b486f0e0e]
aws_instance.stackpilot: Still destroying... [id=i-02cab588b486f0e0e, 00m10s elapsed]
aws_instance.stackpilot: Still destroying... [id=i-02cab588b486f0e0e, 00m20s elapsed]
aws_instance.stackpilot: Still destroying... [id=i-02cab588b486f0e0e, 00m30s elapsed]
aws_instance.stackpilot: Still destroying... [id=i-02cab588b486f0e0e, 00m40s elapsed]
aws_instance.stackpilot: Still destroying... [id=i-02cab588b486f0e0e, 00m50s elapsed]
aws_instance.stackpilot: Destruction complete after 53s
aws_key_pair.stackpilot: Destroying... [id=stackpilot-ephemeral-20260216T132846Z]
aws_security_group.stackpilot: Destroying... [id=sg-0c2a7511810363cd4]
aws_key_pair.stackpilot: Destruction complete after 0s
aws_security_group.stackpilot: Destruction complete after 1s

Destroy complete! Resources: 3 destroyed.
PASS: terraform destroy
make[1]: Leaving directory 'C:/Projects/StackPilot'
