== AWS: generate ephemeral keypair ==
PASS: generated keypair
private: /c/Projects/StackPilot/artifacts/aws/stackpilot_ci_key
public:  /c/Projects/StackPilot/artifacts/aws/stackpilot_ci_key.pub
== AWS: write run.tfvars (ephemeral key) ==
PASS: wrote /c/Projects/StackPilot/artifacts/aws/run.tfvars
== AWS: update operator IP ==
[aws-ip] detecting public ip...
[aws-ip] OK: 102.67.23.92/32
[aws-ip] wrote: infra/aws/tf/operator.auto.tfvars
== AWS: STS identity check ==
== AWS STS CHECK == auth mode: profile (local-style)
== AWS STS CHECK == region: us-east-1
== AWS STS CHECK == profile: stackpilot-ci
{
    "UserId": "AIDAVFEM4XVZ3T52PUQJS",
    "Account": "354630286707",
    "Arn": "arn:aws:iam::354630286707:user/stackpilot-ci"
}
== AWS STS CHECK == PASS: sts identity ok
== AWS: terraform init ==
[0m[1mInitializing the backend...[0m
[0m[1mInitializing provider plugins...[0m
- Finding hashicorp/aws versions matching "~> 5.0"...
- Using previously-installed hashicorp/aws v5.100.0

[0m[1m[32mTerraform has been successfully initialized![0m[32m[0m
[0m[32m
You may now begin working with Terraform. Try running "terraform plan" to see
any changes that are required for your infrastructure. All Terraform commands
should now work.

If you ever set or change modules or backend configuration for Terraform,
rerun this command to reinitialize your working directory. If you forget, other
commands will detect it and remind you to do so if necessary.[0m
PASS: terraform init
== AWS: terraform validate ==
[32m[1mSuccess![0m The configuration is valid.
[0m
PASS: terraform validate
== AWS: terraform plan ==
INFO: using run-specific var-file: /c/Projects/StackPilot/artifacts/aws/run.tfvars
== AWS: terraform plan ==
data.aws_ssm_parameter.ubuntu_2204_ami: Reading...
data.aws_vpc.default: Reading...
data.aws_ssm_parameter.ubuntu_2204_ami: Read complete after 1s [id=/aws/service/canonical/ubuntu/server/22.04/stable/current/amd64/hvm/ebs-gp2/ami-id]
data.aws_vpc.default: Read complete after 3s [id=vpc-063790f15fa202b1f]
data.aws_subnets.default_vpc_subnets: Reading...
data.aws_subnets.default_vpc_subnets: Read complete after 0s [id=us-east-1]

Terraform used the selected providers to generate the following execution
plan. Resource actions are indicated with the following symbols:
  + create

Terraform will perform the following actions:

  # aws_instance.stackpilot will be created
  + resource "aws_instance" "stackpilot" {
      + ami                                  = (sensitive value)
      + arn                                  = (known after apply)
      + associate_public_ip_address          = true
      + availability_zone                    = (known after apply)
      + cpu_core_count                       = (known after apply)
      + cpu_threads_per_core                 = (known after apply)
      + disable_api_stop                     = (known after apply)
      + disable_api_termination              = (known after apply)
      + ebs_optimized                        = (known after apply)
      + enable_primary_ipv6                  = (known after apply)
      + get_password_data                    = false
      + host_id                              = (known after apply)
      + host_resource_group_arn              = (known after apply)
      + iam_instance_profile                 = (known after apply)
      + id                                   = (known after apply)
      + instance_initiated_shutdown_behavior = (known after apply)
      + instance_lifecycle                   = (known after apply)
      + instance_state                       = (known after apply)
      + instance_type                        = "t2.micro"
      + ipv6_address_count                   = (known after apply)
      + ipv6_addresses                       = (known after apply)
      + key_name                             = "stackpilot-ephemeral-20260216T132846Z"
      + monitoring                           = (known after apply)
      + outpost_arn                          = (known after apply)
      + password_data                        = (known after apply)
      + placement_group                      = (known after apply)
      + placement_partition_number           = (known after apply)
      + primary_network_interface_id         = (known after apply)
      + private_dns                          = (known after apply)
      + private_ip                           = (known after apply)
      + public_dns                           = (known after apply)
      + public_ip                            = (known after apply)
      + secondary_private_ips                = (known after apply)
      + security_groups                      = (known after apply)
      + source_dest_check                    = true
      + spot_instance_request_id             = (known after apply)
      + subnet_id                            = "subnet-0121c878b62037477"
      + tags                                 = {
          + "Name" = "stackpilot"
        }
      + tags_all                             = {
          + "Name"      = "stackpilot"
          + "ephemeral" = "true"
          + "owner"     = "francis"
          + "project"   = "stackpilot"
        }
      + tenancy                              = (known after apply)
      + user_data                            = "deebd34607bb4c9cef38f797d744a4a8deb7b0e9"
      + user_data_base64                     = (known after apply)
      + user_data_replace_on_change          = false
      + vpc_security_group_ids               = (known after apply)

      + capacity_reservation_specification (known after apply)

      + cpu_options (known after apply)

      + ebs_block_device (known after apply)

      + enclave_options (known after apply)

      + ephemeral_block_device (known after apply)

      + instance_market_options (known after apply)

      + maintenance_options (known after apply)

      + metadata_options (known after apply)

      + network_interface (known after apply)

      + private_dns_name_options (known after apply)

      + root_block_device {
          + delete_on_termination = true
          + device_name           = (known after apply)
          + encrypted             = (known after apply)
          + iops                  = (known after apply)
          + kms_key_id            = (known after apply)
          + tags_all              = (known after apply)
          + throughput            = (known after apply)
          + volume_id             = (known after apply)
          + volume_size           = 8
          + volume_type           = "gp3"
        }
    }

  # aws_key_pair.stackpilot will be created
  + resource "aws_key_pair" "stackpilot" {
      + arn             = (known after apply)
      + fingerprint     = (known after apply)
      + id              = (known after apply)
      + key_name        = "stackpilot-ephemeral-20260216T132846Z"
      + key_name_prefix = (known after apply)
      + key_pair_id     = (known after apply)
      + key_type        = (known after apply)
      + public_key      = "ssh-ed25519 AAAAC3NzaC1lZDI1NTE5AAAAICy6SHDp3zaWs2clhzd1qur1wQ/ShYm5PxXePTBmIQeI HP@DESKTOP-UCAJTP1"
      + tags            = {
          + "Name" = "stackpilot-key"
        }
      + tags_all        = {
          + "Name"      = "stackpilot-key"
          + "ephemeral" = "true"
          + "owner"     = "francis"
          + "project"   = "stackpilot"
        }
    }

  # aws_security_group.stackpilot will be created
  + resource "aws_security_group" "stackpilot" {
      + arn                    = (known after apply)
      + description            = "allow SSH + API from operator IP only"
      + egress                 = [
          + {
              + cidr_blocks      = [
                  + "0.0.0.0/0",
                ]
              + description      = "Outbound allowed (apt, docker pulls, etc.)"
              + from_port        = 0
              + ipv6_cidr_blocks = []
              + prefix_list_ids  = []
              + protocol         = "-1"
              + security_groups  = []
              + self             = false
              + to_port          = 0
            },
        ]
      + id                     = (known after apply)
      + ingress                = [
          + {
              + cidr_blocks      = [
                  + "102.67.23.92/32",
                ]
              + description      = "API from operator IP"
              + from_port        = 8000
              + ipv6_cidr_blocks = []
              + prefix_list_ids  = []
              + protocol         = "tcp"
              + security_groups  = []
              + self             = false
              + to_port          = 8000
            },
          + {
              + cidr_blocks      = [
                  + "102.67.23.92/32",
                ]
              + description      = "SSH from operator IP"
              + from_port        = 22
              + ipv6_cidr_blocks = []
              + prefix_list_ids  = []
              + protocol         = "tcp"
              + security_groups  = []
              + self             = false
              + to_port          = 22
            },
        ]
      + name                   = "stackpilot-sg"
      + name_prefix            = (known after apply)
      + owner_id               = (known after apply)
      + revoke_rules_on_delete = false
      + tags                   = {
          + "Name" = "stackpilot-sg"
        }
      + tags_all               = {
          + "Name"      = "stackpilot-sg"
          + "ephemeral" = "true"
          + "owner"     = "francis"
          + "project"   = "stackpilot"
        }
      + vpc_id                 = "vpc-063790f15fa202b1f"
    }

Plan: 3 to add, 0 to change, 0 to destroy.

Changes to Outputs:
  + api_port          = 8000
  + instance_id       = (known after apply)
  + public_dns        = (known after apply)
  + public_ip         = (known after apply)
  + security_group_id = (known after apply)
  + ssh_user          = "ubuntu"

─────────────────────────────────────────────────────────────────────────────

Note: You didn't use the -out option to save this plan, so Terraform can't
guarantee to take exactly these actions if you run "terraform apply" now.
PASS: terraform plan
== AWS: plan guard ==
== PLAN GUARD ==
writing plan: /c/Projects/StackPilot/artifacts/aws/tf.plan
PASS: plan guard (data sources allowed)
== AWS: terraform apply ==
INFO: using run-specific var-file: /c/Projects/StackPilot/artifacts/aws/run.tfvars
== AWS: terraform apply ==
data.aws_ssm_parameter.ubuntu_2204_ami: Reading...
data.aws_vpc.default: Reading...
data.aws_ssm_parameter.ubuntu_2204_ami: Read complete after 2s [id=/aws/service/canonical/ubuntu/server/22.04/stable/current/amd64/hvm/ebs-gp2/ami-id]
data.aws_vpc.default: Read complete after 3s [id=vpc-063790f15fa202b1f]
data.aws_subnets.default_vpc_subnets: Reading...
data.aws_subnets.default_vpc_subnets: Read complete after 0s [id=us-east-1]

Terraform used the selected providers to generate the following execution
plan. Resource actions are indicated with the following symbols:
  + create

Terraform will perform the following actions:

  # aws_instance.stackpilot will be created
  + resource "aws_instance" "stackpilot" {
      + ami                                  = (sensitive value)
      + arn                                  = (known after apply)
      + associate_public_ip_address          = true
      + availability_zone                    = (known after apply)
      + cpu_core_count                       = (known after apply)
      + cpu_threads_per_core                 = (known after apply)
      + disable_api_stop                     = (known after apply)
      + disable_api_termination              = (known after apply)
      + ebs_optimized                        = (known after apply)
      + enable_primary_ipv6                  = (known after apply)
      + get_password_data                    = false
      + host_id                              = (known after apply)
      + host_resource_group_arn              = (known after apply)
      + iam_instance_profile                 = (known after apply)
      + id                                   = (known after apply)
      + instance_initiated_shutdown_behavior = (known after apply)
      + instance_lifecycle                   = (known after apply)
      + instance_state                       = (known after apply)
      + instance_type                        = "t2.micro"
      + ipv6_address_count                   = (known after apply)
      + ipv6_addresses                       = (known after apply)
      + key_name                             = "stackpilot-ephemeral-20260216T132846Z"
      + monitoring                           = (known after apply)
      + outpost_arn                          = (known after apply)
      + password_data                        = (known after apply)
      + placement_group                      = (known after apply)
      + placement_partition_number           = (known after apply)
      + primary_network_interface_id         = (known after apply)
      + private_dns                          = (known after apply)
      + private_ip                           = (known after apply)
      + public_dns                           = (known after apply)
      + public_ip                            = (known after apply)
      + secondary_private_ips                = (known after apply)
      + security_groups                      = (known after apply)
      + source_dest_check                    = true
      + spot_instance_request_id             = (known after apply)
      + subnet_id                            = "subnet-0121c878b62037477"
      + tags                                 = {
          + "Name" = "stackpilot"
        }
      + tags_all                             = {
          + "Name"      = "stackpilot"
          + "ephemeral" = "true"
          + "owner"     = "francis"
          + "project"   = "stackpilot"
        }
      + tenancy                              = (known after apply)
      + user_data                            = "deebd34607bb4c9cef38f797d744a4a8deb7b0e9"
      + user_data_base64                     = (known after apply)
      + user_data_replace_on_change          = false
      + vpc_security_group_ids               = (known after apply)

      + capacity_reservation_specification (known after apply)

      + cpu_options (known after apply)

      + ebs_block_device (known after apply)

      + enclave_options (known after apply)

      + ephemeral_block_device (known after apply)

      + instance_market_options (known after apply)

      + maintenance_options (known after apply)

      + metadata_options (known after apply)

      + network_interface (known after apply)

      + private_dns_name_options (known after apply)

      + root_block_device {
          + delete_on_termination = true
          + device_name           = (known after apply)
          + encrypted             = (known after apply)
          + iops                  = (known after apply)
          + kms_key_id            = (known after apply)
          + tags_all              = (known after apply)
          + throughput            = (known after apply)
          + volume_id             = (known after apply)
          + volume_size           = 8
          + volume_type           = "gp3"
        }
    }

  # aws_key_pair.stackpilot will be created
  + resource "aws_key_pair" "stackpilot" {
      + arn             = (known after apply)
      + fingerprint     = (known after apply)
      + id              = (known after apply)
      + key_name        = "stackpilot-ephemeral-20260216T132846Z"
      + key_name_prefix = (known after apply)
      + key_pair_id     = (known after apply)
      + key_type        = (known after apply)
      + public_key      = "ssh-ed25519 AAAAC3NzaC1lZDI1NTE5AAAAICy6SHDp3zaWs2clhzd1qur1wQ/ShYm5PxXePTBmIQeI HP@DESKTOP-UCAJTP1"
      + tags            = {
          + "Name" = "stackpilot-key"
        }
      + tags_all        = {
          + "Name"      = "stackpilot-key"
          + "ephemeral" = "true"
          + "owner"     = "francis"
          + "project"   = "stackpilot"
        }
    }

  # aws_security_group.stackpilot will be created
  + resource "aws_security_group" "stackpilot" {
      + arn                    = (known after apply)
      + description            = "allow SSH + API from operator IP only"
      + egress                 = [
          + {
              + cidr_blocks      = [
                  + "0.0.0.0/0",
                ]
              + description      = "Outbound allowed (apt, docker pulls, etc.)"
              + from_port        = 0
              + ipv6_cidr_blocks = []
              + prefix_list_ids  = []
              + protocol         = "-1"
              + security_groups  = []
              + self             = false
              + to_port          = 0
            },
        ]
      + id                     = (known after apply)
      + ingress                = [
          + {
              + cidr_blocks      = [
                  + "102.67.23.92/32",
                ]
              + description      = "API from operator IP"
              + from_port        = 8000
              + ipv6_cidr_blocks = []
              + prefix_list_ids  = []
              + protocol         = "tcp"
              + security_groups  = []
              + self             = false
              + to_port          = 8000
            },
          + {
              + cidr_blocks      = [
                  + "102.67.23.92/32",
                ]
              + description      = "SSH from operator IP"
              + from_port        = 22
              + ipv6_cidr_blocks = []
              + prefix_list_ids  = []
              + protocol         = "tcp"
              + security_groups  = []
              + self             = false
              + to_port          = 22
            },
        ]
      + name                   = "stackpilot-sg"
      + name_prefix            = (known after apply)
      + owner_id               = (known after apply)
      + revoke_rules_on_delete = false
      + tags                   = {
          + "Name" = "stackpilot-sg"
        }
      + tags_all               = {
          + "Name"      = "stackpilot-sg"
          + "ephemeral" = "true"
          + "owner"     = "francis"
          + "project"   = "stackpilot"
        }
      + vpc_id                 = "vpc-063790f15fa202b1f"
    }

Plan: 3 to add, 0 to change, 0 to destroy.

Changes to Outputs:
  + api_port          = 8000
  + instance_id       = (known after apply)
  + public_dns        = (known after apply)
  + public_ip         = (known after apply)
  + security_group_id = (known after apply)
  + ssh_user          = "ubuntu"
aws_key_pair.stackpilot: Creating...
aws_security_group.stackpilot: Creating...
aws_key_pair.stackpilot: Creation complete after 2s [id=stackpilot-ephemeral-20260216T132846Z]
aws_security_group.stackpilot: Creation complete after 6s [id=sg-0c2a7511810363cd4]
aws_instance.stackpilot: Creating...
aws_instance.stackpilot: Still creating... [00m10s elapsed]
aws_instance.stackpilot: Still creating... [00m20s elapsed]
aws_instance.stackpilot: Still creating... [00m30s elapsed]
aws_instance.stackpilot: Still creating... [00m40s elapsed]
aws_instance.stackpilot: Creation complete after 45s [id=i-02cab588b486f0e0e]

Apply complete! Resources: 3 added, 0 changed, 0 destroyed.

Outputs:

api_port = 8000
instance_id = "i-02cab588b486f0e0e"
public_dns = "ec2-3-235-173-222.compute-1.amazonaws.com"
public_ip = "3.235.173.222"
security_group_id = "sg-0c2a7511810363cd4"
ssh_user = "ubuntu"
api_port = 8000
instance_id = "i-02cab588b486f0e0e"
public_dns = "ec2-3-235-173-222.compute-1.amazonaws.com"
public_ip = "3.235.173.222"
security_group_id = "sg-0c2a7511810363cd4"
ssh_user = "ubuntu"
PASS: terraform apply
== AWS: write target.env ==
PASS: wrote: /c/Projects/StackPilot/artifacts/aws/target.env
TARGET_HOST=3.235.173.222
SSH_HOST=3.235.173.222
SSH_USER=ubuntu
API_PORT=8000
BASE_URL=http://3.235.173.222:8000
== AWS: deploy stackpilot to EC2 ==
[deploy-aws] starting deploy
[deploy-aws] target: ubuntu@3.235.173.222
[deploy-aws] remote dir: /home/ubuntu/stackpilot
[deploy-aws] api port: 8000
[deploy-aws] health url: http://3.235.173.222:8000/health
[deploy-aws] 
[deploy-aws] COPY START: packaging repo -> /c/Projects/StackPilot/artifacts/aws/run/stackpilot-20260216T133038Z.tar.gz
[deploy-aws] COPY MID: archive created (61122855 bytes)
[deploy-aws] COPY END: packaging complete
[deploy-aws] 
[deploy-aws] COPY START: uploading archive -> /home/ubuntu/stackpilot-20260216T133038Z.tar.gz
Warning: Permanently added '3.235.173.222' (ED25519) to the list of known hosts.
[deploy-aws] COPY END: upload complete
[deploy-aws] 
[deploy-aws] REMOTE START: bootstrap-check + extract + deploy
[remote] waiting for bootstrap marker: /opt/stackpilot_bootstrap_done.txt
[remote] bootstrap marker found
[remote] ensuring /home/ubuntu/stackpilot
[remote] extracting /home/ubuntu/stackpilot-20260216T133038Z.tar.gz -> /home/ubuntu/stackpilot
[remote] cleanup archive
[remote] docker check
Docker version 29.2.1, build a5c7197
Docker Compose version v5.0.2
[remote] docker compose up (build api)
 Image postgres:16.4-alpine Pulling 
 500aaa681781 Pulling fs layer 
 da9db072f522 Pulling fs layer 
 7c35d0b2112f Pulling fs layer 
 3c23ffc3610d Pulling fs layer 
 6886cb0fa181 Pulling fs layer 
 4f90fd4705e0 Pulling fs layer 
 d68e4f14dc32 Pulling fs layer 
 5b2b0e42c692 Pulling fs layer 
 b6fcda863f21 Pulling fs layer 
 09852ea151b6 Pulling fs layer 
 754dcd3183db Pulling fs layer 
 7c35d0b2112f Downloading [==================================================>]     986B/986B
 754dcd3183db Downloading [==================================================>]  5.416kB/5.416kB
 500aaa681781 Downloading [==================================================>]     185B/185B
 7c35d0b2112f Download complete 
 3c23ffc3610d Download complete 
 6886cb0fa181 Download complete 
 5b2b0e42c692 Download complete 
 b6fcda863f21 Download complete 
 09852ea151b6 Download complete 
 754dcd3183db Download complete 
 500aaa681781 Download complete 
 da9db072f522 Downloading [===================>                               ]  1.417MB/3.624MB
 4f90fd4705e0 Download complete 
 d68e4f14dc32 Downloading [==>                                                ]  4.194MB/94.39MB
 da9db072f522 Download complete 
 da9db072f522 Extracting 1 s
 d68e4f14dc32 Downloading [===>                                               ]  6.291MB/94.39MB
 b08f8b45cd60 Download complete 
 da9db072f522 Extracting 1 s
 8c562a277ca2 Download complete 
 d68e4f14dc32 Downloading [======>                                            ]  11.47MB/94.39MB
 da9db072f522 Extracting 1 s
 d68e4f14dc32 Downloading [========>                                          ]  16.78MB/94.39MB
 da9db072f522 Extracting 1 s
 d68e4f14dc32 Downloading [============>                                      ]  24.12MB/94.39MB
 da9db072f522 Extracting 1 s
 d68e4f14dc32 Downloading [===============>                                   ]  29.36MB/94.39MB
 da9db072f522 Pull complete 
 d68e4f14dc32 Downloading [==================>                                ]  35.65MB/94.39MB
 7c35d0b2112f Extracting 1 s
 d68e4f14dc32 Downloading [=====================>                             ]  39.85MB/94.39MB
 7c35d0b2112f Pull complete 
 3c23ffc3610d Extracting 1 s
 d68e4f14dc32 Downloading [=======================>                           ]  45.09MB/94.39MB
 3c23ffc3610d Extracting 1 s
 d68e4f14dc32 Downloading [===========================>                       ]  51.38MB/94.39MB
 3c23ffc3610d Pull complete 
 6886cb0fa181 Pull complete 
 4f90fd4705e0 Extracting 1 s
 d68e4f14dc32 Downloading [===============================>                   ]  58.72MB/94.39MB
 4f90fd4705e0 Pull complete 
 d68e4f14dc32 Downloading [===================================>               ]  67.11MB/94.39MB
 d68e4f14dc32 Downloading [=======================================>           ]   75.5MB/94.39MB
 d68e4f14dc32 Downloading [============================================>      ]  84.93MB/94.39MB
 d68e4f14dc32 Downloading [==================================================>]  94.39MB/94.39MB
 d68e4f14dc32 Downloading [==================================================>]  94.39MB/94.39MB
 d68e4f14dc32 Download complete 
 d68e4f14dc32 Extracting 1 s
 d68e4f14dc32 Extracting 1 s
 d68e4f14dc32 Extracting 1 s
 d68e4f14dc32 Extracting 1 s
 d68e4f14dc32 Extracting 1 s
 d68e4f14dc32 Extracting 1 s
 d68e4f14dc32 Extracting 1 s
 d68e4f14dc32 Extracting 1 s
 d68e4f14dc32 Extracting 1 s
 d68e4f14dc32 Extracting 1 s
 d68e4f14dc32 Extracting 2 s
 d68e4f14dc32 Extracting 2 s
 d68e4f14dc32 Extracting 2 s
 d68e4f14dc32 Extracting 2 s
 d68e4f14dc32 Extracting 2 s
 d68e4f14dc32 Extracting 2 s
 d68e4f14dc32 Extracting 2 s
 d68e4f14dc32 Extracting 2 s
 d68e4f14dc32 Extracting 2 s
 d68e4f14dc32 Extracting 2 s
 d68e4f14dc32 Extracting 2 s
 d68e4f14dc32 Extracting 3 s
 d68e4f14dc32 Extracting 3 s
 d68e4f14dc32 Extracting 3 s
 d68e4f14dc32 Extracting 3 s
 d68e4f14dc32 Extracting 3 s
 d68e4f14dc32 Extracting 3 s
 d68e4f14dc32 Extracting 3 s
 d68e4f14dc32 Extracting 3 s
 d68e4f14dc32 Extracting 3 s
 d68e4f14dc32 Extracting 4 s
 d68e4f14dc32 Extracting 4 s
 d68e4f14dc32 Extracting 4 s
 d68e4f14dc32 Extracting 4 s
 d68e4f14dc32 Extracting 4 s
 d68e4f14dc32 Extracting 4 s
 d68e4f14dc32 Extracting 4 s
 d68e4f14dc32 Extracting 4 s
 d68e4f14dc32 Pull complete 
 5b2b0e42c692 Pull complete 
 b6fcda863f21 Pull complete 
 09852ea151b6 Extracting 1 s
 09852ea151b6 Pull complete 
 754dcd3183db Pull complete 
 500aaa681781 Pull complete 
 Image postgres:16.4-alpine Pulled 
 Image infra-api:local Building 
#1 [internal] load local bake definitions
#1 reading from stdin 526B done
#1 DONE 0.0s

#2 [internal] load build definition from Dockerfile
#2 transferring dockerfile: 882B done
#2 DONE 0.0s

#3 [internal] load metadata for docker.io/library/python:3.11-slim
#3 DONE 0.4s

#4 [internal] load .dockerignore
#4 transferring context: 89B done
#4 DONE 0.0s

#5 [internal] load build context
#5 transferring context: 10.60kB done
#5 DONE 0.0s

#6 [1/6] FROM docker.io/library/python:3.11-slim@sha256:0b23cfb7425d065008b778022a17b1551c82f8b4866ee5a7a200084b7e2eafbf
#6 resolve docker.io/library/python:3.11-slim@sha256:0b23cfb7425d065008b778022a17b1551c82f8b4866ee5a7a200084b7e2eafbf 0.0s done
#6 sha256:d85099f0969e8b2306770a12dffcda300208cc3a18b876c0ad3dc0cb51aefb9b 250B / 250B 0.0s done
#6 sha256:64faa99400e1388ed9f202917ada9fac34fd46c950d40cd4102364ee9d6ab804 1.29MB / 1.29MB 0.1s done
#6 sha256:8cbc47ff628d718fb76f7fca9897e4e8b607a4f543008cdee760705eecea1b24 9.44MB / 14.36MB 0.3s
#6 sha256:0c8d55a45c0dc58de60579b9cc5b708de9e7957f4591fc7de941b67c7e245da0 3.15MB / 29.78MB 0.2s
#6 sha256:8cbc47ff628d718fb76f7fca9897e4e8b607a4f543008cdee760705eecea1b24 14.36MB / 14.36MB 0.5s
#6 sha256:0c8d55a45c0dc58de60579b9cc5b708de9e7957f4591fc7de941b67c7e245da0 9.44MB / 29.78MB 0.3s
#6 sha256:8cbc47ff628d718fb76f7fca9897e4e8b607a4f543008cdee760705eecea1b24 14.36MB / 14.36MB 0.5s done
#6 sha256:0c8d55a45c0dc58de60579b9cc5b708de9e7957f4591fc7de941b67c7e245da0 29.78MB / 29.78MB 0.6s
#6 sha256:0c8d55a45c0dc58de60579b9cc5b708de9e7957f4591fc7de941b67c7e245da0 29.78MB / 29.78MB 0.9s done
#6 extracting sha256:0c8d55a45c0dc58de60579b9cc5b708de9e7957f4591fc7de941b67c7e245da0
#6 extracting sha256:0c8d55a45c0dc58de60579b9cc5b708de9e7957f4591fc7de941b67c7e245da0 1.5s done
#6 DONE 2.6s

#6 [1/6] FROM docker.io/library/python:3.11-slim@sha256:0b23cfb7425d065008b778022a17b1551c82f8b4866ee5a7a200084b7e2eafbf
#6 extracting sha256:64faa99400e1388ed9f202917ada9fac34fd46c950d40cd4102364ee9d6ab804 0.1s done
#6 DONE 2.7s

#6 [1/6] FROM docker.io/library/python:3.11-slim@sha256:0b23cfb7425d065008b778022a17b1551c82f8b4866ee5a7a200084b7e2eafbf
#6 extracting sha256:8cbc47ff628d718fb76f7fca9897e4e8b607a4f543008cdee760705eecea1b24
#6 extracting sha256:8cbc47ff628d718fb76f7fca9897e4e8b607a4f543008cdee760705eecea1b24 1.0s done
#6 DONE 3.7s

#6 [1/6] FROM docker.io/library/python:3.11-slim@sha256:0b23cfb7425d065008b778022a17b1551c82f8b4866ee5a7a200084b7e2eafbf
#6 extracting sha256:d85099f0969e8b2306770a12dffcda300208cc3a18b876c0ad3dc0cb51aefb9b 0.0s done
#6 DONE 3.7s

#7 [2/6] WORKDIR /app
#7 DONE 0.2s

#8 [3/6] COPY requirements.txt .
#8 DONE 0.0s

#9 [4/6] RUN pip install --no-cache-dir -r /app/requirements.txt
#9 2.311 Collecting fastapi==0.115.0 (from -r /app/requirements.txt (line 1))
#9 2.337   Downloading fastapi-0.115.0-py3-none-any.whl.metadata (27 kB)
#9 2.390 Collecting uvicorn==0.30.6 (from uvicorn[standard]==0.30.6->-r /app/requirements.txt (line 2))
#9 2.398   Downloading uvicorn-0.30.6-py3-none-any.whl.metadata (6.6 kB)
#9 2.434 Collecting psycopg==3.2.1 (from psycopg[binary]==3.2.1->-r /app/requirements.txt (line 3))
#9 2.439   Downloading psycopg-3.2.1-py3-none-any.whl.metadata (4.2 kB)
#9 2.524 Collecting starlette<0.39.0,>=0.37.2 (from fastapi==0.115.0->-r /app/requirements.txt (line 1))
#9 2.530   Downloading starlette-0.38.6-py3-none-any.whl.metadata (6.0 kB)
#9 2.785 Collecting pydantic!=1.8,!=1.8.1,!=2.0.0,!=2.0.1,!=2.1.0,<3.0.0,>=1.7.4 (from fastapi==0.115.0->-r /app/requirements.txt (line 1))
#9 2.790   Downloading pydantic-2.12.5-py3-none-any.whl.metadata (90 kB)
#9 2.796      ━━━━━━━━━━━━━━━━━━━━━━━━━━━━━━━━━━━━━━━━ 90.6/90.6 kB 27.9 MB/s eta 0:00:00
#9 2.834 Collecting typing-extensions>=4.8.0 (from fastapi==0.115.0->-r /app/requirements.txt (line 1))
#9 2.839   Downloading typing_extensions-4.15.0-py3-none-any.whl.metadata (3.3 kB)
#9 2.884 Collecting click>=7.0 (from uvicorn==0.30.6->uvicorn[standard]==0.30.6->-r /app/requirements.txt (line 2))
#9 2.889   Downloading click-8.3.1-py3-none-any.whl.metadata (2.6 kB)
#9 2.908 Collecting h11>=0.8 (from uvicorn==0.30.6->uvicorn[standard]==0.30.6->-r /app/requirements.txt (line 2))
#9 2.912   Downloading h11-0.16.0-py3-none-any.whl.metadata (8.3 kB)
#9 3.236 Collecting psycopg-binary==3.2.1 (from psycopg[binary]==3.2.1->-r /app/requirements.txt (line 3))
#9 3.243   Downloading psycopg_binary-3.2.1-cp311-cp311-manylinux_2_17_x86_64.manylinux2014_x86_64.whl.metadata (2.8 kB)
#9 3.311 Collecting httptools>=0.5.0 (from uvicorn[standard]==0.30.6->-r /app/requirements.txt (line 2))
#9 3.316   Downloading httptools-0.7.1-cp311-cp311-manylinux1_x86_64.manylinux_2_28_x86_64.manylinux_2_5_x86_64.whl.metadata (3.5 kB)
#9 3.345 Collecting python-dotenv>=0.13 (from uvicorn[standard]==0.30.6->-r /app/requirements.txt (line 2))
#9 3.349   Downloading python_dotenv-1.2.1-py3-none-any.whl.metadata (25 kB)
#9 3.412 Collecting pyyaml>=5.1 (from uvicorn[standard]==0.30.6->-r /app/requirements.txt (line 2))
#9 3.416   Downloading pyyaml-6.0.3-cp311-cp311-manylinux2014_x86_64.manylinux_2_17_x86_64.manylinux_2_28_x86_64.whl.metadata (2.4 kB)
#9 3.484 Collecting uvloop!=0.15.0,!=0.15.1,>=0.14.0 (from uvicorn[standard]==0.30.6->-r /app/requirements.txt (line 2))
#9 3.489   Downloading uvloop-0.22.1-cp311-cp311-manylinux2014_x86_64.manylinux_2_17_x86_64.manylinux_2_28_x86_64.whl.metadata (4.9 kB)
#9 3.637 Collecting watchfiles>=0.13 (from uvicorn[standard]==0.30.6->-r /app/requirements.txt (line 2))
#9 3.642   Downloading watchfiles-1.1.1-cp311-cp311-manylinux_2_17_x86_64.manylinux2014_x86_64.whl.metadata (4.9 kB)
#9 3.784 Collecting websockets>=10.4 (from uvicorn[standard]==0.30.6->-r /app/requirements.txt (line 2))
#9 3.790   Downloading websockets-16.0-cp311-cp311-manylinux1_x86_64.manylinux_2_28_x86_64.manylinux_2_5_x86_64.whl.metadata (6.8 kB)
#9 3.825 Collecting annotated-types>=0.6.0 (from pydantic!=1.8,!=1.8.1,!=2.0.0,!=2.0.1,!=2.1.0,<3.0.0,>=1.7.4->fastapi==0.115.0->-r /app/requirements.txt (line 1))
#9 3.829   Downloading annotated_types-0.7.0-py3-none-any.whl.metadata (15 kB)
#9 4.917 Collecting pydantic-core==2.41.5 (from pydantic!=1.8,!=1.8.1,!=2.0.0,!=2.0.1,!=2.1.0,<3.0.0,>=1.7.4->fastapi==0.115.0->-r /app/requirements.txt (line 1))
#9 4.921   Downloading pydantic_core-2.41.5-cp311-cp311-manylinux_2_17_x86_64.manylinux2014_x86_64.whl.metadata (7.3 kB)
#9 4.946 Collecting typing-inspection>=0.4.2 (from pydantic!=1.8,!=1.8.1,!=2.0.0,!=2.0.1,!=2.1.0,<3.0.0,>=1.7.4->fastapi==0.115.0->-r /app/requirements.txt (line 1))
#9 4.950   Downloading typing_inspection-0.4.2-py3-none-any.whl.metadata (2.6 kB)
#9 5.010 Collecting anyio<5,>=3.4.0 (from starlette<0.39.0,>=0.37.2->fastapi==0.115.0->-r /app/requirements.txt (line 1))
#9 5.015   Downloading anyio-4.12.1-py3-none-any.whl.metadata (4.3 kB)
#9 5.145 Collecting idna>=2.8 (from anyio<5,>=3.4.0->starlette<0.39.0,>=0.37.2->fastapi==0.115.0->-r /app/requirements.txt (line 1))
#9 5.150   Downloading idna-3.11-py3-none-any.whl.metadata (8.4 kB)
#9 5.187 Downloading fastapi-0.115.0-py3-none-any.whl (94 kB)
#9 5.191    ━━━━━━━━━━━━━━━━━━━━━━━━━━━━━━━━━━━━━━━━ 94.6/94.6 kB 165.4 MB/s eta 0:00:00
#9 5.197 Downloading uvicorn-0.30.6-py3-none-any.whl (62 kB)
#9 5.200    ━━━━━━━━━━━━━━━━━━━━━━━━━━━━━━━━━━━━━━━━ 62.8/62.8 kB 141.7 MB/s eta 0:00:00
#9 5.207 Downloading psycopg-3.2.1-py3-none-any.whl (197 kB)
#9 5.211    ━━━━━━━━━━━━━━━━━━━━━━━━━━━━━━━━━━━━━━━ 197.7/197.7 kB 175.7 MB/s eta 0:00:00
#9 5.218 Downloading psycopg_binary-3.2.1-cp311-cp311-manylinux_2_17_x86_64.manylinux2014_x86_64.whl (4.2 MB)
#9 5.252    ━━━━━━━━━━━━━━━━━━━━━━━━━━━━━━━━━━━━━━━━ 4.2/4.2 MB 132.7 MB/s eta 0:00:00
#9 5.257 Downloading click-8.3.1-py3-none-any.whl (108 kB)
#9 5.261    ━━━━━━━━━━━━━━━━━━━━━━━━━━━━━━━━━━━━━━━ 108.3/108.3 kB 155.3 MB/s eta 0:00:00
#9 5.266 Downloading h11-0.16.0-py3-none-any.whl (37 kB)
#9 5.270 Downloading httptools-0.7.1-cp311-cp311-manylinux1_x86_64.manylinux_2_28_x86_64.manylinux_2_5_x86_64.whl (456 kB)
#9 5.278    ━━━━━━━━━━━━━━━━━━━━━━━━━━━━━━━━━━━━━━━━ 456.6/456.6 kB 89.2 MB/s eta 0:00:00
#9 5.284 Downloading pydantic-2.12.5-py3-none-any.whl (463 kB)
#9 5.289    ━━━━━━━━━━━━━━━━━━━━━━━━━━━━━━━━━━━━━━━ 463.6/463.6 kB 184.4 MB/s eta 0:00:00
#9 5.295 Downloading pydantic_core-2.41.5-cp311-cp311-manylinux_2_17_x86_64.manylinux2014_x86_64.whl (2.1 MB)
#9 5.312    ━━━━━━━━━━━━━━━━━━━━━━━━━━━━━━━━━━━━━━━━ 2.1/2.1 MB 166.3 MB/s eta 0:00:00
#9 5.318 Downloading python_dotenv-1.2.1-py3-none-any.whl (21 kB)
#9 5.322 Downloading pyyaml-6.0.3-cp311-cp311-manylinux2014_x86_64.manylinux_2_17_x86_64.manylinux_2_28_x86_64.whl (806 kB)
#9 5.331    ━━━━━━━━━━━━━━━━━━━━━━━━━━━━━━━━━━━━━━━ 806.6/806.6 kB 186.6 MB/s eta 0:00:00
#9 5.336 Downloading starlette-0.38.6-py3-none-any.whl (71 kB)
#9 5.339    ━━━━━━━━━━━━━━━━━━━━━━━━━━━━━━━━━━━━━━━━ 71.5/71.5 kB 149.8 MB/s eta 0:00:00
#9 5.344 Downloading typing_extensions-4.15.0-py3-none-any.whl (44 kB)
#9 5.347    ━━━━━━━━━━━━━━━━━━━━━━━━━━━━━━━━━━━━━━━━ 44.6/44.6 kB 147.7 MB/s eta 0:00:00
#9 5.356 Downloading uvloop-0.22.1-cp311-cp311-manylinux2014_x86_64.manylinux_2_17_x86_64.manylinux_2_28_x86_64.whl (3.8 MB)
#9 5.390    ━━━━━━━━━━━━━━━━━━━━━━━━━━━━━━━━━━━━━━━━ 3.8/3.8 MB 128.4 MB/s eta 0:00:00
#9 5.394 Downloading watchfiles-1.1.1-cp311-cp311-manylinux_2_17_x86_64.manylinux2014_x86_64.whl (456 kB)
#9 5.400    ━━━━━━━━━━━━━━━━━━━━━━━━━━━━━━━━━━━━━━━ 456.1/456.1 kB 148.7 MB/s eta 0:00:00
#9 5.405 Downloading websockets-16.0-cp311-cp311-manylinux1_x86_64.manylinux_2_28_x86_64.manylinux_2_5_x86_64.whl (184 kB)
#9 5.409    ━━━━━━━━━━━━━━━━━━━━━━━━━━━━━━━━━━━━━━━ 184.6/184.6 kB 177.1 MB/s eta 0:00:00
#9 5.415 Downloading annotated_types-0.7.0-py3-none-any.whl (13 kB)
#9 5.419 Downloading anyio-4.12.1-py3-none-any.whl (113 kB)
#9 5.422    ━━━━━━━━━━━━━━━━━━━━━━━━━━━━━━━━━━━━━━━ 113.6/113.6 kB 168.9 MB/s eta 0:00:00
#9 5.428 Downloading typing_inspection-0.4.2-py3-none-any.whl (14 kB)
#9 5.432 Downloading idna-3.11-py3-none-any.whl (71 kB)
#9 5.435    ━━━━━━━━━━━━━━━━━━━━━━━━━━━━━━━━━━━━━━━━ 71.0/71.0 kB 177.0 MB/s eta 0:00:00
#9 5.678 Installing collected packages: websockets, uvloop, typing-extensions, pyyaml, python-dotenv, psycopg-binary, idna, httptools, h11, click, annotated-types, uvicorn, typing-inspection, pydantic-core, psycopg, anyio, watchfiles, starlette, pydantic, fastapi
#9 7.570 Successfully installed annotated-types-0.7.0 anyio-4.12.1 click-8.3.1 fastapi-0.115.0 h11-0.16.0 httptools-0.7.1 idna-3.11 psycopg-3.2.1 psycopg-binary-3.2.1 pydantic-2.12.5 pydantic-core-2.41.5 python-dotenv-1.2.1 pyyaml-6.0.3 starlette-0.38.6 typing-extensions-4.15.0 typing-inspection-0.4.2 uvicorn-0.30.6 uvloop-0.22.1 watchfiles-1.1.1 websockets-16.0
#9 7.572 WARNING: Running pip as the 'root' user can result in broken permissions and conflicting behaviour with the system package manager. It is recommended to use a virtual environment instead: https://pip.pypa.io/warnings/venv
#9 7.669 
#9 7.669 [notice] A new release of pip is available: 24.0 -> 26.0.1
#9 7.669 [notice] To update, run: pip install --upgrade pip
#9 DONE 8.3s

#10 [5/6] RUN groupadd -r app && useradd -r -g app -d /app -s /usr/sbin/nologin app     && chown -R app:app /app
#10 DONE 0.7s

#11 [6/6] COPY app.py .
#11 DONE 0.1s

#12 exporting to image
#12 exporting layers
#12 exporting layers 3.1s done
#12 exporting manifest sha256:923be96655edad007dad60e53055767310812037634b06445134f1f41d784949
#12 exporting manifest sha256:923be96655edad007dad60e53055767310812037634b06445134f1f41d784949 0.0s done
#12 exporting config sha256:7f2e681e87ebac79072f46690582b48a3a5383f81e294fbef3e8bcbdf75c8ba8 0.0s done
#12 exporting attestation manifest sha256:cb84d2e340f91b36203f3e79fe3c0cfad62bedc3e2098566e159fdcdad85fa51 0.0s done
#12 exporting manifest list sha256:239e621c257fcd705b2686548547da426fc88c98458475d8a036535e0628c541 0.0s done
#12 naming to docker.io/library/infra-api:local done
#12 unpacking to docker.io/library/infra-api:local
#12 unpacking to docker.io/library/infra-api:local 0.9s done
#12 DONE 4.1s

#13 resolving provenance for metadata file
#13 DONE 0.0s
 Image infra-api:local Built 
 Network infra_default Creating 
 Network infra_default Created 
 Volume stackpilot_pgdata Creating 
 Volume stackpilot_pgdata Created 
 Container stackpilot-db Creating 
 Container stackpilot-db Created 
 Container stackpilot-api Creating 
 Container stackpilot-api Created 
 Container stackpilot-db Starting 
 Container stackpilot-db Started 
 Container stackpilot-db Waiting 
 Container stackpilot-db Healthy 
 Container stackpilot-api Starting 
 Container stackpilot-api Started 
[remote] quick status
NAME             IMAGE                  COMMAND                  SERVICE   CREATED         STATUS                   PORTS
stackpilot-api   infra-api:local        "uvicorn app:app --h…"   api       6 seconds ago   Up Less than a second    0.0.0.0:8000->8000/tcp, [::]:8000->8000/tcp
stackpilot-db    postgres:16.4-alpine   "docker-entrypoint.s…"   db        7 seconds ago   Up 6 seconds (healthy)   5432/tcp
[deploy-aws] REMOTE END: bootstrap-check + extract + deploy complete
[deploy-aws] 
[deploy-aws] POLL START: waiting for health to pass (deadline=180s, interval=5s)
[deploy-aws] POLL URL: http://3.235.173.222:8000/health
[deploy-aws] POLL END: health OK after 0s
[deploy-aws] 
[deploy-aws] PASS: deploy complete
[deploy-aws] tip: run: make verify-aws
